<!DOCTYPE html PUBLIC "-//W3C//DTD XHTML 1.1//EN" "https://www.w3.org/TR/xhtml11/DTD/xhtml11.dtd">
<html xmlns="https://www.w3.org/1999/xhtml">
<head>
<meta http-equiv="content-type" content="text/html; charset=UTF-8"/>
<title>TestNG Report</title>
<style type="text/css">table {margin-bottom:10px;border-collapse:collapse;empty-cells:show}th,td {border:1px solid #009;padding:.25em .5em}th {vertical-align:bottom}td {vertical-align:top}table a {font-weight:bold}.stripe td {background-color: #E6EBF9}.num {text-align:right}.passedodd td {background-color: #3F3}.passedeven td {background-color: #0A0}.skippedodd td {background-color: #DDD}.skippedeven td {background-color: #CCC}.failedodd td,.attn {background-color: #F33}.failedeven td,.stripe .attn {background-color: #D00}.stacktrace {white-space:pre;font-family:monospace}.totop {font-size:85%;text-align:center;border-bottom:2px solid #000}.invisible {display:none}</style>
</head>
<body>
<table>
<tr><th>Test</th><th># Passed</th><th># Skipped</th><th># Retried</th><th># Failed</th><th>Time (ms)</th><th>Included Groups</th><th>Excluded Groups</th></tr>
<tr><th colspan="8">TheInternetSuite</th></tr>
<tr><td><a href="#t0">AllTests</a></td><td class="num">15</td><td class="num">0</td><td class="num">0</td><td class="num attn">3</td><td class="num">177,086</td><td></td><td></td></tr>
</table>
<table id='summary'><thead><tr><th>Class</th><th>Method</th><th>Start</th><th>Time (ms)</th></tr></thead><tbody><tr><th colspan="4">TheInternetSuite</th></tr></tbody><tbody id="t0"><tr><th colspan="4">AllTests &#8212; failed</th></tr><tr class="failedeven"><td rowspan="1">com.tjank.SeleniumTests.DragAndDropTest</td><td><a href="#m0">dragAndDropTest</a></td><td rowspan="1">1665157001750</td><td rowspan="1">4940</td></tr><tr class="failedodd"><td rowspan="1">com.tjank.SeleniumTests.FileUploadTest</td><td><a href="#m1">uploadFileTest</a></td><td rowspan="1">1665157099267</td><td rowspan="1">16395</td></tr><tr class="failedeven"><td rowspan="1">com.tjank.SeleniumTests.NotificationTest</td><td><a href="#m2">notificationTest</a></td><td rowspan="1">1665157140998</td><td rowspan="1">2661</td></tr><tr><th colspan="4">AllTests &#8212; passed</th></tr><tr class="passedeven"><td rowspan="1">com.tjank.SeleniumTests.CheckboxTest</td><td><a href="#m3">checkboxTest</a></td><td rowspan="1">1665156979463</td><td rowspan="1">2501</td></tr><tr class="passedodd"><td rowspan="1">com.tjank.SeleniumTests.ContextMenuTest</td><td><a href="#m4">contextMenuTest</a></td><td rowspan="1">1665156998785</td><td rowspan="1">2241</td></tr><tr class="passedeven"><td rowspan="1">com.tjank.SeleniumTests.DropdownTest</td><td><a href="#m5">dropdownTest</a></td><td rowspan="1">1665157007490</td><td rowspan="1">2613</td></tr><tr class="passedodd"><td rowspan="1">com.tjank.SeleniumTests.DynamicContentTest</td><td><a href="#m6">dynamicContentTest</a></td><td rowspan="1">1665157026921</td><td rowspan="1">2714</td></tr><tr class="passedeven"><td rowspan="1">com.tjank.SeleniumTests.DynamicControlsTest</td><td><a href="#m7">dynamicControlsTest</a></td><td rowspan="1">1665157030372</td><td rowspan="1">15458</td></tr><tr class="passedodd"><td rowspan="1">com.tjank.SeleniumTests.DynamicLoadingTest</td><td><a href="#m8">dynamicLoadingTest</a></td><td rowspan="1">1665157062682</td><td rowspan="1">7401</td></tr><tr class="passedeven"><td rowspan="1">com.tjank.SeleniumTests.FailedLoginTest</td><td><a href="#m9">unhappyPathLogin</a></td><td rowspan="1">1665156975432</td><td rowspan="1">3088</td></tr><tr class="passedodd"><td rowspan="1">com.tjank.SeleniumTests.FileDownloadTest</td><td><a href="#m10">fileDownloadTest</a></td><td rowspan="1">1665157086895</td><td rowspan="1">11309</td></tr><tr class="passedeven"><td rowspan="1">com.tjank.SeleniumTests.FloatingMenuTest</td><td><a href="#m11">floatingMenutest</a></td><td rowspan="1">1665157117951</td><td rowspan="1">2320</td></tr><tr class="passedodd"><td rowspan="1">com.tjank.SeleniumTests.IFrameTest</td><td><a href="#m12">iframeTest</a></td><td rowspan="1">1665157121039</td><td rowspan="1">3358</td></tr><tr class="passedeven"><td rowspan="1">com.tjank.SeleniumTests.JavascriptAlertsTest</td><td><a href="#m13">jsAlertTest</a></td><td rowspan="1">1665157131616</td><td rowspan="1">2653</td></tr><tr class="passedodd"><td rowspan="1">com.tjank.SeleniumTests.JavascriptErrorTest</td><td><a href="#m14">jsErrorPageTest</a></td><td rowspan="1">1665157135119</td><td rowspan="1">1857</td></tr><tr class="passedeven"><td rowspan="1">com.tjank.SeleniumTests.LoginTest</td><td><a href="#m15">happyPathLogin</a></td><td rowspan="1">1665156967467</td><td rowspan="1">7107</td></tr><tr class="passedodd"><td rowspan="1">com.tjank.SeleniumTests.MouseHoverTest</td><td><a href="#m16">hoverTest</a></td><td rowspan="1">1665157125176</td><td rowspan="1">5702</td></tr><tr class="passedeven"><td rowspan="1">com.tjank.SeleniumTests.NewTabTest</td><td><a href="#m17">newTabTest</a></td><td rowspan="1">1665157137847</td><td rowspan="1">2309</td></tr></tbody>
</table>
<h2>AllTests</h2><h3 id="m0">com.tjank.SeleniumTests.DragAndDropTest#dragAndDropTest</h3><table class="result"><tr><th>Exception</th></tr><tr><td><div class="stacktrace">java.lang.AssertionError: expected [B] but found [A]
	at com.tjank.PageObjectModel.DragAndDropPage.verifyElementSwitch(DragAndDropPage.java:75)
	at com.tjank.SeleniumTests.DragAndDropTest.dragAndDropTest(DragAndDropTest.java:22)
	at java.base/java.util.ArrayList.forEach(ArrayList.java:1507)
... Removed 37 stack frames</div></td></tr></table><p class="totop"><a href="#summary">back to summary</a></p>
<h3 id="m1">com.tjank.SeleniumTests.FileUploadTest#uploadFileTest</h3><table class="result"><tr><th>Exception</th></tr><tr><td><div class="stacktrace">org.openqa.selenium.TimeoutException: Expected condition failed: waiting for visibility of element located by By.xpath: //*[text()=&apos;File Uploaded!&apos;] (tried for 10 second(s) with 500 milliseconds interval)
Build info: version: &apos;4.5.0&apos;, revision: &apos;fe167b119a&apos;
System info: os.name: &apos;Windows 10&apos;, os.arch: &apos;amd64&apos;, os.version: &apos;10.0&apos;, java.version: &apos;13.0.2&apos;
Driver info: org.openqa.selenium.chrome.ChromeDriver
Capabilities {acceptInsecureCerts: false, browserName: chrome, browserVersion: 106.0.5249.91, chrome: {chromedriverVersion: 106.0.5249.61 (511755355844..., userDataDir: C:\Users\t530\AppData\Local...}, goog:chromeOptions: {debuggerAddress: localhost:58102}, networkConnectionEnabled: false, pageLoadStrategy: normal, platformName: WINDOWS, proxy: Proxy(), se:cdp: ws://localhost:58102/devtoo..., se:cdpVersion: 106.0.5249.91, setWindowRect: true, strictFileInteractability: false, timeouts: {implicit: 0, pageLoad: 300000, script: 30000}, unhandledPromptBehavior: dismiss and notify, webauthn:extension:credBlob: true, webauthn:extension:largeBlob: true, webauthn:virtualAuthenticators: true}
Session ID: 227e8e8695ab7e1b8eacafe5f910a155
	at org.openqa.selenium.support.ui.WebDriverWait.timeoutException(WebDriverWait.java:87)
	at org.openqa.selenium.support.ui.FluentWait.until(FluentWait.java:231)
	at com.tjank.PageObjectModel.FileUploadPage.uploadFile(FileUploadPage.java:81)
	at com.tjank.SeleniumTests.FileUploadTest.uploadFileTest(FileUploadTest.java:21)
	at java.base/java.util.ArrayList.forEach(ArrayList.java:1507)
... Removed 31 stack frames</div></td></tr></table><p class="totop"><a href="#summary">back to summary</a></p>
<h3 id="m2">com.tjank.SeleniumTests.NotificationTest#notificationTest</h3><table class="result"><tr><th>Exception</th></tr><tr><td><div class="stacktrace">java.lang.AssertionError: null
	at com.tjank.PageObjectModel.NotificationMessagePage.verifyNotificationMessage(NotificationMessagePage.java:71)
	at com.tjank.SeleniumTests.NotificationTest.notificationTest(NotificationTest.java:22)
	at java.base/java.util.ArrayList.forEach(ArrayList.java:1507)
... Removed 33 stack frames</div></td></tr></table><p class="totop"><a href="#summary">back to summary</a></p>
<h3 id="m3">com.tjank.SeleniumTests.CheckboxTest#checkboxTest</h3><table class="result"><tr><th class="invisible"/></tr></table><p class="totop"><a href="#summary">back to summary</a></p>
<h3 id="m4">com.tjank.SeleniumTests.ContextMenuTest#contextMenuTest</h3><table class="result"><tr><th class="invisible"/></tr></table><p class="totop"><a href="#summary">back to summary</a></p>
<h3 id="m5">com.tjank.SeleniumTests.DropdownTest#dropdownTest</h3><table class="result"><tr><th class="invisible"/></tr></table><p class="totop"><a href="#summary">back to summary</a></p>
<h3 id="m6">com.tjank.SeleniumTests.DynamicContentTest#dynamicContentTest</h3><table class="result"><tr><th class="invisible"/></tr></table><p class="totop"><a href="#summary">back to summary</a></p>
<h3 id="m7">com.tjank.SeleniumTests.DynamicControlsTest#dynamicControlsTest</h3><table class="result"><tr><th class="invisible"/></tr></table><p class="totop"><a href="#summary">back to summary</a></p>
<h3 id="m8">com.tjank.SeleniumTests.DynamicLoadingTest#dynamicLoadingTest</h3><table class="result"><tr><th class="invisible"/></tr></table><p class="totop"><a href="#summary">back to summary</a></p>
<h3 id="m9">com.tjank.SeleniumTests.FailedLoginTest#unhappyPathLogin</h3><table class="result"><tr><th class="invisible"/></tr></table><p class="totop"><a href="#summary">back to summary</a></p>
<h3 id="m10">com.tjank.SeleniumTests.FileDownloadTest#fileDownloadTest</h3><table class="result"><tr><th class="invisible"/></tr></table><p class="totop"><a href="#summary">back to summary</a></p>
<h3 id="m11">com.tjank.SeleniumTests.FloatingMenuTest#floatingMenutest</h3><table class="result"><tr><th class="invisible"/></tr></table><p class="totop"><a href="#summary">back to summary</a></p>
<h3 id="m12">com.tjank.SeleniumTests.IFrameTest#iframeTest</h3><table class="result"><tr><th class="invisible"/></tr></table><p class="totop"><a href="#summary">back to summary</a></p>
<h3 id="m13">com.tjank.SeleniumTests.JavascriptAlertsTest#jsAlertTest</h3><table class="result"><tr><th class="invisible"/></tr></table><p class="totop"><a href="#summary">back to summary</a></p>
<h3 id="m14">com.tjank.SeleniumTests.JavascriptErrorTest#jsErrorPageTest</h3><table class="result"><tr><th class="invisible"/></tr></table><p class="totop"><a href="#summary">back to summary</a></p>
<h3 id="m15">com.tjank.SeleniumTests.LoginTest#happyPathLogin</h3><table class="result"><tr><th class="invisible"/></tr></table><p class="totop"><a href="#summary">back to summary</a></p>
<h3 id="m16">com.tjank.SeleniumTests.MouseHoverTest#hoverTest</h3><table class="result"><tr><th class="invisible"/></tr></table><p class="totop"><a href="#summary">back to summary</a></p>
<h3 id="m17">com.tjank.SeleniumTests.NewTabTest#newTabTest</h3><table class="result"><tr><th class="invisible"/></tr></table><p class="totop"><a href="#summary">back to summary</a></p>
</body>
</html>
