<?xml version="1.0" encoding="UTF-8"?>
<!-- Generated by org.testng.reporters.JUnitReportReporter -->
<testsuite hostname="LAPTOP-18G8P9IO" failures="1" tests="17" name="com.dotdashcom.automation.DotDashCom" time="34.737" errors="0" timestamp="2022-12-07T22:50:58 IST" skipped="0">
  <testcase classname="com.dotdashcom.automation.DotDashCom" name="loginTestSuccess" time="0.723"/>
  <system-out/>
  <testcase classname="com.dotdashcom.automation.DotDashCom" name="loginTestFail" time="0.324"/>
  <system-out/>
  <testcase classname="com.dotdashcom.automation.DotDashCom" name="checkboxOnOff" time="0.288"/>
  <system-out/>
  <testcase classname="com.dotdashcom.automation.DotDashCom" name="contextPopupTest" time="0.276"/>
  <system-out/>
  <testcase classname="com.dotdashcom.automation.DotDashCom" name="dragDropTest" time="0.587">
    <failure message="Arrays differ at element [0]: B != A expected [B] but found [A]" type="java.lang.AssertionError">
      <![CDATA[java.lang.AssertionError: Arrays differ at element [0]: B != A expected [B] but found [A]
at org.testng.Assert.fail(Assert.java:110)
at org.testng.Assert.failNotEquals(Assert.java:1413)
at org.testng.Assert.assertEqualsImpl(Assert.java:149)
at org.testng.Assert.assertEquals(Assert.java:1624)
at org.testng.Assert.assertEquals(Assert.java:1754)
at com.dotdashcom.automation.DotDashCom.dragDropTest(DotDashCom.java:52)
at java.base/jdk.internal.reflect.DirectMethodHandleAccessor.invoke(DirectMethodHandleAccessor.java:104)
at java.base/java.lang.reflect.Method.invoke(Method.java:577)
at org.testng.internal.invokers.MethodInvocationHelper.invokeMethod(MethodInvocationHelper.java:139)
at org.testng.internal.invokers.TestInvoker.invokeMethod(TestInvoker.java:677)
at org.testng.internal.invokers.TestInvoker.invokeTestMethod(TestInvoker.java:221)
at org.testng.internal.invokers.MethodRunner.runInSequence(MethodRunner.java:50)
at org.testng.internal.invokers.TestInvoker$MethodInvocationAgent.invoke(TestInvoker.java:962)
at org.testng.internal.invokers.TestInvoker.invokeTestMethods(TestInvoker.java:194)
at org.testng.internal.invokers.TestMethodWorker.invokeTestMethods(TestMethodWorker.java:148)
at org.testng.internal.invokers.TestMethodWorker.run(TestMethodWorker.java:128)
at java.base/java.util.ArrayList.forEach(ArrayList.java:1511)
at org.testng.TestRunner.privateRun(TestRunner.java:806)
at org.testng.TestRunner.run(TestRunner.java:601)
at org.testng.SuiteRunner.runTest(SuiteRunner.java:433)
at org.testng.SuiteRunner.runSequentially(SuiteRunner.java:427)
at org.testng.SuiteRunner.privateRun(SuiteRunner.java:387)
at org.testng.SuiteRunner.run(SuiteRunner.java:330)
at org.testng.SuiteRunnerWorker.runSuite(SuiteRunnerWorker.java:52)
at org.testng.SuiteRunnerWorker.run(SuiteRunnerWorker.java:95)
at org.testng.TestNG.runSuitesSequentially(TestNG.java:1256)
at org.testng.TestNG.runSuitesLocally(TestNG.java:1176)
at org.testng.TestNG.runSuites(TestNG.java:1099)
at org.testng.TestNG.run(TestNG.java:1067)
at org.testng.remote.AbstractRemoteTestNG.run(AbstractRemoteTestNG.java:115)
at org.testng.remote.RemoteTestNG.initAndRun(RemoteTestNG.java:251)
at org.testng.remote.RemoteTestNG.main(RemoteTestNG.java:77)
]]>
    </failure>
  </testcase> <!-- dragDropTest -->
  <system-out/>
  <testcase classname="com.dotdashcom.automation.DotDashCom" name="dropdownTest" time="0.291"/>
  <system-out/>
  <testcase classname="com.dotdashcom.automation.DotDashCom" name="dynamicContentTest" time="0.193"/>
  <system-out/>
  <testcase classname="com.dotdashcom.automation.DotDashCom" name="dynamic_controls_test" time="18.063"/>
  <system-out/>
  <testcase classname="com.dotdashcom.automation.DotDashCom" name="dynamicLoadingTest" time="5.180"/>
  <system-out/>
  <testcase classname="com.dotdashcom.automation.DotDashCom" name="fileDownload" time="0.208"/>
  <system-out/>
  <testcase classname="com.dotdashcom.automation.DotDashCom" name="floatingMenu" time="0.219"/>
  <system-out/>
  <testcase classname="com.dotdashcom.automation.DotDashCom" name="iframeTest" time="6.317"/>
  <system-out/>
  <testcase classname="com.dotdashcom.automation.DotDashCom" name="alertTest" time="0.234"/>
  <system-out/>
  <testcase classname="com.dotdashcom.automation.DotDashCom" name="jsError" time="0.026"/>
  <system-out/>
  <testcase classname="com.dotdashcom.automation.DotDashCom" name="newWindowTest" time="0.267"/>
  <system-out/>
  <testcase classname="com.dotdashcom.automation.DotDashCom" name="notificationTest" time="0.993"/>
  <system-out/>
  <testcase classname="com.dotdashcom.automation.DotDashCom" name="fileUpload" time="0.548"/>
  <system-out/>
</testsuite> <!-- com.dotdashcom.automation.DotDashCom -->
