<?xml version="1.0" encoding="UTF-8"?>
<testng-results skipped="0" failed="1" ignored="0" total="2" passed="1">
  <reporter-output>
  </reporter-output>
  <suite name="Suite1" duration-ms="67735" started-at="2020-03-07T17:15:59Z" finished-at="2020-03-07T17:17:07Z">
    <groups>
    </groups>
    <test name="TestNgSmoke" duration-ms="67735" started-at="2020-03-07T17:15:59Z" finished-at="2020-03-07T17:17:07Z">
      <class name="com.manmohan.TestNgSelenium.HomeTest">
        <test-method status="PASS" signature="initialSetup()[pri:0, instance:com.manmohan.TestNgSelenium.HomeTest@5ebec15]" name="initialSetup" is-config="true" duration-ms="175" started-at="2020-03-07T17:15:59Z" finished-at="2020-03-07T17:15:59Z">
          <reporter-output>
          </reporter-output>
        </test-method> <!-- initialSetup -->
        <test-method status="PASS" signature="beforeMethod()[pri:0, instance:com.manmohan.TestNgSelenium.HomeTest@5ebec15]" name="beforeMethod" is-config="true" duration-ms="10568" started-at="2020-03-07T17:15:59Z" finished-at="2020-03-07T17:16:10Z">
          <reporter-output>
          </reporter-output>
        </test-method> <!-- beforeMethod -->
        <test-method status="PASS" signature="beforemethod(java.lang.reflect.Method)[pri:0, instance:com.manmohan.TestNgSelenium.HomeTest@5ebec15]" name="beforemethod" is-config="true" duration-ms="4" started-at="2020-03-07T17:16:10Z" finished-at="2020-03-07T17:16:10Z">
          <params>
            <param index="0">
              <value>
                <![CDATA[public void com.manmohan.TestNgSelenium.HomeTest.test1() throws java.io.IOException]]>
              </value>
            </param>
          </params>
          <reporter-output>
          </reporter-output>
        </test-method> <!-- beforemethod -->
        <test-method status="PASS" signature="test1()[pri:0, instance:com.manmohan.TestNgSelenium.HomeTest@5ebec15]" name="test1" duration-ms="49254" started-at="2020-03-07T17:16:10Z" finished-at="2020-03-07T17:16:59Z">
          <reporter-output>
          </reporter-output>
        </test-method> <!-- test1 -->
        <test-method status="PASS" signature="logout(org.testng.ITestResult)[pri:0, instance:com.manmohan.TestNgSelenium.HomeTest@5ebec15]" name="logout" is-config="true" duration-ms="0" started-at="2020-03-07T17:16:59Z" finished-at="2020-03-07T17:16:59Z">
          <params>
            <param index="0">
              <value>
                <![CDATA[[TestResult name=test1 status=SUCCESS method=HomeTest.test1()[pri:0, instance:com.manmohan.TestNgSelenium.HomeTest@5ebec15] output={null}]]]>
              </value>
            </param>
          </params>
          <reporter-output>
          </reporter-output>
        </test-method> <!-- logout -->
        <test-method status="PASS" signature="beforemethod(java.lang.reflect.Method)[pri:0, instance:com.manmohan.TestNgSelenium.HomeTest@5ebec15]" name="beforemethod" is-config="true" duration-ms="0" started-at="2020-03-07T17:16:59Z" finished-at="2020-03-07T17:16:59Z">
          <params>
            <param index="0">
              <value>
                <![CDATA[public void com.manmohan.TestNgSelenium.HomeTest.test2() throws java.io.IOException]]>
              </value>
            </param>
          </params>
          <reporter-output>
          </reporter-output>
        </test-method> <!-- beforemethod -->
        <test-method status="FAIL" signature="test2()[pri:0, instance:com.manmohan.TestNgSelenium.HomeTest@5ebec15]" name="test2" duration-ms="5160" started-at="2020-03-07T17:16:59Z" finished-at="2020-03-07T17:17:04Z">
          <exception class="java.lang.AssertionError">
            <message>
              <![CDATA[the tile of the page is not matching expected [Online Shopping Site for Mobiles, Electronics, Furniture, Grocery, Lifestyle, Books & More. Best Offers!] but found [Yahoo India]]]>
            </message>
            <full-stacktrace>
              <![CDATA[java.lang.AssertionError: the tile of the page is not matching expected [Online Shopping Site for Mobiles, Electronics, Furniture, Grocery, Lifestyle, Books & More. Best Offers!] but found [Yahoo India]
at org.testng.Assert.fail(Assert.java:96)
at org.testng.Assert.failNotEquals(Assert.java:776)
at org.testng.Assert.assertEqualsImpl(Assert.java:137)
at org.testng.Assert.assertEquals(Assert.java:118)
at org.testng.Assert.assertEquals(Assert.java:453)
at com.manmohan.TestNgSelenium.LoginPOM.validatetitleYahoo(LoginPOM.java:17)
at com.manmohan.TestNgSelenium.HomeTest.test2(HomeTest.java:40)
at sun.reflect.NativeMethodAccessorImpl.invoke0(Native Method)
at sun.reflect.NativeMethodAccessorImpl.invoke(NativeMethodAccessorImpl.java:62)
at sun.reflect.DelegatingMethodAccessorImpl.invoke(DelegatingMethodAccessorImpl.java:43)
at java.lang.reflect.Method.invoke(Method.java:498)
at org.testng.internal.MethodInvocationHelper.invokeMethod(MethodInvocationHelper.java:124)
at org.testng.internal.Invoker.invokeMethod(Invoker.java:583)
at org.testng.internal.Invoker.invokeTestMethod(Invoker.java:719)
at org.testng.internal.Invoker.invokeTestMethods(Invoker.java:989)
at org.testng.internal.TestMethodWorker.invokeTestMethods(TestMethodWorker.java:125)
at org.testng.internal.TestMethodWorker.run(TestMethodWorker.java:109)
at org.testng.TestRunner.privateRun(TestRunner.java:648)
at org.testng.TestRunner.run(TestRunner.java:505)
at org.testng.SuiteRunner.runTest(SuiteRunner.java:455)
at org.testng.SuiteRunner.runSequentially(SuiteRunner.java:450)
at org.testng.SuiteRunner.privateRun(SuiteRunner.java:415)
at org.testng.SuiteRunner.run(SuiteRunner.java:364)
at org.testng.SuiteRunnerWorker.runSuite(SuiteRunnerWorker.java:52)
at org.testng.SuiteRunnerWorker.run(SuiteRunnerWorker.java:84)
at org.testng.TestNG.runSuitesSequentially(TestNG.java:1208)
at org.testng.TestNG.runSuitesLocally(TestNG.java:1137)
at org.testng.TestNG.runSuites(TestNG.java:1049)
at org.testng.TestNG.run(TestNG.java:1017)
at org.apache.maven.surefire.testng.TestNGExecutor.run(TestNGExecutor.java:281)
at org.apache.maven.surefire.testng.TestNGXmlTestSuite.execute(TestNGXmlTestSuite.java:75)
at org.apache.maven.surefire.testng.TestNGProvider.invoke(TestNGProvider.java:121)
at org.apache.maven.surefire.booter.ForkedBooter.invokeProviderInSameClassLoader(ForkedBooter.java:290)
at org.apache.maven.surefire.booter.ForkedBooter.runSuitesInProcess(ForkedBooter.java:242)
at org.apache.maven.surefire.booter.ForkedBooter.main(ForkedBooter.java:121)
]]>
            </full-stacktrace>
          </exception> <!-- java.lang.AssertionError -->
          <reporter-output>
          </reporter-output>
        </test-method> <!-- test2 -->
        <test-method status="PASS" signature="logout(org.testng.ITestResult)[pri:0, instance:com.manmohan.TestNgSelenium.HomeTest@5ebec15]" name="logout" is-config="true" duration-ms="2" started-at="2020-03-07T17:17:04Z" finished-at="2020-03-07T17:17:04Z">
          <params>
            <param index="0">
              <value>
                <![CDATA[[TestResult name=test2 status=FAILURE method=HomeTest.test2()[pri:0, instance:com.manmohan.TestNgSelenium.HomeTest@5ebec15] output={null}]]]>
              </value>
            </param>
          </params>
          <reporter-output>
          </reporter-output>
        </test-method> <!-- logout -->
        <test-method status="PASS" signature="aftermethod()[pri:0, instance:com.manmohan.TestNgSelenium.HomeTest@5ebec15]" name="aftermethod" is-config="true" duration-ms="2721" started-at="2020-03-07T17:17:04Z" finished-at="2020-03-07T17:17:07Z">
          <reporter-output>
          </reporter-output>
        </test-method> <!-- aftermethod -->
        <test-method status="PASS" signature="close()[pri:0, instance:com.manmohan.TestNgSelenium.HomeTest@5ebec15]" name="close" is-config="true" duration-ms="404" started-at="2020-03-07T17:17:07Z" finished-at="2020-03-07T17:17:08Z">
          <reporter-output>
          </reporter-output>
        </test-method> <!-- close -->
      </class> <!-- com.manmohan.TestNgSelenium.HomeTest -->
    </test> <!-- TestNgSmoke -->
  </suite> <!-- Suite1 -->
</testng-results>
