<?xml version="1.0" encoding="UTF-8"?>
<!-- Generated by org.testng.reporters.JUnitXMLReporter -->
<testsuite hostname="Ismails-MBP" ignored="0" tests="0" failures="0" timestamp="2020-09-15T03:09:57 EDT" time="0.02" errors="0">
  <testcase name="@BeforeTest setupDriver" time="-1.60015379749E9" classname="com.Base.dotDashBase">
    <failure type="org.testng.TestNGException" message="
Parameter &amp;apos;setup&amp;apos; is required by BeforeTest on method setupDriver but has not been marked @Optional or defined
">
      <![CDATA[org.testng.TestNGException: 
Parameter 'setup' is required by BeforeTest on method setupDriver but has not been marked @Optional or defined

... Removed 30 stack frames]]>
    </failure>
  </testcase> <!-- @BeforeTest setupDriver -->
</testsuite>
