<?xml version="1.0" encoding="UTF-8"?>
<!-- Generated by org.testng.reporters.JUnitXMLReporter -->
<testsuite hostname="Satinders-MacBook-Pro.local" name="Surefire test" tests="18" failures="1" timestamp="7 Oct 2020 21:12:01 GMT" time="38.605" errors="0">
  <testcase name="CheckBoxesTest" time="0.348" classname="WebTesting.SeleniumWebTesting.AllTest"/>
  <testcase name="ContextMenuTest" time="0.232" classname="WebTesting.SeleniumWebTesting.AllTest"/>
  <testcase name="DragDropTest" time="0.502" classname="WebTesting.SeleniumWebTesting.AllTest">
    <failure type="java.lang.AssertionError" message="expected [B] but found [A]">
      <![CDATA[java.lang.AssertionError: expected [B] but found [A]
	at WebTesting.SeleniumWebTesting.AllTest.DragDropTest(AllTest.java:99)
	at org.apache.maven.surefire.testng.TestNGExecutor.run(TestNGExecutor.java:135)
	at org.apache.maven.surefire.testng.TestNGDirectoryTestSuite.executeSingleClass(TestNGDirectoryTestSuite.java:112)
	at org.apache.maven.surefire.testng.TestNGDirectoryTestSuite.execute(TestNGDirectoryTestSuite.java:99)
	at org.apache.maven.surefire.testng.TestNGProvider.invoke(TestNGProvider.java:146)
	at org.apache.maven.surefire.booter.ForkedBooter.invokeProviderInSameClassLoader(ForkedBooter.java:386)
	at org.apache.maven.surefire.booter.ForkedBooter.runSuitesInProcess(ForkedBooter.java:323)
	at org.apache.maven.surefire.booter.ForkedBooter.main(ForkedBooter.java:143)
... Removed 26 stack frames]]>
    </failure>
  </testcase> <!-- DragDropTest -->
  <testcase name="DropdownTest" time="0.232" classname="WebTesting.SeleniumWebTesting.AllTest"/>
  <testcase name="DynamicContentTest" time="2.455" classname="WebTesting.SeleniumWebTesting.AllTest"/>
  <testcase name="DynamicControlsTest" time="22.663" classname="WebTesting.SeleniumWebTesting.AllTest"/>
  <testcase name="DynamicLoadingTest" time="5.137" classname="WebTesting.SeleniumWebTesting.AllTest"/>
  <testcase name="FileDownloadTest" time="2.11" classname="WebTesting.SeleniumWebTesting.AllTest"/>
  <testcase name="FileUploadTest" time="0.209" classname="WebTesting.SeleniumWebTesting.AllTest"/>
  <testcase name="FloatingMenuTest" time="0.11" classname="WebTesting.SeleniumWebTesting.AllTest"/>
  <testcase name="JSAlertTest" time="0.599" classname="WebTesting.SeleniumWebTesting.AllTest"/>
  <testcase name="LoginFailureTest" time="0.413" classname="WebTesting.SeleniumWebTesting.AllTest"/>
  <testcase name="LoginSuccessTest" time="0.396" classname="WebTesting.SeleniumWebTesting.AllTest"/>
  <testcase name="MouseHoverTest" time="0.507" classname="WebTesting.SeleniumWebTesting.AllTest"/>
  <testcase name="NotificationMsgTest" time="0.489" classname="WebTesting.SeleniumWebTesting.AllTest"/>
  <testcase name="OpenNewTabTest" time="0.206" classname="WebTesting.SeleniumWebTesting.AllTest"/>
  <testcase name="iframeTest" time="0.595" classname="WebTesting.SeleniumWebTesting.AllTest"/>
  <testcase name="jsErrorTest1" time="0.035" classname="WebTesting.SeleniumWebTesting.AllTest"/>
</testsuite> <!-- Surefire test -->
