<html>
<head>
<title>TestNG:  Surefire test</title>
<link href="../testng.css" rel="stylesheet" type="text/css" />
<link href="../my-testng.css" rel="stylesheet" type="text/css" />

<style type="text/css">
.log { display: none;} 
.stack-trace { display: none;} 
</style>
<script type="text/javascript">
<!--
function flip(e) {
  current = e.style.display;
  if (current == 'block') {
    e.style.display = 'none';
    return 0;
  }
  else {
    e.style.display = 'block';
    return 1;
  }
}

function toggleBox(szDivId, elem, msg1, msg2)
{
  var res = -1;  if (document.getElementById) {
    res = flip(document.getElementById(szDivId));
  }
  else if (document.all) {
    // this is the way old msie versions work
    res = flip(document.all[szDivId]);
  }
  if(elem) {
    if(res == 0) elem.innerHTML = msg1; else elem.innerHTML = msg2;
  }

}

function toggleAllBoxes() {
  if (document.getElementsByTagName) {
    d = document.getElementsByTagName('div');
    for (i = 0; i < d.length; i++) {
      if (d[i].className == 'log') {
        flip(d[i]);
      }
    }
  }
}

// -->
</script>

</head>
<body>
<h2 align='center'>Surefire test</h2><table border='1' align="center">
<tr>
<td>Tests passed/Failed/Skipped:</td><td>17/1/0</td>
</tr><tr>
<td>Started on:</td><td>Wed Oct 07 17:11:23 EDT 2020</td>
</tr>
<tr><td>Total time:</td><td>38 seconds (38605 ms)</td>
</tr><tr>
<td>Included groups:</td><td></td>
</tr><tr>
<td>Excluded groups:</td><td></td>
</tr>
</table><p/>
<small><i>(Hover the method name to see the test class name)</i></small><p/>
<table width='100%' border='1' class='invocation-failed'>
<tr><td colspan='4' align='center'><b>FAILED TESTS</b></td></tr>
<tr><td><b>Test method</b></td>
<td width="30%"><b>Exception</b></td>
<td width="10%"><b>Time (seconds)</b></td>
<td><b>Instance</b></td>
</tr>
<tr>
<td title='WebTesting.SeleniumWebTesting.AllTest.DragDropTest()'><b>DragDropTest</b><br>Test class: WebTesting.SeleniumWebTesting.AllTest</td>
<td><div><pre>java.lang.AssertionError: expected [B] but found [A]
	at WebTesting.SeleniumWebTesting.AllTest.DragDropTest(AllTest.java:99)
	at org.apache.maven.surefire.testng.TestNGExecutor.run(TestNGExecutor.java:135)
	at org.apache.maven.surefire.testng.TestNGDirectoryTestSuite.executeSingleClass(TestNGDirectoryTestSuite.java:112)
	at org.apache.maven.surefire.testng.TestNGDirectoryTestSuite.execute(TestNGDirectoryTestSuite.java:99)
	at org.apache.maven.surefire.testng.TestNGProvider.invoke(TestNGProvider.java:146)
	at org.apache.maven.surefire.booter.ForkedBooter.invokeProviderInSameClassLoader(ForkedBooter.java:386)
	at org.apache.maven.surefire.booter.ForkedBooter.runSuitesInProcess(ForkedBooter.java:323)
	at org.apache.maven.surefire.booter.ForkedBooter.main(ForkedBooter.java:143)
... Removed 26 stack frames</pre></div><a href='#' onClick='toggleBox("stack-trace899543194", this, "Click to show all stack frames", "Click to hide stack frames")'>Click to show all stack frames</a>
<div class='stack-trace' id='stack-trace899543194'><pre>java.lang.AssertionError: expected [B] but found [A]
	at org.testng.Assert.fail(Assert.java:94)
	at org.testng.Assert.failNotEquals(Assert.java:494)
	at org.testng.Assert.assertEquals(Assert.java:123)
	at org.testng.Assert.assertEquals(Assert.java:176)
	at org.testng.Assert.assertEquals(Assert.java:186)
	at WebTesting.SeleniumWebTesting.AllTest.DragDropTest(AllTest.java:99)
	at sun.reflect.NativeMethodAccessorImpl.invoke0(Native Method)
	at sun.reflect.NativeMethodAccessorImpl.invoke(NativeMethodAccessorImpl.java:62)
	at sun.reflect.DelegatingMethodAccessorImpl.invoke(DelegatingMethodAccessorImpl.java:43)
	at java.lang.reflect.Method.invoke(Method.java:498)
	at org.testng.internal.MethodInvocationHelper.invokeMethod(MethodInvocationHelper.java:80)
	at org.testng.internal.Invoker.invokeMethod(Invoker.java:714)
	at org.testng.internal.Invoker.invokeTestMethod(Invoker.java:901)
	at org.testng.internal.Invoker.invokeTestMethods(Invoker.java:1231)
	at org.testng.internal.TestMethodWorker.invokeTestMethods(TestMethodWorker.java:127)
	at org.testng.internal.TestMethodWorker.run(TestMethodWorker.java:111)
	at org.testng.TestRunner.privateRun(TestRunner.java:767)
	at org.testng.TestRunner.run(TestRunner.java:617)
	at org.testng.SuiteRunner.runTest(SuiteRunner.java:334)
	at org.testng.SuiteRunner.runSequentially(SuiteRunner.java:329)
	at org.testng.SuiteRunner.privateRun(SuiteRunner.java:291)
	at org.testng.SuiteRunner.run(SuiteRunner.java:240)
	at org.testng.SuiteRunnerWorker.runSuite(SuiteRunnerWorker.java:52)
	at org.testng.SuiteRunnerWorker.run(SuiteRunnerWorker.java:86)
	at org.testng.TestNG.runSuitesSequentially(TestNG.java:1198)
	at org.testng.TestNG.runSuitesLocally(TestNG.java:1123)
	at org.testng.TestNG.run(TestNG.java:1031)
	at org.apache.maven.surefire.testng.TestNGExecutor.run(TestNGExecutor.java:135)
	at org.apache.maven.surefire.testng.TestNGDirectoryTestSuite.executeSingleClass(TestNGDirectoryTestSuite.java:112)
	at org.apache.maven.surefire.testng.TestNGDirectoryTestSuite.execute(TestNGDirectoryTestSuite.java:99)
	at org.apache.maven.surefire.testng.TestNGProvider.invoke(TestNGProvider.java:146)
	at org.apache.maven.surefire.booter.ForkedBooter.invokeProviderInSameClassLoader(ForkedBooter.java:386)
	at org.apache.maven.surefire.booter.ForkedBooter.runSuitesInProcess(ForkedBooter.java:323)
	at org.apache.maven.surefire.booter.ForkedBooter.main(ForkedBooter.java:143)
</pre></div></td>
<td>0</td>
<td>WebTesting.SeleniumWebTesting.AllTest@71be98f5</td></tr>
</table><p>
<table width='100%' border='1' class='invocation-passed'>
<tr><td colspan='4' align='center'><b>PASSED TESTS</b></td></tr>
<tr><td><b>Test method</b></td>
<td width="30%"><b>Exception</b></td>
<td width="10%"><b>Time (seconds)</b></td>
<td><b>Instance</b></td>
</tr>
<tr>
<td title='WebTesting.SeleniumWebTesting.AllTest.CheckBoxesTest()'><b>CheckBoxesTest</b><br>Test class: WebTesting.SeleniumWebTesting.AllTest</td>
<td></td>
<td>0</td>
<td>WebTesting.SeleniumWebTesting.AllTest@71be98f5</td></tr>
<tr>
<td title='WebTesting.SeleniumWebTesting.AllTest.ContextMenuTest()'><b>ContextMenuTest</b><br>Test class: WebTesting.SeleniumWebTesting.AllTest</td>
<td></td>
<td>0</td>
<td>WebTesting.SeleniumWebTesting.AllTest@71be98f5</td></tr>
<tr>
<td title='WebTesting.SeleniumWebTesting.AllTest.DropdownTest()'><b>DropdownTest</b><br>Test class: WebTesting.SeleniumWebTesting.AllTest</td>
<td></td>
<td>0</td>
<td>WebTesting.SeleniumWebTesting.AllTest@71be98f5</td></tr>
<tr>
<td title='WebTesting.SeleniumWebTesting.AllTest.DynamicContentTest()'><b>DynamicContentTest</b><br>Test class: WebTesting.SeleniumWebTesting.AllTest</td>
<td></td>
<td>2</td>
<td>WebTesting.SeleniumWebTesting.AllTest@71be98f5</td></tr>
<tr>
<td title='WebTesting.SeleniumWebTesting.AllTest.DynamicControlsTest()'><b>DynamicControlsTest</b><br>Test class: WebTesting.SeleniumWebTesting.AllTest</td>
<td></td>
<td>22</td>
<td>WebTesting.SeleniumWebTesting.AllTest@71be98f5</td></tr>
<tr>
<td title='WebTesting.SeleniumWebTesting.AllTest.DynamicLoadingTest()'><b>DynamicLoadingTest</b><br>Test class: WebTesting.SeleniumWebTesting.AllTest</td>
<td></td>
<td>5</td>
<td>WebTesting.SeleniumWebTesting.AllTest@71be98f5</td></tr>
<tr>
<td title='WebTesting.SeleniumWebTesting.AllTest.FileDownloadTest()'><b>FileDownloadTest</b><br>Test class: WebTesting.SeleniumWebTesting.AllTest</td>
<td></td>
<td>2</td>
<td>WebTesting.SeleniumWebTesting.AllTest@71be98f5</td></tr>
<tr>
<td title='WebTesting.SeleniumWebTesting.AllTest.FileUploadTest()'><b>FileUploadTest</b><br>Test class: WebTesting.SeleniumWebTesting.AllTest</td>
<td></td>
<td>0</td>
<td>WebTesting.SeleniumWebTesting.AllTest@71be98f5</td></tr>
<tr>
<td title='WebTesting.SeleniumWebTesting.AllTest.FloatingMenuTest()'><b>FloatingMenuTest</b><br>Test class: WebTesting.SeleniumWebTesting.AllTest</td>
<td></td>
<td>0</td>
<td>WebTesting.SeleniumWebTesting.AllTest@71be98f5</td></tr>
<tr>
<td title='WebTesting.SeleniumWebTesting.AllTest.JSAlertTest()'><b>JSAlertTest</b><br>Test class: WebTesting.SeleniumWebTesting.AllTest</td>
<td></td>
<td>0</td>
<td>WebTesting.SeleniumWebTesting.AllTest@71be98f5</td></tr>
<tr>
<td title='WebTesting.SeleniumWebTesting.AllTest.LoginFailureTest()'><b>LoginFailureTest</b><br>Test class: WebTesting.SeleniumWebTesting.AllTest</td>
<td></td>
<td>0</td>
<td>WebTesting.SeleniumWebTesting.AllTest@71be98f5</td></tr>
<tr>
<td title='WebTesting.SeleniumWebTesting.AllTest.LoginSuccessTest()'><b>LoginSuccessTest</b><br>Test class: WebTesting.SeleniumWebTesting.AllTest</td>
<td></td>
<td>0</td>
<td>WebTesting.SeleniumWebTesting.AllTest@71be98f5</td></tr>
<tr>
<td title='WebTesting.SeleniumWebTesting.AllTest.MouseHoverTest()'><b>MouseHoverTest</b><br>Test class: WebTesting.SeleniumWebTesting.AllTest</td>
<td></td>
<td>0</td>
<td>WebTesting.SeleniumWebTesting.AllTest@71be98f5</td></tr>
<tr>
<td title='WebTesting.SeleniumWebTesting.AllTest.NotificationMsgTest()'><b>NotificationMsgTest</b><br>Test class: WebTesting.SeleniumWebTesting.AllTest</td>
<td></td>
<td>0</td>
<td>WebTesting.SeleniumWebTesting.AllTest@71be98f5</td></tr>
<tr>
<td title='WebTesting.SeleniumWebTesting.AllTest.OpenNewTabTest()'><b>OpenNewTabTest</b><br>Test class: WebTesting.SeleniumWebTesting.AllTest</td>
<td></td>
<td>0</td>
<td>WebTesting.SeleniumWebTesting.AllTest@71be98f5</td></tr>
<tr>
<td title='WebTesting.SeleniumWebTesting.AllTest.iframeTest()'><b>iframeTest</b><br>Test class: WebTesting.SeleniumWebTesting.AllTest</td>
<td></td>
<td>0</td>
<td>WebTesting.SeleniumWebTesting.AllTest@71be98f5</td></tr>
<tr>
<td title='WebTesting.SeleniumWebTesting.AllTest.jsErrorTest1()'><b>jsErrorTest1</b><br>Test class: WebTesting.SeleniumWebTesting.AllTest</td>
<td></td>
<td>0</td>
<td>WebTesting.SeleniumWebTesting.AllTest@71be98f5</td></tr>
</table><p>
</body>
</html>