<html>
<head>
<title>TestNG:  Default test</title>
<link href="../testng.css" rel="stylesheet" type="text/css" />
<link href="../my-testng.css" rel="stylesheet" type="text/css" />

<style type="text/css">
.log { display: none;} 
.stack-trace { display: none;} 
</style>
<script type="text/javascript">
<!--
function flip(e) {
  current = e.style.display;
  if (current == 'block') {
    e.style.display = 'none';
    return 0;
  }
  else {
    e.style.display = 'block';
    return 1;
  }
}

function toggleBox(szDivId, elem, msg1, msg2)
{
  var res = -1;  if (document.getElementById) {
    res = flip(document.getElementById(szDivId));
  }
  else if (document.all) {
    // this is the way old msie versions work
    res = flip(document.all[szDivId]);
  }
  if(elem) {
    if(res == 0) elem.innerHTML = msg1; else elem.innerHTML = msg2;
  }

}

function toggleAllBoxes() {
  if (document.getElementsByTagName) {
    d = document.getElementsByTagName('div');
    for (i = 0; i < d.length; i++) {
      if (d[i].className == 'log') {
        flip(d[i]);
      }
    }
  }
}

// -->
</script>

</head>
<body>
<h2 align='center'>Default test</h2><table border='1' align="center">
<tr>
<td>Tests passed/Failed/Skipped:</td><td>17/1/0</td>
</tr><tr>
<td>Started on:</td><td>Tue Dec 27 15:41:40 EST 2022</td>
</tr>
<tr><td>Total time:</td><td>174 seconds (174976 ms)</td>
</tr><tr>
<td>Included groups:</td><td></td>
</tr><tr>
<td>Excluded groups:</td><td></td>
</tr>
</table><p/>
<small><i>(Hover the method name to see the test class name)</i></small><p/>
<table width='100%' border='1' class='invocation-failed'>
<tr><td colspan='4' align='center'><b>FAILED TESTS</b></td></tr>
<tr><td><b>Test method</b></td>
<td><b>Attribute(s)</b></td>
<td width="30%"><b>Exception</b></td>
<td width="10%"><b>Time (seconds)</b></td>
<td><b>Instance</b></td>
</tr>
<tr>
<td title='takeHomeWebDriverTest.tests.TheInternetTest.test7_DynamicContent()'><b>test7_DynamicContent</b><br>Test class: takeHomeWebDriverTest.tests.TheInternetTest</td>
<td><div><pre>java.lang.AssertionError: The image source after refresh is the same expected [true] but found [false]
	at org.testng.Assert.fail(Assert.java:110)
	at org.testng.Assert.failNotEquals(Assert.java:1413)
	at org.testng.Assert.assertTrue(Assert.java:56)
	at takeHomeWebDriverTest.tests.TheInternetTest.test7_DynamicContent(TheInternetTest.java:203)
	at java.base/jdk.internal.reflect.NativeMethodAccessorImpl.invoke0(Native Method)
	at java.base/jdk.internal.reflect.NativeMethodAccessorImpl.invoke(NativeMethodAccessorImpl.java:64)
	at java.base/jdk.internal.reflect.DelegatingMethodAccessorImpl.invoke(DelegatingMethodAccessorImpl.java:43)
	at java.base/java.lang.reflect.Method.invoke(Method.java:564)
	at org.testng.internal.invokers.MethodInvocationHelper.invokeMethod(MethodInvocationHelper.java:139)
	at org.testng.internal.invokers.TestInvoker.invokeMethod(TestInvoker.java:677)
	at org.testng.internal.invokers.TestInvoker.invokeTestMethod(TestInvoker.java:221)
	at org.testng.internal.invokers.MethodRunner.runInSequence(MethodRunner.java:50)
	at org.testng.internal.invokers.TestInvoker$MethodInvocationAgent.invoke(TestInvoker.java:962)
	at org.testng.internal.invokers.TestInvoker.invokeTestMethods(TestInvoker.java:194)
	at org.testng.internal.invokers.TestMethodWorker.invokeTestMethods(TestMethodWorker.java:148)
	at org.testng.internal.invokers.TestMethodWorker.run(TestMethodWorker.java:128)
	at java.base/java.util.ArrayList.forEach(ArrayList.java:1511)
	at org.testng.TestRunner.privateRun(TestRunner.java:806)
	at org.testng.TestRunner.run(TestRunner.java:601)
	at org.testng.SuiteRunner.runTest(SuiteRunner.java:433)
	at org.testng.SuiteRunner.runSequentially(SuiteRunner.java:427)
	at org.testng.SuiteRunner.privateRun(SuiteRunner.java:387)
	at org.testng.SuiteRunner.run(SuiteRunner.java:330)
	at org.testng.SuiteRunnerWorker.runSuite(SuiteRunnerWorker.java:52)
	at org.testng.SuiteRunnerWorker.run(SuiteRunnerWorker.java:95)
	at org.testng.TestNG.runSuitesSequentially(TestNG.java:1256)
	at org.testng.TestNG.runSuitesLocally(TestNG.java:1176)
	at org.testng.TestNG.runSuites(TestNG.java:1099)
	at org.testng.TestNG.run(TestNG.java:1067)
	at org.testng.remote.AbstractRemoteTestNG.run(AbstractRemoteTestNG.java:115)
	at org.testng.remote.RemoteTestNG.initAndRun(RemoteTestNG.java:251)
	at org.testng.remote.RemoteTestNG.main(RemoteTestNG.java:77)
</pre></div><a href='#' onClick='toggleBox("stack-trace987834065", this, "Click to show all stack frames", "Click to hide stack frames")'>Click to show all stack frames</a>
<div class='stack-trace' id='stack-trace987834065'><pre>java.lang.AssertionError: The image source after refresh is the same expected [true] but found [false]
	at org.testng.Assert.fail(Assert.java:110)
	at org.testng.Assert.failNotEquals(Assert.java:1413)
	at org.testng.Assert.assertTrue(Assert.java:56)
	at takeHomeWebDriverTest.tests.TheInternetTest.test7_DynamicContent(TheInternetTest.java:203)
	at java.base/jdk.internal.reflect.NativeMethodAccessorImpl.invoke0(Native Method)
	at java.base/jdk.internal.reflect.NativeMethodAccessorImpl.invoke(NativeMethodAccessorImpl.java:64)
	at java.base/jdk.internal.reflect.DelegatingMethodAccessorImpl.invoke(DelegatingMethodAccessorImpl.java:43)
	at java.base/java.lang.reflect.Method.invoke(Method.java:564)
	at org.testng.internal.invokers.MethodInvocationHelper.invokeMethod(MethodInvocationHelper.java:139)
	at org.testng.internal.invokers.TestInvoker.invokeMethod(TestInvoker.java:677)
	at org.testng.internal.invokers.TestInvoker.invokeTestMethod(TestInvoker.java:221)
	at org.testng.internal.invokers.MethodRunner.runInSequence(MethodRunner.java:50)
	at org.testng.internal.invokers.TestInvoker$MethodInvocationAgent.invoke(TestInvoker.java:962)
	at org.testng.internal.invokers.TestInvoker.invokeTestMethods(TestInvoker.java:194)
	at org.testng.internal.invokers.TestMethodWorker.invokeTestMethods(TestMethodWorker.java:148)
	at org.testng.internal.invokers.TestMethodWorker.run(TestMethodWorker.java:128)
	at java.base/java.util.ArrayList.forEach(ArrayList.java:1511)
	at org.testng.TestRunner.privateRun(TestRunner.java:806)
	at org.testng.TestRunner.run(TestRunner.java:601)
	at org.testng.SuiteRunner.runTest(SuiteRunner.java:433)
	at org.testng.SuiteRunner.runSequentially(SuiteRunner.java:427)
	at org.testng.SuiteRunner.privateRun(SuiteRunner.java:387)
	at org.testng.SuiteRunner.run(SuiteRunner.java:330)
	at org.testng.SuiteRunnerWorker.runSuite(SuiteRunnerWorker.java:52)
	at org.testng.SuiteRunnerWorker.run(SuiteRunnerWorker.java:95)
	at org.testng.TestNG.runSuitesSequentially(TestNG.java:1256)
	at org.testng.TestNG.runSuitesLocally(TestNG.java:1176)
	at org.testng.TestNG.runSuites(TestNG.java:1099)
	at org.testng.TestNG.run(TestNG.java:1067)
	at org.testng.remote.AbstractRemoteTestNG.run(AbstractRemoteTestNG.java:115)
	at org.testng.remote.RemoteTestNG.initAndRun(RemoteTestNG.java:251)
	at org.testng.remote.RemoteTestNG.main(RemoteTestNG.java:77)
</pre></div></td>
<td>4</td>
<td>takeHomeWebDriverTest.tests.TheInternetTest@59505b48</td></tr>
</table><p>
<table width='100%' border='1' class='invocation-passed'>
<tr><td colspan='4' align='center'><b>PASSED TESTS</b></td></tr>
<tr><td><b>Test method</b></td>
<td><b>Attribute(s)</b></td>
<td width="30%"><b>Exception</b></td>
<td width="10%"><b>Time (seconds)</b></td>
<td><b>Instance</b></td>
</tr>
<tr>
<td title='takeHomeWebDriverTest.tests.TheInternetTest.test12_FloatingMenu()'><b>test12_FloatingMenu</b><br>Test class: takeHomeWebDriverTest.tests.TheInternetTest</td>
<td></td>
<td>1</td>
<td>takeHomeWebDriverTest.tests.TheInternetTest@59505b48</td></tr>
<tr>
<td title='takeHomeWebDriverTest.tests.TheInternetTest.test15_JavaScriptAlerts()'><b>test15_JavaScriptAlerts</b><br>Test class: takeHomeWebDriverTest.tests.TheInternetTest</td>
<td></td>
<td>2</td>
<td>takeHomeWebDriverTest.tests.TheInternetTest@59505b48</td></tr>
<tr>
<td title='takeHomeWebDriverTest.tests.TheInternetTest.test14_MouseHover()'><b>test14_MouseHover</b><br>Test class: takeHomeWebDriverTest.tests.TheInternetTest</td>
<td></td>
<td>2</td>
<td>takeHomeWebDriverTest.tests.TheInternetTest@59505b48</td></tr>
<tr>
<td title='takeHomeWebDriverTest.tests.TheInternetTest.test11_FileUpload()'><b>test11_FileUpload</b><br>Test class: takeHomeWebDriverTest.tests.TheInternetTest</td>
<td></td>
<td>2</td>
<td>takeHomeWebDriverTest.tests.TheInternetTest@59505b48</td></tr>
<tr>
<td title='takeHomeWebDriverTest.tests.TheInternetTest.test2_LoginFailure()'><b>test2_LoginFailure</b><br>Test class: takeHomeWebDriverTest.tests.TheInternetTest</td>
<td></td>
<td>2</td>
<td>takeHomeWebDriverTest.tests.TheInternetTest@59505b48</td></tr>
<tr>
<td title='takeHomeWebDriverTest.tests.TheInternetTest.test13_Iframe()'><b>test13_Iframe</b><br>Test class: takeHomeWebDriverTest.tests.TheInternetTest</td>
<td></td>
<td>6</td>
<td>takeHomeWebDriverTest.tests.TheInternetTest@59505b48</td></tr>
<tr>
<td title='takeHomeWebDriverTest.tests.TheInternetTest.test6_Dropdown()'><b>test6_Dropdown</b><br>Test class: takeHomeWebDriverTest.tests.TheInternetTest</td>
<td></td>
<td>1</td>
<td>takeHomeWebDriverTest.tests.TheInternetTest@59505b48</td></tr>
<tr>
<td title='takeHomeWebDriverTest.tests.TheInternetTest.test18_NotificationMessage()'><b>test18_NotificationMessage</b><br>Test class: takeHomeWebDriverTest.tests.TheInternetTest</td>
<td></td>
<td>5</td>
<td>takeHomeWebDriverTest.tests.TheInternetTest@59505b48</td></tr>
<tr>
<td title='takeHomeWebDriverTest.tests.TheInternetTest.test9_DynamicLoading()'><b>test9_DynamicLoading</b><br>Test class: takeHomeWebDriverTest.tests.TheInternetTest</td>
<td></td>
<td>6</td>
<td>takeHomeWebDriverTest.tests.TheInternetTest@59505b48</td></tr>
<tr>
<td title='takeHomeWebDriverTest.tests.TheInternetTest.test3_CheckBoxes()'><b>test3_CheckBoxes</b><br>Test class: takeHomeWebDriverTest.tests.TheInternetTest</td>
<td></td>
<td>1</td>
<td>takeHomeWebDriverTest.tests.TheInternetTest@59505b48</td></tr>
<tr>
<td title='takeHomeWebDriverTest.tests.TheInternetTest.test5_DragAndDrop()'><b>test5_DragAndDrop</b><br>Test class: takeHomeWebDriverTest.tests.TheInternetTest</td>
<td></td>
<td>1</td>
<td>takeHomeWebDriverTest.tests.TheInternetTest@59505b48</td></tr>
<tr>
<td title='takeHomeWebDriverTest.tests.TheInternetTest.test4_ContextMenu()'><b>test4_ContextMenu</b><br>Test class: takeHomeWebDriverTest.tests.TheInternetTest</td>
<td></td>
<td>1</td>
<td>takeHomeWebDriverTest.tests.TheInternetTest@59505b48</td></tr>
<tr>
<td title='takeHomeWebDriverTest.tests.TheInternetTest.test1_LoginSuccess()'><b>test1_LoginSuccess</b><br>Test class: takeHomeWebDriverTest.tests.TheInternetTest</td>
<td></td>
<td>2</td>
<td>takeHomeWebDriverTest.tests.TheInternetTest@59505b48</td></tr>
<tr>
<td title='takeHomeWebDriverTest.tests.TheInternetTest.test8_DynamicControls()'><b>test8_DynamicControls</b><br>Test class: takeHomeWebDriverTest.tests.TheInternetTest</td>
<td></td>
<td>14</td>
<td>takeHomeWebDriverTest.tests.TheInternetTest@59505b48</td></tr>
<tr>
<td title='takeHomeWebDriverTest.tests.TheInternetTest.test16_JavaScriptError()'><b>test16_JavaScriptError</b><br>Test class: takeHomeWebDriverTest.tests.TheInternetTest</td>
<td></td>
<td>0</td>
<td>takeHomeWebDriverTest.tests.TheInternetTest@59505b48</td></tr>
<tr>
<td title='takeHomeWebDriverTest.tests.TheInternetTest.test17_OpenInNewTab()'><b>test17_OpenInNewTab</b><br>Test class: takeHomeWebDriverTest.tests.TheInternetTest</td>
<td></td>
<td>1</td>
<td>takeHomeWebDriverTest.tests.TheInternetTest@59505b48</td></tr>
<tr>
<td title='takeHomeWebDriverTest.tests.TheInternetTest.test10_FileDownload()'><b>test10_FileDownload</b><br>Test class: takeHomeWebDriverTest.tests.TheInternetTest</td>
<td></td>
<td>3</td>
<td>takeHomeWebDriverTest.tests.TheInternetTest@59505b48</td></tr>
</table><p>
</body>
</html>