<?xml version="1.0" encoding="UTF-8"?>
<!-- Generated by org.testng.reporters.JUnitXMLReporter -->
<testsuite ignored="0" hostname="Bhavins-MacBook-Air.local" failures="1" tests="18" name="Default test" time="174.976" errors="0" timestamp="2022-12-27T15:44:35 EST">
  <testcase classname="takeHomeWebDriverTest.tests.TheInternetTest" name="test1_LoginSuccess" time="2.989"/>
  <testcase classname="takeHomeWebDriverTest.tests.TheInternetTest" name="test2_LoginFailure" time="2.788"/>
  <testcase classname="takeHomeWebDriverTest.tests.TheInternetTest" name="test3_CheckBoxes" time="1.691"/>
  <testcase classname="takeHomeWebDriverTest.tests.TheInternetTest" name="test4_ContextMenu" time="1.626"/>
  <testcase classname="takeHomeWebDriverTest.tests.TheInternetTest" name="test5_DragAndDrop" time="1.554"/>
  <testcase classname="takeHomeWebDriverTest.tests.TheInternetTest" name="test6_Dropdown" time="1.901"/>
  <testcase classname="takeHomeWebDriverTest.tests.TheInternetTest" name="test7_DynamicContent" time="4.514">
    <failure type="java.lang.AssertionError" message="The image source after refresh is the same expected [true] but found [false]">
      <![CDATA[java.lang.AssertionError: The image source after refresh is the same expected [true] but found [false]
at org.testng.Assert.fail(Assert.java:110)
at org.testng.Assert.failNotEquals(Assert.java:1413)
at org.testng.Assert.assertTrue(Assert.java:56)
at takeHomeWebDriverTest.tests.TheInternetTest.test7_DynamicContent(TheInternetTest.java:203)
at java.base/jdk.internal.reflect.NativeMethodAccessorImpl.invoke0(Native Method)
at java.base/jdk.internal.reflect.NativeMethodAccessorImpl.invoke(NativeMethodAccessorImpl.java:64)
at java.base/jdk.internal.reflect.DelegatingMethodAccessorImpl.invoke(DelegatingMethodAccessorImpl.java:43)
at java.base/java.lang.reflect.Method.invoke(Method.java:564)
at org.testng.internal.invokers.MethodInvocationHelper.invokeMethod(MethodInvocationHelper.java:139)
at org.testng.internal.invokers.TestInvoker.invokeMethod(TestInvoker.java:677)
at org.testng.internal.invokers.TestInvoker.invokeTestMethod(TestInvoker.java:221)
at org.testng.internal.invokers.MethodRunner.runInSequence(MethodRunner.java:50)
at org.testng.internal.invokers.TestInvoker$MethodInvocationAgent.invoke(TestInvoker.java:962)
at org.testng.internal.invokers.TestInvoker.invokeTestMethods(TestInvoker.java:194)
at org.testng.internal.invokers.TestMethodWorker.invokeTestMethods(TestMethodWorker.java:148)
at org.testng.internal.invokers.TestMethodWorker.run(TestMethodWorker.java:128)
at java.base/java.util.ArrayList.forEach(ArrayList.java:1511)
at org.testng.TestRunner.privateRun(TestRunner.java:806)
at org.testng.TestRunner.run(TestRunner.java:601)
at org.testng.SuiteRunner.runTest(SuiteRunner.java:433)
at org.testng.SuiteRunner.runSequentially(SuiteRunner.java:427)
at org.testng.SuiteRunner.privateRun(SuiteRunner.java:387)
at org.testng.SuiteRunner.run(SuiteRunner.java:330)
at org.testng.SuiteRunnerWorker.runSuite(SuiteRunnerWorker.java:52)
at org.testng.SuiteRunnerWorker.run(SuiteRunnerWorker.java:95)
at org.testng.TestNG.runSuitesSequentially(TestNG.java:1256)
at org.testng.TestNG.runSuitesLocally(TestNG.java:1176)
at org.testng.TestNG.runSuites(TestNG.java:1099)
at org.testng.TestNG.run(TestNG.java:1067)
at org.testng.remote.AbstractRemoteTestNG.run(AbstractRemoteTestNG.java:115)
at org.testng.remote.RemoteTestNG.initAndRun(RemoteTestNG.java:251)
at org.testng.remote.RemoteTestNG.main(RemoteTestNG.java:77)
]]>
    </failure>
  </testcase> <!-- test7_DynamicContent -->
  <testcase classname="takeHomeWebDriverTest.tests.TheInternetTest" name="test8_DynamicControls" time="14.932"/>
  <testcase classname="takeHomeWebDriverTest.tests.TheInternetTest" name="test9_DynamicLoading" time="6.775"/>
  <testcase classname="takeHomeWebDriverTest.tests.TheInternetTest" name="test10_FileDownload" time="3.663"/>
  <testcase classname="takeHomeWebDriverTest.tests.TheInternetTest" name="test11_FileUpload" time="2.265"/>
  <testcase classname="takeHomeWebDriverTest.tests.TheInternetTest" name="test12_FloatingMenu" time="1.623"/>
  <testcase classname="takeHomeWebDriverTest.tests.TheInternetTest" name="test13_Iframe" time="6.672"/>
  <testcase classname="takeHomeWebDriverTest.tests.TheInternetTest" name="test14_MouseHover" time="2.088"/>
  <testcase classname="takeHomeWebDriverTest.tests.TheInternetTest" name="test15_JavaScriptAlerts" time="2.079"/>
  <testcase classname="takeHomeWebDriverTest.tests.TheInternetTest" name="test16_JavaScriptError" time="0.332"/>
  <testcase classname="takeHomeWebDriverTest.tests.TheInternetTest" name="test17_OpenInNewTab" time="1.982"/>
  <testcase classname="takeHomeWebDriverTest.tests.TheInternetTest" name="test18_NotificationMessage" time="5.398"/>
</testsuite> <!-- Default test -->
