<?xml version="1.0" encoding="UTF-8"?>
<!-- Generated by org.testng.reporters.JUnitXMLReporter -->
<testsuite hostname="Satinders-MacBook-Pro.local" ignored="0" name="Default test" tests="18" failures="1" timestamp="2020-10-07T17:11:08 EDT" time="39.124" errors="0">
  <testcase name="CheckBoxesTest" time="0.43" classname="WebTesting.SeleniumWebTesting.AllTest"/>
  <testcase name="ContextMenuTest" time="0.231" classname="WebTesting.SeleniumWebTesting.AllTest"/>
  <testcase name="DragDropTest" time="0.508" classname="WebTesting.SeleniumWebTesting.AllTest">
    <failure type="java.lang.AssertionError" message="expected [B] but found [A]">
      <![CDATA[java.lang.AssertionError: expected [B] but found [A]
at org.testng.Assert.fail(Assert.java:97)
at org.testng.Assert.assertEqualsImpl(Assert.java:136)
at org.testng.Assert.assertEquals(Assert.java:118)
at org.testng.Assert.assertEquals(Assert.java:575)
at org.testng.Assert.assertEquals(Assert.java:585)
at WebTesting.SeleniumWebTesting.AllTest.DragDropTest(AllTest.java:99)
at sun.reflect.NativeMethodAccessorImpl.invoke0(Native Method)
at sun.reflect.NativeMethodAccessorImpl.invoke(NativeMethodAccessorImpl.java:62)
at sun.reflect.DelegatingMethodAccessorImpl.invoke(DelegatingMethodAccessorImpl.java:43)
at java.lang.reflect.Method.invoke(Method.java:498)
at org.testng.internal.MethodInvocationHelper.invokeMethod(MethodInvocationHelper.java:135)
at org.testng.internal.TestInvoker.invokeMethod(TestInvoker.java:598)
at org.testng.internal.TestInvoker.invokeTestMethod(TestInvoker.java:174)
at org.testng.internal.MethodRunner.runInSequence(MethodRunner.java:46)
at org.testng.internal.TestInvoker$MethodInvocationAgent.invoke(TestInvoker.java:821)
at org.testng.internal.TestInvoker.invokeTestMethods(TestInvoker.java:147)
at org.testng.internal.TestMethodWorker.invokeTestMethods(TestMethodWorker.java:146)
at org.testng.internal.TestMethodWorker.run(TestMethodWorker.java:128)
at java.util.ArrayList.forEach(ArrayList.java:1257)
at org.testng.TestRunner.privateRun(TestRunner.java:767)
at org.testng.TestRunner.run(TestRunner.java:588)
at org.testng.SuiteRunner.runTest(SuiteRunner.java:384)
at org.testng.SuiteRunner.runSequentially(SuiteRunner.java:378)
at org.testng.SuiteRunner.privateRun(SuiteRunner.java:337)
at org.testng.SuiteRunner.run(SuiteRunner.java:286)
at org.testng.SuiteRunnerWorker.runSuite(SuiteRunnerWorker.java:53)
at org.testng.SuiteRunnerWorker.run(SuiteRunnerWorker.java:96)
at org.testng.TestNG.runSuitesSequentially(TestNG.java:1214)
at org.testng.TestNG.runSuitesLocally(TestNG.java:1136)
at org.testng.TestNG.runSuites(TestNG.java:1066)
at org.testng.TestNG.run(TestNG.java:1034)
at org.testng.remote.AbstractRemoteTestNG.run(AbstractRemoteTestNG.java:115)
at org.testng.remote.RemoteTestNG.initAndRun(RemoteTestNG.java:251)
at org.testng.remote.RemoteTestNG.main(RemoteTestNG.java:77)
]]>
    </failure>
  </testcase> <!-- DragDropTest -->
  <testcase name="DropdownTest" time="0.231" classname="WebTesting.SeleniumWebTesting.AllTest"/>
  <testcase name="DynamicContentTest" time="2.497" classname="WebTesting.SeleniumWebTesting.AllTest"/>
  <testcase name="DynamicControlsTest" time="22.989" classname="WebTesting.SeleniumWebTesting.AllTest"/>
  <testcase name="DynamicLoadingTest" time="5.137" classname="WebTesting.SeleniumWebTesting.AllTest"/>
  <testcase name="FileDownloadTest" time="2.123" classname="WebTesting.SeleniumWebTesting.AllTest"/>
  <testcase name="FileUploadTest" time="0.211" classname="WebTesting.SeleniumWebTesting.AllTest"/>
  <testcase name="FloatingMenuTest" time="0.111" classname="WebTesting.SeleniumWebTesting.AllTest"/>
  <testcase name="JSAlertTest" time="0.777" classname="WebTesting.SeleniumWebTesting.AllTest"/>
  <testcase name="LoginFailureTest" time="0.41" classname="WebTesting.SeleniumWebTesting.AllTest"/>
  <testcase name="LoginSuccessTest" time="0.409" classname="WebTesting.SeleniumWebTesting.AllTest"/>
  <testcase name="MouseHoverTest" time="0.499" classname="WebTesting.SeleniumWebTesting.AllTest"/>
  <testcase name="NotificationMsgTest" time="0.485" classname="WebTesting.SeleniumWebTesting.AllTest"/>
  <testcase name="OpenNewTabTest" time="0.195" classname="WebTesting.SeleniumWebTesting.AllTest"/>
  <testcase name="iframeTest" time="0.522" classname="WebTesting.SeleniumWebTesting.AllTest"/>
  <testcase name="jsErrorTest1" time="0.086" classname="WebTesting.SeleniumWebTesting.AllTest"/>
</testsuite> <!-- Default test -->
