<?xml version="1.0" encoding="UTF-8"?>
<!-- Generated by org.testng.reporters.JUnitXMLReporter -->
<testsuite ignored="17" hostname="DESKTOP-AE8KGQC" failures="1" tests="1" name="Default test" time="8.211" errors="0" timestamp="2022-10-07T01:24:22 PDT">
  <testcase classname="com.tjank.SeleniumTests.InternetTests" name="notificationTest" time="7.203">
    <failure type="java.lang.AssertionError" message="null">
      <![CDATA[java.lang.AssertionError: null
at org.testng.Assert.fail(Assert.java:97)
at org.testng.Assert.fail(Assert.java:102)
at com.tjank.PageObjectModel.NotificationMessagePage.verifyNotificationMessage(NotificationMessagePage.java:71)
at com.tjank.SeleniumTests.InternetTests.notificationTest(InternetTests.java:205)
at java.base/jdk.internal.reflect.NativeMethodAccessorImpl.invoke0(Native Method)
at java.base/jdk.internal.reflect.NativeMethodAccessorImpl.invoke(NativeMethodAccessorImpl.java:62)
at java.base/jdk.internal.reflect.DelegatingMethodAccessorImpl.invoke(DelegatingMethodAccessorImpl.java:43)
at java.base/java.lang.reflect.Method.invoke(Method.java:567)
at org.testng.internal.MethodInvocationHelper.invokeMethod(MethodInvocationHelper.java:133)
at org.testng.internal.TestInvoker.invokeMethod(TestInvoker.java:584)
at org.testng.internal.TestInvoker.invokeTestMethod(TestInvoker.java:172)
at org.testng.internal.MethodRunner.runInSequence(MethodRunner.java:46)
at org.testng.internal.TestInvoker$MethodInvocationAgent.invoke(TestInvoker.java:804)
at org.testng.internal.TestInvoker.invokeTestMethods(TestInvoker.java:145)
at org.testng.internal.TestMethodWorker.invokeTestMethods(TestMethodWorker.java:146)
at org.testng.internal.TestMethodWorker.run(TestMethodWorker.java:128)
at java.base/java.util.ArrayList.forEach(ArrayList.java:1507)
at org.testng.TestRunner.privateRun(TestRunner.java:770)
at org.testng.TestRunner.run(TestRunner.java:591)
at org.testng.SuiteRunner.runTest(SuiteRunner.java:402)
at org.testng.SuiteRunner.runSequentially(SuiteRunner.java:396)
at org.testng.SuiteRunner.privateRun(SuiteRunner.java:355)
at org.testng.SuiteRunner.run(SuiteRunner.java:304)
at org.testng.SuiteRunnerWorker.runSuite(SuiteRunnerWorker.java:53)
at org.testng.SuiteRunnerWorker.run(SuiteRunnerWorker.java:96)
at org.testng.TestNG.runSuitesSequentially(TestNG.java:1180)
at org.testng.TestNG.runSuitesLocally(TestNG.java:1102)
at org.testng.TestNG.runSuites(TestNG.java:1032)
at org.testng.TestNG.run(TestNG.java:1000)
at org.testng.remote.AbstractRemoteTestNG.run(AbstractRemoteTestNG.java:115)
at org.testng.remote.RemoteTestNG.initAndRun(RemoteTestNG.java:251)
at org.testng.remote.RemoteTestNG.main(RemoteTestNG.java:77)
]]>
    </failure>
  </testcase> <!-- notificationTest -->
  <testcase classname="com.tjank.SeleniumTests.InternetTests" name="dynamicControlsTest" time="0.0">
    <ignored/>
  </testcase> <!-- dynamicControlsTest -->
  <testcase classname="com.tjank.SeleniumTests.InternetTests" name="iframeTest" time="0.0">
    <ignored/>
  </testcase> <!-- iframeTest -->
  <testcase classname="com.tjank.SeleniumTests.InternetTests" name="dynamicContentTest" time="0.0">
    <ignored/>
  </testcase> <!-- dynamicContentTest -->
  <testcase classname="com.tjank.SeleniumTests.InternetTests" name="checkboxTest" time="0.0">
    <ignored/>
  </testcase> <!-- checkboxTest -->
  <testcase classname="com.tjank.SeleniumTests.InternetTests" name="dragAndDropTest" time="0.0">
    <ignored/>
  </testcase> <!-- dragAndDropTest -->
  <testcase classname="com.tjank.SeleniumTests.InternetTests" name="dynamicLoadingTest" time="0.0">
    <ignored/>
  </testcase> <!-- dynamicLoadingTest -->
  <testcase classname="com.tjank.SeleniumTests.InternetTests" name="jsErrorPageTest" time="0.0">
    <ignored/>
  </testcase> <!-- jsErrorPageTest -->
  <testcase classname="com.tjank.SeleniumTests.InternetTests" name="floatingMenutest" time="0.0">
    <ignored/>
  </testcase> <!-- floatingMenutest -->
  <testcase classname="com.tjank.SeleniumTests.InternetTests" name="happyPathLogin" time="0.0">
    <ignored/>
  </testcase> <!-- happyPathLogin -->
  <testcase classname="com.tjank.SeleniumTests.InternetTests" name="hoverTest" time="0.0">
    <ignored/>
  </testcase> <!-- hoverTest -->
  <testcase classname="com.tjank.SeleniumTests.InternetTests" name="newTabTest" time="0.0">
    <ignored/>
  </testcase> <!-- newTabTest -->
  <testcase classname="com.tjank.SeleniumTests.InternetTests" name="jsAlertTest" time="0.0">
    <ignored/>
  </testcase> <!-- jsAlertTest -->
  <testcase classname="com.tjank.SeleniumTests.InternetTests" name="unhappyPathLogin" time="0.0">
    <ignored/>
  </testcase> <!-- unhappyPathLogin -->
  <testcase classname="com.tjank.SeleniumTests.InternetTests" name="fileDownloadTest" time="0.0">
    <ignored/>
  </testcase> <!-- fileDownloadTest -->
  <testcase classname="com.tjank.SeleniumTests.InternetTests" name="uploadFileTest" time="0.0">
    <ignored/>
  </testcase> <!-- uploadFileTest -->
  <testcase classname="com.tjank.SeleniumTests.InternetTests" name="contextMenuTest" time="0.0">
    <ignored/>
  </testcase> <!-- contextMenuTest -->
  <testcase classname="com.tjank.SeleniumTests.InternetTests" name="dropdownTest" time="0.0">
    <ignored/>
  </testcase> <!-- dropdownTest -->
</testsuite> <!-- Default test -->
