<?xml version="1.0" encoding="UTF-8"?>
<!-- Generated by org.testng.reporters.JUnitXMLReporter -->
<testsuite ignored="0" hostname="Navpreet" failures="2" tests="23" name="Test" time="138.04" errors="0" timestamp="2023-04-08T16:22:26 EDT">
  <testcase classname="navpreet.Tests.MultipleWindowsTest" name="TestMultipleWindows" time="8.182"/>
  <testcase classname="navpreet.Tests.FileDownloadTest" name="File_Download_Test" time="3.928"/>
  <testcase classname="navpreet.Tests.FileUploadTest" name="File_Upload_Test" time="3.953">
    <failure type="org.openqa.selenium.InvalidArgumentException" message="invalid argument
  (Session info: chrome=111.0.5563.148)
Build info: version: &amp;apos;4.8.3&amp;apos;, revision: &amp;apos;e5e76298c3&amp;apos;
System info: os.name: &amp;apos;Windows 10&amp;apos;, os.arch: &amp;apos;amd64&amp;apos;, os.version: &amp;apos;10.0&amp;apos;, java.version: &amp;apos;17.0.1&amp;apos;
Driver info: org.openqa.selenium.chrome.ChromeDriver
Command: [02e19b8c661ed4c09de7cdeeed4ea630, clickElement {id=d3db5a29-428c-4c31-8560-4f5254e74372}]
Capabilities {acceptInsecureCerts: false, browserName: chrome, browserVersion: 111.0.5563.148, chrome: {chromedriverVersion: 111.0.5563.64 (c710e93d5b63..., userDataDir: C:\Users\kaurn\AppData\Loca...}, goog:chromeOptions: {debuggerAddress: localhost:53851}, networkConnectionEnabled: false, pageLoadStrategy: normal, platformName: WINDOWS, proxy: Proxy(), se:cdp: ws://localhost:53851/devtoo..., se:cdpVersion: 111.0.5563.148, setWindowRect: true, strictFileInteractability: false, timeouts: {implicit: 0, pageLoad: 300000, script: 30000}, unhandledPromptBehavior: dismiss and notify, webauthn:extension:credBlob: true, webauthn:extension:largeBlob: true, webauthn:extension:minPinLength: true, webauthn:extension:prf: true, webauthn:virtualAuthenticators: true}
Element: [[ChromeDriver: chrome on WINDOWS (02e19b8c661ed4c09de7cdeeed4ea630)] -&amp;gt; css selector: #file-upload]
Session ID: 02e19b8c661ed4c09de7cdeeed4ea630">
      <![CDATA[org.openqa.selenium.InvalidArgumentException: invalid argument
  (Session info: chrome=111.0.5563.148)
Build info: version: '4.8.3', revision: 'e5e76298c3'
System info: os.name: 'Windows 10', os.arch: 'amd64', os.version: '10.0', java.version: '17.0.1'
Driver info: org.openqa.selenium.chrome.ChromeDriver
Command: [02e19b8c661ed4c09de7cdeeed4ea630, clickElement {id=d3db5a29-428c-4c31-8560-4f5254e74372}]
Capabilities {acceptInsecureCerts: false, browserName: chrome, browserVersion: 111.0.5563.148, chrome: {chromedriverVersion: 111.0.5563.64 (c710e93d5b63..., userDataDir: C:\Users\kaurn\AppData\Loca...}, goog:chromeOptions: {debuggerAddress: localhost:53851}, networkConnectionEnabled: false, pageLoadStrategy: normal, platformName: WINDOWS, proxy: Proxy(), se:cdp: ws://localhost:53851/devtoo..., se:cdpVersion: 111.0.5563.148, setWindowRect: true, strictFileInteractability: false, timeouts: {implicit: 0, pageLoad: 300000, script: 30000}, unhandledPromptBehavior: dismiss and notify, webauthn:extension:credBlob: true, webauthn:extension:largeBlob: true, webauthn:extension:minPinLength: true, webauthn:extension:prf: true, webauthn:virtualAuthenticators: true}
Element: [[ChromeDriver: chrome on WINDOWS (02e19b8c661ed4c09de7cdeeed4ea630)] -> css selector: #file-upload]
Session ID: 02e19b8c661ed4c09de7cdeeed4ea630
at org.openqa.selenium.remote.codec.w3c.W3CHttpResponseCodec.createException(W3CHttpResponseCodec.java:200)
at org.openqa.selenium.remote.codec.w3c.W3CHttpResponseCodec.decode(W3CHttpResponseCodec.java:133)
at org.openqa.selenium.remote.codec.w3c.W3CHttpResponseCodec.decode(W3CHttpResponseCodec.java:53)
at org.openqa.selenium.remote.HttpCommandExecutor.execute(HttpCommandExecutor.java:193)
at org.openqa.selenium.remote.service.DriverCommandExecutor.invokeExecute(DriverCommandExecutor.java:183)
at org.openqa.selenium.remote.service.DriverCommandExecutor.execute(DriverCommandExecutor.java:158)
at org.openqa.selenium.remote.RemoteWebDriver.execute(RemoteWebDriver.java:543)
at org.openqa.selenium.remote.RemoteWebElement.execute(RemoteWebElement.java:257)
at org.openqa.selenium.remote.RemoteWebElement.click(RemoteWebElement.java:78)
at org.openqa.selenium.support.pagefactory.internal.LocatingElementHandler.invoke(LocatingElementHandler.java:52)
at jdk.proxy2/jdk.proxy2.$Proxy16.click(Unknown Source)
at navpreet.pageobjects.FileUploadPageObjects.Choose_File(FileUploadPageObjects.java:56)
at navpreet.Tests.FileUploadTest.File_Upload_Test(FileUploadTest.java:20)
at java.base/java.util.ArrayList.forEach(ArrayList.java:1511)
... Removed 36 stack frames]]>
    </failure>
  </testcase> <!-- File_Upload_Test -->
  <testcase classname="navpreet.Tests.FloatingMenuTest" name="TestFloatingMenu" time="3.437"/>
  <testcase classname="navpreet.Tests.DynamicControlsTest" name="Click_EnableButton" time="8.239"/>
  <testcase classname="navpreet.Tests.DynamicControlsTest" name="Click_DisableButton" time="10.823"/>
  <testcase classname="navpreet.Tests.DynamicControlsTest" name="Check_Checkbox_Gone" time="8.327"/>
  <testcase classname="navpreet.Tests.DynamicControlsTest" name="Check_CheckBox_Back" time="11.145"/>
  <testcase classname="navpreet.Tests.LoginTest" name="Login" time="5.182"/>
  <testcase classname="navpreet.Tests.LoginTest" name="Login" time="4.863"/>
  <testcase classname="navpreet.Tests.IFrameTest" name="switchAndCheckText" time="5.205">
    <failure type="org.openqa.selenium.NoSuchElementException" message="no such element: Unable to locate element: {&amp;quot;method&amp;quot;:&amp;quot;xpath&amp;quot;,&amp;quot;selector&amp;quot;:&amp;quot;//body[@id=&amp;apos;tinymce&amp;apos;]/p&amp;quot;}
  (Session info: chrome=111.0.5563.148)
For documentation on this error, please visit: https://selenium.dev/exceptions/#no_such_element
Build info: version: &amp;apos;4.8.3&amp;apos;, revision: &amp;apos;e5e76298c3&amp;apos;
System info: os.name: &amp;apos;Windows 10&amp;apos;, os.arch: &amp;apos;amd64&amp;apos;, os.version: &amp;apos;10.0&amp;apos;, java.version: &amp;apos;17.0.1&amp;apos;
Driver info: org.openqa.selenium.chrome.ChromeDriver
Command: [8d3d69acc450bacd6a50fcc5fd743d17, findElement {using=xpath, value=//body[@id=&amp;apos;tinymce&amp;apos;]/p}]
Capabilities {acceptInsecureCerts: false, browserName: chrome, browserVersion: 111.0.5563.148, chrome: {chromedriverVersion: 111.0.5563.64 (c710e93d5b63..., userDataDir: C:\Users\kaurn\AppData\Loca...}, goog:chromeOptions: {debuggerAddress: localhost:54068}, networkConnectionEnabled: false, pageLoadStrategy: normal, platformName: WINDOWS, proxy: Proxy(), se:cdp: ws://localhost:54068/devtoo..., se:cdpVersion: 111.0.5563.148, setWindowRect: true, strictFileInteractability: false, timeouts: {implicit: 0, pageLoad: 300000, script: 30000}, unhandledPromptBehavior: dismiss and notify, webauthn:extension:credBlob: true, webauthn:extension:largeBlob: true, webauthn:extension:minPinLength: true, webauthn:extension:prf: true, webauthn:virtualAuthenticators: true}
Session ID: 8d3d69acc450bacd6a50fcc5fd743d17">
      <![CDATA[org.openqa.selenium.NoSuchElementException: no such element: Unable to locate element: {"method":"xpath","selector":"//body[@id='tinymce']/p"}
  (Session info: chrome=111.0.5563.148)
For documentation on this error, please visit: https://selenium.dev/exceptions/#no_such_element
Build info: version: '4.8.3', revision: 'e5e76298c3'
System info: os.name: 'Windows 10', os.arch: 'amd64', os.version: '10.0', java.version: '17.0.1'
Driver info: org.openqa.selenium.chrome.ChromeDriver
Command: [8d3d69acc450bacd6a50fcc5fd743d17, findElement {using=xpath, value=//body[@id='tinymce']/p}]
Capabilities {acceptInsecureCerts: false, browserName: chrome, browserVersion: 111.0.5563.148, chrome: {chromedriverVersion: 111.0.5563.64 (c710e93d5b63..., userDataDir: C:\Users\kaurn\AppData\Loca...}, goog:chromeOptions: {debuggerAddress: localhost:54068}, networkConnectionEnabled: false, pageLoadStrategy: normal, platformName: WINDOWS, proxy: Proxy(), se:cdp: ws://localhost:54068/devtoo..., se:cdpVersion: 111.0.5563.148, setWindowRect: true, strictFileInteractability: false, timeouts: {implicit: 0, pageLoad: 300000, script: 30000}, unhandledPromptBehavior: dismiss and notify, webauthn:extension:credBlob: true, webauthn:extension:largeBlob: true, webauthn:extension:minPinLength: true, webauthn:extension:prf: true, webauthn:virtualAuthenticators: true}
Session ID: 8d3d69acc450bacd6a50fcc5fd743d17
at org.openqa.selenium.remote.codec.w3c.W3CHttpResponseCodec.createException(W3CHttpResponseCodec.java:200)
at org.openqa.selenium.remote.codec.w3c.W3CHttpResponseCodec.decode(W3CHttpResponseCodec.java:133)
at org.openqa.selenium.remote.codec.w3c.W3CHttpResponseCodec.decode(W3CHttpResponseCodec.java:53)
at org.openqa.selenium.remote.HttpCommandExecutor.execute(HttpCommandExecutor.java:193)
at org.openqa.selenium.remote.service.DriverCommandExecutor.invokeExecute(DriverCommandExecutor.java:183)
at org.openqa.selenium.remote.service.DriverCommandExecutor.execute(DriverCommandExecutor.java:158)
at org.openqa.selenium.remote.RemoteWebDriver.execute(RemoteWebDriver.java:543)
at org.openqa.selenium.remote.ElementLocation$ElementFinder$2.findElement(ElementLocation.java:162)
at org.openqa.selenium.remote.ElementLocation.findElement(ElementLocation.java:60)
at org.openqa.selenium.remote.RemoteWebDriver.findElement(RemoteWebDriver.java:352)
at org.openqa.selenium.remote.RemoteWebDriver.findElement(RemoteWebDriver.java:344)
at org.openqa.selenium.support.pagefactory.DefaultElementLocator.findElement(DefaultElementLocator.java:70)
at org.openqa.selenium.support.pagefactory.internal.LocatingElementHandler.invoke(LocatingElementHandler.java:39)
at jdk.proxy2/jdk.proxy2.$Proxy16.clear(Unknown Source)
at navpreet.pageobjects.IFramePageObjects.SwitchAndTypeText(IFramePageObjects.java:41)
at navpreet.Tests.IFrameTest.switchAndCheckText(IFrameTest.java:23)
at java.base/java.util.ArrayList.forEach(ArrayList.java:1511)
... Removed 31 stack frames]]>
    </failure>
  </testcase> <!-- switchAndCheckText -->
  <testcase classname="navpreet.Tests.DragAndDropTest" name="DragAndDrop" time="3.666"/>
  <testcase classname="navpreet.Tests.ContextMenuTest" name="ContextMenu" time="3.048"/>
  <testcase classname="navpreet.Tests.NotificationMessageTest" name="testNotificationMessage" time="7.892"/>
  <testcase classname="navpreet.Tests.CheckBoxTest" name="TestCheckboxes" time="3.126"/>
  <testcase classname="navpreet.Tests.DynamicContentTest" name="LoadDynamicContent" time="7.036"/>
  <testcase classname="navpreet.Tests.JavaScriptErrorTest" name="TestJavaScriptError" time="2.622"/>
  <testcase classname="navpreet.Tests.DynamicLoadingTest" name="Test_Dynamic_Loading" time="9.094"/>
  <testcase classname="navpreet.Tests.JavaScriptAlertsTest" name="TestJsAlertButton" time="3.427"/>
  <testcase classname="navpreet.Tests.JavaScriptAlertsTest" name="TestJsConfirm" time="3.176"/>
  <testcase classname="navpreet.Tests.JavaScriptAlertsTest" name="TestJsPrompt" time="3.956"/>
  <testcase classname="navpreet.Tests.MouseHoverTest" name="TestMouseHoverFunctionality" time="4.04"/>
  <testcase classname="navpreet.Tests.DropDownTest" name="DropDownMenu" time="5.094"/>
</testsuite> <!-- Test -->
