<?xml version="1.0" encoding="UTF-8"?>
<!-- Generated by org.testng.reporters.JUnitReportReporter -->
<testsuite hostname="DESKTOP-AE8KGQC" failures="1" tests="18" name="com.tjank.SeleniumTests.InternetTests" time="8.117" errors="0" timestamp="2022-10-07T01:24:22 PDT" skipped="17">
  <testcase classname="com.tjank.SeleniumTests.InternetTests" name="notificationTest" time="8.117">
    <failure message="null" type="java.lang.AssertionError">
      <![CDATA[java.lang.AssertionError: null
at org.testng.Assert.fail(Assert.java:97)
at org.testng.Assert.fail(Assert.java:102)
at com.tjank.PageObjectModel.NotificationMessagePage.verifyNotificationMessage(NotificationMessagePage.java:71)
at com.tjank.SeleniumTests.InternetTests.notificationTest(InternetTests.java:205)
at java.base/jdk.internal.reflect.NativeMethodAccessorImpl.invoke0(Native Method)
at java.base/jdk.internal.reflect.NativeMethodAccessorImpl.invoke(NativeMethodAccessorImpl.java:62)
at java.base/jdk.internal.reflect.DelegatingMethodAccessorImpl.invoke(DelegatingMethodAccessorImpl.java:43)
at java.base/java.lang.reflect.Method.invoke(Method.java:567)
at org.testng.internal.MethodInvocationHelper.invokeMethod(MethodInvocationHelper.java:133)
at org.testng.internal.TestInvoker.invokeMethod(TestInvoker.java:584)
at org.testng.internal.TestInvoker.invokeTestMethod(TestInvoker.java:172)
at org.testng.internal.MethodRunner.runInSequence(MethodRunner.java:46)
at org.testng.internal.TestInvoker$MethodInvocationAgent.invoke(TestInvoker.java:804)
at org.testng.internal.TestInvoker.invokeTestMethods(TestInvoker.java:145)
at org.testng.internal.TestMethodWorker.invokeTestMethods(TestMethodWorker.java:146)
at org.testng.internal.TestMethodWorker.run(TestMethodWorker.java:128)
at java.base/java.util.ArrayList.forEach(ArrayList.java:1507)
at org.testng.TestRunner.privateRun(TestRunner.java:770)
at org.testng.TestRunner.run(TestRunner.java:591)
at org.testng.SuiteRunner.runTest(SuiteRunner.java:402)
at org.testng.SuiteRunner.runSequentially(SuiteRunner.java:396)
at org.testng.SuiteRunner.privateRun(SuiteRunner.java:355)
at org.testng.SuiteRunner.run(SuiteRunner.java:304)
at org.testng.SuiteRunnerWorker.runSuite(SuiteRunnerWorker.java:53)
at org.testng.SuiteRunnerWorker.run(SuiteRunnerWorker.java:96)
at org.testng.TestNG.runSuitesSequentially(TestNG.java:1180)
at org.testng.TestNG.runSuitesLocally(TestNG.java:1102)
at org.testng.TestNG.runSuites(TestNG.java:1032)
at org.testng.TestNG.run(TestNG.java:1000)
at org.testng.remote.AbstractRemoteTestNG.run(AbstractRemoteTestNG.java:115)
at org.testng.remote.RemoteTestNG.initAndRun(RemoteTestNG.java:251)
at org.testng.remote.RemoteTestNG.main(RemoteTestNG.java:77)
]]>
    </failure>
  </testcase> <!-- notificationTest -->
  <testcase classname="com.tjank.SeleniumTests.InternetTests" name="dynamicControlsTest">
    <skipped/>
  </testcase> <!-- dynamicControlsTest -->
  <testcase classname="com.tjank.SeleniumTests.InternetTests" name="iframeTest">
    <skipped/>
  </testcase> <!-- iframeTest -->
  <testcase classname="com.tjank.SeleniumTests.InternetTests" name="dynamicContentTest">
    <skipped/>
  </testcase> <!-- dynamicContentTest -->
  <testcase classname="com.tjank.SeleniumTests.InternetTests" name="checkboxTest">
    <skipped/>
  </testcase> <!-- checkboxTest -->
  <testcase classname="com.tjank.SeleniumTests.InternetTests" name="dragAndDropTest">
    <skipped/>
  </testcase> <!-- dragAndDropTest -->
  <testcase classname="com.tjank.SeleniumTests.InternetTests" name="dynamicLoadingTest">
    <skipped/>
  </testcase> <!-- dynamicLoadingTest -->
  <testcase classname="com.tjank.SeleniumTests.InternetTests" name="jsErrorPageTest">
    <skipped/>
  </testcase> <!-- jsErrorPageTest -->
  <testcase classname="com.tjank.SeleniumTests.InternetTests" name="floatingMenutest">
    <skipped/>
  </testcase> <!-- floatingMenutest -->
  <testcase classname="com.tjank.SeleniumTests.InternetTests" name="happyPathLogin">
    <skipped/>
  </testcase> <!-- happyPathLogin -->
  <testcase classname="com.tjank.SeleniumTests.InternetTests" name="hoverTest">
    <skipped/>
  </testcase> <!-- hoverTest -->
  <testcase classname="com.tjank.SeleniumTests.InternetTests" name="newTabTest">
    <skipped/>
  </testcase> <!-- newTabTest -->
  <testcase classname="com.tjank.SeleniumTests.InternetTests" name="jsAlertTest">
    <skipped/>
  </testcase> <!-- jsAlertTest -->
  <testcase classname="com.tjank.SeleniumTests.InternetTests" name="unhappyPathLogin">
    <skipped/>
  </testcase> <!-- unhappyPathLogin -->
  <testcase classname="com.tjank.SeleniumTests.InternetTests" name="fileDownloadTest">
    <skipped/>
  </testcase> <!-- fileDownloadTest -->
  <testcase classname="com.tjank.SeleniumTests.InternetTests" name="uploadFileTest">
    <skipped/>
  </testcase> <!-- uploadFileTest -->
  <testcase classname="com.tjank.SeleniumTests.InternetTests" name="contextMenuTest">
    <skipped/>
  </testcase> <!-- contextMenuTest -->
  <testcase classname="com.tjank.SeleniumTests.InternetTests" name="dropdownTest">
    <skipped/>
  </testcase> <!-- dropdownTest -->
</testsuite> <!-- com.tjank.SeleniumTests.InternetTests -->
