<?xml version="1.0" encoding="UTF-8"?>
<!-- Generated by org.testng.reporters.JUnitXMLReporter -->
<testsuite ignored="0" hostname="LAPTOP-9FISPP1M" failures="1" tests="18" name="Test" time="132.129" errors="0" timestamp="2022-11-30T22:12:27 EST">
  <testcase classname="qa.testcases.LoginPageTest" name="loginTest_sucess" time="1.334"/>
  <testcase classname="qa.testcases.LoginPageTest" name="loginTest_failure" time="1.307"/>
  <testcase classname="qa.testcases.CheckboxTest" name="checkboxSelectionTest" time="2.852"/>
  <testcase classname="qa.testcases.ContextMenuTest" name="contextMenu_rightClickTest" time="6.722"/>
  <testcase classname="qa.testcases.DragAndDropTest" name="drag_and_drop_Test" time="5.404"/>
  <testcase classname="qa.testcases.DropDownTest" name="dropDownTest" time="4.364"/>
  <testcase classname="qa.testcases.DynamicContentTest" name="dynamicContentTest" time="2.845"/>
  <testcase classname="qa.testcases.DynamicControlsTest" name="dynamicControlTest" time="13.115"/>
  <testcase classname="qa.testcases.DynamicLoadingTest" name="dynamicLoadingTest" time="5.258"/>
  <testcase classname="qa.testcases.FileDownloadTest" name="fileDownloadTest" time="2.17"/>
  <testcase classname="qa.testcases.FileUploadTest" name="fileUploadTest" time="2.963"/>
  <testcase classname="qa.testcases.FloatingMenuTest" name="floatingMenuTest" time="2.215"/>
  <testcase classname="qa.testcases.IFrameTest" name="iFrameTest" time="24.266"/>
  <testcase classname="qa.testcases.MouseHoverTest" name="mouseHoverTest" time="5.416"/>
  <testcase classname="qa.testcases.JavaScriptAlertTest" name="javaScriptAlertTest" time="6.278"/>
  <testcase classname="qa.testcases.JavaScriptErrorTest" name="javaScriptErrorTest" time="0.118">
    <failure type="java.lang.AssertionError" message="The following asserts failed:
	expected [Cannot read property &amp;apos;xyz&amp;apos; of undefined.] but found [This page has a JavaScript error in the onload event. This is often a problem to using normal Javascript injection techniques.]">
      <![CDATA[java.lang.AssertionError: The following asserts failed:
expected [Cannot read property 'xyz' of undefined.] but found [This page has a JavaScript error in the onload event. This is often a problem to using normal Javascript injection techniques.]
at qa.testcases.JavaScriptErrorTest.javaScriptErrorTest(JavaScriptErrorTest.java:27)
at java.base/java.util.ArrayList.forEach(ArrayList.java:1511)
... Removed 29 stack frames]]>
    </failure>
  </testcase> <!-- javaScriptErrorTest -->
  <testcase classname="qa.testcases.NewTabTest" name="newTabTest" time="2.912"/>
  <testcase classname="qa.testcases.NotificationTest" name="notificationTest" time="6.074"/>
</testsuite> <!-- Test -->
