<?xml version="1.0" encoding="UTF-8"?>
<!-- Generated by org.testng.reporters.JUnitXMLReporter -->
<testsuite ignored="0" hostname="DESKTOP-9E06R4C" failures="1" tests="32" name="Command line test" time="223.865" errors="0" timestamp="2022-10-18T11:20:10 AST">
  <testcase classname="webtests.BasePackage.WT_BaseClass" name="@AfterMethod teardown" time="0.006">
    <failure type="org.openqa.selenium.UnhandledAlertException" message="unexpected alert open: {Alert text : I am a JS Alert}
  (Session info: chrome=106.0.5249.119): I am a JS Alert
Build info: version: &amp;apos;4.5.0&amp;apos;, revision: &amp;apos;fe167b119a&amp;apos;
System info: os.name: &amp;apos;Windows 10&amp;apos;, os.arch: &amp;apos;amd64&amp;apos;, os.version: &amp;apos;10.0&amp;apos;, java.version: &amp;apos;17.0.2&amp;apos;
Driver info: org.openqa.selenium.chrome.ChromeDriver
Command: [5bf3aec225e396eebf8d7abec56e88d0, close {}]
Capabilities {acceptInsecureCerts: false, browserName: chrome, browserVersion: 106.0.5249.119, chrome: {chromedriverVersion: 106.0.5249.61 (511755355844..., userDataDir: C:\Users\gotid\AppData\Loca...}, goog:chromeOptions: {debuggerAddress: localhost:49722}, networkConnectionEnabled: false, pageLoadStrategy: normal, platformName: WINDOWS, proxy: Proxy(), se:cdp: ws://localhost:49722/devtoo..., se:cdpVersion: 106.0.5249.119, setWindowRect: true, strictFileInteractability: false, timeouts: {implicit: 0, pageLoad: 300000, script: 30000}, unhandledPromptBehavior: dismiss and notify, webauthn:extension:credBlob: true, webauthn:extension:largeBlob: true, webauthn:virtualAuthenticators: true}
Session ID: 5bf3aec225e396eebf8d7abec56e88d0">
      <![CDATA[org.openqa.selenium.UnhandledAlertException: unexpected alert open: {Alert text : I am a JS Alert}
  (Session info: chrome=106.0.5249.119): I am a JS Alert
Build info: version: '4.5.0', revision: 'fe167b119a'
System info: os.name: 'Windows 10', os.arch: 'amd64', os.version: '10.0', java.version: '17.0.2'
Driver info: org.openqa.selenium.chrome.ChromeDriver
Command: [5bf3aec225e396eebf8d7abec56e88d0, close {}]
Capabilities {acceptInsecureCerts: false, browserName: chrome, browserVersion: 106.0.5249.119, chrome: {chromedriverVersion: 106.0.5249.61 (511755355844..., userDataDir: C:\Users\gotid\AppData\Loca...}, goog:chromeOptions: {debuggerAddress: localhost:49722}, networkConnectionEnabled: false, pageLoadStrategy: normal, platformName: WINDOWS, proxy: Proxy(), se:cdp: ws://localhost:49722/devtoo..., se:cdpVersion: 106.0.5249.119, setWindowRect: true, strictFileInteractability: false, timeouts: {implicit: 0, pageLoad: 300000, script: 30000}, unhandledPromptBehavior: dismiss and notify, webauthn:extension:credBlob: true, webauthn:extension:largeBlob: true, webauthn:virtualAuthenticators: true}
Session ID: 5bf3aec225e396eebf8d7abec56e88d0
at org.openqa.selenium.remote.codec.w3c.W3CHttpResponseCodec.decode(W3CHttpResponseCodec.java:131)
at org.openqa.selenium.remote.codec.w3c.W3CHttpResponseCodec.decode(W3CHttpResponseCodec.java:53)
at org.openqa.selenium.remote.HttpCommandExecutor.execute(HttpCommandExecutor.java:184)
at org.openqa.selenium.remote.service.DriverCommandExecutor.invokeExecute(DriverCommandExecutor.java:167)
at org.openqa.selenium.remote.service.DriverCommandExecutor.execute(DriverCommandExecutor.java:142)
at org.openqa.selenium.remote.RemoteWebDriver.execute(RemoteWebDriver.java:547)
at org.openqa.selenium.remote.RemoteWebDriver.execute(RemoteWebDriver.java:602)
at org.openqa.selenium.remote.RemoteWebDriver.execute(RemoteWebDriver.java:606)
at org.openqa.selenium.remote.RemoteWebDriver.close(RemoteWebDriver.java:432)
at webtests.BasePackage.WT_BaseClass.teardown(WT_BaseClass.java:84)
at java.base/java.util.ArrayList.forEach(ArrayList.java:1511)
... Removed 41 stack frames]]>
    </failure>
  </testcase> <!-- @AfterMethod teardown -->
  <testcase classname="webtests.BasePackage.WT_BaseClass" name="@BeforeMethod setup" time="0.0">
    <skipped/>
  </testcase> <!-- @BeforeMethod setup -->
  <testcase classname="webtests.Testlayers.WT_14_JavaScriptAlerts_Test" name="@BeforeMethod initsetup" time="0.0">
    <skipped/>
  </testcase> <!-- @BeforeMethod initsetup -->
  <testcase classname="webtests.BasePackage.WT_BaseClass" name="@AfterMethod teardown" time="0.0">
    <skipped/>
  </testcase> <!-- @AfterMethod teardown -->
  <testcase classname="webtests.BasePackage.WT_BaseClass" name="@BeforeMethod setup" time="0.0">
    <skipped/>
  </testcase> <!-- @BeforeMethod setup -->
  <testcase classname="webtests.Testlayers.WT_14_JavaScriptAlerts_Test" name="@BeforeMethod initsetup" time="0.0">
    <skipped/>
  </testcase> <!-- @BeforeMethod initsetup -->
  <testcase classname="webtests.BasePackage.WT_BaseClass" name="@AfterMethod teardown" time="0.0">
    <skipped/>
  </testcase> <!-- @AfterMethod teardown -->
  <testcase classname="webtests.Testlayers.WT_01_Loginpage_Test" name="LoginSucess" time="0.61"/>
  <testcase classname="webtests.Testlayers.WT_01_Loginpage_Test" name="LoginFailure" time="0.344"/>
  <testcase classname="webtests.Testlayers.WT_01_Loginpage_Test" name="LoginFailure" time="0.376"/>
  <testcase classname="webtests.Testlayers.WT_01_Loginpage_Test" name="LoginFailure" time="0.496"/>
  <testcase classname="webtests.Testlayers.WT_01_Loginpage_Test" name="LoginFailure" time="0.353"/>
  <testcase classname="webtests.Testlayers.WT_02_Checkbox_Test" name="Checkbox1validation" time="1.11"/>
  <testcase classname="webtests.Testlayers.WT_02_Checkbox_Test" name="Checkbox2validation" time="1.125"/>
  <testcase classname="webtests.Testlayers.WT_03_ContextMenu_Test" name="ContextMenuTest" time="0.255"/>
  <testcase classname="webtests.Testlayers.WT_04_DragandDrop_Test" name="DragAndDropA" time="1.08"/>
  <testcase classname="webtests.Testlayers.WT_05_Dropdown_Test" name="DropDownTest1" time="2.286"/>
  <testcase classname="webtests.Testlayers.WT_05_Dropdown_Test" name="DropDownTest2" time="0.255"/>
  <testcase classname="webtests.Testlayers.WT_06_DynamicContent_Test" name="DynamicContentTest1" time="4.641">
    <failure type="java.lang.AssertionError" message="did not expect [http://localhost:7080/img/avatars/Original-Facebook-Geek-Profile-Avatar-6.jpg] but found [http://localhost:7080/img/avatars/Original-Facebook-Geek-Profile-Avatar-6.jpg]">
      <![CDATA[java.lang.AssertionError: did not expect [http://localhost:7080/img/avatars/Original-Facebook-Geek-Profile-Avatar-6.jpg] but found [http://localhost:7080/img/avatars/Original-Facebook-Geek-Profile-Avatar-6.jpg]
at webtests.Testlayers.WT_06_DynamicContent_Test.DynamicContentTest1(WT_06_DynamicContent_Test.java:37)
at java.base/java.util.ArrayList.forEach(ArrayList.java:1511)
... Removed 42 stack frames]]>
    </failure>
  </testcase> <!-- DynamicContentTest1 -->
  <testcase classname="webtests.Testlayers.WT_07_DynamicControls_Test" name="RemoveandAddValidation" time="46.853"/>
  <testcase classname="webtests.Testlayers.WT_07_DynamicControls_Test" name="EnableAndDisableValidation" time="11.733"/>
  <testcase classname="webtests.Testlayers.WT_08_DynamicLoading_Test" name="DynamicpageTest" time="5.147"/>
  <testcase classname="webtests.Testlayers.WT_09_FileDownload_Test" name="FileDownloadTest" time="2.133"/>
  <testcase classname="webtests.Testlayers.WT_09_FileDownload_Test" name="VerifyFile" time="0.014"/>
  <testcase classname="webtests.Testlayers.WT_10_FileUpload_Test" name="UploadFileTest" time="1.297"/>
  <testcase classname="webtests.Testlayers.WT_11_FloatingMenu_Test" name="FloatingMenuTest" time="2.131"/>
  <testcase classname="webtests.Testlayers.WT_12_Iframe_Test" name="IFrameTest" time="40.345"/>
  <testcase classname="webtests.Testlayers.WT_13_MouseHover_Test" name="hoverOnUser1" time="0.18"/>
  <testcase classname="webtests.Testlayers.WT_13_MouseHover_Test" name="hoverOnUser2" time="0.226"/>
  <testcase classname="webtests.Testlayers.WT_13_MouseHover_Test" name="hoverOnUser3" time="0.229"/>
  <testcase classname="webtests.Testlayers.WT_14_JavaScriptAlerts_Test" name="JavaScriptAlertTest" time="0.076"/>
  <testcase classname="webtests.Testlayers.WT_14_JavaScriptAlerts_Test" name="JavaScriptConfirmTest" time="0.006">
    <skipped/>
  </testcase> <!-- JavaScriptConfirmTest -->
  <testcase classname="webtests.Testlayers.WT_14_JavaScriptAlerts_Test" name="JavaScriptPromptTest" time="0.0">
    <skipped/>
  </testcase> <!-- JavaScriptPromptTest -->
  <testcase classname="webtests.Testlayers.WT_15_JavaScriptError_Test" name="JavaScriptErrorTest" time="0.099"/>
  <testcase classname="webtests.Testlayers.WT_16_NewTab_Test" name="NewTabTest" time="0.261"/>
  <testcase classname="webtests.Testlayers.WT_17_NotificationMsg_Test" name="NotificationMessageTest" time="0.325"/>
  <testcase classname="webtests.Testlayers.WT_17_NotificationMsg_Test" name="NotificationMessageTest" time="0.326"/>
  <testcase classname="webtests.Testlayers.WT_17_NotificationMsg_Test" name="NotificationMessageTest" time="0.322"/>
  <testcase classname="webtests.Testlayers.WT_17_NotificationMsg_Test" name="NotificationMessageTest" time="0.347"/>
</testsuite> <!-- Command line test -->
