[
  {
    "line": 1,
    "elements": [
      {
        "start_timestamp": "2023-03-10T21:28:17.745Z",
        "line": 6,
        "name": "Login Success",
        "description": "",
        "id": "login-scenarios;login-success",
        "type": "scenario",
        "keyword": "Scenario",
        "steps": [
          {
            "result": {
              "error_message": "cucumber.runtime.CucumberException: Failed to instantiate class ui_automation.step_definitions.LoginScenarios\n\tat cucumber.runtime.java.DefaultJavaObjectFactory.cacheNewInstance(DefaultJavaObjectFactory.java:46)\n\tat cucumber.runtime.java.DefaultJavaObjectFactory.getInstance(DefaultJavaObjectFactory.java:32)\n\tat cucumber.runtime.java.JavaStepDefinition.execute(JavaStepDefinition.java:57)\n\tat cucumber.runner.PickleStepDefinitionMatch.runStep(PickleStepDefinitionMatch.java:50)\n\tat cucumber.runner.TestStep.executeStep(TestStep.java:65)\n\tat cucumber.runner.TestStep.run(TestStep.java:50)\n\tat cucumber.runner.PickleStepTestStep.run(PickleStepTestStep.java:43)\n\tat cucumber.runner.TestCase.run(TestCase.java:46)\n\tat cucumber.runner.Runner.runPickle(Runner.java:50)\n\tat io.cucumber.junit.PickleRunners$NoStepDescriptions.run(PickleRunners.java:146)\n\tat io.cucumber.junit.FeatureRunner.runChild(FeatureRunner.java:68)\n\tat io.cucumber.junit.FeatureRunner.runChild(FeatureRunner.java:23)\n\tat org.junit.runners.ParentRunner$3.run(ParentRunner.java:290)\n\tat org.junit.runners.ParentRunner$1.schedule(ParentRunner.java:71)\n\tat org.junit.runners.ParentRunner.runChildren(ParentRunner.java:288)\n\tat org.junit.runners.ParentRunner.access$000(ParentRunner.java:58)\n\tat org.junit.runners.ParentRunner$2.evaluate(ParentRunner.java:268)\n\tat org.junit.runners.ParentRunner.run(ParentRunner.java:363)\n\tat io.cucumber.junit.Cucumber.runChild(Cucumber.java:144)\n\tat io.cucumber.junit.Cucumber.runChild(Cucumber.java:65)\n\tat org.junit.runners.ParentRunner$3.run(ParentRunner.java:290)\n\tat org.junit.runners.ParentRunner$1.schedule(ParentRunner.java:71)\n\tat org.junit.runners.ParentRunner.runChildren(ParentRunner.java:288)\n\tat org.junit.runners.ParentRunner.access$000(ParentRunner.java:58)\n\tat org.junit.runners.ParentRunner$2.evaluate(ParentRunner.java:268)\n\tat io.cucumber.junit.Cucumber$RunCucumber.evaluate(Cucumber.java:174)\n\tat org.junit.runners.ParentRunner.run(ParentRunner.java:363)\n\tat org.junit.runner.JUnitCore.run(JUnitCore.java:137)\n\tat com.intellij.junit4.JUnit4IdeaTestRunner.startRunnerWithArgs(JUnit4IdeaTestRunner.java:69)\n\tat com.intellij.rt.junit.IdeaTestRunner$Repeater$1.execute(IdeaTestRunner.java:38)\n\tat com.intellij.rt.execution.junit.TestsRepeater.repeat(TestsRepeater.java:11)\n\tat com.intellij.rt.junit.IdeaTestRunner$Repeater.startRunnerWithArgs(IdeaTestRunner.java:35)\n\tat com.intellij.rt.junit.JUnitStarter.prepareStreamsAndStart(JUnitStarter.java:235)\n\tat com.intellij.rt.junit.JUnitStarter.main(JUnitStarter.java:54)\nCaused by: java.lang.reflect.InvocationTargetException\n\tat java.base/jdk.internal.reflect.DirectConstructorHandleAccessor.newInstance(DirectConstructorHandleAccessor.java:79)\n\tat java.base/java.lang.reflect.Constructor.newInstanceWithCaller(Constructor.java:499)\n\tat java.base/java.lang.reflect.Constructor.newInstance(Constructor.java:483)\n\tat cucumber.runtime.java.DefaultJavaObjectFactory.cacheNewInstance(DefaultJavaObjectFactory.java:40)\n\t... 33 more\nCaused by: java.lang.IllegalStateException: The driver executable is a directory: /Users/ayselismayilova/Dropbox/My Mac (Ayselâ€™s MacBook Air)/Downloads/chromedriver_mac64-2\n\tat com.google.common.base.Preconditions.checkState(Preconditions.java:585)\n\tat org.openqa.selenium.remote.service.DriverService.checkExecutable(DriverService.java:148)\n\tat org.openqa.selenium.remote.service.DriverService.findExecutable(DriverService.java:141)\n\tat org.openqa.selenium.chrome.ChromeDriverService.access$000(ChromeDriverService.java:35)\n\tat org.openqa.selenium.chrome.ChromeDriverService$Builder.findDefaultExecutable(ChromeDriverService.java:159)\n\tat org.openqa.selenium.remote.service.DriverService$Builder.build(DriverService.java:355)\n\tat org.openqa.selenium.chrome.ChromeDriverService.createDefaultService(ChromeDriverService.java:94)\n\tat org.openqa.selenium.chrome.ChromeDriver.\u003cinit\u003e(ChromeDriver.java:123)\n\tat ui_automation.utilities.Driver.getDriver(Driver.java:15)\n\tat ui_automation.pages.LoginPage.\u003cinit\u003e(LoginPage.java:11)\n\tat ui_automation.step_definitions.LoginScenarios.\u003cinit\u003e(LoginScenarios.java:10)\n\tat java.base/jdk.internal.reflect.DirectConstructorHandleAccessor.newInstance(DirectConstructorHandleAccessor.java:67)\n\t... 36 more\n",
              "duration": 240606168,
              "status": "failed"
            },
            "line": 7,
            "name": "User navigates the website \"http://localhost:7080/login\"",
            "match": {
              "arguments": [
                {
                  "val": "\"http://localhost:7080/login\"",
                  "offset": 27
                }
              ],
              "location": "LoginScenarios.user_navigates_the_website(String)"
            },
            "keyword": "Given "
          },
          {
            "result": {
              "duration": 2918287,
              "status": "skipped"
            },
            "line": 8,
            "name": "User enters username \"tomsmith\" and password \"SuperSecretPassword!\"",
            "match": {
              "arguments": [
                {
                  "val": "\"tomsmith\"",
                  "offset": 21
                },
                {
                  "val": "\"SuperSecretPassword!\"",
                  "offset": 45
                }
              ],
              "location": "LoginScenarios.user_enters_username_and_password(String,String)"
            },
            "keyword": "When "
          },
          {
            "result": {
              "duration": 2077788,
              "status": "skipped"
            },
            "line": 9,
            "name": "User clicks the Login button",
            "match": {
              "location": "LoginScenarios.user_clicks_the_Login_button()"
            },
            "keyword": "Then "
          },
          {
            "result": {
              "duration": 1577857,
              "status": "skipped"
            },
            "line": 10,
            "name": "User sees the welcome message \"message\"",
            "match": {
              "arguments": [
                {
                  "val": "\"message\"",
                  "offset": 30
                }
              ],
              "location": "LoginScenarios.user_sees_the_welcome_message(String)"
            },
            "keyword": "Then "
          }
        ],
        "tags": [
          {
            "name": "@run"
          }
        ]
      }
    ],
    "name": "Login Scenarios",
    "description": "Given User navigates the website \"http://localhost:7080/login\"",
    "id": "login-scenarios",
    "keyword": "Feature",
    "uri": "file:src/test/resources/uiFeatures/LoginScenario.feature",
    "tags": []
  }
]