<?xml version="1.0" encoding="UTF-8"?>
<!-- Generated by org.testng.reporters.JUnitReportReporter -->
<testsuite hostname="Bhavins-MacBook-Air.local" failures="1" tests="18" name="takeHomeWebDriverTest.tests.TheInternetTest" time="174.711" errors="0" timestamp="2022-12-27T15:44:36 EST" skipped="0">
  <testcase classname="takeHomeWebDriverTest.tests.TheInternetTest" name="test1_LoginSuccess" time="8.589"/>
  <system-out/>
  <testcase classname="takeHomeWebDriverTest.tests.TheInternetTest" name="test2_LoginFailure" time="8.734"/>
  <system-out/>
  <testcase classname="takeHomeWebDriverTest.tests.TheInternetTest" name="test3_CheckBoxes" time="15.232"/>
  <system-out/>
  <testcase classname="takeHomeWebDriverTest.tests.TheInternetTest" name="test4_ContextMenu" time="7.334"/>
  <system-out/>
  <testcase classname="takeHomeWebDriverTest.tests.TheInternetTest" name="test5_DragAndDrop" time="7.226"/>
  <system-out/>
  <testcase classname="takeHomeWebDriverTest.tests.TheInternetTest" name="test6_Dropdown" time="7.494"/>
  <system-out/>
  <testcase classname="takeHomeWebDriverTest.tests.TheInternetTest" name="test7_DynamicContent" time="9.989">
    <failure message="The image source after refresh is the same expected [true] but found [false]" type="java.lang.AssertionError">
      <![CDATA[java.lang.AssertionError: The image source after refresh is the same expected [true] but found [false]
at org.testng.Assert.fail(Assert.java:110)
at org.testng.Assert.failNotEquals(Assert.java:1413)
at org.testng.Assert.assertTrue(Assert.java:56)
at takeHomeWebDriverTest.tests.TheInternetTest.test7_DynamicContent(TheInternetTest.java:203)
at java.base/jdk.internal.reflect.NativeMethodAccessorImpl.invoke0(Native Method)
at java.base/jdk.internal.reflect.NativeMethodAccessorImpl.invoke(NativeMethodAccessorImpl.java:64)
at java.base/jdk.internal.reflect.DelegatingMethodAccessorImpl.invoke(DelegatingMethodAccessorImpl.java:43)
at java.base/java.lang.reflect.Method.invoke(Method.java:564)
at org.testng.internal.invokers.MethodInvocationHelper.invokeMethod(MethodInvocationHelper.java:139)
at org.testng.internal.invokers.TestInvoker.invokeMethod(TestInvoker.java:677)
at org.testng.internal.invokers.TestInvoker.invokeTestMethod(TestInvoker.java:221)
at org.testng.internal.invokers.MethodRunner.runInSequence(MethodRunner.java:50)
at org.testng.internal.invokers.TestInvoker$MethodInvocationAgent.invoke(TestInvoker.java:962)
at org.testng.internal.invokers.TestInvoker.invokeTestMethods(TestInvoker.java:194)
at org.testng.internal.invokers.TestMethodWorker.invokeTestMethods(TestMethodWorker.java:148)
at org.testng.internal.invokers.TestMethodWorker.run(TestMethodWorker.java:128)
at java.base/java.util.ArrayList.forEach(ArrayList.java:1511)
at org.testng.TestRunner.privateRun(TestRunner.java:806)
at org.testng.TestRunner.run(TestRunner.java:601)
at org.testng.SuiteRunner.runTest(SuiteRunner.java:433)
at org.testng.SuiteRunner.runSequentially(SuiteRunner.java:427)
at org.testng.SuiteRunner.privateRun(SuiteRunner.java:387)
at org.testng.SuiteRunner.run(SuiteRunner.java:330)
at org.testng.SuiteRunnerWorker.runSuite(SuiteRunnerWorker.java:52)
at org.testng.SuiteRunnerWorker.run(SuiteRunnerWorker.java:95)
at org.testng.TestNG.runSuitesSequentially(TestNG.java:1256)
at org.testng.TestNG.runSuitesLocally(TestNG.java:1176)
at org.testng.TestNG.runSuites(TestNG.java:1099)
at org.testng.TestNG.run(TestNG.java:1067)
at org.testng.remote.AbstractRemoteTestNG.run(AbstractRemoteTestNG.java:115)
at org.testng.remote.RemoteTestNG.initAndRun(RemoteTestNG.java:251)
at org.testng.remote.RemoteTestNG.main(RemoteTestNG.java:77)
]]>
    </failure>
  </testcase> <!-- test7_DynamicContent -->
  <system-out/>
  <testcase classname="takeHomeWebDriverTest.tests.TheInternetTest" name="test8_DynamicControls" time="20.659"/>
  <system-out/>
  <testcase classname="takeHomeWebDriverTest.tests.TheInternetTest" name="test9_DynamicLoading" time="12.445"/>
  <system-out/>
  <testcase classname="takeHomeWebDriverTest.tests.TheInternetTest" name="test10_FileDownload" time="9.282"/>
  <system-out/>
  <testcase classname="takeHomeWebDriverTest.tests.TheInternetTest" name="test11_FileUpload" time="7.803"/>
  <system-out/>
  <testcase classname="takeHomeWebDriverTest.tests.TheInternetTest" name="test12_FloatingMenu" time="7.207"/>
  <system-out/>
  <testcase classname="takeHomeWebDriverTest.tests.TheInternetTest" name="test13_Iframe" time="12.324"/>
  <system-out/>
  <testcase classname="takeHomeWebDriverTest.tests.TheInternetTest" name="test14_MouseHover" time="7.642"/>
  <system-out/>
  <testcase classname="takeHomeWebDriverTest.tests.TheInternetTest" name="test15_JavaScriptAlerts" time="7.692"/>
  <system-out/>
  <testcase classname="takeHomeWebDriverTest.tests.TheInternetTest" name="test16_JavaScriptError" time="6.477"/>
  <system-out/>
  <testcase classname="takeHomeWebDriverTest.tests.TheInternetTest" name="test17_OpenInNewTab" time="7.526"/>
  <system-out/>
  <testcase classname="takeHomeWebDriverTest.tests.TheInternetTest" name="test18_NotificationMessage" time="11.056"/>
  <system-out/>
</testsuite> <!-- takeHomeWebDriverTest.tests.TheInternetTest -->
