<?xml version="1.0" encoding="UTF-8"?>
<!-- Generated by org.testng.reporters.JUnitXMLReporter -->
<testsuite hostname="LAPTOP-4IP1TJ6E" ignored="0" tests="17" failures="2" timestamp="2022-11-09T20:29:20 IST" time="92.304" errors="0">
  <testcase name="FileUploadActionTest" time="0.777" classname="FileUploadTest"/>
  <testcase name="iFrameTest" time="11.456" classname="IFrameTest"/>
  <testcase name="DynamicContentActionTest" time="0.385" classname="DynamicContentTest"/>
  <testcase name="DynamicLoadingActionTest" time="5.486" classname="DynamicLoadingTest"/>
  <testcase name="DragAndDropActionTest" time="10.618" classname="DragAndDropTest">
    <failure type="java.lang.AssertionError" message="validation is not successful expected [true] but found [false]">
      <![CDATA[java.lang.AssertionError: validation is not successful expected [true] but found [false]
at DragAndDropTest.DragAndDropActionTest(DragAndDropTest.java:19)
at java.util.ArrayList.forEach(ArrayList.java:1259)
at java.util.concurrent.FutureTask.run(FutureTask.java:266)
at java.util.concurrent.ThreadPoolExecutor.runWorker(ThreadPoolExecutor.java:1149)
at java.util.concurrent.ThreadPoolExecutor$Worker.run(ThreadPoolExecutor.java:624)
at java.lang.Thread.run(Thread.java:748)
... Removed 21 stack frames]]>
    </failure>
  </testcase> <!-- DragAndDropActionTest -->
  <testcase name="OpenTabInNewPageTest" time="0.336" classname="OpenNewTabTest"/>
  <testcase name="DropdownActionTest" time="0.623" classname="DropdownTest"/>
  <testcase name="JavaScriptAlertsVerifyTest" time="0.737" classname="JavaScriptAlertsTest"/>
  <testcase name="CheckBoxesTest" time="0.446" classname="CheckBoxTest"/>
  <testcase name="mouseHoverTest" time="0.72" classname="MouseHoverTest"/>
  <testcase name="notificationMessageTest" time="0.988" classname="NotificationMessageTest"/>
  <testcase name="UserLoginFailedTest" time="0.905" classname="LoginTest"/>
  <testcase name="UserLoginTest" time="0.887" classname="LoginTest"/>
  <testcase name="FileDownloadActionTest" time="0.32" classname="FileDownloadTest"/>
  <testcase name="ContextMenuAlertTest" time="0.48" classname="ContextMenuTest"/>
  <testcase name="DynamicControlsActionTest" time="3.701" classname="DynamicControlsTest">
    <failure type="org.openqa.selenium.NoSuchElementException" message="no such element: Unable to locate element: {&amp;quot;method&amp;quot;:&amp;quot;css selector&amp;quot;,&amp;quot;selector&amp;quot;:&amp;quot;#message&amp;quot;}
  (Session info: chrome=106.0.5249.119)
For documentation on this error, please visit: https://selenium.dev/exceptions/#no_such_element
Build info: version: &amp;apos;4.6.0&amp;apos;, revision: &amp;apos;79f1c02ae20&amp;apos;
System info: os.name: &amp;apos;Windows 10&amp;apos;, os.arch: &amp;apos;amd64&amp;apos;, os.version: &amp;apos;10.0&amp;apos;, java.version: &amp;apos;1.8.0_301&amp;apos;
Driver info: org.openqa.selenium.chrome.ChromeDriver
Command: [f26f4781188f6357d8df23d4e90de10f, findElement {using=id, value=message}]
Capabilities {acceptInsecureCerts: false, browserName: chrome, browserVersion: 106.0.5249.119, chrome: {chromedriverVersion: 106.0.5249.61 (511755355844..., userDataDir: C:\Users\akuma\AppData\Loca...}, goog:chromeOptions: {debuggerAddress: localhost:50415}, networkConnectionEnabled: false, pageLoadStrategy: normal, platformName: WINDOWS, proxy: Proxy(), se:cdp: ws://localhost:50415/devtoo..., se:cdpVersion: 106.0.5249.119, setWindowRect: true, strictFileInteractability: false, timeouts: {implicit: 0, pageLoad: 300000, script: 30000}, unhandledPromptBehavior: dismiss and notify, webauthn:extension:credBlob: true, webauthn:extension:largeBlob: true, webauthn:virtualAuthenticators: true}
Session ID: f26f4781188f6357d8df23d4e90de10f">
      <![CDATA[org.openqa.selenium.NoSuchElementException: no such element: Unable to locate element: {"method":"css selector","selector":"#message"}
  (Session info: chrome=106.0.5249.119)
For documentation on this error, please visit: https://selenium.dev/exceptions/#no_such_element
Build info: version: '4.6.0', revision: '79f1c02ae20'
System info: os.name: 'Windows 10', os.arch: 'amd64', os.version: '10.0', java.version: '1.8.0_301'
Driver info: org.openqa.selenium.chrome.ChromeDriver
Command: [f26f4781188f6357d8df23d4e90de10f, findElement {using=id, value=message}]
Capabilities {acceptInsecureCerts: false, browserName: chrome, browserVersion: 106.0.5249.119, chrome: {chromedriverVersion: 106.0.5249.61 (511755355844..., userDataDir: C:\Users\akuma\AppData\Loca...}, goog:chromeOptions: {debuggerAddress: localhost:50415}, networkConnectionEnabled: false, pageLoadStrategy: normal, platformName: WINDOWS, proxy: Proxy(), se:cdp: ws://localhost:50415/devtoo..., se:cdpVersion: 106.0.5249.119, setWindowRect: true, strictFileInteractability: false, timeouts: {implicit: 0, pageLoad: 300000, script: 30000}, unhandledPromptBehavior: dismiss and notify, webauthn:extension:credBlob: true, webauthn:extension:largeBlob: true, webauthn:virtualAuthenticators: true}
Session ID: f26f4781188f6357d8df23d4e90de10f
at org.openqa.selenium.remote.codec.w3c.W3CHttpResponseCodec.createException(W3CHttpResponseCodec.java:200)
at org.openqa.selenium.remote.codec.w3c.W3CHttpResponseCodec.decode(W3CHttpResponseCodec.java:133)
at org.openqa.selenium.remote.codec.w3c.W3CHttpResponseCodec.decode(W3CHttpResponseCodec.java:53)
at org.openqa.selenium.remote.HttpCommandExecutor.execute(HttpCommandExecutor.java:184)
at org.openqa.selenium.remote.service.DriverCommandExecutor.invokeExecute(DriverCommandExecutor.java:167)
at org.openqa.selenium.remote.service.DriverCommandExecutor.execute(DriverCommandExecutor.java:142)
at org.openqa.selenium.remote.RemoteWebDriver.execute(RemoteWebDriver.java:541)
at org.openqa.selenium.remote.ElementLocation$ElementFinder$2.findElement(ElementLocation.java:162)
at org.openqa.selenium.remote.ElementLocation.findElement(ElementLocation.java:60)
at org.openqa.selenium.remote.RemoteWebDriver.findElement(RemoteWebDriver.java:365)
at org.openqa.selenium.remote.RemoteWebDriver.findElement(RemoteWebDriver.java:357)
at utilities.UtilitiesManager.FindElement(UtilitiesManager.java:58)
at pages.DynamicControlsPage.dynamicRefreshWithCheckboxBack(DynamicControlsPage.java:35)
at DynamicControlsTest.DynamicControlsActionTest(DynamicControlsTest.java:21)
at java.util.ArrayList.forEach(ArrayList.java:1259)
at java.util.concurrent.FutureTask.run(FutureTask.java:266)
at java.util.concurrent.ThreadPoolExecutor.runWorker(ThreadPoolExecutor.java:1149)
at java.util.concurrent.ThreadPoolExecutor$Worker.run(ThreadPoolExecutor.java:624)
at java.lang.Thread.run(Thread.java:748)
... Removed 22 stack frames]]>
    </failure>
  </testcase> <!-- DynamicControlsActionTest -->
  <testcase name="floatingMenuActionTest" time="0.411" classname="FloatingMenuTest"/>
</testsuite>
