<?xml version="1.0" encoding="UTF-8"?>
<!-- Generated by org.testng.reporters.JUnitXMLReporter -->
<testsuite ignored="0" hostname="LAPTOP-MVNUQ4K1" failures="2" tests="28" name="RegressionTests" time="122.349" errors="0" timestamp="2022-10-18T14:03:08 GMT-04:00">
  <testcase classname="testpackage.CheckBoxTest" name="CheckedCheckBoxtest" time="0.259"/>
  <testcase classname="testpackage.CheckBoxTest" name="UncheckedCheckBoxtest" time="0.291"/>
  <testcase classname="testpackage.ContextmenuTest" name="alerttest" time="0.464"/>
  <testcase classname="testpackage.Downloadtest" name="testdownload" time="0.24"/>
  <testcase classname="testpackage.DragandDropTest" name="DragtestforA" time="0.728"/>
  <testcase classname="testpackage.DragandDropTest" name="DragtestforB" time="1.929"/>
  <testcase classname="testpackage.Dropdowntest" name="option1test" time="0.275"/>
  <testcase classname="testpackage.Dropdowntest" name="option2test" time="0.513"/>
  <testcase classname="testpackage.DynamiccontentTest" name="Dynamiccontent1test" time="0.615"/>
  <testcase classname="testpackage.DynamiccontentTest" name="Dynamiccontent2test" time="0.672"/>
  <testcase classname="testpackage.DynamiccontentTest" name="Dynamiccontent3test" time="0.646"/>
  <testcase classname="testpackage.Dynamiccontroltest" name="ACheckboxtest" time="3.667"/>
  <testcase classname="testpackage.Dynamiccontroltest" name="Enablebuttontest" time="3.613"/>
  <testcase classname="testpackage.Dynamiccontroltest" name="Removebuttontest" time="0.258"/>
  <testcase classname="testpackage.Dynamiccontroltest" name="emptyelementdisabletest" time="0.164"/>
  <testcase classname="testpackage.Dynamiccontroltest" name="emptyelementtest" time="3.284"/>
  <testcase classname="testpackage.DynamicLoadingTest" name="startbuttontest" time="5.756"/>
  <testcase classname="testpackage.Floatingmenutest" name="floatinmenutest" time="0.09"/>
  <testcase classname="testpackage.iframetest" name="Frametest" time="0.611"/>
  <testcase classname="testpackage.JSAlertTest" name="jsalerttest" time="0.218"/>
  <testcase classname="testpackage.JSAlertTest" name="jsconfirmtest" time="0.205"/>
  <testcase classname="testpackage.JSAlertTest" name="jsprompttest" time="0.317"/>
  <testcase classname="testpackage.LoginPageTest" name="failloginbuttontest" time="0.975">
    <failure type="java.lang.AssertionError" message="expected [true] but found [false]">
      <![CDATA[java.lang.AssertionError: expected [true] but found [false]
at pagepackage.LoginPage.AssertionLoginPass(LoginPage.java:52)
at testpackage.LoginPageTest.failloginbuttontest(LoginPageTest.java:46)
at java.base/java.util.ArrayList.forEach(ArrayList.java:1511)
at java.base/java.util.concurrent.FutureTask.run(FutureTask.java:264)
at java.base/java.util.concurrent.ThreadPoolExecutor.runWorker(ThreadPoolExecutor.java:1136)
at java.base/java.util.concurrent.ThreadPoolExecutor$Worker.run(ThreadPoolExecutor.java:635)
at java.base/java.lang.Thread.run(Thread.java:833)
... Removed 23 stack frames]]>
    </failure>
  </testcase> <!-- failloginbuttontest -->
  <testcase classname="testpackage.LoginPageTest" name="loginbuttontest" time="0.994"/>
  <testcase classname="testpackage.MousHoverTest" name="img1test" time="0.293"/>
  <testcase classname="testpackage.NewTabTest" name="tabtest" time="0.016"/>
  <testcase classname="testpackage.NotificationTest" name="notificationtest" time="0.603"/>
  <testcase classname="testpackage.Uploadtest" name="testupload" time="0.1">
    <failure type="org.openqa.selenium.InvalidArgumentException" message="invalid argument: File not found : C:\Users\shiva\Downloads\some-file.txt
  (Session info: chrome=106.0.5249.119)
Build info: version: &amp;apos;3.141.59&amp;apos;, revision: &amp;apos;e82be7d358&amp;apos;, time: &amp;apos;2018-11-14T08:17:03&amp;apos;
System info: host: &amp;apos;LAPTOP-MVNUQ4K1&amp;apos;, ip: &amp;apos;192.168.48.1&amp;apos;, os.name: &amp;apos;Windows 11&amp;apos;, os.arch: &amp;apos;amd64&amp;apos;, os.version: &amp;apos;10.0&amp;apos;, java.version: &amp;apos;17.0.3.1&amp;apos;
Driver info: org.openqa.selenium.chrome.ChromeDriver
Capabilities {acceptInsecureCerts: false, browserName: chrome, browserVersion: 106.0.5249.119, chrome: {chromedriverVersion: 105.0.5195.52 (412c95e51883..., userDataDir: C:\Users\shiva\AppData\Loca...}, goog:chromeOptions: {debuggerAddress: localhost:64921}, javascriptEnabled: true, networkConnectionEnabled: false, pageLoadStrategy: normal, platform: WINDOWS, platformName: WINDOWS, proxy: Proxy(), setWindowRect: true, strictFileInteractability: false, timeouts: {implicit: 0, pageLoad: 300000, script: 30000}, unhandledPromptBehavior: dismiss and notify, webauthn:extension:credBlob: true, webauthn:extension:largeBlob: true, webauthn:virtualAuthenticators: true}
Session ID: c2715dd8d9d3a0a8e965b4feb38317e2">
      <![CDATA[org.openqa.selenium.InvalidArgumentException: invalid argument: File not found : C:\Users\shiva\Downloads\some-file.txt
  (Session info: chrome=106.0.5249.119)
Build info: version: '3.141.59', revision: 'e82be7d358', time: '2018-11-14T08:17:03'
System info: host: 'LAPTOP-MVNUQ4K1', ip: '192.168.48.1', os.name: 'Windows 11', os.arch: 'amd64', os.version: '10.0', java.version: '17.0.3.1'
Driver info: org.openqa.selenium.chrome.ChromeDriver
Capabilities {acceptInsecureCerts: false, browserName: chrome, browserVersion: 106.0.5249.119, chrome: {chromedriverVersion: 105.0.5195.52 (412c95e51883..., userDataDir: C:\Users\shiva\AppData\Loca...}, goog:chromeOptions: {debuggerAddress: localhost:64921}, javascriptEnabled: true, networkConnectionEnabled: false, pageLoadStrategy: normal, platform: WINDOWS, platformName: WINDOWS, proxy: Proxy(), setWindowRect: true, strictFileInteractability: false, timeouts: {implicit: 0, pageLoad: 300000, script: 30000}, unhandledPromptBehavior: dismiss and notify, webauthn:extension:credBlob: true, webauthn:extension:largeBlob: true, webauthn:virtualAuthenticators: true}
Session ID: c2715dd8d9d3a0a8e965b4feb38317e2
at org.openqa.selenium.remote.http.W3CHttpResponseCodec.createException(W3CHttpResponseCodec.java:187)
at org.openqa.selenium.remote.http.W3CHttpResponseCodec.decode(W3CHttpResponseCodec.java:122)
at org.openqa.selenium.remote.http.W3CHttpResponseCodec.decode(W3CHttpResponseCodec.java:49)
at org.openqa.selenium.remote.HttpCommandExecutor.execute(HttpCommandExecutor.java:158)
at org.openqa.selenium.remote.service.DriverCommandExecutor.execute(DriverCommandExecutor.java:83)
at org.openqa.selenium.remote.RemoteWebDriver.execute(RemoteWebDriver.java:552)
at org.openqa.selenium.remote.RemoteWebElement.execute(RemoteWebElement.java:285)
at org.openqa.selenium.remote.RemoteWebElement.sendKeys(RemoteWebElement.java:106)
at org.openqa.selenium.support.pagefactory.internal.LocatingElementHandler.invoke(LocatingElementHandler.java:51)
at jdk.proxy2/jdk.proxy2.$Proxy12.sendKeys(Unknown Source)
at pagepackage.Upload.upload(Upload.java:26)
at testpackage.Uploadtest.testupload(Uploadtest.java:28)
at java.base/java.util.ArrayList.forEach(ArrayList.java:1511)
at java.base/java.util.concurrent.FutureTask.run(FutureTask.java:264)
at java.base/java.util.concurrent.ThreadPoolExecutor.runWorker(ThreadPoolExecutor.java:1136)
at java.base/java.util.concurrent.ThreadPoolExecutor$Worker.run(ThreadPoolExecutor.java:635)
at java.base/java.lang.Thread.run(Thread.java:833)
... Removed 26 stack frames]]>
    </failure>
  </testcase> <!-- testupload -->
</testsuite> <!-- RegressionTests -->
