<html>
<head>
<title>TestNG:  THWDTTest</title>
<link href="../testng.css" rel="stylesheet" type="text/css" />
<link href="../my-testng.css" rel="stylesheet" type="text/css" />

<style type="text/css">
.log { display: none;} 
.stack-trace { display: none;} 
</style>
<script type="text/javascript">
<!--
function flip(e) {
  current = e.style.display;
  if (current == 'block') {
    e.style.display = 'none';
    return 0;
  }
  else {
    e.style.display = 'block';
    return 1;
  }
}

function toggleBox(szDivId, elem, msg1, msg2)
{
  var res = -1;  if (document.getElementById) {
    res = flip(document.getElementById(szDivId));
  }
  else if (document.all) {
    // this is the way old msie versions work
    res = flip(document.all[szDivId]);
  }
  if(elem) {
    if(res == 0) elem.innerHTML = msg1; else elem.innerHTML = msg2;
  }

}

function toggleAllBoxes() {
  if (document.getElementsByTagName) {
    d = document.getElementsByTagName('div');
    for (i = 0; i < d.length; i++) {
      if (d[i].className == 'log') {
        flip(d[i]);
      }
    }
  }
}

// -->
</script>

</head>
<body>
<h2 align='center'>THWDTTest</h2><table border='1' align="center">
<tr>
<td>Tests passed/Failed/Skipped:</td><td>18/1/0</td>
</tr><tr>
<td>Started on:</td><td>Thu Jun 24 16:14:28 EDT 2021</td>
</tr>
<tr><td>Total time:</td><td>63 seconds (63831 ms)</td>
</tr><tr>
<td>Included groups:</td><td></td>
</tr><tr>
<td>Excluded groups:</td><td></td>
</tr>
</table><p/>
<small><i>(Hover the method name to see the test class name)</i></small><p/>
<table width='100%' border='1' class='invocation-failed'>
<tr><td colspan='4' align='center'><b>FAILED TESTS</b></td></tr>
<tr><td><b>Test method</b></td>
<td width="30%"><b>Exception</b></td>
<td width="10%"><b>Time (seconds)</b></td>
<td><b>Instance</b></td>
</tr>
<tr>
<td title='test.AllTests.DragAndDropTest()'><b>DragAndDropTest</b><br>Test class: test.AllTests</td>
<td><div><pre>org.openqa.selenium.UnhandledAlertException: unexpected alert open: {Alert text : You selected a context menu}
  (Session info: chrome=91.0.4472.114): You selected a context menu
Build info: version: &apos;3.141.59&apos;, revision: &apos;e82be7d358&apos;, time: &apos;2018-11-14T08:17:03&apos;
System info: host: &apos;LAPTOP-MLGRIG&apos;, ip: &apos;192.168.50.235&apos;, os.name: &apos;Windows 10&apos;, os.arch: &apos;amd64&apos;, os.version: &apos;10.0&apos;, java.version: &apos;1.8.0_261&apos;
Driver info: org.openqa.selenium.chrome.ChromeDriver
Capabilities {acceptInsecureCerts: false, browserName: chrome, browserVersion: 91.0.4472.114, chrome: {chromedriverVersion: 90.0.4430.24 (4c6d850f087da..., userDataDir: D:\TMP\scoped_dir41564_9714...}, goog:chromeOptions: {debuggerAddress: localhost:63949}, javascriptEnabled: true, networkConnectionEnabled: false, pageLoadStrategy: normal, platform: WINDOWS, platformName: WINDOWS, proxy: Proxy(), setWindowRect: true, strictFileInteractability: false, timeouts: {implicit: 0, pageLoad: 300000, script: 30000}, unhandledPromptBehavior: dismiss and notify, webauthn:extension:largeBlob: true, webauthn:virtualAuthenticators: true}
Session ID: 04aa6465d970e9901862252cf7254a7d
	at org.openqa.selenium.remote.http.W3CHttpResponseCodec.decode(W3CHttpResponseCodec.java:120)
	at org.openqa.selenium.remote.http.W3CHttpResponseCodec.decode(W3CHttpResponseCodec.java:49)
	at org.openqa.selenium.remote.HttpCommandExecutor.execute(HttpCommandExecutor.java:158)
	at org.openqa.selenium.remote.service.DriverCommandExecutor.execute(DriverCommandExecutor.java:83)
	at org.openqa.selenium.remote.RemoteWebDriver.execute(RemoteWebDriver.java:552)
	at org.openqa.selenium.remote.RemoteWebDriver.get(RemoteWebDriver.java:277)
	at test.AllTests.DragAndDropTest(AllTests.java:98)
	at java.util.ArrayList.forEach(ArrayList.java:1259)
... Removed 30 stack frames</pre></div><a href='#' onClick='toggleBox("stack-trace795011696", this, "Click to show all stack frames", "Click to hide stack frames")'>Click to show all stack frames</a>
<div class='stack-trace' id='stack-trace795011696'><pre>org.openqa.selenium.UnhandledAlertException: unexpected alert open: {Alert text : You selected a context menu}
  (Session info: chrome=91.0.4472.114): You selected a context menu
Build info: version: &apos;3.141.59&apos;, revision: &apos;e82be7d358&apos;, time: &apos;2018-11-14T08:17:03&apos;
System info: host: &apos;LAPTOP-MLGRIG&apos;, ip: &apos;192.168.50.235&apos;, os.name: &apos;Windows 10&apos;, os.arch: &apos;amd64&apos;, os.version: &apos;10.0&apos;, java.version: &apos;1.8.0_261&apos;
Driver info: org.openqa.selenium.chrome.ChromeDriver
Capabilities {acceptInsecureCerts: false, browserName: chrome, browserVersion: 91.0.4472.114, chrome: {chromedriverVersion: 90.0.4430.24 (4c6d850f087da..., userDataDir: D:\TMP\scoped_dir41564_9714...}, goog:chromeOptions: {debuggerAddress: localhost:63949}, javascriptEnabled: true, networkConnectionEnabled: false, pageLoadStrategy: normal, platform: WINDOWS, platformName: WINDOWS, proxy: Proxy(), setWindowRect: true, strictFileInteractability: false, timeouts: {implicit: 0, pageLoad: 300000, script: 30000}, unhandledPromptBehavior: dismiss and notify, webauthn:extension:largeBlob: true, webauthn:virtualAuthenticators: true}
Session ID: 04aa6465d970e9901862252cf7254a7d
	at org.openqa.selenium.remote.http.W3CHttpResponseCodec.decode(W3CHttpResponseCodec.java:120)
	at org.openqa.selenium.remote.http.W3CHttpResponseCodec.decode(W3CHttpResponseCodec.java:49)
	at org.openqa.selenium.remote.HttpCommandExecutor.execute(HttpCommandExecutor.java:158)
	at org.openqa.selenium.remote.service.DriverCommandExecutor.execute(DriverCommandExecutor.java:83)
	at org.openqa.selenium.remote.RemoteWebDriver.execute(RemoteWebDriver.java:552)
	at org.openqa.selenium.remote.RemoteWebDriver.get(RemoteWebDriver.java:277)
	at test.AllTests.DragAndDropTest(AllTests.java:98)
	at sun.reflect.NativeMethodAccessorImpl.invoke0(Native Method)
	at sun.reflect.NativeMethodAccessorImpl.invoke(NativeMethodAccessorImpl.java:62)
	at sun.reflect.DelegatingMethodAccessorImpl.invoke(DelegatingMethodAccessorImpl.java:43)
	at java.lang.reflect.Method.invoke(Method.java:498)
	at org.testng.internal.MethodInvocationHelper.invokeMethod(MethodInvocationHelper.java:133)
	at org.testng.internal.TestInvoker.invokeMethod(TestInvoker.java:598)
	at org.testng.internal.TestInvoker.invokeTestMethod(TestInvoker.java:173)
	at org.testng.internal.MethodRunner.runInSequence(MethodRunner.java:46)
	at org.testng.internal.TestInvoker$MethodInvocationAgent.invoke(TestInvoker.java:824)
	at org.testng.internal.TestInvoker.invokeTestMethods(TestInvoker.java:146)
	at org.testng.internal.TestMethodWorker.invokeTestMethods(TestMethodWorker.java:146)
	at org.testng.internal.TestMethodWorker.run(TestMethodWorker.java:128)
	at java.util.ArrayList.forEach(ArrayList.java:1259)
	at org.testng.TestRunner.privateRun(TestRunner.java:794)
	at org.testng.TestRunner.run(TestRunner.java:596)
	at org.testng.SuiteRunner.runTest(SuiteRunner.java:377)
	at org.testng.SuiteRunner.runSequentially(SuiteRunner.java:371)
	at org.testng.SuiteRunner.privateRun(SuiteRunner.java:332)
	at org.testng.SuiteRunner.run(SuiteRunner.java:276)
	at org.testng.SuiteRunnerWorker.runSuite(SuiteRunnerWorker.java:53)
	at org.testng.SuiteRunnerWorker.run(SuiteRunnerWorker.java:96)
	at org.testng.TestNG.runSuitesSequentially(TestNG.java:1212)
	at org.testng.TestNG.runSuitesLocally(TestNG.java:1134)
	at org.testng.TestNG.runSuites(TestNG.java:1063)
	at org.testng.TestNG.run(TestNG.java:1031)
	at org.apache.maven.surefire.testng.TestNGExecutor.run(TestNGExecutor.java:295)
	at org.apache.maven.surefire.testng.TestNGXmlTestSuite.execute(TestNGXmlTestSuite.java:84)
	at org.apache.maven.surefire.testng.TestNGProvider.invoke(TestNGProvider.java:90)
	at org.apache.maven.surefire.booter.ForkedBooter.invokeProviderInSameClassLoader(ForkedBooter.java:203)
	at org.apache.maven.surefire.booter.ForkedBooter.runSuitesInProcess(ForkedBooter.java:155)
	at org.apache.maven.surefire.booter.ForkedBooter.main(ForkedBooter.java:103)
</pre></div></td>
<td>0</td>
<td>test.AllTests@55d56113</td></tr>
</table><p>
<table width='100%' border='1' class='invocation-passed'>
<tr><td colspan='4' align='center'><b>PASSED TESTS</b></td></tr>
<tr><td><b>Test method</b></td>
<td width="30%"><b>Exception</b></td>
<td width="10%"><b>Time (seconds)</b></td>
<td><b>Instance</b></td>
</tr>
<tr>
<td title='test.AllTests.dynamicContentTest()'><b>dynamicContentTest</b><br>Test class: test.AllTests</td>
<td></td>
<td>0</td>
<td>test.AllTests@55d56113</td></tr>
<tr>
<td title='test.AllTests.javaScriptAlertsTest()'><b>javaScriptAlertsTest</b><br>Test class: test.AllTests</td>
<td></td>
<td>0</td>
<td>test.AllTests@55d56113</td></tr>
<tr>
<td title='test.AllTests.DynamicControlsTest()'><b>DynamicControlsTest</b><br>Test class: test.AllTests</td>
<td></td>
<td>12</td>
<td>test.AllTests@55d56113</td></tr>
<tr>
<td title='test.AllTests.javaScriptErrorTest()'><b>javaScriptErrorTest</b><br>Test class: test.AllTests</td>
<td></td>
<td>0</td>
<td>test.AllTests@55d56113</td></tr>
<tr>
<td title='test.AllTests.notificationMsgTest()'><b>notificationMsgTest</b><br>Test class: test.AllTests</td>
<td></td>
<td>2</td>
<td>test.AllTests@55d56113</td></tr>
<tr>
<td title='test.AllTests.loginSuccessTest()'><b>loginSuccessTest</b><br>Test class: test.AllTests</td>
<td></td>
<td>0</td>
<td>test.AllTests@55d56113</td></tr>
<tr>
<td title='test.AllTests.newTabTest()'><b>newTabTest</b><br>Test class: test.AllTests</td>
<td></td>
<td>0</td>
<td>test.AllTests@55d56113</td></tr>
<tr>
<td title='test.AllTests.iframeTest()'><b>iframeTest</b><br>Test class: test.AllTests</td>
<td></td>
<td>31</td>
<td>test.AllTests@55d56113</td></tr>
<tr>
<td title='test.AllTests.contextMenuTest()'><b>contextMenuTest</b><br>Test class: test.AllTests</td>
<td></td>
<td>0</td>
<td>test.AllTests@55d56113</td></tr>
<tr>
<td title='test.AllTests.checkBox1Test()'><b>checkBox1Test</b><br>Test class: test.AllTests</td>
<td></td>
<td>0</td>
<td>test.AllTests@55d56113</td></tr>
<tr>
<td title='test.AllTests.floatingMenuTest()'><b>floatingMenuTest</b><br>Test class: test.AllTests</td>
<td></td>
<td>0</td>
<td>test.AllTests@55d56113</td></tr>
<tr>
<td title='test.AllTests.dynamicLoading()'><b>dynamicLoading</b><br>Test class: test.AllTests</td>
<td></td>
<td>11</td>
<td>test.AllTests@55d56113</td></tr>
<tr>
<td title='test.AllTests.fileUploadTest()'><b>fileUploadTest</b><br>Test class: test.AllTests</td>
<td></td>
<td>0</td>
<td>test.AllTests@55d56113</td></tr>
<tr>
<td title='test.AllTests.loginFailureTest()'><b>loginFailureTest</b><br>Test class: test.AllTests</td>
<td></td>
<td>0</td>
<td>test.AllTests@55d56113</td></tr>
<tr>
<td title='test.AllTests.checkBox2Test()'><b>checkBox2Test</b><br>Test class: test.AllTests</td>
<td></td>
<td>0</td>
<td>test.AllTests@55d56113</td></tr>
<tr>
<td title='test.AllTests.mouseOverTest()'><b>mouseOverTest</b><br>Test class: test.AllTests</td>
<td></td>
<td>0</td>
<td>test.AllTests@55d56113</td></tr>
<tr>
<td title='test.AllTests.option2Test()'><b>option2Test</b><br>Test class: test.AllTests</td>
<td></td>
<td>0</td>
<td>test.AllTests@55d56113</td></tr>
<tr>
<td title='test.AllTests.option1Test()'><b>option1Test</b><br>Test class: test.AllTests</td>
<td></td>
<td>0</td>
<td>test.AllTests@55d56113</td></tr>
</table><p>
</body>
</html>