<?xml version="1.0" encoding="UTF-8"?>
<!-- Generated by org.testng.reporters.JUnitXMLReporter -->
<testsuite hostname="LAPTOP-MLGRIG" ignored="0" name="THWDTTest" tests="19" failures="1" timestamp="2021-06-24T15:09:36 EDT" time="63.539" errors="0">
  <testcase name="loginSuccessTest" time="0.411" classname="test.AllTests"/>
  <testcase name="loginFailureTest" time="0.363" classname="test.AllTests"/>
  <testcase name="checkBox1Test" time="0.159" classname="test.AllTests"/>
  <testcase name="checkBox2Test" time="0.092" classname="test.AllTests"/>
  <testcase name="contextMenuTest" time="0.206" classname="test.AllTests"/>
  <testcase name="DragAndDropTest" time="0.017" classname="test.AllTests">
    <failure type="org.openqa.selenium.UnhandledAlertException" message="unexpected alert open: {Alert text : You selected a context menu}
  (Session info: chrome=91.0.4472.114): You selected a context menu
Build info: version: &amp;apos;3.141.59&amp;apos;, revision: &amp;apos;e82be7d358&amp;apos;, time: &amp;apos;2018-11-14T08:17:03&amp;apos;
System info: host: &amp;apos;LAPTOP-MLGRIG&amp;apos;, ip: &amp;apos;192.168.50.235&amp;apos;, os.name: &amp;apos;Windows 10&amp;apos;, os.arch: &amp;apos;amd64&amp;apos;, os.version: &amp;apos;10.0&amp;apos;, java.version: &amp;apos;1.8.0_261&amp;apos;
Driver info: org.openqa.selenium.chrome.ChromeDriver
Capabilities {acceptInsecureCerts: false, browserName: chrome, browserVersion: 91.0.4472.114, chrome: {chromedriverVersion: 90.0.4430.24 (4c6d850f087da..., userDataDir: D:\TMP\scoped_dir41832_3392...}, goog:chromeOptions: {debuggerAddress: localhost:53200}, javascriptEnabled: true, networkConnectionEnabled: false, pageLoadStrategy: normal, platform: WINDOWS, platformName: WINDOWS, proxy: Proxy(), setWindowRect: true, strictFileInteractability: false, timeouts: {implicit: 0, pageLoad: 300000, script: 30000}, unhandledPromptBehavior: dismiss and notify, webauthn:extension:largeBlob: true, webauthn:virtualAuthenticators: true}
Session ID: 332757de2ad4555644dbb07186ac63d0">
      <![CDATA[org.openqa.selenium.UnhandledAlertException: unexpected alert open: {Alert text : You selected a context menu}
  (Session info: chrome=91.0.4472.114): You selected a context menu
Build info: version: '3.141.59', revision: 'e82be7d358', time: '2018-11-14T08:17:03'
System info: host: 'LAPTOP-MLGRIG', ip: '192.168.50.235', os.name: 'Windows 10', os.arch: 'amd64', os.version: '10.0', java.version: '1.8.0_261'
Driver info: org.openqa.selenium.chrome.ChromeDriver
Capabilities {acceptInsecureCerts: false, browserName: chrome, browserVersion: 91.0.4472.114, chrome: {chromedriverVersion: 90.0.4430.24 (4c6d850f087da..., userDataDir: D:\TMP\scoped_dir41832_3392...}, goog:chromeOptions: {debuggerAddress: localhost:53200}, javascriptEnabled: true, networkConnectionEnabled: false, pageLoadStrategy: normal, platform: WINDOWS, platformName: WINDOWS, proxy: Proxy(), setWindowRect: true, strictFileInteractability: false, timeouts: {implicit: 0, pageLoad: 300000, script: 30000}, unhandledPromptBehavior: dismiss and notify, webauthn:extension:largeBlob: true, webauthn:virtualAuthenticators: true}
Session ID: 332757de2ad4555644dbb07186ac63d0
at org.openqa.selenium.remote.http.W3CHttpResponseCodec.decode(W3CHttpResponseCodec.java:120)
at org.openqa.selenium.remote.http.W3CHttpResponseCodec.decode(W3CHttpResponseCodec.java:49)
at org.openqa.selenium.remote.HttpCommandExecutor.execute(HttpCommandExecutor.java:158)
at org.openqa.selenium.remote.service.DriverCommandExecutor.execute(DriverCommandExecutor.java:83)
at org.openqa.selenium.remote.RemoteWebDriver.execute(RemoteWebDriver.java:552)
at org.openqa.selenium.remote.RemoteWebDriver.get(RemoteWebDriver.java:277)
at test.AllTests.DragAndDropTest(AllTests.java:98)
at java.util.ArrayList.forEach(ArrayList.java:1259)
... Removed 30 stack frames]]>
    </failure>
  </testcase> <!-- DragAndDropTest -->
  <testcase name="option2Test" time="0.215" classname="test.AllTests"/>
  <testcase name="option1Test" time="0.13" classname="test.AllTests"/>
  <testcase name="dynamicContentTest" time="0.396" classname="test.AllTests"/>
  <testcase name="DynamicControlsTest" time="12.689" classname="test.AllTests"/>
  <testcase name="dynamicLoading" time="11.064" classname="test.AllTests"/>
  <testcase name="fileUploadTest" time="0.307" classname="test.AllTests"/>
  <testcase name="floatingMenuTest" time="0.163" classname="test.AllTests"/>
  <testcase name="iframeTest" time="31.088" classname="test.AllTests"/>
  <testcase name="javaScriptAlertsTest" time="0.308" classname="test.AllTests"/>
  <testcase name="javaScriptErrorTest" time="0.062" classname="test.AllTests"/>
  <testcase name="mouseOverTest" time="0.616" classname="test.AllTests"/>
  <testcase name="newTabTest" time="0.206" classname="test.AllTests"/>
  <testcase name="notificationMsgTest" time="2.759" classname="test.AllTests"/>
</testsuite> <!-- THWDTTest -->
