<!DOCTYPE html PUBLIC "-//W3C//DTD XHTML 1.1//EN" "https://www.w3.org/TR/xhtml11/DTD/xhtml11.dtd">
<html xmlns="https://www.w3.org/1999/xhtml">
<head>
<meta http-equiv="content-type" content="text/html; charset=UTF-8"/>
<title>TestNG Report</title>
<style type="text/css">table {margin-bottom:10px;border-collapse:collapse;empty-cells:show}th,td {border:1px solid #009;padding:.25em .5em}th {vertical-align:bottom}td {vertical-align:top}table a {font-weight:bold}.stripe td {background-color: #E6EBF9}.num {text-align:right}.passedodd td {background-color: #3F3}.passedeven td {background-color: #0A0}.skippedodd td {background-color: #DDD}.skippedeven td {background-color: #CCC}.failedodd td,.attn {background-color: #F33}.failedeven td,.stripe .attn {background-color: #D00}.stacktrace {white-space:pre;font-family:monospace}.totop {font-size:85%;text-align:center;border-bottom:2px solid #000}.invisible {display:none}</style>
</head>
<body>
<table>
<tr><th>Test</th><th># Passed</th><th># Skipped</th><th># Retried</th><th># Failed</th><th>Time (ms)</th><th>Included Groups</th><th>Excluded Groups</th></tr>
<tr><th colspan="8">Command line suite</th></tr>
<tr><td><a href="#t0">Command line test</a></td><td class="num">29</td><td class="num attn">2</td><td class="num">0</td><td class="num attn">1</td><td class="num">223,865</td><td></td><td></td></tr>
</table>
<table id='summary'><thead><tr><th>Class</th><th>Method</th><th>Start</th><th>Time (ms)</th></tr></thead><tbody><tr><th colspan="4">Command line suite</th></tr></tbody><tbody id="t0"><tr><th colspan="4">Command line test &#8212; failed (configuration methods)</th></tr><tr class="failedeven"><td rowspan="1">webtests.Testlayers.WT_14_JavaScriptAlerts_Test</td><td><a href="#m0">teardown</a></td><td rowspan="1">1666106398352</td><td rowspan="1">6</td></tr><tr><th colspan="4">Command line test &#8212; failed</th></tr><tr class="failedeven"><td rowspan="1">webtests.Testlayers.WT_06_DynamicContent_Test</td><td><a href="#m1">DynamicContentTest1</a></td><td rowspan="1">1666106215675</td><td rowspan="1">4641</td></tr><tr><th colspan="4">Command line test &#8212; skipped (configuration methods)</th></tr><tr class="skippedeven"><td rowspan="6">webtests.Testlayers.WT_14_JavaScriptAlerts_Test</td><td><a href="#m2">initsetup</a></td><td rowspan="2">1666106398368</td><td rowspan="2">0</td></tr><tr class="skippedeven"><td><a href="#m3">initsetup</a></td></tr><tr class="skippedeven"><td><a href="#m4">setup</a></td><td rowspan="2">1666106398365</td><td rowspan="2">0</td></tr><tr class="skippedeven"><td><a href="#m5">setup</a></td></tr><tr class="skippedeven"><td><a href="#m6">teardown</a></td><td rowspan="2">1666106398386</td><td rowspan="2">0</td></tr><tr class="skippedeven"><td><a href="#m7">teardown</a></td></tr><tr><th colspan="4">Command line test &#8212; skipped</th></tr><tr class="skippedeven"><td rowspan="2">webtests.Testlayers.WT_14_JavaScriptAlerts_Test</td><td><a href="#m8">JavaScriptConfirmTest</a></td><td rowspan="1">1666106398370</td><td rowspan="1">6</td></tr><tr class="skippedeven"><td><a href="#m9">JavaScriptPromptTest</a></td><td rowspan="1">1666106398387</td><td rowspan="1">0</td></tr><tr><th colspan="4">Command line test &#8212; passed</th></tr><tr class="passedeven"><td rowspan="5">webtests.Testlayers.WT_01_Loginpage_Test</td><td><a href="#m10">LoginFailure</a></td><td rowspan="4">1666106198349</td><td rowspan="4">353</td></tr><tr class="passedeven"><td><a href="#m11">LoginFailure</a></td></tr><tr class="passedeven"><td><a href="#m12">LoginFailure</a></td></tr><tr class="passedeven"><td><a href="#m13">LoginFailure</a></td></tr><tr class="passedeven"><td><a href="#m14">LoginSucess</a></td><td rowspan="1">1666106189312</td><td rowspan="1">610</td></tr><tr class="passedodd"><td rowspan="2">webtests.Testlayers.WT_02_Checkbox_Test</td><td><a href="#m15">Checkbox1validation</a></td><td rowspan="1">1666106200353</td><td rowspan="1">1110</td></tr><tr class="passedodd"><td><a href="#m16">Checkbox2validation</a></td><td rowspan="1">1666106202964</td><td rowspan="1">1125</td></tr><tr class="passedeven"><td rowspan="1">webtests.Testlayers.WT_03_ContextMenu_Test</td><td><a href="#m17">ContextMenuTest</a></td><td rowspan="1">1666106205478</td><td rowspan="1">255</td></tr><tr class="passedodd"><td rowspan="1">webtests.Testlayers.WT_04_DragandDrop_Test</td><td><a href="#m18">DragAndDropA</a></td><td rowspan="1">1666106207326</td><td rowspan="1">1080</td></tr><tr class="passedeven"><td rowspan="2">webtests.Testlayers.WT_05_Dropdown_Test</td><td><a href="#m19">DropDownTest1</a></td><td rowspan="1">1666106209911</td><td rowspan="1">2286</td></tr><tr class="passedeven"><td><a href="#m20">DropDownTest2</a></td><td rowspan="1">1666106213761</td><td rowspan="1">255</td></tr><tr class="passedodd"><td rowspan="2">webtests.Testlayers.WT_07_DynamicControls_Test</td><td><a href="#m21">EnableAndDisableValidation</a></td><td rowspan="1">1666106286410</td><td rowspan="1">11733</td></tr><tr class="passedodd"><td><a href="#m22">RemoveandAddValidation</a></td><td rowspan="1">1666106221922</td><td rowspan="1">46853</td></tr><tr class="passedeven"><td rowspan="1">webtests.Testlayers.WT_08_DynamicLoading_Test</td><td><a href="#m23">DynamicpageTest</a></td><td rowspan="1">1666106299653</td><td rowspan="1">5147</td></tr><tr class="passedodd"><td rowspan="2">webtests.Testlayers.WT_09_FileDownload_Test</td><td><a href="#m24">FileDownloadTest</a></td><td rowspan="1">1666106306404</td><td rowspan="1">2133</td></tr><tr class="passedodd"><td><a href="#m25">VerifyFile</a></td><td rowspan="1">1666106326187</td><td rowspan="1">14</td></tr><tr class="passedeven"><td rowspan="1">webtests.Testlayers.WT_10_FileUpload_Test</td><td><a href="#m26">UploadFileTest</a></td><td rowspan="1">1666106327769</td><td rowspan="1">1297</td></tr><tr class="passedodd"><td rowspan="1">webtests.Testlayers.WT_11_FloatingMenu_Test</td><td><a href="#m27">FloatingMenuTest</a></td><td rowspan="1">1666106330599</td><td rowspan="1">2131</td></tr><tr class="passedeven"><td rowspan="1">webtests.Testlayers.WT_12_Iframe_Test</td><td><a href="#m28">IFrameTest</a></td><td rowspan="1">1666106334794</td><td rowspan="1">40345</td></tr><tr class="passedodd"><td rowspan="3">webtests.Testlayers.WT_13_MouseHover_Test</td><td><a href="#m29">hoverOnUser1</a></td><td rowspan="1">1666106393200</td><td rowspan="1">180</td></tr><tr class="passedodd"><td><a href="#m30">hoverOnUser2</a></td><td rowspan="1">1666106394847</td><td rowspan="1">226</td></tr><tr class="passedodd"><td><a href="#m31">hoverOnUser3</a></td><td rowspan="1">1666106396476</td><td rowspan="1">229</td></tr><tr class="passedeven"><td rowspan="1">webtests.Testlayers.WT_14_JavaScriptAlerts_Test</td><td><a href="#m32">JavaScriptAlertTest</a></td><td rowspan="1">1666106398276</td><td rowspan="1">76</td></tr><tr class="passedodd"><td rowspan="1">webtests.Testlayers.WT_15_JavaScriptError_Test</td><td><a href="#m33">JavaScriptErrorTest</a></td><td rowspan="1">1666106399681</td><td rowspan="1">99</td></tr><tr class="passedeven"><td rowspan="1">webtests.Testlayers.WT_16_NewTab_Test</td><td><a href="#m34">NewTabTest</a></td><td rowspan="1">1666106401352</td><td rowspan="1">261</td></tr><tr class="passedodd"><td rowspan="4">webtests.Testlayers.WT_17_NotificationMsg_Test</td><td><a href="#m35">NotificationMessageTest</a></td><td rowspan="4">1666106407605</td><td rowspan="4">322</td></tr><tr class="passedodd"><td><a href="#m36">NotificationMessageTest</a></td></tr><tr class="passedodd"><td><a href="#m37">NotificationMessageTest</a></td></tr><tr class="passedodd"><td><a href="#m38">NotificationMessageTest</a></td></tr></tbody>
</table>
<h2>Command line test</h2><h3 id="m0">webtests.Testlayers.WT_14_JavaScriptAlerts_Test#teardown</h3><table class="result"><tr><th>Exception</th></tr><tr><td><div class="stacktrace">org.openqa.selenium.UnhandledAlertException: unexpected alert open: {Alert text : I am a JS Alert}
  (Session info: chrome=106.0.5249.119): I am a JS Alert
Build info: version: &apos;4.5.0&apos;, revision: &apos;fe167b119a&apos;
System info: os.name: &apos;Windows 10&apos;, os.arch: &apos;amd64&apos;, os.version: &apos;10.0&apos;, java.version: &apos;17.0.2&apos;
Driver info: org.openqa.selenium.chrome.ChromeDriver
Command: [5bf3aec225e396eebf8d7abec56e88d0, close {}]
Capabilities {acceptInsecureCerts: false, browserName: chrome, browserVersion: 106.0.5249.119, chrome: {chromedriverVersion: 106.0.5249.61 (511755355844..., userDataDir: C:\Users\gotid\AppData\Loca...}, goog:chromeOptions: {debuggerAddress: localhost:49722}, networkConnectionEnabled: false, pageLoadStrategy: normal, platformName: WINDOWS, proxy: Proxy(), se:cdp: ws://localhost:49722/devtoo..., se:cdpVersion: 106.0.5249.119, setWindowRect: true, strictFileInteractability: false, timeouts: {implicit: 0, pageLoad: 300000, script: 30000}, unhandledPromptBehavior: dismiss and notify, webauthn:extension:credBlob: true, webauthn:extension:largeBlob: true, webauthn:virtualAuthenticators: true}
Session ID: 5bf3aec225e396eebf8d7abec56e88d0
	at org.openqa.selenium.remote.codec.w3c.W3CHttpResponseCodec.decode(W3CHttpResponseCodec.java:131)
	at org.openqa.selenium.remote.codec.w3c.W3CHttpResponseCodec.decode(W3CHttpResponseCodec.java:53)
	at org.openqa.selenium.remote.HttpCommandExecutor.execute(HttpCommandExecutor.java:184)
	at org.openqa.selenium.remote.service.DriverCommandExecutor.invokeExecute(DriverCommandExecutor.java:167)
	at org.openqa.selenium.remote.service.DriverCommandExecutor.execute(DriverCommandExecutor.java:142)
	at org.openqa.selenium.remote.RemoteWebDriver.execute(RemoteWebDriver.java:547)
	at org.openqa.selenium.remote.RemoteWebDriver.execute(RemoteWebDriver.java:602)
	at org.openqa.selenium.remote.RemoteWebDriver.execute(RemoteWebDriver.java:606)
	at org.openqa.selenium.remote.RemoteWebDriver.close(RemoteWebDriver.java:432)
	at webtests.BasePackage.WT_BaseClass.teardown(WT_BaseClass.java:84)
	at java.base/java.util.ArrayList.forEach(ArrayList.java:1511)
... Removed 41 stack frames</div></td></tr></table><p class="totop"><a href="#summary">back to summary</a></p>
<h3 id="m1">webtests.Testlayers.WT_06_DynamicContent_Test#DynamicContentTest1</h3><table class="result"><tr><th>Exception</th></tr><tr><td><div class="stacktrace">java.lang.AssertionError: did not expect [http://localhost:7080/img/avatars/Original-Facebook-Geek-Profile-Avatar-6.jpg] but found [http://localhost:7080/img/avatars/Original-Facebook-Geek-Profile-Avatar-6.jpg]
	at webtests.Testlayers.WT_06_DynamicContent_Test.DynamicContentTest1(WT_06_DynamicContent_Test.java:37)
	at java.base/java.util.ArrayList.forEach(ArrayList.java:1511)
... Removed 42 stack frames</div></td></tr></table><p class="totop"><a href="#summary">back to summary</a></p>
<h3 id="m2">webtests.Testlayers.WT_14_JavaScriptAlerts_Test#initsetup</h3><table class="result"><tr><th class="invisible"/></tr></table><p class="totop"><a href="#summary">back to summary</a></p>
<h3 id="m3">webtests.Testlayers.WT_14_JavaScriptAlerts_Test#initsetup</h3><table class="result"><tr><th class="invisible"/></tr></table><p class="totop"><a href="#summary">back to summary</a></p>
<h3 id="m4">webtests.Testlayers.WT_14_JavaScriptAlerts_Test#setup</h3><table class="result"><tr><th class="invisible"/></tr></table><p class="totop"><a href="#summary">back to summary</a></p>
<h3 id="m5">webtests.Testlayers.WT_14_JavaScriptAlerts_Test#setup</h3><table class="result"><tr><th class="invisible"/></tr></table><p class="totop"><a href="#summary">back to summary</a></p>
<h3 id="m6">webtests.Testlayers.WT_14_JavaScriptAlerts_Test#teardown</h3><table class="result"><tr><th class="invisible"/></tr></table><p class="totop"><a href="#summary">back to summary</a></p>
<h3 id="m7">webtests.Testlayers.WT_14_JavaScriptAlerts_Test#teardown</h3><table class="result"><tr><th class="invisible"/></tr></table><p class="totop"><a href="#summary">back to summary</a></p>
<h3 id="m8">webtests.Testlayers.WT_14_JavaScriptAlerts_Test#JavaScriptConfirmTest</h3><table class="result"><tr><th>Exception</th></tr><tr><td><div class="stacktrace">org.openqa.selenium.UnhandledAlertException: unexpected alert open: {Alert text : I am a JS Alert}
  (Session info: chrome=106.0.5249.119): I am a JS Alert
Build info: version: &apos;4.5.0&apos;, revision: &apos;fe167b119a&apos;
System info: os.name: &apos;Windows 10&apos;, os.arch: &apos;amd64&apos;, os.version: &apos;10.0&apos;, java.version: &apos;17.0.2&apos;
Driver info: org.openqa.selenium.chrome.ChromeDriver
Command: [5bf3aec225e396eebf8d7abec56e88d0, close {}]
Capabilities {acceptInsecureCerts: false, browserName: chrome, browserVersion: 106.0.5249.119, chrome: {chromedriverVersion: 106.0.5249.61 (511755355844..., userDataDir: C:\Users\gotid\AppData\Loca...}, goog:chromeOptions: {debuggerAddress: localhost:49722}, networkConnectionEnabled: false, pageLoadStrategy: normal, platformName: WINDOWS, proxy: Proxy(), se:cdp: ws://localhost:49722/devtoo..., se:cdpVersion: 106.0.5249.119, setWindowRect: true, strictFileInteractability: false, timeouts: {implicit: 0, pageLoad: 300000, script: 30000}, unhandledPromptBehavior: dismiss and notify, webauthn:extension:credBlob: true, webauthn:extension:largeBlob: true, webauthn:virtualAuthenticators: true}
Session ID: 5bf3aec225e396eebf8d7abec56e88d0
	at org.openqa.selenium.remote.codec.w3c.W3CHttpResponseCodec.decode(W3CHttpResponseCodec.java:131)
	at org.openqa.selenium.remote.codec.w3c.W3CHttpResponseCodec.decode(W3CHttpResponseCodec.java:53)
	at org.openqa.selenium.remote.HttpCommandExecutor.execute(HttpCommandExecutor.java:184)
	at org.openqa.selenium.remote.service.DriverCommandExecutor.invokeExecute(DriverCommandExecutor.java:167)
	at org.openqa.selenium.remote.service.DriverCommandExecutor.execute(DriverCommandExecutor.java:142)
	at org.openqa.selenium.remote.RemoteWebDriver.execute(RemoteWebDriver.java:547)
	at org.openqa.selenium.remote.RemoteWebDriver.execute(RemoteWebDriver.java:602)
	at org.openqa.selenium.remote.RemoteWebDriver.execute(RemoteWebDriver.java:606)
	at org.openqa.selenium.remote.RemoteWebDriver.close(RemoteWebDriver.java:432)
	at webtests.BasePackage.WT_BaseClass.teardown(WT_BaseClass.java:84)
	at java.base/java.util.ArrayList.forEach(ArrayList.java:1511)
... Removed 41 stack frames</div></td></tr></table><p class="totop"><a href="#summary">back to summary</a></p>
<h3 id="m9">webtests.Testlayers.WT_14_JavaScriptAlerts_Test#JavaScriptPromptTest</h3><table class="result"><tr><th>Exception</th></tr><tr><td><div class="stacktrace">org.openqa.selenium.UnhandledAlertException: unexpected alert open: {Alert text : I am a JS Alert}
  (Session info: chrome=106.0.5249.119): I am a JS Alert
Build info: version: &apos;4.5.0&apos;, revision: &apos;fe167b119a&apos;
System info: os.name: &apos;Windows 10&apos;, os.arch: &apos;amd64&apos;, os.version: &apos;10.0&apos;, java.version: &apos;17.0.2&apos;
Driver info: org.openqa.selenium.chrome.ChromeDriver
Command: [5bf3aec225e396eebf8d7abec56e88d0, close {}]
Capabilities {acceptInsecureCerts: false, browserName: chrome, browserVersion: 106.0.5249.119, chrome: {chromedriverVersion: 106.0.5249.61 (511755355844..., userDataDir: C:\Users\gotid\AppData\Loca...}, goog:chromeOptions: {debuggerAddress: localhost:49722}, networkConnectionEnabled: false, pageLoadStrategy: normal, platformName: WINDOWS, proxy: Proxy(), se:cdp: ws://localhost:49722/devtoo..., se:cdpVersion: 106.0.5249.119, setWindowRect: true, strictFileInteractability: false, timeouts: {implicit: 0, pageLoad: 300000, script: 30000}, unhandledPromptBehavior: dismiss and notify, webauthn:extension:credBlob: true, webauthn:extension:largeBlob: true, webauthn:virtualAuthenticators: true}
Session ID: 5bf3aec225e396eebf8d7abec56e88d0
	at org.openqa.selenium.remote.codec.w3c.W3CHttpResponseCodec.decode(W3CHttpResponseCodec.java:131)
	at org.openqa.selenium.remote.codec.w3c.W3CHttpResponseCodec.decode(W3CHttpResponseCodec.java:53)
	at org.openqa.selenium.remote.HttpCommandExecutor.execute(HttpCommandExecutor.java:184)
	at org.openqa.selenium.remote.service.DriverCommandExecutor.invokeExecute(DriverCommandExecutor.java:167)
	at org.openqa.selenium.remote.service.DriverCommandExecutor.execute(DriverCommandExecutor.java:142)
	at org.openqa.selenium.remote.RemoteWebDriver.execute(RemoteWebDriver.java:547)
	at org.openqa.selenium.remote.RemoteWebDriver.execute(RemoteWebDriver.java:602)
	at org.openqa.selenium.remote.RemoteWebDriver.execute(RemoteWebDriver.java:606)
	at org.openqa.selenium.remote.RemoteWebDriver.close(RemoteWebDriver.java:432)
	at webtests.BasePackage.WT_BaseClass.teardown(WT_BaseClass.java:84)
	at java.base/java.util.ArrayList.forEach(ArrayList.java:1511)
... Removed 41 stack frames</div></td></tr></table><p class="totop"><a href="#summary">back to summary</a></p>
<h3 id="m10">webtests.Testlayers.WT_01_Loginpage_Test#LoginFailure</h3><table class="result"><tr class="param"><th>Parameter #1</th><th>Parameter #2</th></tr><tr class="param stripe"><td>tommy</td><td>super</td></tr></table><p class="totop"><a href="#summary">back to summary</a></p>
<h3 id="m11">webtests.Testlayers.WT_01_Loginpage_Test#LoginFailure</h3><table class="result"><tr class="param"><th>Parameter #1</th><th>Parameter #2</th></tr><tr class="param stripe"><td>smith</td><td>secret123</td></tr></table><p class="totop"><a href="#summary">back to summary</a></p>
<h3 id="m12">webtests.Testlayers.WT_01_Loginpage_Test#LoginFailure</h3><table class="result"><tr class="param"><th>Parameter #1</th><th>Parameter #2</th></tr><tr class="param stripe"><td>tom</td><td>secret#</td></tr></table><p class="totop"><a href="#summary">back to summary</a></p>
<h3 id="m13">webtests.Testlayers.WT_01_Loginpage_Test#LoginFailure</h3><table class="result"><tr class="param"><th>Parameter #1</th><th>Parameter #2</th></tr><tr class="param stripe"><td>tomsmith</td><td>topsecret</td></tr></table><p class="totop"><a href="#summary">back to summary</a></p>
<h3 id="m14">webtests.Testlayers.WT_01_Loginpage_Test#LoginSucess</h3><table class="result"><tr><th class="invisible"/></tr></table><p class="totop"><a href="#summary">back to summary</a></p>
<h3 id="m15">webtests.Testlayers.WT_02_Checkbox_Test#Checkbox1validation</h3><table class="result"><tr><th class="invisible"/></tr></table><p class="totop"><a href="#summary">back to summary</a></p>
<h3 id="m16">webtests.Testlayers.WT_02_Checkbox_Test#Checkbox2validation</h3><table class="result"><tr><th class="invisible"/></tr></table><p class="totop"><a href="#summary">back to summary</a></p>
<h3 id="m17">webtests.Testlayers.WT_03_ContextMenu_Test#ContextMenuTest</h3><table class="result"><tr><th class="invisible"/></tr></table><p class="totop"><a href="#summary">back to summary</a></p>
<h3 id="m18">webtests.Testlayers.WT_04_DragandDrop_Test#DragAndDropA</h3><table class="result"><tr><th class="invisible"/></tr></table><p class="totop"><a href="#summary">back to summary</a></p>
<h3 id="m19">webtests.Testlayers.WT_05_Dropdown_Test#DropDownTest1</h3><table class="result"><tr><th class="invisible"/></tr></table><p class="totop"><a href="#summary">back to summary</a></p>
<h3 id="m20">webtests.Testlayers.WT_05_Dropdown_Test#DropDownTest2</h3><table class="result"><tr><th class="invisible"/></tr></table><p class="totop"><a href="#summary">back to summary</a></p>
<h3 id="m21">webtests.Testlayers.WT_07_DynamicControls_Test#EnableAndDisableValidation</h3><table class="result"><tr><th class="invisible"/></tr></table><p class="totop"><a href="#summary">back to summary</a></p>
<h3 id="m22">webtests.Testlayers.WT_07_DynamicControls_Test#RemoveandAddValidation</h3><table class="result"><tr><th class="invisible"/></tr></table><p class="totop"><a href="#summary">back to summary</a></p>
<h3 id="m23">webtests.Testlayers.WT_08_DynamicLoading_Test#DynamicpageTest</h3><table class="result"><tr><th class="invisible"/></tr></table><p class="totop"><a href="#summary">back to summary</a></p>
<h3 id="m24">webtests.Testlayers.WT_09_FileDownload_Test#FileDownloadTest</h3><table class="result"><tr><th class="invisible"/></tr></table><p class="totop"><a href="#summary">back to summary</a></p>
<h3 id="m25">webtests.Testlayers.WT_09_FileDownload_Test#VerifyFile</h3><table class="result"><tr><th class="invisible"/></tr></table><p class="totop"><a href="#summary">back to summary</a></p>
<h3 id="m26">webtests.Testlayers.WT_10_FileUpload_Test#UploadFileTest</h3><table class="result"><tr><th class="invisible"/></tr></table><p class="totop"><a href="#summary">back to summary</a></p>
<h3 id="m27">webtests.Testlayers.WT_11_FloatingMenu_Test#FloatingMenuTest</h3><table class="result"><tr><th class="invisible"/></tr></table><p class="totop"><a href="#summary">back to summary</a></p>
<h3 id="m28">webtests.Testlayers.WT_12_Iframe_Test#IFrameTest</h3><table class="result"><tr><th class="invisible"/></tr></table><p class="totop"><a href="#summary">back to summary</a></p>
<h3 id="m29">webtests.Testlayers.WT_13_MouseHover_Test#hoverOnUser1</h3><table class="result"><tr><th class="invisible"/></tr></table><p class="totop"><a href="#summary">back to summary</a></p>
<h3 id="m30">webtests.Testlayers.WT_13_MouseHover_Test#hoverOnUser2</h3><table class="result"><tr><th class="invisible"/></tr></table><p class="totop"><a href="#summary">back to summary</a></p>
<h3 id="m31">webtests.Testlayers.WT_13_MouseHover_Test#hoverOnUser3</h3><table class="result"><tr><th class="invisible"/></tr></table><p class="totop"><a href="#summary">back to summary</a></p>
<h3 id="m32">webtests.Testlayers.WT_14_JavaScriptAlerts_Test#JavaScriptAlertTest</h3><table class="result"><tr><th class="invisible"/></tr></table><p class="totop"><a href="#summary">back to summary</a></p>
<h3 id="m33">webtests.Testlayers.WT_15_JavaScriptError_Test#JavaScriptErrorTest</h3><table class="result"><tr><th class="invisible"/></tr></table><p class="totop"><a href="#summary">back to summary</a></p>
<h3 id="m34">webtests.Testlayers.WT_16_NewTab_Test#NewTabTest</h3><table class="result"><tr><th class="invisible"/></tr></table><p class="totop"><a href="#summary">back to summary</a></p>
<h3 id="m35">webtests.Testlayers.WT_17_NotificationMsg_Test#NotificationMessageTest</h3><table class="result"><tr><th class="invisible"/></tr></table><p class="totop"><a href="#summary">back to summary</a></p>
<h3 id="m36">webtests.Testlayers.WT_17_NotificationMsg_Test#NotificationMessageTest</h3><table class="result"><tr><th class="invisible"/></tr></table><p class="totop"><a href="#summary">back to summary</a></p>
<h3 id="m37">webtests.Testlayers.WT_17_NotificationMsg_Test#NotificationMessageTest</h3><table class="result"><tr><th class="invisible"/></tr></table><p class="totop"><a href="#summary">back to summary</a></p>
<h3 id="m38">webtests.Testlayers.WT_17_NotificationMsg_Test#NotificationMessageTest</h3><table class="result"><tr><th class="invisible"/></tr></table><p class="totop"><a href="#summary">back to summary</a></p>
</body>
</html>
