<!DOCTYPE html>

<html>
  <head>
  <title>TestNG reports</title>

    <link type="text/css" href="testng-reports.css" rel="stylesheet" />  
    <script type="text/javascript" src="jquery-1.7.1.min.js"></script>
    <script type="text/javascript" src="testng-reports.js"></script>
    <script type="text/javascript" src="https://www.google.com/jsapi"></script>
    <script type='text/javascript'>
      google.load('visualization', '1', {packages:['table']});
      google.setOnLoadCallback(drawTable);
      var suiteTableInitFunctions = new Array();
      var suiteTableData = new Array();
    </script>
    <!--
      <script type="text/javascript" src="jquery-ui/js/jquery-ui-1.8.16.custom.min.js"></script>
     -->
  </head>

  <body>
    <div class="top-banner-root">
      <span class="top-banner-title-font">Test results</span>
      <br/>
      <span class="top-banner-font-1">1 suite, 1 failed test</span>
    </div> <!-- top-banner-root -->
    <div class="navigator-root">
      <div class="navigator-suite-header">
        <span>All suites</span>
        <a href="#" class="collapse-all-link" title="Collapse/expand all the suites">
          <img class="collapse-all-icon" src="collapseall.gif">
          </img> <!-- collapse-all-icon -->
        </a> <!-- collapse-all-link -->
      </div> <!-- navigator-suite-header -->
      <div class="suite">
        <div class="rounded-window">
          <div class="suite-header light-rounded-window-top">
            <a href="#" class="navigator-link" panel-name="suite-Surefire_suite">
              <span class="suite-name border-failed">Surefire suite</span>
            </a> <!-- navigator-link -->
          </div> <!-- suite-header light-rounded-window-top -->
          <div class="navigator-suite-content">
            <div class="suite-section-title">
              <span>Info</span>
            </div> <!-- suite-section-title -->
            <div class="suite-section-content">
              <ul>
                <li>
                  <a href="#" class="navigator-link " panel-name="test-xml-Surefire_suite">
                    <span>[unset file name]</span>
                  </a> <!-- navigator-link  -->
                </li>
                <li>
                  <a href="#" class="navigator-link " panel-name="testlist-Surefire_suite">
                    <span class="test-stats">1 test</span>
                  </a> <!-- navigator-link  -->
                </li>
                <li>
                  <a href="#" class="navigator-link " panel-name="group-Surefire_suite">
                    <span>0 groups</span>
                  </a> <!-- navigator-link  -->
                </li>
                <li>
                  <a href="#" class="navigator-link " panel-name="times-Surefire_suite">
                    <span>Times</span>
                  </a> <!-- navigator-link  -->
                </li>
                <li>
                  <a href="#" class="navigator-link " panel-name="reporter-Surefire_suite">
                    <span>Reporter output</span>
                  </a> <!-- navigator-link  -->
                </li>
                <li>
                  <a href="#" class="navigator-link " panel-name="ignored-methods-Surefire_suite">
                    <span>Ignored methods</span>
                  </a> <!-- navigator-link  -->
                </li>
                <li>
                  <a href="#" class="navigator-link " panel-name="chronological-Surefire_suite">
                    <span>Chronological view</span>
                  </a> <!-- navigator-link  -->
                </li>
              </ul>
            </div> <!-- suite-section-content -->
            <div class="result-section">
              <div class="suite-section-title">
                <span>Results</span>
              </div> <!-- suite-section-title -->
              <div class="suite-section-content">
                <ul>
                  <li>
                    <span class="method-stats">18 methods, 1 failed,   17 passed</span>
                  </li>
                  <li>
                    <span class="method-list-title failed">Failed methods</span>
                    <span class="show-or-hide-methods failed">
                      <a href="#" panel-name="suite-Surefire_suite" class="hide-methods failed suite-Surefire_suite"> (hide)</a> <!-- hide-methods failed suite-Surefire_suite -->
                      <a href="#" panel-name="suite-Surefire_suite" class="show-methods failed suite-Surefire_suite"> (show)</a> <!-- show-methods failed suite-Surefire_suite -->
                    </span>
                    <div class="method-list-content failed suite-Surefire_suite">
                      <span>
                        <img width="3%" src="failed.png"/>
                        <a href="#" class="method navigator-link" panel-name="suite-Surefire_suite" title="WebTesting.SeleniumWebTesting.AllTest" hash-for-method="DragDropTest">DragDropTest</a> <!-- method navigator-link -->
                      </span>
                      <br/>
                    </div> <!-- method-list-content failed suite-Surefire_suite -->
                  </li>
                  <li>
                    <span class="method-list-title passed">Passed methods</span>
                    <span class="show-or-hide-methods passed">
                      <a href="#" panel-name="suite-Surefire_suite" class="hide-methods passed suite-Surefire_suite"> (hide)</a> <!-- hide-methods passed suite-Surefire_suite -->
                      <a href="#" panel-name="suite-Surefire_suite" class="show-methods passed suite-Surefire_suite"> (show)</a> <!-- show-methods passed suite-Surefire_suite -->
                    </span>
                    <div class="method-list-content passed suite-Surefire_suite">
                      <span>
                        <img width="3%" src="passed.png"/>
                        <a href="#" class="method navigator-link" panel-name="suite-Surefire_suite" title="WebTesting.SeleniumWebTesting.AllTest" hash-for-method="CheckBoxesTest">CheckBoxesTest</a> <!-- method navigator-link -->
                      </span>
                      <br/>
                      <span>
                        <img width="3%" src="passed.png"/>
                        <a href="#" class="method navigator-link" panel-name="suite-Surefire_suite" title="WebTesting.SeleniumWebTesting.AllTest" hash-for-method="ContextMenuTest">ContextMenuTest</a> <!-- method navigator-link -->
                      </span>
                      <br/>
                      <span>
                        <img width="3%" src="passed.png"/>
                        <a href="#" class="method navigator-link" panel-name="suite-Surefire_suite" title="WebTesting.SeleniumWebTesting.AllTest" hash-for-method="DropdownTest">DropdownTest</a> <!-- method navigator-link -->
                      </span>
                      <br/>
                      <span>
                        <img width="3%" src="passed.png"/>
                        <a href="#" class="method navigator-link" panel-name="suite-Surefire_suite" title="WebTesting.SeleniumWebTesting.AllTest" hash-for-method="DynamicContentTest">DynamicContentTest</a> <!-- method navigator-link -->
                      </span>
                      <br/>
                      <span>
                        <img width="3%" src="passed.png"/>
                        <a href="#" class="method navigator-link" panel-name="suite-Surefire_suite" title="WebTesting.SeleniumWebTesting.AllTest" hash-for-method="DynamicControlsTest">DynamicControlsTest</a> <!-- method navigator-link -->
                      </span>
                      <br/>
                      <span>
                        <img width="3%" src="passed.png"/>
                        <a href="#" class="method navigator-link" panel-name="suite-Surefire_suite" title="WebTesting.SeleniumWebTesting.AllTest" hash-for-method="DynamicLoadingTest">DynamicLoadingTest</a> <!-- method navigator-link -->
                      </span>
                      <br/>
                      <span>
                        <img width="3%" src="passed.png"/>
                        <a href="#" class="method navigator-link" panel-name="suite-Surefire_suite" title="WebTesting.SeleniumWebTesting.AllTest" hash-for-method="FileDownloadTest">FileDownloadTest</a> <!-- method navigator-link -->
                      </span>
                      <br/>
                      <span>
                        <img width="3%" src="passed.png"/>
                        <a href="#" class="method navigator-link" panel-name="suite-Surefire_suite" title="WebTesting.SeleniumWebTesting.AllTest" hash-for-method="FileUploadTest">FileUploadTest</a> <!-- method navigator-link -->
                      </span>
                      <br/>
                      <span>
                        <img width="3%" src="passed.png"/>
                        <a href="#" class="method navigator-link" panel-name="suite-Surefire_suite" title="WebTesting.SeleniumWebTesting.AllTest" hash-for-method="FloatingMenuTest">FloatingMenuTest</a> <!-- method navigator-link -->
                      </span>
                      <br/>
                      <span>
                        <img width="3%" src="passed.png"/>
                        <a href="#" class="method navigator-link" panel-name="suite-Surefire_suite" title="WebTesting.SeleniumWebTesting.AllTest" hash-for-method="JSAlertTest">JSAlertTest</a> <!-- method navigator-link -->
                      </span>
                      <br/>
                      <span>
                        <img width="3%" src="passed.png"/>
                        <a href="#" class="method navigator-link" panel-name="suite-Surefire_suite" title="WebTesting.SeleniumWebTesting.AllTest" hash-for-method="LoginFailureTest">LoginFailureTest</a> <!-- method navigator-link -->
                      </span>
                      <br/>
                      <span>
                        <img width="3%" src="passed.png"/>
                        <a href="#" class="method navigator-link" panel-name="suite-Surefire_suite" title="WebTesting.SeleniumWebTesting.AllTest" hash-for-method="LoginSuccessTest">LoginSuccessTest</a> <!-- method navigator-link -->
                      </span>
                      <br/>
                      <span>
                        <img width="3%" src="passed.png"/>
                        <a href="#" class="method navigator-link" panel-name="suite-Surefire_suite" title="WebTesting.SeleniumWebTesting.AllTest" hash-for-method="MouseHoverTest">MouseHoverTest</a> <!-- method navigator-link -->
                      </span>
                      <br/>
                      <span>
                        <img width="3%" src="passed.png"/>
                        <a href="#" class="method navigator-link" panel-name="suite-Surefire_suite" title="WebTesting.SeleniumWebTesting.AllTest" hash-for-method="NotificationMsgTest">NotificationMsgTest</a> <!-- method navigator-link -->
                      </span>
                      <br/>
                      <span>
                        <img width="3%" src="passed.png"/>
                        <a href="#" class="method navigator-link" panel-name="suite-Surefire_suite" title="WebTesting.SeleniumWebTesting.AllTest" hash-for-method="OpenNewTabTest">OpenNewTabTest</a> <!-- method navigator-link -->
                      </span>
                      <br/>
                      <span>
                        <img width="3%" src="passed.png"/>
                        <a href="#" class="method navigator-link" panel-name="suite-Surefire_suite" title="WebTesting.SeleniumWebTesting.AllTest" hash-for-method="iframeTest">iframeTest</a> <!-- method navigator-link -->
                      </span>
                      <br/>
                      <span>
                        <img width="3%" src="passed.png"/>
                        <a href="#" class="method navigator-link" panel-name="suite-Surefire_suite" title="WebTesting.SeleniumWebTesting.AllTest" hash-for-method="jsErrorTest1">jsErrorTest1</a> <!-- method navigator-link -->
                      </span>
                      <br/>
                    </div> <!-- method-list-content passed suite-Surefire_suite -->
                  </li>
                </ul>
              </div> <!-- suite-section-content -->
            </div> <!-- result-section -->
          </div> <!-- navigator-suite-content -->
        </div> <!-- rounded-window -->
      </div> <!-- suite -->
    </div> <!-- navigator-root -->
    <div class="wrapper">
      <div class="main-panel-root">
        <div panel-name="suite-Surefire_suite" class="panel Surefire_suite">
          <div class="suite-Surefire_suite-class-failed">
            <div class="main-panel-header rounded-window-top">
              <img src="failed.png"/>
              <span class="class-name">WebTesting.SeleniumWebTesting.AllTest</span>
            </div> <!-- main-panel-header rounded-window-top -->
            <div class="main-panel-content rounded-window-bottom">
              <div class="method">
                <div class="method-content">
                  <a name="DragDropTest">
                  </a> <!-- DragDropTest -->
                  <span class="method-name">DragDropTest</span>
                  <div class="stack-trace"><b>"java.lang.AssertionError: expected [B] but found [A]
	at WebTesting.SeleniumWebTesting.AllTest.DragDropTest(AllTest.java:99)
	at org.apache.maven.surefire.testng.TestNGExecutor.run(TestNGExecutor.java:135)
	at org.apache.maven.surefire.testng.TestNGDirectoryTestSuite.executeSingleClass(TestNGDirectoryTestSuite.java:112)
	at org.apache.maven.surefire.testng.TestNGDirectoryTestSuite.execute(TestNGDirectoryTestSuite.java:99)
	at org.apache.maven.surefire.testng.TestNGProvider.invoke(TestNGProvider.java:146)
	at org.apache.maven.surefire.booter.ForkedBooter.invokeProviderInSameClassLoader(ForkedBooter.java:386)
	at org.apache.maven.surefire.booter.ForkedBooter.runSuitesInProcess(ForkedBooter.java:323)
	at org.apache.maven.surefire.booter.ForkedBooter.main(ForkedBooter.java:143)
... Removed 26 stack frames<br/> java.lang.AssertionError: expected [B] but found [A]
	at org.testng.Assert.fail(Assert.java:94)
	at org.testng.Assert.failNotEquals(Assert.java:494)
	at org.testng.Assert.assertEquals(Assert.java:123)
	at org.testng.Assert.assertEquals(Assert.java:176)
	at org.testng.Assert.assertEquals(Assert.java:186)
	at WebTesting.SeleniumWebTesting.AllTest.DragDropTest(AllTest.java:99)
	at sun.reflect.NativeMethodAccessorImpl.invoke0(Native Method)
	at sun.reflect.NativeMethodAccessorImpl.invoke(NativeMethodAccessorImpl.java:62)
	at sun.reflect.DelegatingMethodAccessorImpl.invoke(DelegatingMethodAccessorImpl.java:43)
	at java.lang.reflect.Method.invoke(Method.java:498)
	at org.testng.internal.MethodInvocationHelper.invokeMethod(MethodInvocationHelper.java:80)
	at org.testng.internal.Invoker.invokeMethod(Invoker.java:714)
	at org.testng.internal.Invoker.invokeTestMethod(Invoker.java:901)
	at org.testng.internal.Invoker.invokeTestMethods(Invoker.java:1231)
	at org.testng.internal.TestMethodWorker.invokeTestMethods(TestMethodWorker.java:127)
	at org.testng.internal.TestMethodWorker.run(TestMethodWorker.java:111)
	at org.testng.TestRunner.privateRun(TestRunner.java:767)
	at org.testng.TestRunner.run(TestRunner.java:617)
	at org.testng.SuiteRunner.runTest(SuiteRunner.java:334)
	at org.testng.SuiteRunner.runSequentially(SuiteRunner.java:329)
	at org.testng.SuiteRunner.privateRun(SuiteRunner.java:291)
	at org.testng.SuiteRunner.run(SuiteRunner.java:240)
	at org.testng.SuiteRunnerWorker.runSuite(SuiteRunnerWorker.java:52)
	at org.testng.SuiteRunnerWorker.run(SuiteRunnerWorker.java:86)
	at org.testng.TestNG.runSuitesSequentially(TestNG.java:1198)
	at org.testng.TestNG.runSuitesLocally(TestNG.java:1123)
	at org.testng.TestNG.run(TestNG.java:1031)
	at org.apache.maven.surefire.testng.TestNGExecutor.run(TestNGExecutor.java:135)
	at org.apache.maven.surefire.testng.TestNGDirectoryTestSuite.executeSingleClass(TestNGDirectoryTestSuite.java:112)
	at org.apache.maven.surefire.testng.TestNGDirectoryTestSuite.execute(TestNGDirectoryTestSuite.java:99)
	at org.apache.maven.surefire.testng.TestNGProvider.invoke(TestNGProvider.java:146)
	at org.apache.maven.surefire.booter.ForkedBooter.invokeProviderInSameClassLoader(ForkedBooter.java:386)
	at org.apache.maven.surefire.booter.ForkedBooter.runSuitesInProcess(ForkedBooter.java:323)
	at org.apache.maven.surefire.booter.ForkedBooter.main(ForkedBooter.java:143)
"</b><br>org.testng.Assert.fail(Assert.java:94)<br>org.testng.Assert.failNotEquals(Assert.java:494)<br>org.testng.Assert.assertEquals(Assert.java:123)<br>org.testng.Assert.assertEquals(Assert.java:176)<br>org.testng.Assert.assertEquals(Assert.java:186)<br>WebTesting.SeleniumWebTesting.AllTest.DragDropTest(AllTest.java:99)<br>sun.reflect.NativeMethodAccessorImpl.invoke0(Native Method)<br>sun.reflect.NativeMethodAccessorImpl.invoke(NativeMethodAccessorImpl.java:62)<br>sun.reflect.DelegatingMethodAccessorImpl.invoke(DelegatingMethodAccessorImpl.java:43)<br>java.lang.reflect.Method.invoke(Method.java:498)<br>org.testng.internal.MethodInvocationHelper.invokeMethod(MethodInvocationHelper.java:80)<br>org.testng.internal.Invoker.invokeMethod(Invoker.java:714)<br>org.testng.internal.Invoker.invokeTestMethod(Invoker.java:901)<br>org.testng.internal.Invoker.invokeTestMethods(Invoker.java:1231)<br>org.testng.internal.TestMethodWorker.invokeTestMethods(TestMethodWorker.java:127)<br>org.testng.internal.TestMethodWorker.run(TestMethodWorker.java:111)<br>org.testng.TestRunner.privateRun(TestRunner.java:767)<br>org.testng.TestRunner.run(TestRunner.java:617)<br>org.testng.SuiteRunner.runTest(SuiteRunner.java:334)<br>org.testng.SuiteRunner.runSequentially(SuiteRunner.java:329)<br>org.testng.SuiteRunner.privateRun(SuiteRunner.java:291)<br>org.testng.SuiteRunner.run(SuiteRunner.java:240)<br>org.testng.SuiteRunnerWorker.runSuite(SuiteRunnerWorker.java:52)<br>org.testng.SuiteRunnerWorker.run(SuiteRunnerWorker.java:86)<br>org.testng.TestNG.runSuitesSequentially(TestNG.java:1198)<br>org.testng.TestNG.runSuitesLocally(TestNG.java:1123)<br>org.testng.TestNG.run(TestNG.java:1031)<br>org.apache.maven.surefire.testng.TestNGExecutor.run(TestNGExecutor.java:135)<br>org.apache.maven.surefire.testng.TestNGDirectoryTestSuite.executeSingleClass(TestNGDirectoryTestSuite.java:112)<br>org.apache.maven.surefire.testng.TestNGDirectoryTestSuite.execute(TestNGDirectoryTestSuite.java:99)<br>org.apache.maven.surefire.testng.TestNGProvider.invoke(TestNGProvider.java:146)<br>org.apache.maven.surefire.booter.ForkedBooter.invokeProviderInSameClassLoader(ForkedBooter.java:386)<br>org.apache.maven.surefire.booter.ForkedBooter.runSuitesInProcess(ForkedBooter.java:323)<br>org.apache.maven.surefire.booter.ForkedBooter.main(ForkedBooter.java:143)<br>
</div> <!-- stack-trace -->
                </div> <!-- method-content -->
              </div> <!-- method -->
            </div> <!-- main-panel-content rounded-window-bottom -->
          </div> <!-- suite-Surefire_suite-class-failed -->
          <div class="suite-Surefire_suite-class-passed">
            <div class="main-panel-header rounded-window-top">
              <img src="passed.png"/>
              <span class="class-name">WebTesting.SeleniumWebTesting.AllTest</span>
            </div> <!-- main-panel-header rounded-window-top -->
            <div class="main-panel-content rounded-window-bottom">
              <div class="method">
                <div class="method-content">
                  <a name="CheckBoxesTest">
                  </a> <!-- CheckBoxesTest -->
                  <span class="method-name">CheckBoxesTest</span>
                </div> <!-- method-content -->
              </div> <!-- method -->
              <div class="method">
                <div class="method-content">
                  <a name="ContextMenuTest">
                  </a> <!-- ContextMenuTest -->
                  <span class="method-name">ContextMenuTest</span>
                </div> <!-- method-content -->
              </div> <!-- method -->
              <div class="method">
                <div class="method-content">
                  <a name="DropdownTest">
                  </a> <!-- DropdownTest -->
                  <span class="method-name">DropdownTest</span>
                </div> <!-- method-content -->
              </div> <!-- method -->
              <div class="method">
                <div class="method-content">
                  <a name="DynamicContentTest">
                  </a> <!-- DynamicContentTest -->
                  <span class="method-name">DynamicContentTest</span>
                </div> <!-- method-content -->
              </div> <!-- method -->
              <div class="method">
                <div class="method-content">
                  <a name="DynamicControlsTest">
                  </a> <!-- DynamicControlsTest -->
                  <span class="method-name">DynamicControlsTest</span>
                </div> <!-- method-content -->
              </div> <!-- method -->
              <div class="method">
                <div class="method-content">
                  <a name="DynamicLoadingTest">
                  </a> <!-- DynamicLoadingTest -->
                  <span class="method-name">DynamicLoadingTest</span>
                </div> <!-- method-content -->
              </div> <!-- method -->
              <div class="method">
                <div class="method-content">
                  <a name="FileDownloadTest">
                  </a> <!-- FileDownloadTest -->
                  <span class="method-name">FileDownloadTest</span>
                </div> <!-- method-content -->
              </div> <!-- method -->
              <div class="method">
                <div class="method-content">
                  <a name="FileUploadTest">
                  </a> <!-- FileUploadTest -->
                  <span class="method-name">FileUploadTest</span>
                </div> <!-- method-content -->
              </div> <!-- method -->
              <div class="method">
                <div class="method-content">
                  <a name="FloatingMenuTest">
                  </a> <!-- FloatingMenuTest -->
                  <span class="method-name">FloatingMenuTest</span>
                </div> <!-- method-content -->
              </div> <!-- method -->
              <div class="method">
                <div class="method-content">
                  <a name="JSAlertTest">
                  </a> <!-- JSAlertTest -->
                  <span class="method-name">JSAlertTest</span>
                </div> <!-- method-content -->
              </div> <!-- method -->
              <div class="method">
                <div class="method-content">
                  <a name="LoginFailureTest">
                  </a> <!-- LoginFailureTest -->
                  <span class="method-name">LoginFailureTest</span>
                </div> <!-- method-content -->
              </div> <!-- method -->
              <div class="method">
                <div class="method-content">
                  <a name="LoginSuccessTest">
                  </a> <!-- LoginSuccessTest -->
                  <span class="method-name">LoginSuccessTest</span>
                </div> <!-- method-content -->
              </div> <!-- method -->
              <div class="method">
                <div class="method-content">
                  <a name="MouseHoverTest">
                  </a> <!-- MouseHoverTest -->
                  <span class="method-name">MouseHoverTest</span>
                </div> <!-- method-content -->
              </div> <!-- method -->
              <div class="method">
                <div class="method-content">
                  <a name="NotificationMsgTest">
                  </a> <!-- NotificationMsgTest -->
                  <span class="method-name">NotificationMsgTest</span>
                </div> <!-- method-content -->
              </div> <!-- method -->
              <div class="method">
                <div class="method-content">
                  <a name="OpenNewTabTest">
                  </a> <!-- OpenNewTabTest -->
                  <span class="method-name">OpenNewTabTest</span>
                </div> <!-- method-content -->
              </div> <!-- method -->
              <div class="method">
                <div class="method-content">
                  <a name="iframeTest">
                  </a> <!-- iframeTest -->
                  <span class="method-name">iframeTest</span>
                </div> <!-- method-content -->
              </div> <!-- method -->
              <div class="method">
                <div class="method-content">
                  <a name="jsErrorTest1">
                  </a> <!-- jsErrorTest1 -->
                  <span class="method-name">jsErrorTest1</span>
                </div> <!-- method-content -->
              </div> <!-- method -->
            </div> <!-- main-panel-content rounded-window-bottom -->
          </div> <!-- suite-Surefire_suite-class-passed -->
        </div> <!-- panel Surefire_suite -->
        <div panel-name="test-xml-Surefire_suite" class="panel">
          <div class="main-panel-header rounded-window-top">
          </div> <!-- main-panel-header rounded-window-top -->
          <div class="main-panel-content rounded-window-bottom">
            <pre>
&lt;?xml version=&quot;1.0&quot; encoding=&quot;UTF-8&quot;?&gt;
&lt;!DOCTYPE suite SYSTEM &quot;http://testng.org/testng-1.0.dtd&quot;&gt;
&lt;suite thread-count=&quot;1&quot; verbose=&quot;0&quot; name=&quot;Surefire suite&quot;&gt;
  &lt;test name=&quot;Surefire test&quot;&gt;
    &lt;classes&gt;
      &lt;class name=&quot;WebTesting.SeleniumWebTesting.AllTest&quot;/&gt;
    &lt;/classes&gt;
  &lt;/test&gt; &lt;!-- Surefire test --&gt;
&lt;/suite&gt; &lt;!-- Surefire suite --&gt;
            </pre>
          </div> <!-- main-panel-content rounded-window-bottom -->
        </div> <!-- panel -->
        <div panel-name="testlist-Surefire_suite" class="panel">
          <div class="main-panel-header rounded-window-top">
            <span class="header-content">Tests for Surefire suite</span>
          </div> <!-- main-panel-header rounded-window-top -->
          <div class="main-panel-content rounded-window-bottom">
            <ul>
              <li>
                <span class="test-name">Surefire test (1 class)</span>
              </li>
            </ul>
          </div> <!-- main-panel-content rounded-window-bottom -->
        </div> <!-- panel -->
        <div panel-name="group-Surefire_suite" class="panel">
          <div class="main-panel-header rounded-window-top">
            <span class="header-content">Groups for Surefire suite</span>
          </div> <!-- main-panel-header rounded-window-top -->
          <div class="main-panel-content rounded-window-bottom">
          </div> <!-- main-panel-content rounded-window-bottom -->
        </div> <!-- panel -->
        <div panel-name="times-Surefire_suite" class="panel">
          <div class="main-panel-header rounded-window-top">
            <span class="header-content">Times for Surefire suite</span>
          </div> <!-- main-panel-header rounded-window-top -->
          <div class="main-panel-content rounded-window-bottom">
            <div class="times-div">
              <script type="text/javascript">
suiteTableInitFunctions.push('tableData_Surefire_suite');
function tableData_Surefire_suite() {
var data = new google.visualization.DataTable();
data.addColumn('number', 'Number');
data.addColumn('string', 'Method');
data.addColumn('string', 'Class');
data.addColumn('number', 'Time (ms)');
data.addRows(18);
data.setCell(0, 0, 0)
data.setCell(0, 1, 'DynamicControlsTest')
data.setCell(0, 2, 'WebTesting.SeleniumWebTesting.AllTest')
data.setCell(0, 3, 22663);
data.setCell(1, 0, 1)
data.setCell(1, 1, 'DynamicLoadingTest')
data.setCell(1, 2, 'WebTesting.SeleniumWebTesting.AllTest')
data.setCell(1, 3, 5137);
data.setCell(2, 0, 2)
data.setCell(2, 1, 'DynamicContentTest')
data.setCell(2, 2, 'WebTesting.SeleniumWebTesting.AllTest')
data.setCell(2, 3, 2455);
data.setCell(3, 0, 3)
data.setCell(3, 1, 'FileDownloadTest')
data.setCell(3, 2, 'WebTesting.SeleniumWebTesting.AllTest')
data.setCell(3, 3, 2110);
data.setCell(4, 0, 4)
data.setCell(4, 1, 'JSAlertTest')
data.setCell(4, 2, 'WebTesting.SeleniumWebTesting.AllTest')
data.setCell(4, 3, 599);
data.setCell(5, 0, 5)
data.setCell(5, 1, 'iframeTest')
data.setCell(5, 2, 'WebTesting.SeleniumWebTesting.AllTest')
data.setCell(5, 3, 595);
data.setCell(6, 0, 6)
data.setCell(6, 1, 'MouseHoverTest')
data.setCell(6, 2, 'WebTesting.SeleniumWebTesting.AllTest')
data.setCell(6, 3, 507);
data.setCell(7, 0, 7)
data.setCell(7, 1, 'DragDropTest')
data.setCell(7, 2, 'WebTesting.SeleniumWebTesting.AllTest')
data.setCell(7, 3, 502);
data.setCell(8, 0, 8)
data.setCell(8, 1, 'NotificationMsgTest')
data.setCell(8, 2, 'WebTesting.SeleniumWebTesting.AllTest')
data.setCell(8, 3, 489);
data.setCell(9, 0, 9)
data.setCell(9, 1, 'LoginFailureTest')
data.setCell(9, 2, 'WebTesting.SeleniumWebTesting.AllTest')
data.setCell(9, 3, 413);
data.setCell(10, 0, 10)
data.setCell(10, 1, 'LoginSuccessTest')
data.setCell(10, 2, 'WebTesting.SeleniumWebTesting.AllTest')
data.setCell(10, 3, 396);
data.setCell(11, 0, 11)
data.setCell(11, 1, 'CheckBoxesTest')
data.setCell(11, 2, 'WebTesting.SeleniumWebTesting.AllTest')
data.setCell(11, 3, 348);
data.setCell(12, 0, 12)
data.setCell(12, 1, 'DropdownTest')
data.setCell(12, 2, 'WebTesting.SeleniumWebTesting.AllTest')
data.setCell(12, 3, 232);
data.setCell(13, 0, 13)
data.setCell(13, 1, 'ContextMenuTest')
data.setCell(13, 2, 'WebTesting.SeleniumWebTesting.AllTest')
data.setCell(13, 3, 232);
data.setCell(14, 0, 14)
data.setCell(14, 1, 'FileUploadTest')
data.setCell(14, 2, 'WebTesting.SeleniumWebTesting.AllTest')
data.setCell(14, 3, 209);
data.setCell(15, 0, 15)
data.setCell(15, 1, 'OpenNewTabTest')
data.setCell(15, 2, 'WebTesting.SeleniumWebTesting.AllTest')
data.setCell(15, 3, 206);
data.setCell(16, 0, 16)
data.setCell(16, 1, 'FloatingMenuTest')
data.setCell(16, 2, 'WebTesting.SeleniumWebTesting.AllTest')
data.setCell(16, 3, 110);
data.setCell(17, 0, 17)
data.setCell(17, 1, 'jsErrorTest1')
data.setCell(17, 2, 'WebTesting.SeleniumWebTesting.AllTest')
data.setCell(17, 3, 35);
window.suiteTableData['Surefire_suite']= { tableData: data, tableDiv: 'times-div-Surefire_suite'}
return data;
}
              </script>
              <span class="suite-total-time">Total running time: 37 seconds</span>
              <div id="times-div-Surefire_suite">
              </div> <!-- times-div-Surefire_suite -->
            </div> <!-- times-div -->
          </div> <!-- main-panel-content rounded-window-bottom -->
        </div> <!-- panel -->
        <div panel-name="reporter-Surefire_suite" class="panel">
          <div class="main-panel-header rounded-window-top">
            <span class="header-content">Reporter output for Surefire suite</span>
          </div> <!-- main-panel-header rounded-window-top -->
          <div class="main-panel-content rounded-window-bottom">
          </div> <!-- main-panel-content rounded-window-bottom -->
        </div> <!-- panel -->
        <div panel-name="ignored-methods-Surefire_suite" class="panel">
          <div class="main-panel-header rounded-window-top">
            <span class="header-content">0 ignored methods</span>
          </div> <!-- main-panel-header rounded-window-top -->
          <div class="main-panel-content rounded-window-bottom">
          </div> <!-- main-panel-content rounded-window-bottom -->
        </div> <!-- panel -->
        <div panel-name="chronological-Surefire_suite" class="panel">
          <div class="main-panel-header rounded-window-top">
            <span class="header-content">Methods in chronological order</span>
          </div> <!-- main-panel-header rounded-window-top -->
          <div class="main-panel-content rounded-window-bottom">
            <div class="chronological-class">
              <div class="chronological-class-name">WebTesting.SeleniumWebTesting.AllTest</div> <!-- chronological-class-name -->
              <div class="configuration-test before">
                <span class="method-name">initialize</span>
                <span class="method-start">0 ms</span>
              </div> <!-- configuration-test before -->
              <div class="test-method">
                <span class="method-name">CheckBoxesTest</span>
                <span class="method-start">1271 ms</span>
              </div> <!-- test-method -->
              <div class="test-method">
                <span class="method-name">ContextMenuTest</span>
                <span class="method-start">1619 ms</span>
              </div> <!-- test-method -->
              <div class="test-method">
                <img src="failed.png">
                </img>
                <span class="method-name">DragDropTest</span>
                <span class="method-start">1851 ms</span>
              </div> <!-- test-method -->
              <div class="test-method">
                <span class="method-name">DropdownTest</span>
                <span class="method-start">2358 ms</span>
              </div> <!-- test-method -->
              <div class="test-method">
                <span class="method-name">DynamicContentTest</span>
                <span class="method-start">2590 ms</span>
              </div> <!-- test-method -->
              <div class="test-method">
                <span class="method-name">DynamicControlsTest</span>
                <span class="method-start">5045 ms</span>
              </div> <!-- test-method -->
              <div class="test-method">
                <span class="method-name">DynamicLoadingTest</span>
                <span class="method-start">27709 ms</span>
              </div> <!-- test-method -->
              <div class="test-method">
                <span class="method-name">FileDownloadTest</span>
                <span class="method-start">32846 ms</span>
              </div> <!-- test-method -->
              <div class="test-method">
                <span class="method-name">FileUploadTest</span>
                <span class="method-start">34957 ms</span>
              </div> <!-- test-method -->
              <div class="test-method">
                <span class="method-name">FloatingMenuTest</span>
                <span class="method-start">35167 ms</span>
              </div> <!-- test-method -->
              <div class="test-method">
                <span class="method-name">JSAlertTest</span>
                <span class="method-start">35277 ms</span>
              </div> <!-- test-method -->
              <div class="test-method">
                <span class="method-name">LoginFailureTest</span>
                <span class="method-start">35876 ms</span>
              </div> <!-- test-method -->
              <div class="test-method">
                <span class="method-name">LoginSuccessTest</span>
                <span class="method-start">36289 ms</span>
              </div> <!-- test-method -->
              <div class="test-method">
                <span class="method-name">MouseHoverTest</span>
                <span class="method-start">36685 ms</span>
              </div> <!-- test-method -->
              <div class="test-method">
                <span class="method-name">NotificationMsgTest</span>
                <span class="method-start">37192 ms</span>
              </div> <!-- test-method -->
              <div class="test-method">
                <span class="method-name">OpenNewTabTest</span>
                <span class="method-start">37681 ms</span>
              </div> <!-- test-method -->
              <div class="test-method">
                <span class="method-name">iframeTest</span>
                <span class="method-start">37887 ms</span>
              </div> <!-- test-method -->
              <div class="test-method">
                <span class="method-name">jsErrorTest1</span>
                <span class="method-start">38482 ms</span>
              </div> <!-- test-method -->
              <div class="configuration-test after">
                <span class="method-name">teardown</span>
                <span class="method-start">38518 ms</span>
              </div> <!-- configuration-test after -->
          </div> <!-- main-panel-content rounded-window-bottom -->
        </div> <!-- panel -->
      </div> <!-- main-panel-root -->
    </div> <!-- wrapper -->
  </body>
</html>
