<?xml version="1.0" encoding="UTF-8"?>
<testng-results skipped="0" failed="1" total="18" passed="17">
  <reporter-output>
  </reporter-output>
  <suite name="Surefire suite" duration-ms="38605" started-at="2020-10-07T21:11:23Z" finished-at="2020-10-07T21:12:01Z">
    <groups>
    </groups>
    <test name="Surefire test" duration-ms="38605" started-at="2020-10-07T21:11:23Z" finished-at="2020-10-07T21:12:01Z">
      <class name="WebTesting.SeleniumWebTesting.AllTest">
        <test-method status="PASS" signature="initialize()[pri:0, instance:WebTesting.SeleniumWebTesting.AllTest@71be98f5]" name="initialize" is-config="true" duration-ms="1264" started-at="2020-10-07T17:11:23Z" finished-at="2020-10-07T17:11:24Z">
          <reporter-output>
          </reporter-output>
        </test-method> <!-- initialize -->
        <test-method status="PASS" signature="CheckBoxesTest()[pri:0, instance:WebTesting.SeleniumWebTesting.AllTest@71be98f5]" name="CheckBoxesTest" duration-ms="348" started-at="2020-10-07T17:11:24Z" finished-at="2020-10-07T17:11:24Z">
          <reporter-output>
          </reporter-output>
        </test-method> <!-- CheckBoxesTest -->
        <test-method status="PASS" signature="ContextMenuTest()[pri:0, instance:WebTesting.SeleniumWebTesting.AllTest@71be98f5]" name="ContextMenuTest" duration-ms="232" started-at="2020-10-07T17:11:24Z" finished-at="2020-10-07T17:11:25Z">
          <reporter-output>
          </reporter-output>
        </test-method> <!-- ContextMenuTest -->
        <test-method status="FAIL" signature="DragDropTest()[pri:0, instance:WebTesting.SeleniumWebTesting.AllTest@71be98f5]" name="DragDropTest" duration-ms="502" started-at="2020-10-07T17:11:25Z" finished-at="2020-10-07T17:11:25Z">
          <exception class="java.lang.AssertionError">
            <message>
              <![CDATA[expected [B] but found [A]]]>
            </message>
            <full-stacktrace>
              <![CDATA[java.lang.AssertionError: expected [B] but found [A]
	at org.testng.Assert.fail(Assert.java:94)
	at org.testng.Assert.failNotEquals(Assert.java:494)
	at org.testng.Assert.assertEquals(Assert.java:123)
	at org.testng.Assert.assertEquals(Assert.java:176)
	at org.testng.Assert.assertEquals(Assert.java:186)
	at WebTesting.SeleniumWebTesting.AllTest.DragDropTest(AllTest.java:99)
	at sun.reflect.NativeMethodAccessorImpl.invoke0(Native Method)
	at sun.reflect.NativeMethodAccessorImpl.invoke(NativeMethodAccessorImpl.java:62)
	at sun.reflect.DelegatingMethodAccessorImpl.invoke(DelegatingMethodAccessorImpl.java:43)
	at java.lang.reflect.Method.invoke(Method.java:498)
	at org.testng.internal.MethodInvocationHelper.invokeMethod(MethodInvocationHelper.java:80)
	at org.testng.internal.Invoker.invokeMethod(Invoker.java:714)
	at org.testng.internal.Invoker.invokeTestMethod(Invoker.java:901)
	at org.testng.internal.Invoker.invokeTestMethods(Invoker.java:1231)
	at org.testng.internal.TestMethodWorker.invokeTestMethods(TestMethodWorker.java:127)
	at org.testng.internal.TestMethodWorker.run(TestMethodWorker.java:111)
	at org.testng.TestRunner.privateRun(TestRunner.java:767)
	at org.testng.TestRunner.run(TestRunner.java:617)
	at org.testng.SuiteRunner.runTest(SuiteRunner.java:334)
	at org.testng.SuiteRunner.runSequentially(SuiteRunner.java:329)
	at org.testng.SuiteRunner.privateRun(SuiteRunner.java:291)
	at org.testng.SuiteRunner.run(SuiteRunner.java:240)
	at org.testng.SuiteRunnerWorker.runSuite(SuiteRunnerWorker.java:52)
	at org.testng.SuiteRunnerWorker.run(SuiteRunnerWorker.java:86)
	at org.testng.TestNG.runSuitesSequentially(TestNG.java:1198)
	at org.testng.TestNG.runSuitesLocally(TestNG.java:1123)
	at org.testng.TestNG.run(TestNG.java:1031)
	at org.apache.maven.surefire.testng.TestNGExecutor.run(TestNGExecutor.java:135)
	at org.apache.maven.surefire.testng.TestNGDirectoryTestSuite.executeSingleClass(TestNGDirectoryTestSuite.java:112)
	at org.apache.maven.surefire.testng.TestNGDirectoryTestSuite.execute(TestNGDirectoryTestSuite.java:99)
	at org.apache.maven.surefire.testng.TestNGProvider.invoke(TestNGProvider.java:146)
	at org.apache.maven.surefire.booter.ForkedBooter.invokeProviderInSameClassLoader(ForkedBooter.java:386)
	at org.apache.maven.surefire.booter.ForkedBooter.runSuitesInProcess(ForkedBooter.java:323)
	at org.apache.maven.surefire.booter.ForkedBooter.main(ForkedBooter.java:143)
]]>
            </full-stacktrace>
          </exception> <!-- java.lang.AssertionError -->
          <reporter-output>
          </reporter-output>
        </test-method> <!-- DragDropTest -->
        <test-method status="PASS" signature="DropdownTest()[pri:0, instance:WebTesting.SeleniumWebTesting.AllTest@71be98f5]" name="DropdownTest" duration-ms="232" started-at="2020-10-07T17:11:25Z" finished-at="2020-10-07T17:11:25Z">
          <reporter-output>
          </reporter-output>
        </test-method> <!-- DropdownTest -->
        <test-method status="PASS" signature="DynamicContentTest()[pri:0, instance:WebTesting.SeleniumWebTesting.AllTest@71be98f5]" name="DynamicContentTest" duration-ms="2455" started-at="2020-10-07T17:11:25Z" finished-at="2020-10-07T17:11:28Z">
          <reporter-output>
          </reporter-output>
        </test-method> <!-- DynamicContentTest -->
        <test-method status="PASS" signature="DynamicControlsTest()[pri:0, instance:WebTesting.SeleniumWebTesting.AllTest@71be98f5]" name="DynamicControlsTest" duration-ms="22663" started-at="2020-10-07T17:11:28Z" finished-at="2020-10-07T17:11:51Z">
          <reporter-output>
          </reporter-output>
        </test-method> <!-- DynamicControlsTest -->
        <test-method status="PASS" signature="DynamicLoadingTest()[pri:0, instance:WebTesting.SeleniumWebTesting.AllTest@71be98f5]" name="DynamicLoadingTest" duration-ms="5137" started-at="2020-10-07T17:11:51Z" finished-at="2020-10-07T17:11:56Z">
          <reporter-output>
          </reporter-output>
        </test-method> <!-- DynamicLoadingTest -->
        <test-method status="PASS" signature="FileDownloadTest()[pri:0, instance:WebTesting.SeleniumWebTesting.AllTest@71be98f5]" name="FileDownloadTest" duration-ms="2110" started-at="2020-10-07T17:11:56Z" finished-at="2020-10-07T17:11:58Z">
          <reporter-output>
          </reporter-output>
        </test-method> <!-- FileDownloadTest -->
        <test-method status="PASS" signature="FileUploadTest()[pri:0, instance:WebTesting.SeleniumWebTesting.AllTest@71be98f5]" name="FileUploadTest" duration-ms="209" started-at="2020-10-07T17:11:58Z" finished-at="2020-10-07T17:11:58Z">
          <reporter-output>
          </reporter-output>
        </test-method> <!-- FileUploadTest -->
        <test-method status="PASS" signature="FloatingMenuTest()[pri:0, instance:WebTesting.SeleniumWebTesting.AllTest@71be98f5]" name="FloatingMenuTest" duration-ms="110" started-at="2020-10-07T17:11:58Z" finished-at="2020-10-07T17:11:58Z">
          <reporter-output>
          </reporter-output>
        </test-method> <!-- FloatingMenuTest -->
        <test-method status="PASS" signature="JSAlertTest()[pri:0, instance:WebTesting.SeleniumWebTesting.AllTest@71be98f5]" name="JSAlertTest" duration-ms="599" started-at="2020-10-07T17:11:58Z" finished-at="2020-10-07T17:11:59Z">
          <reporter-output>
          </reporter-output>
        </test-method> <!-- JSAlertTest -->
        <test-method status="PASS" signature="LoginFailureTest()[pri:0, instance:WebTesting.SeleniumWebTesting.AllTest@71be98f5]" name="LoginFailureTest" duration-ms="413" started-at="2020-10-07T17:11:59Z" finished-at="2020-10-07T17:11:59Z">
          <reporter-output>
          </reporter-output>
        </test-method> <!-- LoginFailureTest -->
        <test-method status="PASS" signature="LoginSuccessTest()[pri:0, instance:WebTesting.SeleniumWebTesting.AllTest@71be98f5]" name="LoginSuccessTest" duration-ms="396" started-at="2020-10-07T17:11:59Z" finished-at="2020-10-07T17:12:00Z">
          <reporter-output>
          </reporter-output>
        </test-method> <!-- LoginSuccessTest -->
        <test-method status="PASS" signature="MouseHoverTest()[pri:0, instance:WebTesting.SeleniumWebTesting.AllTest@71be98f5]" name="MouseHoverTest" duration-ms="507" started-at="2020-10-07T17:12:00Z" finished-at="2020-10-07T17:12:00Z">
          <reporter-output>
          </reporter-output>
        </test-method> <!-- MouseHoverTest -->
        <test-method status="PASS" signature="NotificationMsgTest()[pri:0, instance:WebTesting.SeleniumWebTesting.AllTest@71be98f5]" name="NotificationMsgTest" duration-ms="489" started-at="2020-10-07T17:12:00Z" finished-at="2020-10-07T17:12:01Z">
          <reporter-output>
          </reporter-output>
        </test-method> <!-- NotificationMsgTest -->
        <test-method status="PASS" signature="OpenNewTabTest()[pri:0, instance:WebTesting.SeleniumWebTesting.AllTest@71be98f5]" name="OpenNewTabTest" duration-ms="206" started-at="2020-10-07T17:12:01Z" finished-at="2020-10-07T17:12:01Z">
          <reporter-output>
          </reporter-output>
        </test-method> <!-- OpenNewTabTest -->
        <test-method status="PASS" signature="iframeTest()[pri:0, instance:WebTesting.SeleniumWebTesting.AllTest@71be98f5]" name="iframeTest" duration-ms="595" started-at="2020-10-07T17:12:01Z" finished-at="2020-10-07T17:12:01Z">
          <reporter-output>
          </reporter-output>
        </test-method> <!-- iframeTest -->
        <test-method status="PASS" signature="jsErrorTest1()[pri:0, instance:WebTesting.SeleniumWebTesting.AllTest@71be98f5]" name="jsErrorTest1" duration-ms="35" started-at="2020-10-07T17:12:01Z" finished-at="2020-10-07T17:12:01Z">
          <reporter-output>
          </reporter-output>
        </test-method> <!-- jsErrorTest1 -->
        <test-method status="PASS" signature="teardown()[pri:0, instance:WebTesting.SeleniumWebTesting.AllTest@71be98f5]" name="teardown" is-config="true" duration-ms="86" started-at="2020-10-07T17:12:01Z" finished-at="2020-10-07T17:12:01Z">
          <reporter-output>
          </reporter-output>
        </test-method> <!-- teardown -->
      </class> <!-- WebTesting.SeleniumWebTesting.AllTest -->
    </test> <!-- Surefire test -->
  </suite> <!-- Surefire suite -->
</testng-results>
