[{"line":2,"elements":[{"start_timestamp":"2022-10-20T05:56:22.004Z","before":[{"result":{"duration":10836136000,"status":"passed"},"match":{"location":"StepDefinitions.Hooks.setUp()"}}],"line":5,"name":"Assert that checkboxes checked and unchecked as per requirements","description":"","id":"check-and-uncheck-boxes;assert-that-checkboxes-checked-and-unchecked-as-per-requirements","after":[{"result":{"duration":98796000,"status":"passed"},"match":{"location":"StepDefinitions.Hooks.tearDown(io.cucumber.java.Scenario)"}}],"type":"scenario","keyword":"Scenario","steps":[{"result":{"duration":645167000,"status":"passed"},"line":6,"name":"user is on the /checkboxes page","match":{"location":"StepDefinitions.T03_CheckBoxStepDefs.userIsOnTheCheckboxesPage()"},"keyword":"Given "},{"result":{"duration":421016000,"status":"passed"},"line":7,"name":"user verifies checkbox one is not checked by default and checks it","match":{"location":"StepDefinitions.T03_CheckBoxStepDefs.user_verifies_checkbox_one_is_not_checked_by_default_and_checks_it()"},"keyword":"And "},{"result":{"duration":141056000,"status":"passed"},"line":8,"name":"user verifies checkbox two is checked by default and unchecks it","match":{"location":"StepDefinitions.T03_CheckBoxStepDefs.user_verifies_checkbox_two_is_checked_by_default_and_unchecks_it()"},"keyword":"Then "}],"tags":[{"name":"@CheckBox"},{"name":"@Test"}]}],"name":"Check and UnCheck Boxes","description":"","id":"check-and-uncheck-boxes","keyword":"Feature","uri":"file:src/test/resources/features/checkBox.feature","tags":[{"name":"@CheckBox","type":"Tag","location":{"line":1,"column":1}}]},{"line":2,"elements":[{"start_timestamp":"2022-10-20T05:56:34.428Z","before":[{"result":{"duration":6038459000,"status":"passed"},"match":{"location":"StepDefinitions.Hooks.setUp()"}}],"line":5,"name":"Right click on context menu and handle Javascript alert","description":"","id":"context-menu-test;right-click-on-context-menu-and-handle-javascript-alert","after":[{"result":{"error_message":"org.openqa.selenium.NoSuchWindowException: no such window: target window already closed\nfrom unknown error: web view not found\n  (Session info: chrome=106.0.5249.119)\nBuild info: version: '3.141.59', revision: 'e82be7d358', time: '2018-11-14T08:17:03'\nSystem info: host: 'Foroghs-MBP.lan', ip: '2603:8000:9b40:cb48:0:0:0:1d9d%en0', os.name: 'Mac OS X', os.arch: 'x86_64', os.version: '12.6', java.version: '17.0.2'\nDriver info: org.openqa.selenium.chrome.ChromeDriver\nCapabilities {acceptInsecureCerts: false, browserName: chrome, browserVersion: 106.0.5249.119, chrome: {chromedriverVersion: 106.0.5249.61 (511755355844..., userDataDir: /var/folders/73/xdbt43kj7v7...}, goog:chromeOptions: {debuggerAddress: localhost:53083}, javascriptEnabled: true, networkConnectionEnabled: false, pageLoadStrategy: normal, platform: MAC, platformName: MAC, proxy: Proxy(), setWindowRect: true, strictFileInteractability: false, timeouts: {implicit: 0, pageLoad: 300000, script: 30000}, unhandledPromptBehavior: dismiss and notify, webauthn:extension:credBlob: true, webauthn:extension:largeBlob: true, webauthn:virtualAuthenticators: true}\nSession ID: a87d3b3963caeae121301a7f92466e2e\n\tat java.base/jdk.internal.reflect.NativeConstructorAccessorImpl.newInstance0(Native Method)\n\tat java.base/jdk.internal.reflect.NativeConstructorAccessorImpl.newInstance(NativeConstructorAccessorImpl.java:77)\n\tat java.base/jdk.internal.reflect.DelegatingConstructorAccessorImpl.newInstance(DelegatingConstructorAccessorImpl.java:45)\n\tat java.base/java.lang.reflect.Constructor.newInstanceWithCaller(Constructor.java:499)\n\tat java.base/java.lang.reflect.Constructor.newInstance(Constructor.java:480)\n\tat org.openqa.selenium.remote.http.W3CHttpResponseCodec.createException(W3CHttpResponseCodec.java:187)\n\tat org.openqa.selenium.remote.http.W3CHttpResponseCodec.decode(W3CHttpResponseCodec.java:122)\n\tat org.openqa.selenium.remote.http.W3CHttpResponseCodec.decode(W3CHttpResponseCodec.java:49)\n\tat org.openqa.selenium.remote.HttpCommandExecutor.execute(HttpCommandExecutor.java:158)\n\tat org.openqa.selenium.remote.service.DriverCommandExecutor.execute(DriverCommandExecutor.java:83)\n\tat org.openqa.selenium.remote.RemoteWebDriver.execute(RemoteWebDriver.java:552)\n\tat org.openqa.selenium.remote.RemoteWebDriver.execute(RemoteWebDriver.java:609)\n\tat org.openqa.selenium.remote.RemoteWebDriver.getScreenshotAs(RemoteWebDriver.java:295)\n\tat StepDefinitions.Hooks.tearDown(Hooks.java:21)\n","duration":12267000,"status":"failed"},"match":{"location":"StepDefinitions.Hooks.tearDown(io.cucumber.java.Scenario)"}}],"type":"scenario","keyword":"Scenario","steps":[{"result":{"error_message":"org.openqa.selenium.NoSuchWindowException: no such window: target window already closed\nfrom unknown error: web view not found\n  (Session info: chrome=106.0.5249.119)\nBuild info: version: '3.141.59', revision: 'e82be7d358', time: '2018-11-14T08:17:03'\nSystem info: host: 'Foroghs-MBP.lan', ip: '2603:8000:9b40:cb48:0:0:0:1d9d%en0', os.name: 'Mac OS X', os.arch: 'x86_64', os.version: '12.6', java.version: '17.0.2'\nDriver info: org.openqa.selenium.chrome.ChromeDriver\nCapabilities {acceptInsecureCerts: false, browserName: chrome, browserVersion: 106.0.5249.119, chrome: {chromedriverVersion: 106.0.5249.61 (511755355844..., userDataDir: /var/folders/73/xdbt43kj7v7...}, goog:chromeOptions: {debuggerAddress: localhost:53083}, javascriptEnabled: true, networkConnectionEnabled: false, pageLoadStrategy: normal, platform: MAC, platformName: MAC, proxy: Proxy(), setWindowRect: true, strictFileInteractability: false, timeouts: {implicit: 0, pageLoad: 300000, script: 30000}, unhandledPromptBehavior: dismiss and notify, webauthn:extension:credBlob: true, webauthn:extension:largeBlob: true, webauthn:virtualAuthenticators: true}\nSession ID: a87d3b3963caeae121301a7f92466e2e\n\tat java.base/jdk.internal.reflect.NativeConstructorAccessorImpl.newInstance0(Native Method)\n\tat java.base/jdk.internal.reflect.NativeConstructorAccessorImpl.newInstance(NativeConstructorAccessorImpl.java:77)\n\tat java.base/jdk.internal.reflect.DelegatingConstructorAccessorImpl.newInstance(DelegatingConstructorAccessorImpl.java:45)\n\tat java.base/java.lang.reflect.Constructor.newInstanceWithCaller(Constructor.java:499)\n\tat java.base/java.lang.reflect.Constructor.newInstance(Constructor.java:480)\n\tat org.openqa.selenium.remote.http.W3CHttpResponseCodec.createException(W3CHttpResponseCodec.java:187)\n\tat org.openqa.selenium.remote.http.W3CHttpResponseCodec.decode(W3CHttpResponseCodec.java:122)\n\tat org.openqa.selenium.remote.http.W3CHttpResponseCodec.decode(W3CHttpResponseCodec.java:49)\n\tat org.openqa.selenium.remote.HttpCommandExecutor.execute(HttpCommandExecutor.java:158)\n\tat org.openqa.selenium.remote.service.DriverCommandExecutor.execute(DriverCommandExecutor.java:83)\n\tat org.openqa.selenium.remote.RemoteWebDriver.execute(RemoteWebDriver.java:552)\n\tat org.openqa.selenium.remote.RemoteWebDriver.get(RemoteWebDriver.java:277)\n\tat StepDefinitions.T04_ContextBoxStepDefs.user_is_on_the_page(T04_ContextBoxStepDefs.java:20)\n\tat ✽.user is on the \"/context_menu\" page(file:///Users/foroghmulk/Music/OmidAhmadiAssignment/src/test/resources/features/contextMenu.feature:6)\n","duration":96632000,"status":"failed"},"line":6,"name":"user is on the \"/context_menu\" page","match":{"arguments":[{"val":"\"/context_menu\"","offset":15}],"location":"StepDefinitions.T04_ContextBoxStepDefs.user_is_on_the_page(java.lang.String)"},"keyword":"Given "},{"result":{"duration":729000,"status":"skipped"},"line":7,"name":"user right clicks on the context box","match":{"location":"StepDefinitions.T04_ContextBoxStepDefs.user_right_clicks_on_the_context_box()"},"keyword":"When "},{"result":{"duration":19879000,"status":"skipped"},"line":8,"name":"user verifies alert text","match":{"location":"StepDefinitions.T04_ContextBoxStepDefs.user_verifies_alert_text()"},"keyword":"Then "}],"tags":[{"name":"@ContextMenu"},{"name":"@Test"}]}],"name":"Context Menu test","description":"","id":"context-menu-test","keyword":"Feature","uri":"file:src/test/resources/features/contextMenu.feature","tags":[{"name":"@ContextMenu","type":"Tag","location":{"line":1,"column":1}}]},{"line":2,"elements":[{"start_timestamp":"2022-10-20T05:56:40.755Z","before":[{"result":{"error_message":"org.openqa.selenium.NoSuchWindowException: no such window: target window already closed\nfrom unknown error: web view not found\n  (Session info: chrome=106.0.5249.119)\nBuild info: version: '3.141.59', revision: 'e82be7d358', time: '2018-11-14T08:17:03'\nSystem info: host: 'Foroghs-MBP.lan', ip: '2603:8000:9b40:cb48:0:0:0:1d9d%en0', os.name: 'Mac OS X', os.arch: 'x86_64', os.version: '12.6', java.version: '17.0.2'\nDriver info: org.openqa.selenium.chrome.ChromeDriver\nCapabilities {acceptInsecureCerts: false, browserName: chrome, browserVersion: 106.0.5249.119, chrome: {chromedriverVersion: 106.0.5249.61 (511755355844..., userDataDir: /var/folders/73/xdbt43kj7v7...}, goog:chromeOptions: {debuggerAddress: localhost:53083}, javascriptEnabled: true, networkConnectionEnabled: false, pageLoadStrategy: normal, platform: MAC, platformName: MAC, proxy: Proxy(), setWindowRect: true, strictFileInteractability: false, timeouts: {implicit: 0, pageLoad: 300000, script: 30000}, unhandledPromptBehavior: dismiss and notify, webauthn:extension:credBlob: true, webauthn:extension:largeBlob: true, webauthn:virtualAuthenticators: true}\nSession ID: a87d3b3963caeae121301a7f92466e2e\n\tat java.base/jdk.internal.reflect.NativeConstructorAccessorImpl.newInstance0(Native Method)\n\tat java.base/jdk.internal.reflect.NativeConstructorAccessorImpl.newInstance(NativeConstructorAccessorImpl.java:77)\n\tat java.base/jdk.internal.reflect.DelegatingConstructorAccessorImpl.newInstance(DelegatingConstructorAccessorImpl.java:45)\n\tat java.base/java.lang.reflect.Constructor.newInstanceWithCaller(Constructor.java:499)\n\tat java.base/java.lang.reflect.Constructor.newInstance(Constructor.java:480)\n\tat org.openqa.selenium.remote.http.W3CHttpResponseCodec.createException(W3CHttpResponseCodec.java:187)\n\tat org.openqa.selenium.remote.http.W3CHttpResponseCodec.decode(W3CHttpResponseCodec.java:122)\n\tat org.openqa.selenium.remote.http.W3CHttpResponseCodec.decode(W3CHttpResponseCodec.java:49)\n\tat org.openqa.selenium.remote.HttpCommandExecutor.execute(HttpCommandExecutor.java:158)\n\tat org.openqa.selenium.remote.service.DriverCommandExecutor.execute(DriverCommandExecutor.java:83)\n\tat org.openqa.selenium.remote.RemoteWebDriver.execute(RemoteWebDriver.java:552)\n\tat org.openqa.selenium.remote.RemoteWebDriver.get(RemoteWebDriver.java:277)\n\tat StepDefinitions.Hooks.setUp(Hooks.java:15)\n","duration":34192000,"status":"failed"},"match":{"location":"StepDefinitions.Hooks.setUp()"}}],"line":5,"name":"Drag element A and Drop to element B","description":"","id":"drag-and-drop;drag-element-a-and-drop-to-element-b","after":[{"result":{"error_message":"org.openqa.selenium.NoSuchWindowException: no such window: target window already closed\nfrom unknown error: web view not found\n  (Session info: chrome=106.0.5249.119)\nBuild info: version: '3.141.59', revision: 'e82be7d358', time: '2018-11-14T08:17:03'\nSystem info: host: 'Foroghs-MBP.lan', ip: '2603:8000:9b40:cb48:0:0:0:1d9d%en0', os.name: 'Mac OS X', os.arch: 'x86_64', os.version: '12.6', java.version: '17.0.2'\nDriver info: org.openqa.selenium.chrome.ChromeDriver\nCapabilities {acceptInsecureCerts: false, browserName: chrome, browserVersion: 106.0.5249.119, chrome: {chromedriverVersion: 106.0.5249.61 (511755355844..., userDataDir: /var/folders/73/xdbt43kj7v7...}, goog:chromeOptions: {debuggerAddress: localhost:53083}, javascriptEnabled: true, networkConnectionEnabled: false, pageLoadStrategy: normal, platform: MAC, platformName: MAC, proxy: Proxy(), setWindowRect: true, strictFileInteractability: false, timeouts: {implicit: 0, pageLoad: 300000, script: 30000}, unhandledPromptBehavior: dismiss and notify, webauthn:extension:credBlob: true, webauthn:extension:largeBlob: true, webauthn:virtualAuthenticators: true}\nSession ID: a87d3b3963caeae121301a7f92466e2e\n\tat java.base/jdk.internal.reflect.NativeConstructorAccessorImpl.newInstance0(Native Method)\n\tat java.base/jdk.internal.reflect.NativeConstructorAccessorImpl.newInstance(NativeConstructorAccessorImpl.java:77)\n\tat java.base/jdk.internal.reflect.DelegatingConstructorAccessorImpl.newInstance(DelegatingConstructorAccessorImpl.java:45)\n\tat java.base/java.lang.reflect.Constructor.newInstanceWithCaller(Constructor.java:499)\n\tat java.base/java.lang.reflect.Constructor.newInstance(Constructor.java:480)\n\tat org.openqa.selenium.remote.http.W3CHttpResponseCodec.createException(W3CHttpResponseCodec.java:187)\n\tat org.openqa.selenium.remote.http.W3CHttpResponseCodec.decode(W3CHttpResponseCodec.java:122)\n\tat org.openqa.selenium.remote.http.W3CHttpResponseCodec.decode(W3CHttpResponseCodec.java:49)\n\tat org.openqa.selenium.remote.HttpCommandExecutor.execute(HttpCommandExecutor.java:158)\n\tat org.openqa.selenium.remote.service.DriverCommandExecutor.execute(DriverCommandExecutor.java:83)\n\tat org.openqa.selenium.remote.RemoteWebDriver.execute(RemoteWebDriver.java:552)\n\tat org.openqa.selenium.remote.RemoteWebDriver.execute(RemoteWebDriver.java:609)\n\tat org.openqa.selenium.remote.RemoteWebDriver.getScreenshotAs(RemoteWebDriver.java:295)\n\tat StepDefinitions.Hooks.tearDown(Hooks.java:21)\n","duration":4037000,"status":"failed"},"match":{"location":"StepDefinitions.Hooks.tearDown(io.cucumber.java.Scenario)"}}],"type":"scenario","keyword":"Scenario","steps":[{"result":{"duration":411000,"status":"skipped"},"line":6,"name":"user is on \"/drag_and_drop\" page","match":{"arguments":[{"val":"\"/drag_and_drop\"","offset":11}],"location":"StepDefinitions.T05_DragAndDropStepDefs.user_is_on_page(java.lang.String)"},"keyword":"Given "},{"result":{"duration":90000,"status":"skipped"},"line":7,"name":"user drags element A and drops to element B","match":{"location":"StepDefinitions.T05_DragAndDropStepDefs.user_drags_element_a_and_drops_to_element_b()"},"keyword":"When "},{"result":{"duration":68000,"status":"skipped"},"line":8,"name":"user should be abel to assert the text switch on the elements","match":{"location":"StepDefinitions.T05_DragAndDropStepDefs.user_should_be_abel_to_assert_the_text_switch_on_the_elements()"},"keyword":"Then "}],"tags":[{"name":"@DragDrop"},{"name":"@Test"}]}],"name":"Drag and Drop","description":"","id":"drag-and-drop","keyword":"Feature","uri":"file:src/test/resources/features/dargAndDrop.feature","tags":[{"name":"@DragDrop","type":"Tag","location":{"line":1,"column":1}}]},{"line":2,"elements":[{"start_timestamp":"2022-10-20T05:56:40.896Z","before":[{"result":{"error_message":"org.openqa.selenium.NoSuchWindowException: no such window: target window already closed\nfrom unknown error: web view not found\n  (Session info: chrome=106.0.5249.119)\nBuild info: version: '3.141.59', revision: 'e82be7d358', time: '2018-11-14T08:17:03'\nSystem info: host: 'Foroghs-MBP.lan', ip: '2603:8000:9b40:cb48:0:0:0:1d9d%en0', os.name: 'Mac OS X', os.arch: 'x86_64', os.version: '12.6', java.version: '17.0.2'\nDriver info: org.openqa.selenium.chrome.ChromeDriver\nCapabilities {acceptInsecureCerts: false, browserName: chrome, browserVersion: 106.0.5249.119, chrome: {chromedriverVersion: 106.0.5249.61 (511755355844..., userDataDir: /var/folders/73/xdbt43kj7v7...}, goog:chromeOptions: {debuggerAddress: localhost:53083}, javascriptEnabled: true, networkConnectionEnabled: false, pageLoadStrategy: normal, platform: MAC, platformName: MAC, proxy: Proxy(), setWindowRect: true, strictFileInteractability: false, timeouts: {implicit: 0, pageLoad: 300000, script: 30000}, unhandledPromptBehavior: dismiss and notify, webauthn:extension:credBlob: true, webauthn:extension:largeBlob: true, webauthn:virtualAuthenticators: true}\nSession ID: a87d3b3963caeae121301a7f92466e2e\n\tat java.base/jdk.internal.reflect.NativeConstructorAccessorImpl.newInstance0(Native Method)\n\tat java.base/jdk.internal.reflect.NativeConstructorAccessorImpl.newInstance(NativeConstructorAccessorImpl.java:77)\n\tat java.base/jdk.internal.reflect.DelegatingConstructorAccessorImpl.newInstance(DelegatingConstructorAccessorImpl.java:45)\n\tat java.base/java.lang.reflect.Constructor.newInstanceWithCaller(Constructor.java:499)\n\tat java.base/java.lang.reflect.Constructor.newInstance(Constructor.java:480)\n\tat org.openqa.selenium.remote.http.W3CHttpResponseCodec.createException(W3CHttpResponseCodec.java:187)\n\tat org.openqa.selenium.remote.http.W3CHttpResponseCodec.decode(W3CHttpResponseCodec.java:122)\n\tat org.openqa.selenium.remote.http.W3CHttpResponseCodec.decode(W3CHttpResponseCodec.java:49)\n\tat org.openqa.selenium.remote.HttpCommandExecutor.execute(HttpCommandExecutor.java:158)\n\tat org.openqa.selenium.remote.service.DriverCommandExecutor.execute(DriverCommandExecutor.java:83)\n\tat org.openqa.selenium.remote.RemoteWebDriver.execute(RemoteWebDriver.java:552)\n\tat org.openqa.selenium.remote.RemoteWebDriver.get(RemoteWebDriver.java:277)\n\tat StepDefinitions.Hooks.setUp(Hooks.java:15)\n","duration":35508000,"status":"failed"},"match":{"location":"StepDefinitions.Hooks.setUp()"}}],"line":5,"name":"Select option 1 and 2 from dropdown","description":"","id":"dropdown-feature;select-option-1-and-2-from-dropdown","after":[{"result":{"error_message":"org.openqa.selenium.NoSuchWindowException: no such window: target window already closed\nfrom unknown error: web view not found\n  (Session info: chrome=106.0.5249.119)\nBuild info: version: '3.141.59', revision: 'e82be7d358', time: '2018-11-14T08:17:03'\nSystem info: host: 'Foroghs-MBP.lan', ip: '2603:8000:9b40:cb48:0:0:0:1d9d%en0', os.name: 'Mac OS X', os.arch: 'x86_64', os.version: '12.6', java.version: '17.0.2'\nDriver info: org.openqa.selenium.chrome.ChromeDriver\nCapabilities {acceptInsecureCerts: false, browserName: chrome, browserVersion: 106.0.5249.119, chrome: {chromedriverVersion: 106.0.5249.61 (511755355844..., userDataDir: /var/folders/73/xdbt43kj7v7...}, goog:chromeOptions: {debuggerAddress: localhost:53083}, javascriptEnabled: true, networkConnectionEnabled: false, pageLoadStrategy: normal, platform: MAC, platformName: MAC, proxy: Proxy(), setWindowRect: true, strictFileInteractability: false, timeouts: {implicit: 0, pageLoad: 300000, script: 30000}, unhandledPromptBehavior: dismiss and notify, webauthn:extension:credBlob: true, webauthn:extension:largeBlob: true, webauthn:virtualAuthenticators: true}\nSession ID: a87d3b3963caeae121301a7f92466e2e\n\tat java.base/jdk.internal.reflect.NativeConstructorAccessorImpl.newInstance0(Native Method)\n\tat java.base/jdk.internal.reflect.NativeConstructorAccessorImpl.newInstance(NativeConstructorAccessorImpl.java:77)\n\tat java.base/jdk.internal.reflect.DelegatingConstructorAccessorImpl.newInstance(DelegatingConstructorAccessorImpl.java:45)\n\tat java.base/java.lang.reflect.Constructor.newInstanceWithCaller(Constructor.java:499)\n\tat java.base/java.lang.reflect.Constructor.newInstance(Constructor.java:480)\n\tat org.openqa.selenium.remote.http.W3CHttpResponseCodec.createException(W3CHttpResponseCodec.java:187)\n\tat org.openqa.selenium.remote.http.W3CHttpResponseCodec.decode(W3CHttpResponseCodec.java:122)\n\tat org.openqa.selenium.remote.http.W3CHttpResponseCodec.decode(W3CHttpResponseCodec.java:49)\n\tat org.openqa.selenium.remote.HttpCommandExecutor.execute(HttpCommandExecutor.java:158)\n\tat org.openqa.selenium.remote.service.DriverCommandExecutor.execute(DriverCommandExecutor.java:83)\n\tat org.openqa.selenium.remote.RemoteWebDriver.execute(RemoteWebDriver.java:552)\n\tat org.openqa.selenium.remote.RemoteWebDriver.execute(RemoteWebDriver.java:609)\n\tat org.openqa.selenium.remote.RemoteWebDriver.getScreenshotAs(RemoteWebDriver.java:295)\n\tat StepDefinitions.Hooks.tearDown(Hooks.java:21)\n","duration":7528000,"status":"failed"},"match":{"location":"StepDefinitions.Hooks.tearDown(io.cucumber.java.Scenario)"}}],"type":"scenario","keyword":"Scenario","steps":[{"result":{"duration":299000,"status":"skipped"},"line":6,"name":"user is on the \"/dropdown\" DropDown page","match":{"arguments":[{"val":"\"/dropdown\"","offset":15}],"location":"StepDefinitions.T06_DropDownStepDefs.userIsOnTheDropDownPage(java.lang.String)"},"keyword":"Given "},{"result":{"duration":115000,"status":"skipped"},"line":7,"name":"user selects option one and asserts that it is selected","match":{"location":"StepDefinitions.T06_DropDownStepDefs.userSelectsOptionOneAndAssertsThatItIsSelected()"},"keyword":"When "},{"result":{"duration":256000,"status":"skipped"},"line":8,"name":"user selects option two and asserts that it is selected","match":{"location":"StepDefinitions.T06_DropDownStepDefs.userSelectsOptionTwoAndAssertsThatItIsSelected()"},"keyword":"Then "}],"tags":[{"name":"@Dropdown"},{"name":"@Test"}]}],"name":"Dropdown feature","description":"","id":"dropdown-feature","keyword":"Feature","uri":"file:src/test/resources/features/dropdown.feature","tags":[{"name":"@Dropdown","type":"Tag","location":{"line":1,"column":1}}]},{"line":2,"elements":[{"start_timestamp":"2022-10-20T05:56:41.005Z","before":[{"result":{"error_message":"org.openqa.selenium.NoSuchWindowException: no such window: target window already closed\nfrom unknown error: web view not found\n  (Session info: chrome=106.0.5249.119)\nBuild info: version: '3.141.59', revision: 'e82be7d358', time: '2018-11-14T08:17:03'\nSystem info: host: 'Foroghs-MBP.lan', ip: '2603:8000:9b40:cb48:0:0:0:1d9d%en0', os.name: 'Mac OS X', os.arch: 'x86_64', os.version: '12.6', java.version: '17.0.2'\nDriver info: org.openqa.selenium.chrome.ChromeDriver\nCapabilities {acceptInsecureCerts: false, browserName: chrome, browserVersion: 106.0.5249.119, chrome: {chromedriverVersion: 106.0.5249.61 (511755355844..., userDataDir: /var/folders/73/xdbt43kj7v7...}, goog:chromeOptions: {debuggerAddress: localhost:53083}, javascriptEnabled: true, networkConnectionEnabled: false, pageLoadStrategy: normal, platform: MAC, platformName: MAC, proxy: Proxy(), setWindowRect: true, strictFileInteractability: false, timeouts: {implicit: 0, pageLoad: 300000, script: 30000}, unhandledPromptBehavior: dismiss and notify, webauthn:extension:credBlob: true, webauthn:extension:largeBlob: true, webauthn:virtualAuthenticators: true}\nSession ID: a87d3b3963caeae121301a7f92466e2e\n\tat java.base/jdk.internal.reflect.NativeConstructorAccessorImpl.newInstance0(Native Method)\n\tat java.base/jdk.internal.reflect.NativeConstructorAccessorImpl.newInstance(NativeConstructorAccessorImpl.java:77)\n\tat java.base/jdk.internal.reflect.DelegatingConstructorAccessorImpl.newInstance(DelegatingConstructorAccessorImpl.java:45)\n\tat java.base/java.lang.reflect.Constructor.newInstanceWithCaller(Constructor.java:499)\n\tat java.base/java.lang.reflect.Constructor.newInstance(Constructor.java:480)\n\tat org.openqa.selenium.remote.http.W3CHttpResponseCodec.createException(W3CHttpResponseCodec.java:187)\n\tat org.openqa.selenium.remote.http.W3CHttpResponseCodec.decode(W3CHttpResponseCodec.java:122)\n\tat org.openqa.selenium.remote.http.W3CHttpResponseCodec.decode(W3CHttpResponseCodec.java:49)\n\tat org.openqa.selenium.remote.HttpCommandExecutor.execute(HttpCommandExecutor.java:158)\n\tat org.openqa.selenium.remote.service.DriverCommandExecutor.execute(DriverCommandExecutor.java:83)\n\tat org.openqa.selenium.remote.RemoteWebDriver.execute(RemoteWebDriver.java:552)\n\tat org.openqa.selenium.remote.RemoteWebDriver.get(RemoteWebDriver.java:277)\n\tat StepDefinitions.Hooks.setUp(Hooks.java:15)\n","duration":37311000,"status":"failed"},"match":{"location":"StepDefinitions.Hooks.setUp()"}}],"line":5,"name":"Content changes with page reload","description":"","id":"dynamic-content-feature;content-changes-with-page-reload","after":[{"result":{"error_message":"org.openqa.selenium.NoSuchWindowException: no such window: target window already closed\nfrom unknown error: web view not found\n  (Session info: chrome=106.0.5249.119)\nBuild info: version: '3.141.59', revision: 'e82be7d358', time: '2018-11-14T08:17:03'\nSystem info: host: 'Foroghs-MBP.lan', ip: '2603:8000:9b40:cb48:0:0:0:1d9d%en0', os.name: 'Mac OS X', os.arch: 'x86_64', os.version: '12.6', java.version: '17.0.2'\nDriver info: org.openqa.selenium.chrome.ChromeDriver\nCapabilities {acceptInsecureCerts: false, browserName: chrome, browserVersion: 106.0.5249.119, chrome: {chromedriverVersion: 106.0.5249.61 (511755355844..., userDataDir: /var/folders/73/xdbt43kj7v7...}, goog:chromeOptions: {debuggerAddress: localhost:53083}, javascriptEnabled: true, networkConnectionEnabled: false, pageLoadStrategy: normal, platform: MAC, platformName: MAC, proxy: Proxy(), setWindowRect: true, strictFileInteractability: false, timeouts: {implicit: 0, pageLoad: 300000, script: 30000}, unhandledPromptBehavior: dismiss and notify, webauthn:extension:credBlob: true, webauthn:extension:largeBlob: true, webauthn:virtualAuthenticators: true}\nSession ID: a87d3b3963caeae121301a7f92466e2e\n\tat java.base/jdk.internal.reflect.NativeConstructorAccessorImpl.newInstance0(Native Method)\n\tat java.base/jdk.internal.reflect.NativeConstructorAccessorImpl.newInstance(NativeConstructorAccessorImpl.java:77)\n\tat java.base/jdk.internal.reflect.DelegatingConstructorAccessorImpl.newInstance(DelegatingConstructorAccessorImpl.java:45)\n\tat java.base/java.lang.reflect.Constructor.newInstanceWithCaller(Constructor.java:499)\n\tat java.base/java.lang.reflect.Constructor.newInstance(Constructor.java:480)\n\tat org.openqa.selenium.remote.http.W3CHttpResponseCodec.createException(W3CHttpResponseCodec.java:187)\n\tat org.openqa.selenium.remote.http.W3CHttpResponseCodec.decode(W3CHttpResponseCodec.java:122)\n\tat org.openqa.selenium.remote.http.W3CHttpResponseCodec.decode(W3CHttpResponseCodec.java:49)\n\tat org.openqa.selenium.remote.HttpCommandExecutor.execute(HttpCommandExecutor.java:158)\n\tat org.openqa.selenium.remote.service.DriverCommandExecutor.execute(DriverCommandExecutor.java:83)\n\tat org.openqa.selenium.remote.RemoteWebDriver.execute(RemoteWebDriver.java:552)\n\tat org.openqa.selenium.remote.RemoteWebDriver.execute(RemoteWebDriver.java:609)\n\tat org.openqa.selenium.remote.RemoteWebDriver.getScreenshotAs(RemoteWebDriver.java:295)\n\tat StepDefinitions.Hooks.tearDown(Hooks.java:21)\n","duration":12153000,"status":"failed"},"match":{"location":"StepDefinitions.Hooks.tearDown(io.cucumber.java.Scenario)"}}],"type":"scenario","keyword":"Scenario","steps":[{"result":{"duration":163000,"status":"skipped"},"line":6,"name":"user is on the \"/dynamic_content\" Dynamic Content page","match":{"arguments":[{"val":"\"/dynamic_content\"","offset":15}],"location":"StepDefinitions.T07_DynamicContentStepDefs.user_is_on_the_dynamic_content_page(java.lang.String)"},"keyword":"Given "},{"result":{"duration":87000,"status":"skipped"},"line":7,"name":"user refreshes the page","match":{"location":"StepDefinitions.T07_DynamicContentStepDefs.user_refreshes_the_page()"},"keyword":"When "},{"result":{"duration":95000,"status":"skipped"},"line":8,"name":"user asserts that page content is changing and not same","match":{"location":"StepDefinitions.T07_DynamicContentStepDefs.user_asserts_that_page_content_is_changing_and_not_same()"},"keyword":"Then "}],"tags":[{"name":"@DynamicContent"},{"name":"@Test"}]}],"name":"Dynamic Content feature","description":"","id":"dynamic-content-feature","keyword":"Feature","uri":"file:src/test/resources/features/dynamicContent.feature","tags":[{"name":"@DynamicContent","type":"Tag","location":{"line":1,"column":1}}]},{"line":2,"elements":[{"start_timestamp":"2022-10-20T05:56:41.127Z","before":[{"result":{"error_message":"org.openqa.selenium.NoSuchWindowException: no such window: target window already closed\nfrom unknown error: web view not found\n  (Session info: chrome=106.0.5249.119)\nBuild info: version: '3.141.59', revision: 'e82be7d358', time: '2018-11-14T08:17:03'\nSystem info: host: 'Foroghs-MBP.lan', ip: '2603:8000:9b40:cb48:0:0:0:1d9d%en0', os.name: 'Mac OS X', os.arch: 'x86_64', os.version: '12.6', java.version: '17.0.2'\nDriver info: org.openqa.selenium.chrome.ChromeDriver\nCapabilities {acceptInsecureCerts: false, browserName: chrome, browserVersion: 106.0.5249.119, chrome: {chromedriverVersion: 106.0.5249.61 (511755355844..., userDataDir: /var/folders/73/xdbt43kj7v7...}, goog:chromeOptions: {debuggerAddress: localhost:53083}, javascriptEnabled: true, networkConnectionEnabled: false, pageLoadStrategy: normal, platform: MAC, platformName: MAC, proxy: Proxy(), setWindowRect: true, strictFileInteractability: false, timeouts: {implicit: 0, pageLoad: 300000, script: 30000}, unhandledPromptBehavior: dismiss and notify, webauthn:extension:credBlob: true, webauthn:extension:largeBlob: true, webauthn:virtualAuthenticators: true}\nSession ID: a87d3b3963caeae121301a7f92466e2e\n\tat java.base/jdk.internal.reflect.NativeConstructorAccessorImpl.newInstance0(Native Method)\n\tat java.base/jdk.internal.reflect.NativeConstructorAccessorImpl.newInstance(NativeConstructorAccessorImpl.java:77)\n\tat java.base/jdk.internal.reflect.DelegatingConstructorAccessorImpl.newInstance(DelegatingConstructorAccessorImpl.java:45)\n\tat java.base/java.lang.reflect.Constructor.newInstanceWithCaller(Constructor.java:499)\n\tat java.base/java.lang.reflect.Constructor.newInstance(Constructor.java:480)\n\tat org.openqa.selenium.remote.http.W3CHttpResponseCodec.createException(W3CHttpResponseCodec.java:187)\n\tat org.openqa.selenium.remote.http.W3CHttpResponseCodec.decode(W3CHttpResponseCodec.java:122)\n\tat org.openqa.selenium.remote.http.W3CHttpResponseCodec.decode(W3CHttpResponseCodec.java:49)\n\tat org.openqa.selenium.remote.HttpCommandExecutor.execute(HttpCommandExecutor.java:158)\n\tat org.openqa.selenium.remote.service.DriverCommandExecutor.execute(DriverCommandExecutor.java:83)\n\tat org.openqa.selenium.remote.RemoteWebDriver.execute(RemoteWebDriver.java:552)\n\tat org.openqa.selenium.remote.RemoteWebDriver.get(RemoteWebDriver.java:277)\n\tat StepDefinitions.Hooks.setUp(Hooks.java:15)\n","duration":30896000,"status":"failed"},"match":{"location":"StepDefinitions.Hooks.setUp()"}}],"line":5,"name":"Asserting functionality of each button and verifying their results","description":"","id":"test-dynamic-controls-using-explicit-waits.;asserting-functionality-of-each-button-and-verifying-their-results","after":[{"result":{"error_message":"org.openqa.selenium.NoSuchWindowException: no such window: target window already closed\nfrom unknown error: web view not found\n  (Session info: chrome=106.0.5249.119)\nBuild info: version: '3.141.59', revision: 'e82be7d358', time: '2018-11-14T08:17:03'\nSystem info: host: 'Foroghs-MBP.lan', ip: '2603:8000:9b40:cb48:0:0:0:1d9d%en0', os.name: 'Mac OS X', os.arch: 'x86_64', os.version: '12.6', java.version: '17.0.2'\nDriver info: org.openqa.selenium.chrome.ChromeDriver\nCapabilities {acceptInsecureCerts: false, browserName: chrome, browserVersion: 106.0.5249.119, chrome: {chromedriverVersion: 106.0.5249.61 (511755355844..., userDataDir: /var/folders/73/xdbt43kj7v7...}, goog:chromeOptions: {debuggerAddress: localhost:53083}, javascriptEnabled: true, networkConnectionEnabled: false, pageLoadStrategy: normal, platform: MAC, platformName: MAC, proxy: Proxy(), setWindowRect: true, strictFileInteractability: false, timeouts: {implicit: 0, pageLoad: 300000, script: 30000}, unhandledPromptBehavior: dismiss and notify, webauthn:extension:credBlob: true, webauthn:extension:largeBlob: true, webauthn:virtualAuthenticators: true}\nSession ID: a87d3b3963caeae121301a7f92466e2e\n\tat java.base/jdk.internal.reflect.NativeConstructorAccessorImpl.newInstance0(Native Method)\n\tat java.base/jdk.internal.reflect.NativeConstructorAccessorImpl.newInstance(NativeConstructorAccessorImpl.java:77)\n\tat java.base/jdk.internal.reflect.DelegatingConstructorAccessorImpl.newInstance(DelegatingConstructorAccessorImpl.java:45)\n\tat java.base/java.lang.reflect.Constructor.newInstanceWithCaller(Constructor.java:499)\n\tat java.base/java.lang.reflect.Constructor.newInstance(Constructor.java:480)\n\tat org.openqa.selenium.remote.http.W3CHttpResponseCodec.createException(W3CHttpResponseCodec.java:187)\n\tat org.openqa.selenium.remote.http.W3CHttpResponseCodec.decode(W3CHttpResponseCodec.java:122)\n\tat org.openqa.selenium.remote.http.W3CHttpResponseCodec.decode(W3CHttpResponseCodec.java:49)\n\tat org.openqa.selenium.remote.HttpCommandExecutor.execute(HttpCommandExecutor.java:158)\n\tat org.openqa.selenium.remote.service.DriverCommandExecutor.execute(DriverCommandExecutor.java:83)\n\tat org.openqa.selenium.remote.RemoteWebDriver.execute(RemoteWebDriver.java:552)\n\tat org.openqa.selenium.remote.RemoteWebDriver.execute(RemoteWebDriver.java:609)\n\tat org.openqa.selenium.remote.RemoteWebDriver.getScreenshotAs(RemoteWebDriver.java:295)\n\tat StepDefinitions.Hooks.tearDown(Hooks.java:21)\n","duration":9444000,"status":"failed"},"match":{"location":"StepDefinitions.Hooks.tearDown(io.cucumber.java.Scenario)"}}],"type":"scenario","keyword":"Scenario","steps":[{"result":{"duration":154000,"status":"skipped"},"line":6,"name":"user is on the \"/dynamic_controls\" Dynamic Controls page","match":{"arguments":[{"val":"\"/dynamic_controls\"","offset":15}],"location":"StepDefinitions.T08_DynamicControlsStepDefs.user_is_on_the_dynamic_controls_page(java.lang.String)"},"keyword":"Given "},{"result":{"duration":78000,"status":"skipped"},"line":7,"name":"user clicks on the Remove Button and uses explicit wait.","match":{"location":"StepDefinitions.T08_DynamicControlsStepDefs.user_clicks_on_the_remove_button_and_uses_explicit_wait()"},"keyword":"When "},{"result":{"duration":65000,"status":"skipped"},"line":8,"name":"asserts that the checkbox is gone.","match":{"location":"StepDefinitions.T08_DynamicControlsStepDefs.asserts_that_the_checkbox_is_gone()"},"keyword":"Then "},{"result":{"duration":84000,"status":"skipped"},"line":9,"name":"user clicks on Add Button and uses explicit wait.","match":{"location":"StepDefinitions.T08_DynamicControlsStepDefs.user_clicks_on_add_button_and_uses_explicit_wait()"},"keyword":"And "},{"result":{"duration":62000,"status":"skipped"},"line":10,"name":"user asserts that the checkbox is present.","match":{"location":"StepDefinitions.T08_DynamicControlsStepDefs.user_asserts_that_the_checkbox_is_present()"},"keyword":"Then "},{"result":{"duration":73000,"status":"skipped"},"line":11,"name":"user clicks on the Enable Button and uses explicit wait.","match":{"location":"StepDefinitions.T08_DynamicControlsStepDefs.user_clicks_on_the_enable_button_and_uses_explicit_wait()"},"keyword":"And "},{"result":{"duration":361000,"status":"skipped"},"line":12,"name":"user asserts that the text box is enabled.","match":{"location":"StepDefinitions.T08_DynamicControlsStepDefs.user_asserts_that_the_text_box_is_enabled()"},"keyword":"Then "},{"result":{"duration":213000,"status":"skipped"},"line":13,"name":"user clicks on the Disable Button and uses explicit wait.","match":{"location":"StepDefinitions.T08_DynamicControlsStepDefs.user_clicks_on_the_disable_button_and_uses_explicit_wait()"},"keyword":"And "},{"result":{"duration":88000,"status":"skipped"},"line":14,"name":"user asserts that the text box is disabled.","match":{"location":"StepDefinitions.T08_DynamicControlsStepDefs.user_asserts_that_the_text_box_is_disabled()"},"keyword":"Then "}],"tags":[{"name":"@DynamicControls"},{"name":"@Test"}]}],"name":"Test Dynamic Controls using Explicit Waits.","description":"","id":"test-dynamic-controls-using-explicit-waits.","keyword":"Feature","uri":"file:src/test/resources/features/dynamicControls.feature","tags":[{"name":"@DynamicControls","type":"Tag","location":{"line":1,"column":1}}]},{"line":2,"elements":[{"start_timestamp":"2022-10-20T05:56:41.260Z","before":[{"result":{"error_message":"org.openqa.selenium.NoSuchWindowException: no such window: target window already closed\nfrom unknown error: web view not found\n  (Session info: chrome=106.0.5249.119)\nBuild info: version: '3.141.59', revision: 'e82be7d358', time: '2018-11-14T08:17:03'\nSystem info: host: 'Foroghs-MBP.lan', ip: '2603:8000:9b40:cb48:0:0:0:1d9d%en0', os.name: 'Mac OS X', os.arch: 'x86_64', os.version: '12.6', java.version: '17.0.2'\nDriver info: org.openqa.selenium.chrome.ChromeDriver\nCapabilities {acceptInsecureCerts: false, browserName: chrome, browserVersion: 106.0.5249.119, chrome: {chromedriverVersion: 106.0.5249.61 (511755355844..., userDataDir: /var/folders/73/xdbt43kj7v7...}, goog:chromeOptions: {debuggerAddress: localhost:53083}, javascriptEnabled: true, networkConnectionEnabled: false, pageLoadStrategy: normal, platform: MAC, platformName: MAC, proxy: Proxy(), setWindowRect: true, strictFileInteractability: false, timeouts: {implicit: 0, pageLoad: 300000, script: 30000}, unhandledPromptBehavior: dismiss and notify, webauthn:extension:credBlob: true, webauthn:extension:largeBlob: true, webauthn:virtualAuthenticators: true}\nSession ID: a87d3b3963caeae121301a7f92466e2e\n\tat java.base/jdk.internal.reflect.NativeConstructorAccessorImpl.newInstance0(Native Method)\n\tat java.base/jdk.internal.reflect.NativeConstructorAccessorImpl.newInstance(NativeConstructorAccessorImpl.java:77)\n\tat java.base/jdk.internal.reflect.DelegatingConstructorAccessorImpl.newInstance(DelegatingConstructorAccessorImpl.java:45)\n\tat java.base/java.lang.reflect.Constructor.newInstanceWithCaller(Constructor.java:499)\n\tat java.base/java.lang.reflect.Constructor.newInstance(Constructor.java:480)\n\tat org.openqa.selenium.remote.http.W3CHttpResponseCodec.createException(W3CHttpResponseCodec.java:187)\n\tat org.openqa.selenium.remote.http.W3CHttpResponseCodec.decode(W3CHttpResponseCodec.java:122)\n\tat org.openqa.selenium.remote.http.W3CHttpResponseCodec.decode(W3CHttpResponseCodec.java:49)\n\tat org.openqa.selenium.remote.HttpCommandExecutor.execute(HttpCommandExecutor.java:158)\n\tat org.openqa.selenium.remote.service.DriverCommandExecutor.execute(DriverCommandExecutor.java:83)\n\tat org.openqa.selenium.remote.RemoteWebDriver.execute(RemoteWebDriver.java:552)\n\tat org.openqa.selenium.remote.RemoteWebDriver.get(RemoteWebDriver.java:277)\n\tat StepDefinitions.Hooks.setUp(Hooks.java:15)\n","duration":31491000,"status":"failed"},"match":{"location":"StepDefinitions.Hooks.setUp()"}}],"line":5,"name":"User clicks the start button and uses explicit wait and asserts that “Hello World!” text is displayed.","description":"","id":"test-dynamic-loading-using-explicit-waits.;user-clicks-the-start-button-and-uses-explicit-wait-and-asserts-that-“hello-world-”-text-is-displayed.","after":[{"result":{"error_message":"org.openqa.selenium.NoSuchWindowException: no such window: target window already closed\nfrom unknown error: web view not found\n  (Session info: chrome=106.0.5249.119)\nBuild info: version: '3.141.59', revision: 'e82be7d358', time: '2018-11-14T08:17:03'\nSystem info: host: 'Foroghs-MBP.lan', ip: '2603:8000:9b40:cb48:0:0:0:1d9d%en0', os.name: 'Mac OS X', os.arch: 'x86_64', os.version: '12.6', java.version: '17.0.2'\nDriver info: org.openqa.selenium.chrome.ChromeDriver\nCapabilities {acceptInsecureCerts: false, browserName: chrome, browserVersion: 106.0.5249.119, chrome: {chromedriverVersion: 106.0.5249.61 (511755355844..., userDataDir: /var/folders/73/xdbt43kj7v7...}, goog:chromeOptions: {debuggerAddress: localhost:53083}, javascriptEnabled: true, networkConnectionEnabled: false, pageLoadStrategy: normal, platform: MAC, platformName: MAC, proxy: Proxy(), setWindowRect: true, strictFileInteractability: false, timeouts: {implicit: 0, pageLoad: 300000, script: 30000}, unhandledPromptBehavior: dismiss and notify, webauthn:extension:credBlob: true, webauthn:extension:largeBlob: true, webauthn:virtualAuthenticators: true}\nSession ID: a87d3b3963caeae121301a7f92466e2e\n\tat java.base/jdk.internal.reflect.NativeConstructorAccessorImpl.newInstance0(Native Method)\n\tat java.base/jdk.internal.reflect.NativeConstructorAccessorImpl.newInstance(NativeConstructorAccessorImpl.java:77)\n\tat java.base/jdk.internal.reflect.DelegatingConstructorAccessorImpl.newInstance(DelegatingConstructorAccessorImpl.java:45)\n\tat java.base/java.lang.reflect.Constructor.newInstanceWithCaller(Constructor.java:499)\n\tat java.base/java.lang.reflect.Constructor.newInstance(Constructor.java:480)\n\tat org.openqa.selenium.remote.http.W3CHttpResponseCodec.createException(W3CHttpResponseCodec.java:187)\n\tat org.openqa.selenium.remote.http.W3CHttpResponseCodec.decode(W3CHttpResponseCodec.java:122)\n\tat org.openqa.selenium.remote.http.W3CHttpResponseCodec.decode(W3CHttpResponseCodec.java:49)\n\tat org.openqa.selenium.remote.HttpCommandExecutor.execute(HttpCommandExecutor.java:158)\n\tat org.openqa.selenium.remote.service.DriverCommandExecutor.execute(DriverCommandExecutor.java:83)\n\tat org.openqa.selenium.remote.RemoteWebDriver.execute(RemoteWebDriver.java:552)\n\tat org.openqa.selenium.remote.RemoteWebDriver.execute(RemoteWebDriver.java:609)\n\tat org.openqa.selenium.remote.RemoteWebDriver.getScreenshotAs(RemoteWebDriver.java:295)\n\tat StepDefinitions.Hooks.tearDown(Hooks.java:21)\n","duration":24924000,"status":"failed"},"match":{"location":"StepDefinitions.Hooks.tearDown(io.cucumber.java.Scenario)"}}],"type":"scenario","keyword":"Scenario","steps":[{"result":{"duration":117000,"status":"skipped"},"line":6,"name":"user is on the \"/dynamic_loading/2\" Dynamic Loading page","match":{"arguments":[{"val":"\"/dynamic_loading/2\"","offset":15}],"location":"StepDefinitions.T09_DynamicLoadingStepDefs.user_is_on_the_dynamic_loading_page(java.lang.String)"},"keyword":"Given "},{"result":{"duration":94000,"status":"skipped"},"line":7,"name":"user clicks on START button","match":{"location":"StepDefinitions.T09_DynamicLoadingStepDefs.user_clicks_on_start_button()"},"keyword":"When "},{"result":{"duration":75000,"status":"skipped"},"line":8,"name":"user verifies that \"Hello World!\" text is displayed","match":{"arguments":[{"val":"\"Hello World!\"","offset":19}],"location":"StepDefinitions.T09_DynamicLoadingStepDefs.user_verifies_that_text_is_displayed(java.lang.String)"},"keyword":"Then "}],"tags":[{"name":"@DynamicLoading"},{"name":"@Test"}]}],"name":"Test Dynamic Loading using Explicit Waits.","description":"","id":"test-dynamic-loading-using-explicit-waits.","keyword":"Feature","uri":"file:src/test/resources/features/dynamicLoading.feature","tags":[{"name":"@DynamicLoading","type":"Tag","location":{"line":1,"column":1}}]},{"line":2,"elements":[{"start_timestamp":"2022-10-20T05:56:41.384Z","before":[{"result":{"error_message":"org.openqa.selenium.NoSuchWindowException: no such window: target window already closed\nfrom unknown error: web view not found\n  (Session info: chrome=106.0.5249.119)\nBuild info: version: '3.141.59', revision: 'e82be7d358', time: '2018-11-14T08:17:03'\nSystem info: host: 'Foroghs-MBP.lan', ip: '2603:8000:9b40:cb48:0:0:0:1d9d%en0', os.name: 'Mac OS X', os.arch: 'x86_64', os.version: '12.6', java.version: '17.0.2'\nDriver info: org.openqa.selenium.chrome.ChromeDriver\nCapabilities {acceptInsecureCerts: false, browserName: chrome, browserVersion: 106.0.5249.119, chrome: {chromedriverVersion: 106.0.5249.61 (511755355844..., userDataDir: /var/folders/73/xdbt43kj7v7...}, goog:chromeOptions: {debuggerAddress: localhost:53083}, javascriptEnabled: true, networkConnectionEnabled: false, pageLoadStrategy: normal, platform: MAC, platformName: MAC, proxy: Proxy(), setWindowRect: true, strictFileInteractability: false, timeouts: {implicit: 0, pageLoad: 300000, script: 30000}, unhandledPromptBehavior: dismiss and notify, webauthn:extension:credBlob: true, webauthn:extension:largeBlob: true, webauthn:virtualAuthenticators: true}\nSession ID: a87d3b3963caeae121301a7f92466e2e\n\tat java.base/jdk.internal.reflect.NativeConstructorAccessorImpl.newInstance0(Native Method)\n\tat java.base/jdk.internal.reflect.NativeConstructorAccessorImpl.newInstance(NativeConstructorAccessorImpl.java:77)\n\tat java.base/jdk.internal.reflect.DelegatingConstructorAccessorImpl.newInstance(DelegatingConstructorAccessorImpl.java:45)\n\tat java.base/java.lang.reflect.Constructor.newInstanceWithCaller(Constructor.java:499)\n\tat java.base/java.lang.reflect.Constructor.newInstance(Constructor.java:480)\n\tat org.openqa.selenium.remote.http.W3CHttpResponseCodec.createException(W3CHttpResponseCodec.java:187)\n\tat org.openqa.selenium.remote.http.W3CHttpResponseCodec.decode(W3CHttpResponseCodec.java:122)\n\tat org.openqa.selenium.remote.http.W3CHttpResponseCodec.decode(W3CHttpResponseCodec.java:49)\n\tat org.openqa.selenium.remote.HttpCommandExecutor.execute(HttpCommandExecutor.java:158)\n\tat org.openqa.selenium.remote.service.DriverCommandExecutor.execute(DriverCommandExecutor.java:83)\n\tat org.openqa.selenium.remote.RemoteWebDriver.execute(RemoteWebDriver.java:552)\n\tat org.openqa.selenium.remote.RemoteWebDriver.get(RemoteWebDriver.java:277)\n\tat StepDefinitions.Hooks.setUp(Hooks.java:15)\n","duration":24536000,"status":"failed"},"match":{"location":"StepDefinitions.Hooks.setUp()"}}],"line":5,"name":"Test File Download.","description":"","id":"test-file-download;test-file-download.","after":[{"result":{"error_message":"org.openqa.selenium.NoSuchWindowException: no such window: target window already closed\nfrom unknown error: web view not found\n  (Session info: chrome=106.0.5249.119)\nBuild info: version: '3.141.59', revision: 'e82be7d358', time: '2018-11-14T08:17:03'\nSystem info: host: 'Foroghs-MBP.lan', ip: '2603:8000:9b40:cb48:0:0:0:1d9d%en0', os.name: 'Mac OS X', os.arch: 'x86_64', os.version: '12.6', java.version: '17.0.2'\nDriver info: org.openqa.selenium.chrome.ChromeDriver\nCapabilities {acceptInsecureCerts: false, browserName: chrome, browserVersion: 106.0.5249.119, chrome: {chromedriverVersion: 106.0.5249.61 (511755355844..., userDataDir: /var/folders/73/xdbt43kj7v7...}, goog:chromeOptions: {debuggerAddress: localhost:53083}, javascriptEnabled: true, networkConnectionEnabled: false, pageLoadStrategy: normal, platform: MAC, platformName: MAC, proxy: Proxy(), setWindowRect: true, strictFileInteractability: false, timeouts: {implicit: 0, pageLoad: 300000, script: 30000}, unhandledPromptBehavior: dismiss and notify, webauthn:extension:credBlob: true, webauthn:extension:largeBlob: true, webauthn:virtualAuthenticators: true}\nSession ID: a87d3b3963caeae121301a7f92466e2e\n\tat java.base/jdk.internal.reflect.NativeConstructorAccessorImpl.newInstance0(Native Method)\n\tat java.base/jdk.internal.reflect.NativeConstructorAccessorImpl.newInstance(NativeConstructorAccessorImpl.java:77)\n\tat java.base/jdk.internal.reflect.DelegatingConstructorAccessorImpl.newInstance(DelegatingConstructorAccessorImpl.java:45)\n\tat java.base/java.lang.reflect.Constructor.newInstanceWithCaller(Constructor.java:499)\n\tat java.base/java.lang.reflect.Constructor.newInstance(Constructor.java:480)\n\tat org.openqa.selenium.remote.http.W3CHttpResponseCodec.createException(W3CHttpResponseCodec.java:187)\n\tat org.openqa.selenium.remote.http.W3CHttpResponseCodec.decode(W3CHttpResponseCodec.java:122)\n\tat org.openqa.selenium.remote.http.W3CHttpResponseCodec.decode(W3CHttpResponseCodec.java:49)\n\tat org.openqa.selenium.remote.HttpCommandExecutor.execute(HttpCommandExecutor.java:158)\n\tat org.openqa.selenium.remote.service.DriverCommandExecutor.execute(DriverCommandExecutor.java:83)\n\tat org.openqa.selenium.remote.RemoteWebDriver.execute(RemoteWebDriver.java:552)\n\tat org.openqa.selenium.remote.RemoteWebDriver.execute(RemoteWebDriver.java:609)\n\tat org.openqa.selenium.remote.RemoteWebDriver.getScreenshotAs(RemoteWebDriver.java:295)\n\tat StepDefinitions.Hooks.tearDown(Hooks.java:21)\n","duration":5289000,"status":"failed"},"match":{"location":"StepDefinitions.Hooks.tearDown(io.cucumber.java.Scenario)"}}],"type":"scenario","keyword":"Scenario","steps":[{"result":{"duration":88000,"status":"skipped"},"line":6,"name":"user is on the \"/download\" Download page","match":{"arguments":[{"val":"\"/download\"","offset":15}],"location":"StepDefinitions.T10_FileDownloadStepDefs.user_is_on_the_download_page(java.lang.String)"},"keyword":"Given "},{"result":{"duration":62000,"status":"skipped"},"line":7,"name":"user clicks on the file","match":{"location":"StepDefinitions.T10_FileDownloadStepDefs.user_clicks_on_the_file()"},"keyword":"When "},{"result":{"duration":94000,"status":"skipped"},"line":8,"name":"user verifies that the file is downloaded","match":{"location":"StepDefinitions.T10_FileDownloadStepDefs.user_verifies_that_the_file_is_downloaded()"},"keyword":"Then "}],"tags":[{"name":"@FileDownload"},{"name":"@Test"}]}],"name":"Test File Download","description":"","id":"test-file-download","keyword":"Feature","uri":"file:src/test/resources/features/fileDownload.feature","tags":[{"name":"@FileDownload","type":"Tag","location":{"line":1,"column":1}}]},{"line":2,"elements":[{"start_timestamp":"2022-10-20T05:56:41.458Z","before":[{"result":{"error_message":"org.openqa.selenium.NoSuchWindowException: no such window: target window already closed\nfrom unknown error: web view not found\n  (Session info: chrome=106.0.5249.119)\nBuild info: version: '3.141.59', revision: 'e82be7d358', time: '2018-11-14T08:17:03'\nSystem info: host: 'Foroghs-MBP.lan', ip: '2603:8000:9b40:cb48:0:0:0:1d9d%en0', os.name: 'Mac OS X', os.arch: 'x86_64', os.version: '12.6', java.version: '17.0.2'\nDriver info: org.openqa.selenium.chrome.ChromeDriver\nCapabilities {acceptInsecureCerts: false, browserName: chrome, browserVersion: 106.0.5249.119, chrome: {chromedriverVersion: 106.0.5249.61 (511755355844..., userDataDir: /var/folders/73/xdbt43kj7v7...}, goog:chromeOptions: {debuggerAddress: localhost:53083}, javascriptEnabled: true, networkConnectionEnabled: false, pageLoadStrategy: normal, platform: MAC, platformName: MAC, proxy: Proxy(), setWindowRect: true, strictFileInteractability: false, timeouts: {implicit: 0, pageLoad: 300000, script: 30000}, unhandledPromptBehavior: dismiss and notify, webauthn:extension:credBlob: true, webauthn:extension:largeBlob: true, webauthn:virtualAuthenticators: true}\nSession ID: a87d3b3963caeae121301a7f92466e2e\n\tat java.base/jdk.internal.reflect.NativeConstructorAccessorImpl.newInstance0(Native Method)\n\tat java.base/jdk.internal.reflect.NativeConstructorAccessorImpl.newInstance(NativeConstructorAccessorImpl.java:77)\n\tat java.base/jdk.internal.reflect.DelegatingConstructorAccessorImpl.newInstance(DelegatingConstructorAccessorImpl.java:45)\n\tat java.base/java.lang.reflect.Constructor.newInstanceWithCaller(Constructor.java:499)\n\tat java.base/java.lang.reflect.Constructor.newInstance(Constructor.java:480)\n\tat org.openqa.selenium.remote.http.W3CHttpResponseCodec.createException(W3CHttpResponseCodec.java:187)\n\tat org.openqa.selenium.remote.http.W3CHttpResponseCodec.decode(W3CHttpResponseCodec.java:122)\n\tat org.openqa.selenium.remote.http.W3CHttpResponseCodec.decode(W3CHttpResponseCodec.java:49)\n\tat org.openqa.selenium.remote.HttpCommandExecutor.execute(HttpCommandExecutor.java:158)\n\tat org.openqa.selenium.remote.service.DriverCommandExecutor.execute(DriverCommandExecutor.java:83)\n\tat org.openqa.selenium.remote.RemoteWebDriver.execute(RemoteWebDriver.java:552)\n\tat org.openqa.selenium.remote.RemoteWebDriver.get(RemoteWebDriver.java:277)\n\tat StepDefinitions.Hooks.setUp(Hooks.java:15)\n","duration":32190000,"status":"failed"},"match":{"location":"StepDefinitions.Hooks.setUp()"}}],"line":5,"name":"Using upload functionality asserting the File Upload","description":"","id":"file-upload-test;using-upload-functionality-asserting-the-file-upload","after":[{"result":{"error_message":"org.openqa.selenium.NoSuchWindowException: no such window: target window already closed\nfrom unknown error: web view not found\n  (Session info: chrome=106.0.5249.119)\nBuild info: version: '3.141.59', revision: 'e82be7d358', time: '2018-11-14T08:17:03'\nSystem info: host: 'Foroghs-MBP.lan', ip: '2603:8000:9b40:cb48:0:0:0:1d9d%en0', os.name: 'Mac OS X', os.arch: 'x86_64', os.version: '12.6', java.version: '17.0.2'\nDriver info: org.openqa.selenium.chrome.ChromeDriver\nCapabilities {acceptInsecureCerts: false, browserName: chrome, browserVersion: 106.0.5249.119, chrome: {chromedriverVersion: 106.0.5249.61 (511755355844..., userDataDir: /var/folders/73/xdbt43kj7v7...}, goog:chromeOptions: {debuggerAddress: localhost:53083}, javascriptEnabled: true, networkConnectionEnabled: false, pageLoadStrategy: normal, platform: MAC, platformName: MAC, proxy: Proxy(), setWindowRect: true, strictFileInteractability: false, timeouts: {implicit: 0, pageLoad: 300000, script: 30000}, unhandledPromptBehavior: dismiss and notify, webauthn:extension:credBlob: true, webauthn:extension:largeBlob: true, webauthn:virtualAuthenticators: true}\nSession ID: a87d3b3963caeae121301a7f92466e2e\n\tat java.base/jdk.internal.reflect.NativeConstructorAccessorImpl.newInstance0(Native Method)\n\tat java.base/jdk.internal.reflect.NativeConstructorAccessorImpl.newInstance(NativeConstructorAccessorImpl.java:77)\n\tat java.base/jdk.internal.reflect.DelegatingConstructorAccessorImpl.newInstance(DelegatingConstructorAccessorImpl.java:45)\n\tat java.base/java.lang.reflect.Constructor.newInstanceWithCaller(Constructor.java:499)\n\tat java.base/java.lang.reflect.Constructor.newInstance(Constructor.java:480)\n\tat org.openqa.selenium.remote.http.W3CHttpResponseCodec.createException(W3CHttpResponseCodec.java:187)\n\tat org.openqa.selenium.remote.http.W3CHttpResponseCodec.decode(W3CHttpResponseCodec.java:122)\n\tat org.openqa.selenium.remote.http.W3CHttpResponseCodec.decode(W3CHttpResponseCodec.java:49)\n\tat org.openqa.selenium.remote.HttpCommandExecutor.execute(HttpCommandExecutor.java:158)\n\tat org.openqa.selenium.remote.service.DriverCommandExecutor.execute(DriverCommandExecutor.java:83)\n\tat org.openqa.selenium.remote.RemoteWebDriver.execute(RemoteWebDriver.java:552)\n\tat org.openqa.selenium.remote.RemoteWebDriver.execute(RemoteWebDriver.java:609)\n\tat org.openqa.selenium.remote.RemoteWebDriver.getScreenshotAs(RemoteWebDriver.java:295)\n\tat StepDefinitions.Hooks.tearDown(Hooks.java:21)\n","duration":5594000,"status":"failed"},"match":{"location":"StepDefinitions.Hooks.tearDown(io.cucumber.java.Scenario)"}}],"type":"scenario","keyword":"Scenario","steps":[{"result":{"duration":154000,"status":"skipped"},"line":6,"name":"user is on \"/upload\" File Upload page","match":{"arguments":[{"val":"\"/upload\"","offset":11}],"location":"StepDefinitions.T11_FileUploadStepDefs.user_is_on_file_upload_page(java.lang.String)"},"keyword":"Given "},{"result":{"duration":60000,"status":"skipped"},"line":7,"name":"user selects and uploads the file with Upload Button","match":{"location":"StepDefinitions.T11_FileUploadStepDefs.userSelectsAndUploadsTheFileWithUploadButton()"},"keyword":"When "},{"result":{"duration":50000,"status":"skipped"},"line":8,"name":"user should be abel to assert successful completion","match":{"location":"StepDefinitions.T11_FileUploadStepDefs.user_should_be_abel_to_assert_successful_completion()"},"keyword":"Then "}],"tags":[{"name":"@FileUpload"},{"name":"@Test"}]}],"name":"File upload Test","description":"","id":"file-upload-test","keyword":"Feature","uri":"file:src/test/resources/features/fileUpload.feature","tags":[{"name":"@FileUpload","type":"Tag","location":{"line":1,"column":1}}]},{"line":2,"elements":[{"start_timestamp":"2022-10-20T05:56:41.528Z","before":[{"result":{"error_message":"org.openqa.selenium.NoSuchWindowException: no such window: target window already closed\nfrom unknown error: web view not found\n  (Session info: chrome=106.0.5249.119)\nBuild info: version: '3.141.59', revision: 'e82be7d358', time: '2018-11-14T08:17:03'\nSystem info: host: 'Foroghs-MBP.lan', ip: '2603:8000:9b40:cb48:0:0:0:1d9d%en0', os.name: 'Mac OS X', os.arch: 'x86_64', os.version: '12.6', java.version: '17.0.2'\nDriver info: org.openqa.selenium.chrome.ChromeDriver\nCapabilities {acceptInsecureCerts: false, browserName: chrome, browserVersion: 106.0.5249.119, chrome: {chromedriverVersion: 106.0.5249.61 (511755355844..., userDataDir: /var/folders/73/xdbt43kj7v7...}, goog:chromeOptions: {debuggerAddress: localhost:53083}, javascriptEnabled: true, networkConnectionEnabled: false, pageLoadStrategy: normal, platform: MAC, platformName: MAC, proxy: Proxy(), setWindowRect: true, strictFileInteractability: false, timeouts: {implicit: 0, pageLoad: 300000, script: 30000}, unhandledPromptBehavior: dismiss and notify, webauthn:extension:credBlob: true, webauthn:extension:largeBlob: true, webauthn:virtualAuthenticators: true}\nSession ID: a87d3b3963caeae121301a7f92466e2e\n\tat jdk.internal.reflect.GeneratedConstructorAccessor12.newInstance(Unknown Source)\n\tat java.base/jdk.internal.reflect.DelegatingConstructorAccessorImpl.newInstance(DelegatingConstructorAccessorImpl.java:45)\n\tat java.base/java.lang.reflect.Constructor.newInstanceWithCaller(Constructor.java:499)\n\tat java.base/java.lang.reflect.Constructor.newInstance(Constructor.java:480)\n\tat org.openqa.selenium.remote.http.W3CHttpResponseCodec.createException(W3CHttpResponseCodec.java:187)\n\tat org.openqa.selenium.remote.http.W3CHttpResponseCodec.decode(W3CHttpResponseCodec.java:122)\n\tat org.openqa.selenium.remote.http.W3CHttpResponseCodec.decode(W3CHttpResponseCodec.java:49)\n\tat org.openqa.selenium.remote.HttpCommandExecutor.execute(HttpCommandExecutor.java:158)\n\tat org.openqa.selenium.remote.service.DriverCommandExecutor.execute(DriverCommandExecutor.java:83)\n\tat org.openqa.selenium.remote.RemoteWebDriver.execute(RemoteWebDriver.java:552)\n\tat org.openqa.selenium.remote.RemoteWebDriver.get(RemoteWebDriver.java:277)\n\tat StepDefinitions.Hooks.setUp(Hooks.java:15)\n","duration":27545000,"status":"failed"},"match":{"location":"StepDefinitions.Hooks.setUp()"}}],"line":5,"name":"Scroll the page and assert that the floating menu is still displayed","description":"","id":"floating-menu-test;scroll-the-page-and-assert-that-the-floating-menu-is-still-displayed","after":[{"result":{"error_message":"org.openqa.selenium.NoSuchWindowException: no such window: target window already closed\nfrom unknown error: web view not found\n  (Session info: chrome=106.0.5249.119)\nBuild info: version: '3.141.59', revision: 'e82be7d358', time: '2018-11-14T08:17:03'\nSystem info: host: 'Foroghs-MBP.lan', ip: '2603:8000:9b40:cb48:0:0:0:1d9d%en0', os.name: 'Mac OS X', os.arch: 'x86_64', os.version: '12.6', java.version: '17.0.2'\nDriver info: org.openqa.selenium.chrome.ChromeDriver\nCapabilities {acceptInsecureCerts: false, browserName: chrome, browserVersion: 106.0.5249.119, chrome: {chromedriverVersion: 106.0.5249.61 (511755355844..., userDataDir: /var/folders/73/xdbt43kj7v7...}, goog:chromeOptions: {debuggerAddress: localhost:53083}, javascriptEnabled: true, networkConnectionEnabled: false, pageLoadStrategy: normal, platform: MAC, platformName: MAC, proxy: Proxy(), setWindowRect: true, strictFileInteractability: false, timeouts: {implicit: 0, pageLoad: 300000, script: 30000}, unhandledPromptBehavior: dismiss and notify, webauthn:extension:credBlob: true, webauthn:extension:largeBlob: true, webauthn:virtualAuthenticators: true}\nSession ID: a87d3b3963caeae121301a7f92466e2e\n\tat jdk.internal.reflect.GeneratedConstructorAccessor12.newInstance(Unknown Source)\n\tat java.base/jdk.internal.reflect.DelegatingConstructorAccessorImpl.newInstance(DelegatingConstructorAccessorImpl.java:45)\n\tat java.base/java.lang.reflect.Constructor.newInstanceWithCaller(Constructor.java:499)\n\tat java.base/java.lang.reflect.Constructor.newInstance(Constructor.java:480)\n\tat org.openqa.selenium.remote.http.W3CHttpResponseCodec.createException(W3CHttpResponseCodec.java:187)\n\tat org.openqa.selenium.remote.http.W3CHttpResponseCodec.decode(W3CHttpResponseCodec.java:122)\n\tat org.openqa.selenium.remote.http.W3CHttpResponseCodec.decode(W3CHttpResponseCodec.java:49)\n\tat org.openqa.selenium.remote.HttpCommandExecutor.execute(HttpCommandExecutor.java:158)\n\tat org.openqa.selenium.remote.service.DriverCommandExecutor.execute(DriverCommandExecutor.java:83)\n\tat org.openqa.selenium.remote.RemoteWebDriver.execute(RemoteWebDriver.java:552)\n\tat org.openqa.selenium.remote.RemoteWebDriver.execute(RemoteWebDriver.java:609)\n\tat org.openqa.selenium.remote.RemoteWebDriver.getScreenshotAs(RemoteWebDriver.java:295)\n\tat StepDefinitions.Hooks.tearDown(Hooks.java:21)\n","duration":4839000,"status":"failed"},"match":{"location":"StepDefinitions.Hooks.tearDown(io.cucumber.java.Scenario)"}}],"type":"scenario","keyword":"Scenario","steps":[{"result":{"duration":113000,"status":"skipped"},"line":6,"name":"user is on \"/floating_menu\" Floating Menu page","match":{"arguments":[{"val":"\"/floating_menu\"","offset":11}],"location":"StepDefinitions.T12_FloatingMenuStepDefs.user_is_on_floating_menu_page(java.lang.String)"},"keyword":"Given "},{"result":{"duration":75000,"status":"skipped"},"line":7,"name":"user scrolls down","match":{"location":"StepDefinitions.T12_FloatingMenuStepDefs.user_scrolls_down()"},"keyword":"When "},{"result":{"duration":86000,"status":"skipped"},"line":8,"name":"user should be able to assert that floating menu is still displayed","match":{"location":"StepDefinitions.T12_FloatingMenuStepDefs.user_should_be_able_to_assert_that_floating_menu_is_still_displayed()"},"keyword":"Then "}],"tags":[{"name":"@FloatingMenu"},{"name":"@Test"}]}],"name":"Floating Menu Test","description":"","id":"floating-menu-test","keyword":"Feature","uri":"file:src/test/resources/features/floatingMenu.feature","tags":[{"name":"@FloatingMenu","type":"Tag","location":{"line":1,"column":1}}]},{"line":2,"elements":[{"start_timestamp":"2022-10-20T05:56:41.603Z","before":[{"result":{"error_message":"org.openqa.selenium.NoSuchWindowException: no such window: target window already closed\nfrom unknown error: web view not found\n  (Session info: chrome=106.0.5249.119)\nBuild info: version: '3.141.59', revision: 'e82be7d358', time: '2018-11-14T08:17:03'\nSystem info: host: 'Foroghs-MBP.lan', ip: '2603:8000:9b40:cb48:0:0:0:1d9d%en0', os.name: 'Mac OS X', os.arch: 'x86_64', os.version: '12.6', java.version: '17.0.2'\nDriver info: org.openqa.selenium.chrome.ChromeDriver\nCapabilities {acceptInsecureCerts: false, browserName: chrome, browserVersion: 106.0.5249.119, chrome: {chromedriverVersion: 106.0.5249.61 (511755355844..., userDataDir: /var/folders/73/xdbt43kj7v7...}, goog:chromeOptions: {debuggerAddress: localhost:53083}, javascriptEnabled: true, networkConnectionEnabled: false, pageLoadStrategy: normal, platform: MAC, platformName: MAC, proxy: Proxy(), setWindowRect: true, strictFileInteractability: false, timeouts: {implicit: 0, pageLoad: 300000, script: 30000}, unhandledPromptBehavior: dismiss and notify, webauthn:extension:credBlob: true, webauthn:extension:largeBlob: true, webauthn:virtualAuthenticators: true}\nSession ID: a87d3b3963caeae121301a7f92466e2e\n\tat jdk.internal.reflect.GeneratedConstructorAccessor12.newInstance(Unknown Source)\n\tat java.base/jdk.internal.reflect.DelegatingConstructorAccessorImpl.newInstance(DelegatingConstructorAccessorImpl.java:45)\n\tat java.base/java.lang.reflect.Constructor.newInstanceWithCaller(Constructor.java:499)\n\tat java.base/java.lang.reflect.Constructor.newInstance(Constructor.java:480)\n\tat org.openqa.selenium.remote.http.W3CHttpResponseCodec.createException(W3CHttpResponseCodec.java:187)\n\tat org.openqa.selenium.remote.http.W3CHttpResponseCodec.decode(W3CHttpResponseCodec.java:122)\n\tat org.openqa.selenium.remote.http.W3CHttpResponseCodec.decode(W3CHttpResponseCodec.java:49)\n\tat org.openqa.selenium.remote.HttpCommandExecutor.execute(HttpCommandExecutor.java:158)\n\tat org.openqa.selenium.remote.service.DriverCommandExecutor.execute(DriverCommandExecutor.java:83)\n\tat org.openqa.selenium.remote.RemoteWebDriver.execute(RemoteWebDriver.java:552)\n\tat org.openqa.selenium.remote.RemoteWebDriver.get(RemoteWebDriver.java:277)\n\tat StepDefinitions.Hooks.setUp(Hooks.java:15)\n","duration":27398000,"status":"failed"},"match":{"location":"StepDefinitions.Hooks.setUp()"}}],"line":5,"name":"Switch to Iframe and types some text and assert that the typed text is as expected","description":"","id":"iframe-test;switch-to-iframe-and-types-some-text-and-assert-that-the-typed-text-is-as-expected","after":[{"result":{"error_message":"org.openqa.selenium.NoSuchWindowException: no such window: target window already closed\nfrom unknown error: web view not found\n  (Session info: chrome=106.0.5249.119)\nBuild info: version: '3.141.59', revision: 'e82be7d358', time: '2018-11-14T08:17:03'\nSystem info: host: 'Foroghs-MBP.lan', ip: '2603:8000:9b40:cb48:0:0:0:1d9d%en0', os.name: 'Mac OS X', os.arch: 'x86_64', os.version: '12.6', java.version: '17.0.2'\nDriver info: org.openqa.selenium.chrome.ChromeDriver\nCapabilities {acceptInsecureCerts: false, browserName: chrome, browserVersion: 106.0.5249.119, chrome: {chromedriverVersion: 106.0.5249.61 (511755355844..., userDataDir: /var/folders/73/xdbt43kj7v7...}, goog:chromeOptions: {debuggerAddress: localhost:53083}, javascriptEnabled: true, networkConnectionEnabled: false, pageLoadStrategy: normal, platform: MAC, platformName: MAC, proxy: Proxy(), setWindowRect: true, strictFileInteractability: false, timeouts: {implicit: 0, pageLoad: 300000, script: 30000}, unhandledPromptBehavior: dismiss and notify, webauthn:extension:credBlob: true, webauthn:extension:largeBlob: true, webauthn:virtualAuthenticators: true}\nSession ID: a87d3b3963caeae121301a7f92466e2e\n\tat jdk.internal.reflect.GeneratedConstructorAccessor12.newInstance(Unknown Source)\n\tat java.base/jdk.internal.reflect.DelegatingConstructorAccessorImpl.newInstance(DelegatingConstructorAccessorImpl.java:45)\n\tat java.base/java.lang.reflect.Constructor.newInstanceWithCaller(Constructor.java:499)\n\tat java.base/java.lang.reflect.Constructor.newInstance(Constructor.java:480)\n\tat org.openqa.selenium.remote.http.W3CHttpResponseCodec.createException(W3CHttpResponseCodec.java:187)\n\tat org.openqa.selenium.remote.http.W3CHttpResponseCodec.decode(W3CHttpResponseCodec.java:122)\n\tat org.openqa.selenium.remote.http.W3CHttpResponseCodec.decode(W3CHttpResponseCodec.java:49)\n\tat org.openqa.selenium.remote.HttpCommandExecutor.execute(HttpCommandExecutor.java:158)\n\tat org.openqa.selenium.remote.service.DriverCommandExecutor.execute(DriverCommandExecutor.java:83)\n\tat org.openqa.selenium.remote.RemoteWebDriver.execute(RemoteWebDriver.java:552)\n\tat org.openqa.selenium.remote.RemoteWebDriver.execute(RemoteWebDriver.java:609)\n\tat org.openqa.selenium.remote.RemoteWebDriver.getScreenshotAs(RemoteWebDriver.java:295)\n\tat StepDefinitions.Hooks.tearDown(Hooks.java:21)\n","duration":6242000,"status":"failed"},"match":{"location":"StepDefinitions.Hooks.tearDown(io.cucumber.java.Scenario)"}}],"type":"scenario","keyword":"Scenario","steps":[{"result":{"duration":123000,"status":"skipped"},"line":6,"name":"user is on \"/iframe\" iframe page","match":{"arguments":[{"val":"\"/iframe\"","offset":11}],"location":"StepDefinitions.T13_IFrameStepDefs.user_is_on_iframe_page(java.lang.String)"},"keyword":"Given "},{"result":{"duration":87000,"status":"skipped"},"line":7,"name":"user switches to iFrame and types random text","match":{"location":"StepDefinitions.T13_IFrameStepDefs.user_switches_to_i_frame_and_types_random_text()"},"keyword":"When "},{"result":{"duration":77000,"status":"skipped"},"line":8,"name":"user should be able to assert expected and actual texts","match":{"location":"StepDefinitions.T13_IFrameStepDefs.user_should_be_able_to_assert_expected_and_actual_texts()"},"keyword":"Then "}],"tags":[{"name":"@iFrame"},{"name":"@Test"}]}],"name":"iFrame Test","description":"","id":"iframe-test","keyword":"Feature","uri":"file:src/test/resources/features/iframe.feature","tags":[{"name":"@iFrame","type":"Tag","location":{"line":1,"column":1}}]},{"line":2,"elements":[{"start_timestamp":"2022-10-20T05:56:41.667Z","before":[{"result":{"error_message":"org.openqa.selenium.NoSuchWindowException: no such window: target window already closed\nfrom unknown error: web view not found\n  (Session info: chrome=106.0.5249.119)\nBuild info: version: '3.141.59', revision: 'e82be7d358', time: '2018-11-14T08:17:03'\nSystem info: host: 'Foroghs-MBP.lan', ip: '2603:8000:9b40:cb48:0:0:0:1d9d%en0', os.name: 'Mac OS X', os.arch: 'x86_64', os.version: '12.6', java.version: '17.0.2'\nDriver info: org.openqa.selenium.chrome.ChromeDriver\nCapabilities {acceptInsecureCerts: false, browserName: chrome, browserVersion: 106.0.5249.119, chrome: {chromedriverVersion: 106.0.5249.61 (511755355844..., userDataDir: /var/folders/73/xdbt43kj7v7...}, goog:chromeOptions: {debuggerAddress: localhost:53083}, javascriptEnabled: true, networkConnectionEnabled: false, pageLoadStrategy: normal, platform: MAC, platformName: MAC, proxy: Proxy(), setWindowRect: true, strictFileInteractability: false, timeouts: {implicit: 0, pageLoad: 300000, script: 30000}, unhandledPromptBehavior: dismiss and notify, webauthn:extension:credBlob: true, webauthn:extension:largeBlob: true, webauthn:virtualAuthenticators: true}\nSession ID: a87d3b3963caeae121301a7f92466e2e\n\tat jdk.internal.reflect.GeneratedConstructorAccessor12.newInstance(Unknown Source)\n\tat java.base/jdk.internal.reflect.DelegatingConstructorAccessorImpl.newInstance(DelegatingConstructorAccessorImpl.java:45)\n\tat java.base/java.lang.reflect.Constructor.newInstanceWithCaller(Constructor.java:499)\n\tat java.base/java.lang.reflect.Constructor.newInstance(Constructor.java:480)\n\tat org.openqa.selenium.remote.http.W3CHttpResponseCodec.createException(W3CHttpResponseCodec.java:187)\n\tat org.openqa.selenium.remote.http.W3CHttpResponseCodec.decode(W3CHttpResponseCodec.java:122)\n\tat org.openqa.selenium.remote.http.W3CHttpResponseCodec.decode(W3CHttpResponseCodec.java:49)\n\tat org.openqa.selenium.remote.HttpCommandExecutor.execute(HttpCommandExecutor.java:158)\n\tat org.openqa.selenium.remote.service.DriverCommandExecutor.execute(DriverCommandExecutor.java:83)\n\tat org.openqa.selenium.remote.RemoteWebDriver.execute(RemoteWebDriver.java:552)\n\tat org.openqa.selenium.remote.RemoteWebDriver.get(RemoteWebDriver.java:277)\n\tat StepDefinitions.Hooks.setUp(Hooks.java:15)\n","duration":46756000,"status":"failed"},"match":{"location":"StepDefinitions.Hooks.setUp()"}}],"line":5,"name":"User Clicks on JS Alert Button and verifies alert messages","description":"","id":"test-confirm-js-alert.;user-clicks-on-js-alert-button-and-verifies-alert-messages","after":[{"result":{"error_message":"org.openqa.selenium.NoSuchWindowException: no such window: target window already closed\nfrom unknown error: web view not found\n  (Session info: chrome=106.0.5249.119)\nBuild info: version: '3.141.59', revision: 'e82be7d358', time: '2018-11-14T08:17:03'\nSystem info: host: 'Foroghs-MBP.lan', ip: '2603:8000:9b40:cb48:0:0:0:1d9d%en0', os.name: 'Mac OS X', os.arch: 'x86_64', os.version: '12.6', java.version: '17.0.2'\nDriver info: org.openqa.selenium.chrome.ChromeDriver\nCapabilities {acceptInsecureCerts: false, browserName: chrome, browserVersion: 106.0.5249.119, chrome: {chromedriverVersion: 106.0.5249.61 (511755355844..., userDataDir: /var/folders/73/xdbt43kj7v7...}, goog:chromeOptions: {debuggerAddress: localhost:53083}, javascriptEnabled: true, networkConnectionEnabled: false, pageLoadStrategy: normal, platform: MAC, platformName: MAC, proxy: Proxy(), setWindowRect: true, strictFileInteractability: false, timeouts: {implicit: 0, pageLoad: 300000, script: 30000}, unhandledPromptBehavior: dismiss and notify, webauthn:extension:credBlob: true, webauthn:extension:largeBlob: true, webauthn:virtualAuthenticators: true}\nSession ID: a87d3b3963caeae121301a7f92466e2e\n\tat jdk.internal.reflect.GeneratedConstructorAccessor12.newInstance(Unknown Source)\n\tat java.base/jdk.internal.reflect.DelegatingConstructorAccessorImpl.newInstance(DelegatingConstructorAccessorImpl.java:45)\n\tat java.base/java.lang.reflect.Constructor.newInstanceWithCaller(Constructor.java:499)\n\tat java.base/java.lang.reflect.Constructor.newInstance(Constructor.java:480)\n\tat org.openqa.selenium.remote.http.W3CHttpResponseCodec.createException(W3CHttpResponseCodec.java:187)\n\tat org.openqa.selenium.remote.http.W3CHttpResponseCodec.decode(W3CHttpResponseCodec.java:122)\n\tat org.openqa.selenium.remote.http.W3CHttpResponseCodec.decode(W3CHttpResponseCodec.java:49)\n\tat org.openqa.selenium.remote.HttpCommandExecutor.execute(HttpCommandExecutor.java:158)\n\tat org.openqa.selenium.remote.service.DriverCommandExecutor.execute(DriverCommandExecutor.java:83)\n\tat org.openqa.selenium.remote.RemoteWebDriver.execute(RemoteWebDriver.java:552)\n\tat org.openqa.selenium.remote.RemoteWebDriver.execute(RemoteWebDriver.java:609)\n\tat org.openqa.selenium.remote.RemoteWebDriver.getScreenshotAs(RemoteWebDriver.java:295)\n\tat StepDefinitions.Hooks.tearDown(Hooks.java:21)\n","duration":15641000,"status":"failed"},"match":{"location":"StepDefinitions.Hooks.tearDown(io.cucumber.java.Scenario)"}}],"type":"scenario","keyword":"Scenario","steps":[{"result":{"duration":413000,"status":"skipped"},"line":6,"name":"user is on the \"/javascript_alerts\" JS Alert page","match":{"arguments":[{"val":"\"/javascript_alerts\"","offset":15}],"location":"StepDefinitions.T15_JavaScriptAlertsStepDefs.user_is_on_the_js_alert_page(java.lang.String)"},"keyword":"Given "},{"result":{"duration":109000,"status":"skipped"},"line":7,"name":"user clicks on JS Alert Button","match":{"location":"StepDefinitions.T15_JavaScriptAlertsStepDefs.user_clicks_on_js_alert_button()"},"keyword":"When "},{"result":{"duration":74000,"status":"skipped"},"line":8,"name":"user verifies alert message","match":{"location":"StepDefinitions.T15_JavaScriptAlertsStepDefs.user_verifies_alert_message()"},"keyword":"Then "},{"result":{"duration":210000,"status":"skipped"},"line":9,"name":"user clicks on JS confirm Button and clicks ok on alert","match":{"location":"StepDefinitions.T15_JavaScriptAlertsStepDefs.user_clicks_on_js_confirm_button_and_clicks_ok_on_alert()"},"keyword":"And "},{"result":{"duration":68000,"status":"skipped"},"line":10,"name":"user verifies the alert message'","match":{"location":"StepDefinitions.T15_JavaScriptAlertsStepDefs.user_verifies_the_alert_message()"},"keyword":"Then "},{"result":{"duration":94000,"status":"skipped"},"line":11,"name":"user clicks on JS Prompt Button and types a \"Take Home Assignment!\" on Prompt.","match":{"arguments":[{"val":"\"Take Home Assignment!\"","offset":44}],"location":"StepDefinitions.T15_JavaScriptAlertsStepDefs.user_clicks_on_js_prompt_button_and_types_a_on_prompt(java.lang.String)"},"keyword":"And "},{"result":{"duration":581000,"status":"skipped"},"line":12,"name":"user asserts that the alert message contains the typed message.","match":{"location":"StepDefinitions.T15_JavaScriptAlertsStepDefs.user_asserts_that_the_alert_message_contains_the_typed_message()"},"keyword":"Then "}],"tags":[{"name":"@JavaScriptAlerts"},{"name":"@Test"}]}],"name":"Test confirm JS Alert.","description":"","id":"test-confirm-js-alert.","keyword":"Feature","uri":"file:src/test/resources/features/javaScriptAlerts.feature","tags":[{"name":"@JavaScriptAlerts","type":"Tag","location":{"line":1,"column":1}}]},{"line":2,"elements":[{"start_timestamp":"2022-10-20T05:56:41.790Z","before":[{"result":{"error_message":"org.openqa.selenium.NoSuchWindowException: no such window: target window already closed\nfrom unknown error: web view not found\n  (Session info: chrome=106.0.5249.119)\nBuild info: version: '3.141.59', revision: 'e82be7d358', time: '2018-11-14T08:17:03'\nSystem info: host: 'Foroghs-MBP.lan', ip: '2603:8000:9b40:cb48:0:0:0:1d9d%en0', os.name: 'Mac OS X', os.arch: 'x86_64', os.version: '12.6', java.version: '17.0.2'\nDriver info: org.openqa.selenium.chrome.ChromeDriver\nCapabilities {acceptInsecureCerts: false, browserName: chrome, browserVersion: 106.0.5249.119, chrome: {chromedriverVersion: 106.0.5249.61 (511755355844..., userDataDir: /var/folders/73/xdbt43kj7v7...}, goog:chromeOptions: {debuggerAddress: localhost:53083}, javascriptEnabled: true, networkConnectionEnabled: false, pageLoadStrategy: normal, platform: MAC, platformName: MAC, proxy: Proxy(), setWindowRect: true, strictFileInteractability: false, timeouts: {implicit: 0, pageLoad: 300000, script: 30000}, unhandledPromptBehavior: dismiss and notify, webauthn:extension:credBlob: true, webauthn:extension:largeBlob: true, webauthn:virtualAuthenticators: true}\nSession ID: a87d3b3963caeae121301a7f92466e2e\n\tat jdk.internal.reflect.GeneratedConstructorAccessor12.newInstance(Unknown Source)\n\tat java.base/jdk.internal.reflect.DelegatingConstructorAccessorImpl.newInstance(DelegatingConstructorAccessorImpl.java:45)\n\tat java.base/java.lang.reflect.Constructor.newInstanceWithCaller(Constructor.java:499)\n\tat java.base/java.lang.reflect.Constructor.newInstance(Constructor.java:480)\n\tat org.openqa.selenium.remote.http.W3CHttpResponseCodec.createException(W3CHttpResponseCodec.java:187)\n\tat org.openqa.selenium.remote.http.W3CHttpResponseCodec.decode(W3CHttpResponseCodec.java:122)\n\tat org.openqa.selenium.remote.http.W3CHttpResponseCodec.decode(W3CHttpResponseCodec.java:49)\n\tat org.openqa.selenium.remote.HttpCommandExecutor.execute(HttpCommandExecutor.java:158)\n\tat org.openqa.selenium.remote.service.DriverCommandExecutor.execute(DriverCommandExecutor.java:83)\n\tat org.openqa.selenium.remote.RemoteWebDriver.execute(RemoteWebDriver.java:552)\n\tat org.openqa.selenium.remote.RemoteWebDriver.get(RemoteWebDriver.java:277)\n\tat StepDefinitions.Hooks.setUp(Hooks.java:15)\n","duration":28169000,"status":"failed"},"match":{"location":"StepDefinitions.Hooks.setUp()"}}],"line":5,"name":"User finds the JavaScript error on the page and user verifies that the page contains error:","description":"  Cannot read property 'xyz' of undefined.","id":"test-js-error.;user-finds-the-javascript-error-on-the-page-and-user-verifies-that-the-page-contains-error:","after":[{"result":{"error_message":"org.openqa.selenium.NoSuchWindowException: no such window: target window already closed\nfrom unknown error: web view not found\n  (Session info: chrome=106.0.5249.119)\nBuild info: version: '3.141.59', revision: 'e82be7d358', time: '2018-11-14T08:17:03'\nSystem info: host: 'Foroghs-MBP.lan', ip: '2603:8000:9b40:cb48:0:0:0:1d9d%en0', os.name: 'Mac OS X', os.arch: 'x86_64', os.version: '12.6', java.version: '17.0.2'\nDriver info: org.openqa.selenium.chrome.ChromeDriver\nCapabilities {acceptInsecureCerts: false, browserName: chrome, browserVersion: 106.0.5249.119, chrome: {chromedriverVersion: 106.0.5249.61 (511755355844..., userDataDir: /var/folders/73/xdbt43kj7v7...}, goog:chromeOptions: {debuggerAddress: localhost:53083}, javascriptEnabled: true, networkConnectionEnabled: false, pageLoadStrategy: normal, platform: MAC, platformName: MAC, proxy: Proxy(), setWindowRect: true, strictFileInteractability: false, timeouts: {implicit: 0, pageLoad: 300000, script: 30000}, unhandledPromptBehavior: dismiss and notify, webauthn:extension:credBlob: true, webauthn:extension:largeBlob: true, webauthn:virtualAuthenticators: true}\nSession ID: a87d3b3963caeae121301a7f92466e2e\n\tat jdk.internal.reflect.GeneratedConstructorAccessor12.newInstance(Unknown Source)\n\tat java.base/jdk.internal.reflect.DelegatingConstructorAccessorImpl.newInstance(DelegatingConstructorAccessorImpl.java:45)\n\tat java.base/java.lang.reflect.Constructor.newInstanceWithCaller(Constructor.java:499)\n\tat java.base/java.lang.reflect.Constructor.newInstance(Constructor.java:480)\n\tat org.openqa.selenium.remote.http.W3CHttpResponseCodec.createException(W3CHttpResponseCodec.java:187)\n\tat org.openqa.selenium.remote.http.W3CHttpResponseCodec.decode(W3CHttpResponseCodec.java:122)\n\tat org.openqa.selenium.remote.http.W3CHttpResponseCodec.decode(W3CHttpResponseCodec.java:49)\n\tat org.openqa.selenium.remote.HttpCommandExecutor.execute(HttpCommandExecutor.java:158)\n\tat org.openqa.selenium.remote.service.DriverCommandExecutor.execute(DriverCommandExecutor.java:83)\n\tat org.openqa.selenium.remote.RemoteWebDriver.execute(RemoteWebDriver.java:552)\n\tat org.openqa.selenium.remote.RemoteWebDriver.execute(RemoteWebDriver.java:609)\n\tat org.openqa.selenium.remote.RemoteWebDriver.getScreenshotAs(RemoteWebDriver.java:295)\n\tat StepDefinitions.Hooks.tearDown(Hooks.java:21)\n","duration":6071000,"status":"failed"},"match":{"location":"StepDefinitions.Hooks.tearDown(io.cucumber.java.Scenario)"}}],"type":"scenario","keyword":"Scenario","steps":[{"result":{"duration":146000,"status":"skipped"},"line":7,"name":"user is on the \"/javascript_error\" JS Error page","match":{"arguments":[{"val":"\"/javascript_error\"","offset":15}],"location":"StepDefinitions.T16_JavaScriptErrorStepDefs.user_is_on_the_js_error_page(java.lang.String)"},"keyword":"Given "},{"result":{"duration":169000,"status":"skipped"},"line":8,"name":"user finds error on the page","match":{"location":"StepDefinitions.T16_JavaScriptErrorStepDefs.user_finds_error_on_the_page()"},"keyword":"When "},{"result":{"duration":71000,"status":"skipped"},"line":9,"name":"user asserts that the page contains error: \"Cannot read properties of undefined (reading 'xyz')\"","match":{"arguments":[{"val":"\"Cannot read properties of undefined (reading 'xyz')\"","offset":43}],"location":"StepDefinitions.T16_JavaScriptErrorStepDefs.user_asserts_that_the_page_contains_error(java.lang.String)"},"keyword":"Then "}],"tags":[{"name":"@JavaScriptError"},{"name":"@Test"}]}],"name":"Test JS error.","description":"","id":"test-js-error.","keyword":"Feature","uri":"file:src/test/resources/features/javaScriptError.feature","tags":[{"name":"@JavaScriptError","type":"Tag","location":{"line":1,"column":1}}]},{"line":2,"elements":[{"start_timestamp":"2022-10-20T05:56:41.883Z","before":[{"result":{"error_message":"org.openqa.selenium.NoSuchWindowException: no such window: target window already closed\nfrom unknown error: web view not found\n  (Session info: chrome=106.0.5249.119)\nBuild info: version: '3.141.59', revision: 'e82be7d358', time: '2018-11-14T08:17:03'\nSystem info: host: 'Foroghs-MBP.lan', ip: '2603:8000:9b40:cb48:0:0:0:1d9d%en0', os.name: 'Mac OS X', os.arch: 'x86_64', os.version: '12.6', java.version: '17.0.2'\nDriver info: org.openqa.selenium.chrome.ChromeDriver\nCapabilities {acceptInsecureCerts: false, browserName: chrome, browserVersion: 106.0.5249.119, chrome: {chromedriverVersion: 106.0.5249.61 (511755355844..., userDataDir: /var/folders/73/xdbt43kj7v7...}, goog:chromeOptions: {debuggerAddress: localhost:53083}, javascriptEnabled: true, networkConnectionEnabled: false, pageLoadStrategy: normal, platform: MAC, platformName: MAC, proxy: Proxy(), setWindowRect: true, strictFileInteractability: false, timeouts: {implicit: 0, pageLoad: 300000, script: 30000}, unhandledPromptBehavior: dismiss and notify, webauthn:extension:credBlob: true, webauthn:extension:largeBlob: true, webauthn:virtualAuthenticators: true}\nSession ID: a87d3b3963caeae121301a7f92466e2e\n\tat jdk.internal.reflect.GeneratedConstructorAccessor12.newInstance(Unknown Source)\n\tat java.base/jdk.internal.reflect.DelegatingConstructorAccessorImpl.newInstance(DelegatingConstructorAccessorImpl.java:45)\n\tat java.base/java.lang.reflect.Constructor.newInstanceWithCaller(Constructor.java:499)\n\tat java.base/java.lang.reflect.Constructor.newInstance(Constructor.java:480)\n\tat org.openqa.selenium.remote.http.W3CHttpResponseCodec.createException(W3CHttpResponseCodec.java:187)\n\tat org.openqa.selenium.remote.http.W3CHttpResponseCodec.decode(W3CHttpResponseCodec.java:122)\n\tat org.openqa.selenium.remote.http.W3CHttpResponseCodec.decode(W3CHttpResponseCodec.java:49)\n\tat org.openqa.selenium.remote.HttpCommandExecutor.execute(HttpCommandExecutor.java:158)\n\tat org.openqa.selenium.remote.service.DriverCommandExecutor.execute(DriverCommandExecutor.java:83)\n\tat org.openqa.selenium.remote.RemoteWebDriver.execute(RemoteWebDriver.java:552)\n\tat org.openqa.selenium.remote.RemoteWebDriver.get(RemoteWebDriver.java:277)\n\tat StepDefinitions.Hooks.setUp(Hooks.java:15)\n","duration":29279000,"status":"failed"},"match":{"location":"StepDefinitions.Hooks.setUp()"}}],"line":5,"name":"Login Success","description":"","id":"login-feature;login-success","after":[{"result":{"error_message":"org.openqa.selenium.NoSuchWindowException: no such window: target window already closed\nfrom unknown error: web view not found\n  (Session info: chrome=106.0.5249.119)\nBuild info: version: '3.141.59', revision: 'e82be7d358', time: '2018-11-14T08:17:03'\nSystem info: host: 'Foroghs-MBP.lan', ip: '2603:8000:9b40:cb48:0:0:0:1d9d%en0', os.name: 'Mac OS X', os.arch: 'x86_64', os.version: '12.6', java.version: '17.0.2'\nDriver info: org.openqa.selenium.chrome.ChromeDriver\nCapabilities {acceptInsecureCerts: false, browserName: chrome, browserVersion: 106.0.5249.119, chrome: {chromedriverVersion: 106.0.5249.61 (511755355844..., userDataDir: /var/folders/73/xdbt43kj7v7...}, goog:chromeOptions: {debuggerAddress: localhost:53083}, javascriptEnabled: true, networkConnectionEnabled: false, pageLoadStrategy: normal, platform: MAC, platformName: MAC, proxy: Proxy(), setWindowRect: true, strictFileInteractability: false, timeouts: {implicit: 0, pageLoad: 300000, script: 30000}, unhandledPromptBehavior: dismiss and notify, webauthn:extension:credBlob: true, webauthn:extension:largeBlob: true, webauthn:virtualAuthenticators: true}\nSession ID: a87d3b3963caeae121301a7f92466e2e\n\tat jdk.internal.reflect.GeneratedConstructorAccessor12.newInstance(Unknown Source)\n\tat java.base/jdk.internal.reflect.DelegatingConstructorAccessorImpl.newInstance(DelegatingConstructorAccessorImpl.java:45)\n\tat java.base/java.lang.reflect.Constructor.newInstanceWithCaller(Constructor.java:499)\n\tat java.base/java.lang.reflect.Constructor.newInstance(Constructor.java:480)\n\tat org.openqa.selenium.remote.http.W3CHttpResponseCodec.createException(W3CHttpResponseCodec.java:187)\n\tat org.openqa.selenium.remote.http.W3CHttpResponseCodec.decode(W3CHttpResponseCodec.java:122)\n\tat org.openqa.selenium.remote.http.W3CHttpResponseCodec.decode(W3CHttpResponseCodec.java:49)\n\tat org.openqa.selenium.remote.HttpCommandExecutor.execute(HttpCommandExecutor.java:158)\n\tat org.openqa.selenium.remote.service.DriverCommandExecutor.execute(DriverCommandExecutor.java:83)\n\tat org.openqa.selenium.remote.RemoteWebDriver.execute(RemoteWebDriver.java:552)\n\tat org.openqa.selenium.remote.RemoteWebDriver.execute(RemoteWebDriver.java:609)\n\tat org.openqa.selenium.remote.RemoteWebDriver.getScreenshotAs(RemoteWebDriver.java:295)\n\tat StepDefinitions.Hooks.tearDown(Hooks.java:21)\n","duration":14120000,"status":"failed"},"match":{"location":"StepDefinitions.Hooks.tearDown(io.cucumber.java.Scenario)"}}],"type":"scenario","keyword":"Scenario","steps":[{"result":{"duration":164000,"status":"skipped"},"line":6,"name":"user is on the login page","match":{"location":"StepDefinitions.T01_02_LoginPageStepDefs.user_is_on_the_login_page()"},"keyword":"Given "},{"result":{"duration":63000,"status":"skipped"},"line":7,"name":"user sends corrects login credentials","match":{"location":"StepDefinitions.T01_02_LoginPageStepDefs.user_sends_corrects_login_credentials()"},"keyword":"When "},{"result":{"duration":51000,"status":"skipped"},"line":8,"name":"user should land to dashboard","match":{"location":"StepDefinitions.T01_02_LoginPageStepDefs.user_should_land_to_dashboard()"},"keyword":"Then "}],"tags":[{"name":"@Login"},{"name":"@Test"}]},{"start_timestamp":"2022-10-20T05:56:41.974Z","before":[{"result":{"error_message":"org.openqa.selenium.NoSuchWindowException: no such window: target window already closed\nfrom unknown error: web view not found\n  (Session info: chrome=106.0.5249.119)\nBuild info: version: '3.141.59', revision: 'e82be7d358', time: '2018-11-14T08:17:03'\nSystem info: host: 'Foroghs-MBP.lan', ip: '2603:8000:9b40:cb48:0:0:0:1d9d%en0', os.name: 'Mac OS X', os.arch: 'x86_64', os.version: '12.6', java.version: '17.0.2'\nDriver info: org.openqa.selenium.chrome.ChromeDriver\nCapabilities {acceptInsecureCerts: false, browserName: chrome, browserVersion: 106.0.5249.119, chrome: {chromedriverVersion: 106.0.5249.61 (511755355844..., userDataDir: /var/folders/73/xdbt43kj7v7...}, goog:chromeOptions: {debuggerAddress: localhost:53083}, javascriptEnabled: true, networkConnectionEnabled: false, pageLoadStrategy: normal, platform: MAC, platformName: MAC, proxy: Proxy(), setWindowRect: true, strictFileInteractability: false, timeouts: {implicit: 0, pageLoad: 300000, script: 30000}, unhandledPromptBehavior: dismiss and notify, webauthn:extension:credBlob: true, webauthn:extension:largeBlob: true, webauthn:virtualAuthenticators: true}\nSession ID: a87d3b3963caeae121301a7f92466e2e\n\tat jdk.internal.reflect.GeneratedConstructorAccessor12.newInstance(Unknown Source)\n\tat java.base/jdk.internal.reflect.DelegatingConstructorAccessorImpl.newInstance(DelegatingConstructorAccessorImpl.java:45)\n\tat java.base/java.lang.reflect.Constructor.newInstanceWithCaller(Constructor.java:499)\n\tat java.base/java.lang.reflect.Constructor.newInstance(Constructor.java:480)\n\tat org.openqa.selenium.remote.http.W3CHttpResponseCodec.createException(W3CHttpResponseCodec.java:187)\n\tat org.openqa.selenium.remote.http.W3CHttpResponseCodec.decode(W3CHttpResponseCodec.java:122)\n\tat org.openqa.selenium.remote.http.W3CHttpResponseCodec.decode(W3CHttpResponseCodec.java:49)\n\tat org.openqa.selenium.remote.HttpCommandExecutor.execute(HttpCommandExecutor.java:158)\n\tat org.openqa.selenium.remote.service.DriverCommandExecutor.execute(DriverCommandExecutor.java:83)\n\tat org.openqa.selenium.remote.RemoteWebDriver.execute(RemoteWebDriver.java:552)\n\tat org.openqa.selenium.remote.RemoteWebDriver.get(RemoteWebDriver.java:277)\n\tat StepDefinitions.Hooks.setUp(Hooks.java:15)\n","duration":27653000,"status":"failed"},"match":{"location":"StepDefinitions.Hooks.setUp()"}}],"line":11,"name":"Login Fail UserName","description":"","id":"login-feature;login-fail-username","after":[{"result":{"error_message":"org.openqa.selenium.NoSuchWindowException: no such window: target window already closed\nfrom unknown error: web view not found\n  (Session info: chrome=106.0.5249.119)\nBuild info: version: '3.141.59', revision: 'e82be7d358', time: '2018-11-14T08:17:03'\nSystem info: host: 'Foroghs-MBP.lan', ip: '2603:8000:9b40:cb48:0:0:0:1d9d%en0', os.name: 'Mac OS X', os.arch: 'x86_64', os.version: '12.6', java.version: '17.0.2'\nDriver info: org.openqa.selenium.chrome.ChromeDriver\nCapabilities {acceptInsecureCerts: false, browserName: chrome, browserVersion: 106.0.5249.119, chrome: {chromedriverVersion: 106.0.5249.61 (511755355844..., userDataDir: /var/folders/73/xdbt43kj7v7...}, goog:chromeOptions: {debuggerAddress: localhost:53083}, javascriptEnabled: true, networkConnectionEnabled: false, pageLoadStrategy: normal, platform: MAC, platformName: MAC, proxy: Proxy(), setWindowRect: true, strictFileInteractability: false, timeouts: {implicit: 0, pageLoad: 300000, script: 30000}, unhandledPromptBehavior: dismiss and notify, webauthn:extension:credBlob: true, webauthn:extension:largeBlob: true, webauthn:virtualAuthenticators: true}\nSession ID: a87d3b3963caeae121301a7f92466e2e\n\tat jdk.internal.reflect.GeneratedConstructorAccessor12.newInstance(Unknown Source)\n\tat java.base/jdk.internal.reflect.DelegatingConstructorAccessorImpl.newInstance(DelegatingConstructorAccessorImpl.java:45)\n\tat java.base/java.lang.reflect.Constructor.newInstanceWithCaller(Constructor.java:499)\n\tat java.base/java.lang.reflect.Constructor.newInstance(Constructor.java:480)\n\tat org.openqa.selenium.remote.http.W3CHttpResponseCodec.createException(W3CHttpResponseCodec.java:187)\n\tat org.openqa.selenium.remote.http.W3CHttpResponseCodec.decode(W3CHttpResponseCodec.java:122)\n\tat org.openqa.selenium.remote.http.W3CHttpResponseCodec.decode(W3CHttpResponseCodec.java:49)\n\tat org.openqa.selenium.remote.HttpCommandExecutor.execute(HttpCommandExecutor.java:158)\n\tat org.openqa.selenium.remote.service.DriverCommandExecutor.execute(DriverCommandExecutor.java:83)\n\tat org.openqa.selenium.remote.RemoteWebDriver.execute(RemoteWebDriver.java:552)\n\tat org.openqa.selenium.remote.RemoteWebDriver.execute(RemoteWebDriver.java:609)\n\tat org.openqa.selenium.remote.RemoteWebDriver.getScreenshotAs(RemoteWebDriver.java:295)\n\tat StepDefinitions.Hooks.tearDown(Hooks.java:21)\n","duration":4766000,"status":"failed"},"match":{"location":"StepDefinitions.Hooks.tearDown(io.cucumber.java.Scenario)"}}],"type":"scenario","keyword":"Scenario","steps":[{"result":{"duration":89000,"status":"skipped"},"line":12,"name":"user is on the login page","match":{"location":"StepDefinitions.T01_02_LoginPageStepDefs.user_is_on_the_login_page()"},"keyword":"Given "},{"result":{"duration":114000,"status":"skipped"},"line":13,"name":"user sends incorrect username credentials","match":{"location":"StepDefinitions.T01_02_LoginPageStepDefs.user_sends_incorrect_username_credentials()"},"keyword":"When "},{"result":{"duration":109000,"status":"skipped"},"line":14,"name":"user should see username error message","match":{"location":"StepDefinitions.T01_02_LoginPageStepDefs.user_should_see_username_error_message()"},"keyword":"Then "}],"tags":[{"name":"@Login"},{"name":"@Test"}]},{"start_timestamp":"2022-10-20T05:56:42.036Z","before":[{"result":{"error_message":"org.openqa.selenium.NoSuchWindowException: no such window: target window already closed\nfrom unknown error: web view not found\n  (Session info: chrome=106.0.5249.119)\nBuild info: version: '3.141.59', revision: 'e82be7d358', time: '2018-11-14T08:17:03'\nSystem info: host: 'Foroghs-MBP.lan', ip: '2603:8000:9b40:cb48:0:0:0:1d9d%en0', os.name: 'Mac OS X', os.arch: 'x86_64', os.version: '12.6', java.version: '17.0.2'\nDriver info: org.openqa.selenium.chrome.ChromeDriver\nCapabilities {acceptInsecureCerts: false, browserName: chrome, browserVersion: 106.0.5249.119, chrome: {chromedriverVersion: 106.0.5249.61 (511755355844..., userDataDir: /var/folders/73/xdbt43kj7v7...}, goog:chromeOptions: {debuggerAddress: localhost:53083}, javascriptEnabled: true, networkConnectionEnabled: false, pageLoadStrategy: normal, platform: MAC, platformName: MAC, proxy: Proxy(), setWindowRect: true, strictFileInteractability: false, timeouts: {implicit: 0, pageLoad: 300000, script: 30000}, unhandledPromptBehavior: dismiss and notify, webauthn:extension:credBlob: true, webauthn:extension:largeBlob: true, webauthn:virtualAuthenticators: true}\nSession ID: a87d3b3963caeae121301a7f92466e2e\n\tat jdk.internal.reflect.GeneratedConstructorAccessor12.newInstance(Unknown Source)\n\tat java.base/jdk.internal.reflect.DelegatingConstructorAccessorImpl.newInstance(DelegatingConstructorAccessorImpl.java:45)\n\tat java.base/java.lang.reflect.Constructor.newInstanceWithCaller(Constructor.java:499)\n\tat java.base/java.lang.reflect.Constructor.newInstance(Constructor.java:480)\n\tat org.openqa.selenium.remote.http.W3CHttpResponseCodec.createException(W3CHttpResponseCodec.java:187)\n\tat org.openqa.selenium.remote.http.W3CHttpResponseCodec.decode(W3CHttpResponseCodec.java:122)\n\tat org.openqa.selenium.remote.http.W3CHttpResponseCodec.decode(W3CHttpResponseCodec.java:49)\n\tat org.openqa.selenium.remote.HttpCommandExecutor.execute(HttpCommandExecutor.java:158)\n\tat org.openqa.selenium.remote.service.DriverCommandExecutor.execute(DriverCommandExecutor.java:83)\n\tat org.openqa.selenium.remote.RemoteWebDriver.execute(RemoteWebDriver.java:552)\n\tat org.openqa.selenium.remote.RemoteWebDriver.get(RemoteWebDriver.java:277)\n\tat StepDefinitions.Hooks.setUp(Hooks.java:15)\n","duration":26427000,"status":"failed"},"match":{"location":"StepDefinitions.Hooks.setUp()"}}],"line":17,"name":"Login Fail Password","description":"","id":"login-feature;login-fail-password","after":[{"result":{"error_message":"org.openqa.selenium.NoSuchWindowException: no such window: target window already closed\nfrom unknown error: web view not found\n  (Session info: chrome=106.0.5249.119)\nBuild info: version: '3.141.59', revision: 'e82be7d358', time: '2018-11-14T08:17:03'\nSystem info: host: 'Foroghs-MBP.lan', ip: '2603:8000:9b40:cb48:0:0:0:1d9d%en0', os.name: 'Mac OS X', os.arch: 'x86_64', os.version: '12.6', java.version: '17.0.2'\nDriver info: org.openqa.selenium.chrome.ChromeDriver\nCapabilities {acceptInsecureCerts: false, browserName: chrome, browserVersion: 106.0.5249.119, chrome: {chromedriverVersion: 106.0.5249.61 (511755355844..., userDataDir: /var/folders/73/xdbt43kj7v7...}, goog:chromeOptions: {debuggerAddress: localhost:53083}, javascriptEnabled: true, networkConnectionEnabled: false, pageLoadStrategy: normal, platform: MAC, platformName: MAC, proxy: Proxy(), setWindowRect: true, strictFileInteractability: false, timeouts: {implicit: 0, pageLoad: 300000, script: 30000}, unhandledPromptBehavior: dismiss and notify, webauthn:extension:credBlob: true, webauthn:extension:largeBlob: true, webauthn:virtualAuthenticators: true}\nSession ID: a87d3b3963caeae121301a7f92466e2e\n\tat jdk.internal.reflect.GeneratedConstructorAccessor12.newInstance(Unknown Source)\n\tat java.base/jdk.internal.reflect.DelegatingConstructorAccessorImpl.newInstance(DelegatingConstructorAccessorImpl.java:45)\n\tat java.base/java.lang.reflect.Constructor.newInstanceWithCaller(Constructor.java:499)\n\tat java.base/java.lang.reflect.Constructor.newInstance(Constructor.java:480)\n\tat org.openqa.selenium.remote.http.W3CHttpResponseCodec.createException(W3CHttpResponseCodec.java:187)\n\tat org.openqa.selenium.remote.http.W3CHttpResponseCodec.decode(W3CHttpResponseCodec.java:122)\n\tat org.openqa.selenium.remote.http.W3CHttpResponseCodec.decode(W3CHttpResponseCodec.java:49)\n\tat org.openqa.selenium.remote.HttpCommandExecutor.execute(HttpCommandExecutor.java:158)\n\tat org.openqa.selenium.remote.service.DriverCommandExecutor.execute(DriverCommandExecutor.java:83)\n\tat org.openqa.selenium.remote.RemoteWebDriver.execute(RemoteWebDriver.java:552)\n\tat org.openqa.selenium.remote.RemoteWebDriver.execute(RemoteWebDriver.java:609)\n\tat org.openqa.selenium.remote.RemoteWebDriver.getScreenshotAs(RemoteWebDriver.java:295)\n\tat StepDefinitions.Hooks.tearDown(Hooks.java:21)\n","duration":5669000,"status":"failed"},"match":{"location":"StepDefinitions.Hooks.tearDown(io.cucumber.java.Scenario)"}}],"type":"scenario","keyword":"Scenario","steps":[{"result":{"duration":130000,"status":"skipped"},"line":18,"name":"user is on the login page","match":{"location":"StepDefinitions.T01_02_LoginPageStepDefs.user_is_on_the_login_page()"},"keyword":"Given "},{"result":{"duration":80000,"status":"skipped"},"line":19,"name":"user sends incorrect password credentials","match":{"location":"StepDefinitions.T01_02_LoginPageStepDefs.user_sends_incorrect_password_credentials()"},"keyword":"When "},{"result":{"duration":374000,"status":"skipped"},"line":20,"name":"user should see password error message","match":{"location":"StepDefinitions.T01_02_LoginPageStepDefs.user_should_see_password_error_message()"},"keyword":"Then "}],"tags":[{"name":"@Login"},{"name":"@Test"}]}],"name":"Login feature","description":"","id":"login-feature","keyword":"Feature","uri":"file:src/test/resources/features/login.feature","tags":[{"name":"@Login","type":"Tag","location":{"line":1,"column":1}}]},{"line":2,"elements":[{"start_timestamp":"2022-10-20T05:56:42.119Z","before":[{"result":{"error_message":"org.openqa.selenium.NoSuchWindowException: no such window: target window already closed\nfrom unknown error: web view not found\n  (Session info: chrome=106.0.5249.119)\nBuild info: version: '3.141.59', revision: 'e82be7d358', time: '2018-11-14T08:17:03'\nSystem info: host: 'Foroghs-MBP.lan', ip: '2603:8000:9b40:cb48:0:0:0:1d9d%en0', os.name: 'Mac OS X', os.arch: 'x86_64', os.version: '12.6', java.version: '17.0.2'\nDriver info: org.openqa.selenium.chrome.ChromeDriver\nCapabilities {acceptInsecureCerts: false, browserName: chrome, browserVersion: 106.0.5249.119, chrome: {chromedriverVersion: 106.0.5249.61 (511755355844..., userDataDir: /var/folders/73/xdbt43kj7v7...}, goog:chromeOptions: {debuggerAddress: localhost:53083}, javascriptEnabled: true, networkConnectionEnabled: false, pageLoadStrategy: normal, platform: MAC, platformName: MAC, proxy: Proxy(), setWindowRect: true, strictFileInteractability: false, timeouts: {implicit: 0, pageLoad: 300000, script: 30000}, unhandledPromptBehavior: dismiss and notify, webauthn:extension:credBlob: true, webauthn:extension:largeBlob: true, webauthn:virtualAuthenticators: true}\nSession ID: a87d3b3963caeae121301a7f92466e2e\n\tat jdk.internal.reflect.GeneratedConstructorAccessor12.newInstance(Unknown Source)\n\tat java.base/jdk.internal.reflect.DelegatingConstructorAccessorImpl.newInstance(DelegatingConstructorAccessorImpl.java:45)\n\tat java.base/java.lang.reflect.Constructor.newInstanceWithCaller(Constructor.java:499)\n\tat java.base/java.lang.reflect.Constructor.newInstance(Constructor.java:480)\n\tat org.openqa.selenium.remote.http.W3CHttpResponseCodec.createException(W3CHttpResponseCodec.java:187)\n\tat org.openqa.selenium.remote.http.W3CHttpResponseCodec.decode(W3CHttpResponseCodec.java:122)\n\tat org.openqa.selenium.remote.http.W3CHttpResponseCodec.decode(W3CHttpResponseCodec.java:49)\n\tat org.openqa.selenium.remote.HttpCommandExecutor.execute(HttpCommandExecutor.java:158)\n\tat org.openqa.selenium.remote.service.DriverCommandExecutor.execute(DriverCommandExecutor.java:83)\n\tat org.openqa.selenium.remote.RemoteWebDriver.execute(RemoteWebDriver.java:552)\n\tat org.openqa.selenium.remote.RemoteWebDriver.get(RemoteWebDriver.java:277)\n\tat StepDefinitions.Hooks.setUp(Hooks.java:15)\n","duration":35463000,"status":"failed"},"match":{"location":"StepDefinitions.Hooks.setUp()"}}],"line":5,"name":"User does a mouse hover on each image and asserts that additional information is displayed for each image.","description":"","id":"mouse-hover-test;user-does-a-mouse-hover-on-each-image-and-asserts-that-additional-information-is-displayed-for-each-image.","after":[{"result":{"error_message":"org.openqa.selenium.NoSuchWindowException: no such window: target window already closed\nfrom unknown error: web view not found\n  (Session info: chrome=106.0.5249.119)\nBuild info: version: '3.141.59', revision: 'e82be7d358', time: '2018-11-14T08:17:03'\nSystem info: host: 'Foroghs-MBP.lan', ip: '2603:8000:9b40:cb48:0:0:0:1d9d%en0', os.name: 'Mac OS X', os.arch: 'x86_64', os.version: '12.6', java.version: '17.0.2'\nDriver info: org.openqa.selenium.chrome.ChromeDriver\nCapabilities {acceptInsecureCerts: false, browserName: chrome, browserVersion: 106.0.5249.119, chrome: {chromedriverVersion: 106.0.5249.61 (511755355844..., userDataDir: /var/folders/73/xdbt43kj7v7...}, goog:chromeOptions: {debuggerAddress: localhost:53083}, javascriptEnabled: true, networkConnectionEnabled: false, pageLoadStrategy: normal, platform: MAC, platformName: MAC, proxy: Proxy(), setWindowRect: true, strictFileInteractability: false, timeouts: {implicit: 0, pageLoad: 300000, script: 30000}, unhandledPromptBehavior: dismiss and notify, webauthn:extension:credBlob: true, webauthn:extension:largeBlob: true, webauthn:virtualAuthenticators: true}\nSession ID: a87d3b3963caeae121301a7f92466e2e\n\tat jdk.internal.reflect.GeneratedConstructorAccessor12.newInstance(Unknown Source)\n\tat java.base/jdk.internal.reflect.DelegatingConstructorAccessorImpl.newInstance(DelegatingConstructorAccessorImpl.java:45)\n\tat java.base/java.lang.reflect.Constructor.newInstanceWithCaller(Constructor.java:499)\n\tat java.base/java.lang.reflect.Constructor.newInstance(Constructor.java:480)\n\tat org.openqa.selenium.remote.http.W3CHttpResponseCodec.createException(W3CHttpResponseCodec.java:187)\n\tat org.openqa.selenium.remote.http.W3CHttpResponseCodec.decode(W3CHttpResponseCodec.java:122)\n\tat org.openqa.selenium.remote.http.W3CHttpResponseCodec.decode(W3CHttpResponseCodec.java:49)\n\tat org.openqa.selenium.remote.HttpCommandExecutor.execute(HttpCommandExecutor.java:158)\n\tat org.openqa.selenium.remote.service.DriverCommandExecutor.execute(DriverCommandExecutor.java:83)\n\tat org.openqa.selenium.remote.RemoteWebDriver.execute(RemoteWebDriver.java:552)\n\tat org.openqa.selenium.remote.RemoteWebDriver.execute(RemoteWebDriver.java:609)\n\tat org.openqa.selenium.remote.RemoteWebDriver.getScreenshotAs(RemoteWebDriver.java:295)\n\tat StepDefinitions.Hooks.tearDown(Hooks.java:21)\n","duration":9322000,"status":"failed"},"match":{"location":"StepDefinitions.Hooks.tearDown(io.cucumber.java.Scenario)"}}],"type":"scenario","keyword":"Scenario","steps":[{"result":{"duration":91000,"status":"skipped"},"line":6,"name":"user is on \"/hovers\" Mouse Hover page","match":{"arguments":[{"val":"\"/hovers\"","offset":11}],"location":"StepDefinitions.T14_MouseHoverStepDefs.user_is_on_mouse_hover_page(java.lang.String)"},"keyword":"Given "},{"result":{"duration":48000,"status":"skipped"},"line":7,"name":"user hover overs each image","match":{"location":"StepDefinitions.T14_MouseHoverStepDefs.user_hover_overs_each_image()"},"keyword":"When "},{"result":{"duration":47000,"status":"skipped"},"line":8,"name":"user should be able to see additional information about each image","match":{"location":"StepDefinitions.T14_MouseHoverStepDefs.user_should_be_able_to_see_additional_information_about_each_image()"},"keyword":"Then "}],"tags":[{"name":"@MouseHover"},{"name":"@Test"}]}],"name":"Mouse Hover Test","description":"","id":"mouse-hover-test","keyword":"Feature","uri":"file:src/test/resources/features/mouseHover.feature","tags":[{"name":"@MouseHover","type":"Tag","location":{"line":1,"column":1}}]},{"line":2,"elements":[{"start_timestamp":"2022-10-20T05:56:42.262Z","before":[{"result":{"error_message":"org.openqa.selenium.NoSuchWindowException: no such window: target window already closed\nfrom unknown error: web view not found\n  (Session info: chrome=106.0.5249.119)\nBuild info: version: '3.141.59', revision: 'e82be7d358', time: '2018-11-14T08:17:03'\nSystem info: host: 'Foroghs-MBP.lan', ip: '2603:8000:9b40:cb48:0:0:0:1d9d%en0', os.name: 'Mac OS X', os.arch: 'x86_64', os.version: '12.6', java.version: '17.0.2'\nDriver info: org.openqa.selenium.chrome.ChromeDriver\nCapabilities {acceptInsecureCerts: false, browserName: chrome, browserVersion: 106.0.5249.119, chrome: {chromedriverVersion: 106.0.5249.61 (511755355844..., userDataDir: /var/folders/73/xdbt43kj7v7...}, goog:chromeOptions: {debuggerAddress: localhost:53083}, javascriptEnabled: true, networkConnectionEnabled: false, pageLoadStrategy: normal, platform: MAC, platformName: MAC, proxy: Proxy(), setWindowRect: true, strictFileInteractability: false, timeouts: {implicit: 0, pageLoad: 300000, script: 30000}, unhandledPromptBehavior: dismiss and notify, webauthn:extension:credBlob: true, webauthn:extension:largeBlob: true, webauthn:virtualAuthenticators: true}\nSession ID: a87d3b3963caeae121301a7f92466e2e\n\tat jdk.internal.reflect.GeneratedConstructorAccessor12.newInstance(Unknown Source)\n\tat java.base/jdk.internal.reflect.DelegatingConstructorAccessorImpl.newInstance(DelegatingConstructorAccessorImpl.java:45)\n\tat java.base/java.lang.reflect.Constructor.newInstanceWithCaller(Constructor.java:499)\n\tat java.base/java.lang.reflect.Constructor.newInstance(Constructor.java:480)\n\tat org.openqa.selenium.remote.http.W3CHttpResponseCodec.createException(W3CHttpResponseCodec.java:187)\n\tat org.openqa.selenium.remote.http.W3CHttpResponseCodec.decode(W3CHttpResponseCodec.java:122)\n\tat org.openqa.selenium.remote.http.W3CHttpResponseCodec.decode(W3CHttpResponseCodec.java:49)\n\tat org.openqa.selenium.remote.HttpCommandExecutor.execute(HttpCommandExecutor.java:158)\n\tat org.openqa.selenium.remote.service.DriverCommandExecutor.execute(DriverCommandExecutor.java:83)\n\tat org.openqa.selenium.remote.RemoteWebDriver.execute(RemoteWebDriver.java:552)\n\tat org.openqa.selenium.remote.RemoteWebDriver.get(RemoteWebDriver.java:277)\n\tat StepDefinitions.Hooks.setUp(Hooks.java:15)\n","duration":31662000,"status":"failed"},"match":{"location":"StepDefinitions.Hooks.setUp()"}}],"line":5,"name":"User clicks on the Click Here link and asserts that a new tab is opened with text New Window.","description":"","id":"test-link-opens-in-new-tab.;user-clicks-on-the-click-here-link-and-asserts-that-a-new-tab-is-opened-with-text-new-window.","after":[{"result":{"error_message":"org.openqa.selenium.NoSuchWindowException: no such window: target window already closed\nfrom unknown error: web view not found\n  (Session info: chrome=106.0.5249.119)\nBuild info: version: '3.141.59', revision: 'e82be7d358', time: '2018-11-14T08:17:03'\nSystem info: host: 'Foroghs-MBP.lan', ip: '2603:8000:9b40:cb48:0:0:0:1d9d%en0', os.name: 'Mac OS X', os.arch: 'x86_64', os.version: '12.6', java.version: '17.0.2'\nDriver info: org.openqa.selenium.chrome.ChromeDriver\nCapabilities {acceptInsecureCerts: false, browserName: chrome, browserVersion: 106.0.5249.119, chrome: {chromedriverVersion: 106.0.5249.61 (511755355844..., userDataDir: /var/folders/73/xdbt43kj7v7...}, goog:chromeOptions: {debuggerAddress: localhost:53083}, javascriptEnabled: true, networkConnectionEnabled: false, pageLoadStrategy: normal, platform: MAC, platformName: MAC, proxy: Proxy(), setWindowRect: true, strictFileInteractability: false, timeouts: {implicit: 0, pageLoad: 300000, script: 30000}, unhandledPromptBehavior: dismiss and notify, webauthn:extension:credBlob: true, webauthn:extension:largeBlob: true, webauthn:virtualAuthenticators: true}\nSession ID: a87d3b3963caeae121301a7f92466e2e\n\tat jdk.internal.reflect.GeneratedConstructorAccessor12.newInstance(Unknown Source)\n\tat java.base/jdk.internal.reflect.DelegatingConstructorAccessorImpl.newInstance(DelegatingConstructorAccessorImpl.java:45)\n\tat java.base/java.lang.reflect.Constructor.newInstanceWithCaller(Constructor.java:499)\n\tat java.base/java.lang.reflect.Constructor.newInstance(Constructor.java:480)\n\tat org.openqa.selenium.remote.http.W3CHttpResponseCodec.createException(W3CHttpResponseCodec.java:187)\n\tat org.openqa.selenium.remote.http.W3CHttpResponseCodec.decode(W3CHttpResponseCodec.java:122)\n\tat org.openqa.selenium.remote.http.W3CHttpResponseCodec.decode(W3CHttpResponseCodec.java:49)\n\tat org.openqa.selenium.remote.HttpCommandExecutor.execute(HttpCommandExecutor.java:158)\n\tat org.openqa.selenium.remote.service.DriverCommandExecutor.execute(DriverCommandExecutor.java:83)\n\tat org.openqa.selenium.remote.RemoteWebDriver.execute(RemoteWebDriver.java:552)\n\tat org.openqa.selenium.remote.RemoteWebDriver.execute(RemoteWebDriver.java:609)\n\tat org.openqa.selenium.remote.RemoteWebDriver.getScreenshotAs(RemoteWebDriver.java:295)\n\tat StepDefinitions.Hooks.tearDown(Hooks.java:21)\n","duration":3861000,"status":"failed"},"match":{"location":"StepDefinitions.Hooks.tearDown(io.cucumber.java.Scenario)"}}],"type":"scenario","keyword":"Scenario","steps":[{"result":{"duration":102000,"status":"skipped"},"line":6,"name":"user is on \"/windows\" New Window page","match":{"arguments":[{"val":"\"/windows\"","offset":11}],"location":"StepDefinitions.T17_NewWindowStepDefs.user_is_on_new_window_page(java.lang.String)"},"keyword":"Given "},{"result":{"duration":74000,"status":"skipped"},"line":7,"name":"user clicks on Click Here link","match":{"location":"StepDefinitions.T17_NewWindowStepDefs.user_clicks_on_click_here_link()"},"keyword":"When "},{"result":{"duration":74000,"status":"skipped"},"line":8,"name":"user should be able to verify that a new tab is opened with text New Window.","match":{"location":"StepDefinitions.T17_NewWindowStepDefs.user_should_be_able_to_verify_that_a_new_tab_is_opened_with_text_new_window()"},"keyword":"Then "}],"tags":[{"name":"@OpenInNewTab"},{"name":"@Test"}]}],"name":"Test Link Opens in new tab.","description":"","id":"test-link-opens-in-new-tab.","keyword":"Feature","uri":"file:src/test/resources/features/newWindow.feature","tags":[{"name":"@OpenInNewTab","type":"Tag","location":{"line":1,"column":1}}]},{"line":2,"elements":[{"start_timestamp":"2022-10-20T05:56:42.336Z","before":[{"result":{"error_message":"org.openqa.selenium.NoSuchWindowException: no such window: target window already closed\nfrom unknown error: web view not found\n  (Session info: chrome=106.0.5249.119)\nBuild info: version: '3.141.59', revision: 'e82be7d358', time: '2018-11-14T08:17:03'\nSystem info: host: 'Foroghs-MBP.lan', ip: '2603:8000:9b40:cb48:0:0:0:1d9d%en0', os.name: 'Mac OS X', os.arch: 'x86_64', os.version: '12.6', java.version: '17.0.2'\nDriver info: org.openqa.selenium.chrome.ChromeDriver\nCapabilities {acceptInsecureCerts: false, browserName: chrome, browserVersion: 106.0.5249.119, chrome: {chromedriverVersion: 106.0.5249.61 (511755355844..., userDataDir: /var/folders/73/xdbt43kj7v7...}, goog:chromeOptions: {debuggerAddress: localhost:53083}, javascriptEnabled: true, networkConnectionEnabled: false, pageLoadStrategy: normal, platform: MAC, platformName: MAC, proxy: Proxy(), setWindowRect: true, strictFileInteractability: false, timeouts: {implicit: 0, pageLoad: 300000, script: 30000}, unhandledPromptBehavior: dismiss and notify, webauthn:extension:credBlob: true, webauthn:extension:largeBlob: true, webauthn:virtualAuthenticators: true}\nSession ID: a87d3b3963caeae121301a7f92466e2e\n\tat jdk.internal.reflect.GeneratedConstructorAccessor12.newInstance(Unknown Source)\n\tat java.base/jdk.internal.reflect.DelegatingConstructorAccessorImpl.newInstance(DelegatingConstructorAccessorImpl.java:45)\n\tat java.base/java.lang.reflect.Constructor.newInstanceWithCaller(Constructor.java:499)\n\tat java.base/java.lang.reflect.Constructor.newInstance(Constructor.java:480)\n\tat org.openqa.selenium.remote.http.W3CHttpResponseCodec.createException(W3CHttpResponseCodec.java:187)\n\tat org.openqa.selenium.remote.http.W3CHttpResponseCodec.decode(W3CHttpResponseCodec.java:122)\n\tat org.openqa.selenium.remote.http.W3CHttpResponseCodec.decode(W3CHttpResponseCodec.java:49)\n\tat org.openqa.selenium.remote.HttpCommandExecutor.execute(HttpCommandExecutor.java:158)\n\tat org.openqa.selenium.remote.service.DriverCommandExecutor.execute(DriverCommandExecutor.java:83)\n\tat org.openqa.selenium.remote.RemoteWebDriver.execute(RemoteWebDriver.java:552)\n\tat org.openqa.selenium.remote.RemoteWebDriver.get(RemoteWebDriver.java:277)\n\tat StepDefinitions.Hooks.setUp(Hooks.java:15)\n","duration":34488000,"status":"failed"},"match":{"location":"StepDefinitions.Hooks.setUp()"}}],"line":5,"name":"User clicks on the Click Here link a multiple times and verifies the messages","description":"","id":"test-notification-message.;user-clicks-on-the-click-here-link-a-multiple-times-and-verifies-the-messages","after":[{"result":{"error_message":"org.openqa.selenium.NoSuchWindowException: no such window: target window already closed\nfrom unknown error: web view not found\n  (Session info: chrome=106.0.5249.119)\nBuild info: version: '3.141.59', revision: 'e82be7d358', time: '2018-11-14T08:17:03'\nSystem info: host: 'Foroghs-MBP.lan', ip: '2603:8000:9b40:cb48:0:0:0:1d9d%en0', os.name: 'Mac OS X', os.arch: 'x86_64', os.version: '12.6', java.version: '17.0.2'\nDriver info: org.openqa.selenium.chrome.ChromeDriver\nCapabilities {acceptInsecureCerts: false, browserName: chrome, browserVersion: 106.0.5249.119, chrome: {chromedriverVersion: 106.0.5249.61 (511755355844..., userDataDir: /var/folders/73/xdbt43kj7v7...}, goog:chromeOptions: {debuggerAddress: localhost:53083}, javascriptEnabled: true, networkConnectionEnabled: false, pageLoadStrategy: normal, platform: MAC, platformName: MAC, proxy: Proxy(), setWindowRect: true, strictFileInteractability: false, timeouts: {implicit: 0, pageLoad: 300000, script: 30000}, unhandledPromptBehavior: dismiss and notify, webauthn:extension:credBlob: true, webauthn:extension:largeBlob: true, webauthn:virtualAuthenticators: true}\nSession ID: a87d3b3963caeae121301a7f92466e2e\n\tat jdk.internal.reflect.GeneratedConstructorAccessor12.newInstance(Unknown Source)\n\tat java.base/jdk.internal.reflect.DelegatingConstructorAccessorImpl.newInstance(DelegatingConstructorAccessorImpl.java:45)\n\tat java.base/java.lang.reflect.Constructor.newInstanceWithCaller(Constructor.java:499)\n\tat java.base/java.lang.reflect.Constructor.newInstance(Constructor.java:480)\n\tat org.openqa.selenium.remote.http.W3CHttpResponseCodec.createException(W3CHttpResponseCodec.java:187)\n\tat org.openqa.selenium.remote.http.W3CHttpResponseCodec.decode(W3CHttpResponseCodec.java:122)\n\tat org.openqa.selenium.remote.http.W3CHttpResponseCodec.decode(W3CHttpResponseCodec.java:49)\n\tat org.openqa.selenium.remote.HttpCommandExecutor.execute(HttpCommandExecutor.java:158)\n\tat org.openqa.selenium.remote.service.DriverCommandExecutor.execute(DriverCommandExecutor.java:83)\n\tat org.openqa.selenium.remote.RemoteWebDriver.execute(RemoteWebDriver.java:552)\n\tat org.openqa.selenium.remote.RemoteWebDriver.execute(RemoteWebDriver.java:609)\n\tat org.openqa.selenium.remote.RemoteWebDriver.getScreenshotAs(RemoteWebDriver.java:295)\n\tat StepDefinitions.Hooks.tearDown(Hooks.java:21)\n","duration":9021000,"status":"failed"},"match":{"location":"StepDefinitions.Hooks.tearDown(io.cucumber.java.Scenario)"}}],"type":"scenario","keyword":"Scenario","steps":[{"result":{"duration":165000,"status":"skipped"},"line":6,"name":"user is on \"/notification_message_rendered\" Notification Message page","match":{"arguments":[{"val":"\"/notification_message_rendered\"","offset":11}],"location":"StepDefinitions.T18_NotificationMessageStepDefs.user_is_on_notification_message_page(java.lang.String)"},"keyword":"Given "},{"result":{"duration":80000,"status":"skipped"},"line":7,"name":"user clicks on Click Here link multiple times","match":{"location":"StepDefinitions.T18_NotificationMessageStepDefs.user_clicks_on_click_here_link_multiple_times()"},"keyword":"When "},{"result":{"duration":81000,"status":"skipped"},"line":8,"name":"user should asserts that one of the notification messages shown on click.","match":{"location":"StepDefinitions.T18_NotificationMessageStepDefs.userShouldAssertsThatOneOfTheNotificationMessagesShownOnClick()"},"keyword":"Then "}],"tags":[{"name":"@NotificationMessage"},{"name":"@Test"}]}],"name":"Test notification Message.","description":"","id":"test-notification-message.","keyword":"Feature","uri":"file:src/test/resources/features/notificationMessage.feature","tags":[{"name":"@NotificationMessage","type":"Tag","location":{"line":1,"column":1}}]}]