<?xml version="1.0" encoding="UTF-8"?>
<!-- Generated by org.testng.reporters.JUnitReportReporter -->
<testsuite skipped="0" hostname="LAPTOP-MLGRIG" name="test.AllTests" tests="19" failures="0" timestamp="2021-06-24T15:09:36 EDT" time="61.251" errors="1">
  <testcase name="loginSuccessTest" time="0.411" classname="test.AllTests"/>
  <system-out/>
  <testcase name="loginFailureTest" time="0.363" classname="test.AllTests"/>
  <system-out/>
  <testcase name="checkBox1Test" time="0.159" classname="test.AllTests"/>
  <system-out/>
  <testcase name="checkBox2Test" time="0.092" classname="test.AllTests"/>
  <system-out/>
  <testcase name="contextMenuTest" time="0.206" classname="test.AllTests"/>
  <system-out/>
  <testcase name="DragAndDropTest" time="0.017" classname="test.AllTests">
    <error type="org.openqa.selenium.UnhandledAlertException" message="unexpected alert open: {Alert text : You selected a context menu}
  (Session info: chrome=91.0.4472.114): You selected a context menu
Build info: version: &#039;3.141.59&#039;, revision: &#039;e82be7d358&#039;, time: &#039;2018-11-14T08:17:03&#039;
System info: host: &#039;LAPTOP-MLGRIG&#039;, ip: &#039;192.168.50.235&#039;, os.name: &#039;Windows 10&#039;, os.arch: &#039;amd64&#039;, os.version: &#039;10.0&#039;, java.version: &#039;1.8.0_261&#039;
Driver info: org.openqa.selenium.chrome.ChromeDriver
Capabilities {acceptInsecureCerts: false, browserName: chrome, browserVersion: 91.0.4472.114, chrome: {chromedriverVersion: 90.0.4430.24 (4c6d850f087da..., userDataDir: D:\TMP\scoped_dir41832_3392...}, goog:chromeOptions: {debuggerAddress: localhost:53200}, javascriptEnabled: true, networkConnectionEnabled: false, pageLoadStrategy: normal, platform: WINDOWS, platformName: WINDOWS, proxy: Proxy(), setWindowRect: true, strictFileInteractability: false, timeouts: {implicit: 0, pageLoad: 300000, script: 30000}, unhandledPromptBehavior: dismiss and notify, webauthn:extension:largeBlob: true, webauthn:virtualAuthenticators: true}
Session ID: 332757de2ad4555644dbb07186ac63d0">
      <![CDATA[org.openqa.selenium.UnhandledAlertException: unexpected alert open: {Alert text : You selected a context menu}
  (Session info: chrome=91.0.4472.114): You selected a context menu
Build info: version: '3.141.59', revision: 'e82be7d358', time: '2018-11-14T08:17:03'
System info: host: 'LAPTOP-MLGRIG', ip: '192.168.50.235', os.name: 'Windows 10', os.arch: 'amd64', os.version: '10.0', java.version: '1.8.0_261'
Driver info: org.openqa.selenium.chrome.ChromeDriver
Capabilities {acceptInsecureCerts: false, browserName: chrome, browserVersion: 91.0.4472.114, chrome: {chromedriverVersion: 90.0.4430.24 (4c6d850f087da..., userDataDir: D:\TMP\scoped_dir41832_3392...}, goog:chromeOptions: {debuggerAddress: localhost:53200}, javascriptEnabled: true, networkConnectionEnabled: false, pageLoadStrategy: normal, platform: WINDOWS, platformName: WINDOWS, proxy: Proxy(), setWindowRect: true, strictFileInteractability: false, timeouts: {implicit: 0, pageLoad: 300000, script: 30000}, unhandledPromptBehavior: dismiss and notify, webauthn:extension:largeBlob: true, webauthn:virtualAuthenticators: true}
Session ID: 332757de2ad4555644dbb07186ac63d0
at org.openqa.selenium.remote.http.W3CHttpResponseCodec.decode(W3CHttpResponseCodec.java:120)
at org.openqa.selenium.remote.http.W3CHttpResponseCodec.decode(W3CHttpResponseCodec.java:49)
at org.openqa.selenium.remote.HttpCommandExecutor.execute(HttpCommandExecutor.java:158)
at org.openqa.selenium.remote.service.DriverCommandExecutor.execute(DriverCommandExecutor.java:83)
at org.openqa.selenium.remote.RemoteWebDriver.execute(RemoteWebDriver.java:552)
at org.openqa.selenium.remote.RemoteWebDriver.get(RemoteWebDriver.java:277)
at test.AllTests.DragAndDropTest(AllTests.java:98)
at sun.reflect.NativeMethodAccessorImpl.invoke0(Native Method)
at sun.reflect.NativeMethodAccessorImpl.invoke(NativeMethodAccessorImpl.java:62)
at sun.reflect.DelegatingMethodAccessorImpl.invoke(DelegatingMethodAccessorImpl.java:43)
at java.lang.reflect.Method.invoke(Method.java:498)
at org.testng.internal.MethodInvocationHelper.invokeMethod(MethodInvocationHelper.java:133)
at org.testng.internal.TestInvoker.invokeMethod(TestInvoker.java:598)
at org.testng.internal.TestInvoker.invokeTestMethod(TestInvoker.java:173)
at org.testng.internal.MethodRunner.runInSequence(MethodRunner.java:46)
at org.testng.internal.TestInvoker$MethodInvocationAgent.invoke(TestInvoker.java:824)
at org.testng.internal.TestInvoker.invokeTestMethods(TestInvoker.java:146)
at org.testng.internal.TestMethodWorker.invokeTestMethods(TestMethodWorker.java:146)
at org.testng.internal.TestMethodWorker.run(TestMethodWorker.java:128)
at java.util.ArrayList.forEach(ArrayList.java:1259)
at org.testng.TestRunner.privateRun(TestRunner.java:794)
at org.testng.TestRunner.run(TestRunner.java:596)
at org.testng.SuiteRunner.runTest(SuiteRunner.java:377)
at org.testng.SuiteRunner.runSequentially(SuiteRunner.java:371)
at org.testng.SuiteRunner.privateRun(SuiteRunner.java:332)
at org.testng.SuiteRunner.run(SuiteRunner.java:276)
at org.testng.SuiteRunnerWorker.runSuite(SuiteRunnerWorker.java:53)
at org.testng.SuiteRunnerWorker.run(SuiteRunnerWorker.java:96)
at org.testng.TestNG.runSuitesSequentially(TestNG.java:1212)
at org.testng.TestNG.runSuitesLocally(TestNG.java:1134)
at org.testng.TestNG.runSuites(TestNG.java:1063)
at org.testng.TestNG.run(TestNG.java:1031)
at org.apache.maven.surefire.testng.TestNGExecutor.run(TestNGExecutor.java:295)
at org.apache.maven.surefire.testng.TestNGXmlTestSuite.execute(TestNGXmlTestSuite.java:84)
at org.apache.maven.surefire.testng.TestNGProvider.invoke(TestNGProvider.java:90)
at org.apache.maven.surefire.booter.ForkedBooter.invokeProviderInSameClassLoader(ForkedBooter.java:203)
at org.apache.maven.surefire.booter.ForkedBooter.runSuitesInProcess(ForkedBooter.java:155)
at org.apache.maven.surefire.booter.ForkedBooter.main(ForkedBooter.java:103)
]]>
    </error>
  </testcase> <!-- DragAndDropTest -->
  <system-out/>
  <testcase name="option2Test" time="0.215" classname="test.AllTests"/>
  <system-out/>
  <testcase name="option1Test" time="0.130" classname="test.AllTests"/>
  <system-out/>
  <testcase name="dynamicContentTest" time="0.396" classname="test.AllTests"/>
  <system-out/>
  <testcase name="DynamicControlsTest" time="12.689" classname="test.AllTests"/>
  <system-out/>
  <testcase name="dynamicLoading" time="11.064" classname="test.AllTests"/>
  <system-out/>
  <testcase name="fileUploadTest" time="0.307" classname="test.AllTests"/>
  <system-out/>
  <testcase name="floatingMenuTest" time="0.163" classname="test.AllTests"/>
  <system-out/>
  <testcase name="iframeTest" time="31.088" classname="test.AllTests"/>
  <system-out/>
  <testcase name="javaScriptAlertsTest" time="0.308" classname="test.AllTests"/>
  <system-out/>
  <testcase name="javaScriptErrorTest" time="0.062" classname="test.AllTests"/>
  <system-out/>
  <testcase name="mouseOverTest" time="0.616" classname="test.AllTests"/>
  <system-out/>
  <testcase name="newTabTest" time="0.206" classname="test.AllTests"/>
  <system-out/>
  <testcase name="notificationMsgTest" time="2.759" classname="test.AllTests"/>
  <system-out/>
</testsuite> <!-- test.AllTests -->
