<?xml version="1.0" encoding="UTF-8"?>
<testng-results skipped="0" failed="2" ignored="0" total="18" passed="16">
  <reporter-output>
  </reporter-output>
  <suite name="Default suite" duration-ms="259435" started-at="2020-09-19T01:05:40 EDT" finished-at="2020-09-19T01:09:59 EDT">
    <groups>
    </groups>
    <test name="Default test" duration-ms="259435" started-at="2020-09-19T01:05:40 EDT" finished-at="2020-09-19T01:09:59 EDT">
      <class name="take.homw.script.Script">
        <test-method status="PASS" signature="startup()[pri:0, instance:take.homw.script.Script@4d3167f4]" name="startup" is-config="true" duration-ms="72" started-at="2020-09-19T01:05:40 EDT" finished-at="2020-09-19T01:05:40 EDT">
          <reporter-output>
          </reporter-output>
        </test-method> <!-- startup -->
        <test-method status="PASS" signature="setup()[pri:0, instance:take.homw.script.Script@4d3167f4]" name="setup" is-config="true" duration-ms="1560" started-at="2020-09-19T01:05:40 EDT" finished-at="2020-09-19T01:05:42 EDT">
          <reporter-output>
          </reporter-output>
        </test-method> <!-- setup -->
        <test-method status="PASS" signature="login_Success()[pri:1, instance:take.homw.script.Script@4d3167f4]" name="login_Success" duration-ms="2515" started-at="2020-09-19T01:05:42 EDT" finished-at="2020-09-19T01:05:44 EDT">
          <reporter-output>
          </reporter-output>
        </test-method> <!-- login_Success -->
        <test-method status="PASS" signature="tearDown(org.testng.ITestResult)[pri:0, instance:take.homw.script.Script@4d3167f4]" name="tearDown" is-config="true" duration-ms="5144" started-at="2020-09-19T01:05:44 EDT" finished-at="2020-09-19T01:05:49 EDT">
          <params>
            <param index="0">
              <value>
                <![CDATA[[TestResult name=login_Success status=SUCCESS method=Script.login_Success()[pri:1, instance:take.homw.script.Script@4d3167f4] output={null}]]]>
              </value>
            </param>
          </params>
          <reporter-output>
          </reporter-output>
        </test-method> <!-- tearDown -->
        <test-method status="PASS" signature="setup()[pri:0, instance:take.homw.script.Script@4d3167f4]" name="setup" is-config="true" duration-ms="894" started-at="2020-09-19T01:05:49 EDT" finished-at="2020-09-19T01:05:50 EDT">
          <reporter-output>
          </reporter-output>
        </test-method> <!-- setup -->
        <test-method status="FAIL" signature="login_fail()[pri:2, instance:take.homw.script.Script@4d3167f4]" name="login_fail" duration-ms="1486" started-at="2020-09-19T01:05:50 EDT" finished-at="2020-09-19T01:05:52 EDT">
          <exception class="java.lang.AssertionError">
            <message>
              <![CDATA[expected [http://localhost:7080/secure] but found [http://localhost:7080/login]]]>
            </message>
            <full-stacktrace>
              <![CDATA[java.lang.AssertionError: expected [http://localhost:7080/secure] but found [http://localhost:7080/login]
at org.testng.Assert.fail(Assert.java:97)
at org.testng.Assert.assertEqualsImpl(Assert.java:136)
at org.testng.Assert.assertEquals(Assert.java:118)
at org.testng.Assert.assertEquals(Assert.java:575)
at org.testng.Assert.assertEquals(Assert.java:585)
at gmail.pitias4work.com.Login_failer.login_fail(Login_failer.java:36)
at take.homw.script.Script.login_fail(Script.java:37)
at sun.reflect.NativeMethodAccessorImpl.invoke0(Native Method)
at sun.reflect.NativeMethodAccessorImpl.invoke(NativeMethodAccessorImpl.java:62)
at sun.reflect.DelegatingMethodAccessorImpl.invoke(DelegatingMethodAccessorImpl.java:43)
at java.lang.reflect.Method.invoke(Method.java:498)
at org.testng.internal.MethodInvocationHelper.invokeMethod(MethodInvocationHelper.java:134)
at org.testng.internal.TestInvoker.invokeMethod(TestInvoker.java:597)
at org.testng.internal.TestInvoker.invokeTestMethod(TestInvoker.java:173)
at org.testng.internal.MethodRunner.runInSequence(MethodRunner.java:46)
at org.testng.internal.TestInvoker$MethodInvocationAgent.invoke(TestInvoker.java:816)
at org.testng.internal.TestInvoker.invokeTestMethods(TestInvoker.java:146)
at org.testng.internal.TestMethodWorker.invokeTestMethods(TestMethodWorker.java:146)
at org.testng.internal.TestMethodWorker.run(TestMethodWorker.java:128)
at java.util.ArrayList.forEach(ArrayList.java:1257)
at org.testng.TestRunner.privateRun(TestRunner.java:766)
at org.testng.TestRunner.run(TestRunner.java:587)
at org.testng.SuiteRunner.runTest(SuiteRunner.java:384)
at org.testng.SuiteRunner.runSequentially(SuiteRunner.java:378)
at org.testng.SuiteRunner.privateRun(SuiteRunner.java:337)
at org.testng.SuiteRunner.run(SuiteRunner.java:286)
at org.testng.SuiteRunnerWorker.runSuite(SuiteRunnerWorker.java:53)
at org.testng.SuiteRunnerWorker.run(SuiteRunnerWorker.java:96)
at org.testng.TestNG.runSuitesSequentially(TestNG.java:1187)
at org.testng.TestNG.runSuitesLocally(TestNG.java:1109)
at org.testng.TestNG.runSuites(TestNG.java:1039)
at org.testng.TestNG.run(TestNG.java:1007)
at org.testng.remote.AbstractRemoteTestNG.run(AbstractRemoteTestNG.java:115)
at org.testng.remote.RemoteTestNG.initAndRun(RemoteTestNG.java:251)
at org.testng.remote.RemoteTestNG.main(RemoteTestNG.java:77)
]]>
            </full-stacktrace>
          </exception> <!-- java.lang.AssertionError -->
          <reporter-output>
          </reporter-output>
        </test-method> <!-- login_fail -->
        <test-method status="PASS" signature="tearDown(org.testng.ITestResult)[pri:0, instance:take.homw.script.Script@4d3167f4]" name="tearDown" is-config="true" duration-ms="5664" started-at="2020-09-19T01:05:52 EDT" finished-at="2020-09-19T01:05:57 EDT">
          <params>
            <param index="0">
              <value>
                <![CDATA[[TestResult name=login_fail status=FAILURE method=Script.login_fail()[pri:2, instance:take.homw.script.Script@4d3167f4] output={null}]]]>
              </value>
            </param>
          </params>
          <reporter-output>
          </reporter-output>
        </test-method> <!-- tearDown -->
        <test-method status="PASS" signature="setup()[pri:0, instance:take.homw.script.Script@4d3167f4]" name="setup" is-config="true" duration-ms="968" started-at="2020-09-19T01:05:57 EDT" finished-at="2020-09-19T01:05:58 EDT">
          <reporter-output>
          </reporter-output>
        </test-method> <!-- setup -->
        <test-method status="PASS" signature="checkbox()[pri:3, instance:take.homw.script.Script@4d3167f4]" name="checkbox" duration-ms="1243" started-at="2020-09-19T01:05:58 EDT" finished-at="2020-09-19T01:06:00 EDT">
          <reporter-output>
          </reporter-output>
        </test-method> <!-- checkbox -->
        <test-method status="PASS" signature="tearDown(org.testng.ITestResult)[pri:0, instance:take.homw.script.Script@4d3167f4]" name="tearDown" is-config="true" duration-ms="5127" started-at="2020-09-19T01:06:00 EDT" finished-at="2020-09-19T01:06:05 EDT">
          <params>
            <param index="0">
              <value>
                <![CDATA[[TestResult name=checkbox status=SUCCESS method=Script.checkbox()[pri:3, instance:take.homw.script.Script@4d3167f4] output={null}]]]>
              </value>
            </param>
          </params>
          <reporter-output>
          </reporter-output>
        </test-method> <!-- tearDown -->
        <test-method status="PASS" signature="setup()[pri:0, instance:take.homw.script.Script@4d3167f4]" name="setup" is-config="true" duration-ms="902" started-at="2020-09-19T01:06:05 EDT" finished-at="2020-09-19T01:06:06 EDT">
          <reporter-output>
          </reporter-output>
        </test-method> <!-- setup -->
        <test-method status="PASS" signature="context_menu()[pri:4, instance:take.homw.script.Script@4d3167f4]" name="context_menu" duration-ms="4381" started-at="2020-09-19T01:06:06 EDT" finished-at="2020-09-19T01:06:10 EDT">
          <reporter-output>
          </reporter-output>
        </test-method> <!-- context_menu -->
        <test-method status="PASS" signature="tearDown(org.testng.ITestResult)[pri:0, instance:take.homw.script.Script@4d3167f4]" name="tearDown" is-config="true" duration-ms="22122" started-at="2020-09-19T01:06:10 EDT" finished-at="2020-09-19T01:06:32 EDT">
          <params>
            <param index="0">
              <value>
                <![CDATA[[TestResult name=context_menu status=SUCCESS method=Script.context_menu()[pri:4, instance:take.homw.script.Script@4d3167f4] output={null}]]]>
              </value>
            </param>
          </params>
          <reporter-output>
          </reporter-output>
        </test-method> <!-- tearDown -->
        <test-method status="PASS" signature="setup()[pri:0, instance:take.homw.script.Script@4d3167f4]" name="setup" is-config="true" duration-ms="893" started-at="2020-09-19T01:06:32 EDT" finished-at="2020-09-19T01:06:33 EDT">
          <reporter-output>
          </reporter-output>
        </test-method> <!-- setup -->
        <test-method status="PASS" signature="dragandDrop()[pri:5, instance:take.homw.script.Script@4d3167f4]" name="dragandDrop" duration-ms="5567" started-at="2020-09-19T01:06:33 EDT" finished-at="2020-09-19T01:06:39 EDT">
          <reporter-output>
          </reporter-output>
        </test-method> <!-- dragandDrop -->
        <test-method status="PASS" signature="tearDown(org.testng.ITestResult)[pri:0, instance:take.homw.script.Script@4d3167f4]" name="tearDown" is-config="true" duration-ms="5129" started-at="2020-09-19T01:06:39 EDT" finished-at="2020-09-19T01:06:44 EDT">
          <params>
            <param index="0">
              <value>
                <![CDATA[[TestResult name=dragandDrop status=SUCCESS method=Script.dragandDrop()[pri:5, instance:take.homw.script.Script@4d3167f4] output={null}]]]>
              </value>
            </param>
          </params>
          <reporter-output>
          </reporter-output>
        </test-method> <!-- tearDown -->
        <test-method status="PASS" signature="setup()[pri:0, instance:take.homw.script.Script@4d3167f4]" name="setup" is-config="true" duration-ms="879" started-at="2020-09-19T01:06:44 EDT" finished-at="2020-09-19T01:06:45 EDT">
          <reporter-output>
          </reporter-output>
        </test-method> <!-- setup -->
        <test-method status="PASS" signature="dropDown()[pri:6, instance:take.homw.script.Script@4d3167f4]" name="dropDown" duration-ms="3300" started-at="2020-09-19T01:06:45 EDT" finished-at="2020-09-19T01:06:48 EDT">
          <reporter-output>
          </reporter-output>
        </test-method> <!-- dropDown -->
        <test-method status="PASS" signature="tearDown(org.testng.ITestResult)[pri:0, instance:take.homw.script.Script@4d3167f4]" name="tearDown" is-config="true" duration-ms="5127" started-at="2020-09-19T01:06:48 EDT" finished-at="2020-09-19T01:06:53 EDT">
          <params>
            <param index="0">
              <value>
                <![CDATA[[TestResult name=dropDown status=SUCCESS method=Script.dropDown()[pri:6, instance:take.homw.script.Script@4d3167f4] output={null}]]]>
              </value>
            </param>
          </params>
          <reporter-output>
          </reporter-output>
        </test-method> <!-- tearDown -->
        <test-method status="PASS" signature="setup()[pri:0, instance:take.homw.script.Script@4d3167f4]" name="setup" is-config="true" duration-ms="959" started-at="2020-09-19T01:06:53 EDT" finished-at="2020-09-19T01:06:54 EDT">
          <reporter-output>
          </reporter-output>
        </test-method> <!-- setup -->
        <test-method status="PASS" signature="dynamic_Content()[pri:7, instance:take.homw.script.Script@4d3167f4]" name="dynamic_Content" duration-ms="31000" started-at="2020-09-19T01:06:54 EDT" finished-at="2020-09-19T01:07:25 EDT">
          <reporter-output>
          </reporter-output>
        </test-method> <!-- dynamic_Content -->
        <test-method status="PASS" signature="tearDown(org.testng.ITestResult)[pri:0, instance:take.homw.script.Script@4d3167f4]" name="tearDown" is-config="true" duration-ms="5128" started-at="2020-09-19T01:07:25 EDT" finished-at="2020-09-19T01:07:30 EDT">
          <params>
            <param index="0">
              <value>
                <![CDATA[[TestResult name=dynamic_Content status=SUCCESS method=Script.dynamic_Content()[pri:7, instance:take.homw.script.Script@4d3167f4] output={null}]]]>
              </value>
            </param>
          </params>
          <reporter-output>
          </reporter-output>
        </test-method> <!-- tearDown -->
        <test-method status="PASS" signature="setup()[pri:0, instance:take.homw.script.Script@4d3167f4]" name="setup" is-config="true" duration-ms="1097" started-at="2020-09-19T01:07:30 EDT" finished-at="2020-09-19T01:07:31 EDT">
          <reporter-output>
          </reporter-output>
        </test-method> <!-- setup -->
        <test-method status="PASS" signature="dynamic_Control()[pri:8, instance:take.homw.script.Script@4d3167f4]" name="dynamic_Control" duration-ms="20581" started-at="2020-09-19T01:07:31 EDT" finished-at="2020-09-19T01:07:52 EDT">
          <reporter-output>
          </reporter-output>
        </test-method> <!-- dynamic_Control -->
        <test-method status="PASS" signature="tearDown(org.testng.ITestResult)[pri:0, instance:take.homw.script.Script@4d3167f4]" name="tearDown" is-config="true" duration-ms="5087" started-at="2020-09-19T01:07:52 EDT" finished-at="2020-09-19T01:07:57 EDT">
          <params>
            <param index="0">
              <value>
                <![CDATA[[TestResult name=dynamic_Control status=SUCCESS method=Script.dynamic_Control()[pri:8, instance:take.homw.script.Script@4d3167f4] output={null}]]]>
              </value>
            </param>
          </params>
          <reporter-output>
          </reporter-output>
        </test-method> <!-- tearDown -->
        <test-method status="PASS" signature="setup()[pri:0, instance:take.homw.script.Script@4d3167f4]" name="setup" is-config="true" duration-ms="854" started-at="2020-09-19T01:07:57 EDT" finished-at="2020-09-19T01:07:58 EDT">
          <reporter-output>
          </reporter-output>
        </test-method> <!-- setup -->
        <test-method status="PASS" signature="dynamic_Loading()[pri:9, instance:take.homw.script.Script@4d3167f4]" name="dynamic_Loading" duration-ms="10292" started-at="2020-09-19T01:07:58 EDT" finished-at="2020-09-19T01:08:08 EDT">
          <reporter-output>
          </reporter-output>
        </test-method> <!-- dynamic_Loading -->
        <test-method status="PASS" signature="tearDown(org.testng.ITestResult)[pri:0, instance:take.homw.script.Script@4d3167f4]" name="tearDown" is-config="true" duration-ms="5089" started-at="2020-09-19T01:08:08 EDT" finished-at="2020-09-19T01:08:13 EDT">
          <params>
            <param index="0">
              <value>
                <![CDATA[[TestResult name=dynamic_Loading status=SUCCESS method=Script.dynamic_Loading()[pri:9, instance:take.homw.script.Script@4d3167f4] output={null}]]]>
              </value>
            </param>
          </params>
          <reporter-output>
          </reporter-output>
        </test-method> <!-- tearDown -->
        <test-method status="PASS" signature="setup()[pri:0, instance:take.homw.script.Script@4d3167f4]" name="setup" is-config="true" duration-ms="815" started-at="2020-09-19T01:08:13 EDT" finished-at="2020-09-19T01:08:14 EDT">
          <reporter-output>
          </reporter-output>
        </test-method> <!-- setup -->
        <test-method status="FAIL" signature="fileDownload()[pri:10, instance:take.homw.script.Script@4d3167f4]" name="fileDownload" duration-ms="5278" started-at="2020-09-19T01:08:14 EDT" finished-at="2020-09-19T01:08:19 EDT">
          <exception class="java.lang.AssertionError">
            <message>
              <![CDATA[expected [true] but found [false]]]>
            </message>
            <full-stacktrace>
              <![CDATA[java.lang.AssertionError: expected [true] but found [false]
at org.testng.Assert.fail(Assert.java:97)
at org.testng.Assert.failNotEquals(Assert.java:969)
at org.testng.Assert.assertTrue(Assert.java:43)
at org.testng.Assert.assertTrue(Assert.java:53)
at gmail.pitias4work.com.FileDownload.download(FileDownload.java:30)
at take.homw.script.Script.fileDownload(Script.java:86)
at sun.reflect.NativeMethodAccessorImpl.invoke0(Native Method)
at sun.reflect.NativeMethodAccessorImpl.invoke(NativeMethodAccessorImpl.java:62)
at sun.reflect.DelegatingMethodAccessorImpl.invoke(DelegatingMethodAccessorImpl.java:43)
at java.lang.reflect.Method.invoke(Method.java:498)
at org.testng.internal.MethodInvocationHelper.invokeMethod(MethodInvocationHelper.java:134)
at org.testng.internal.TestInvoker.invokeMethod(TestInvoker.java:597)
at org.testng.internal.TestInvoker.invokeTestMethod(TestInvoker.java:173)
at org.testng.internal.MethodRunner.runInSequence(MethodRunner.java:46)
at org.testng.internal.TestInvoker$MethodInvocationAgent.invoke(TestInvoker.java:816)
at org.testng.internal.TestInvoker.invokeTestMethods(TestInvoker.java:146)
at org.testng.internal.TestMethodWorker.invokeTestMethods(TestMethodWorker.java:146)
at org.testng.internal.TestMethodWorker.run(TestMethodWorker.java:128)
at java.util.ArrayList.forEach(ArrayList.java:1257)
at org.testng.TestRunner.privateRun(TestRunner.java:766)
at org.testng.TestRunner.run(TestRunner.java:587)
at org.testng.SuiteRunner.runTest(SuiteRunner.java:384)
at org.testng.SuiteRunner.runSequentially(SuiteRunner.java:378)
at org.testng.SuiteRunner.privateRun(SuiteRunner.java:337)
at org.testng.SuiteRunner.run(SuiteRunner.java:286)
at org.testng.SuiteRunnerWorker.runSuite(SuiteRunnerWorker.java:53)
at org.testng.SuiteRunnerWorker.run(SuiteRunnerWorker.java:96)
at org.testng.TestNG.runSuitesSequentially(TestNG.java:1187)
at org.testng.TestNG.runSuitesLocally(TestNG.java:1109)
at org.testng.TestNG.runSuites(TestNG.java:1039)
at org.testng.TestNG.run(TestNG.java:1007)
at org.testng.remote.AbstractRemoteTestNG.run(AbstractRemoteTestNG.java:115)
at org.testng.remote.RemoteTestNG.initAndRun(RemoteTestNG.java:251)
at org.testng.remote.RemoteTestNG.main(RemoteTestNG.java:77)
]]>
            </full-stacktrace>
          </exception> <!-- java.lang.AssertionError -->
          <reporter-output>
          </reporter-output>
        </test-method> <!-- fileDownload -->
        <test-method status="PASS" signature="tearDown(org.testng.ITestResult)[pri:0, instance:take.homw.script.Script@4d3167f4]" name="tearDown" is-config="true" duration-ms="5570" started-at="2020-09-19T01:08:19 EDT" finished-at="2020-09-19T01:08:25 EDT">
          <params>
            <param index="0">
              <value>
                <![CDATA[[TestResult name=fileDownload status=FAILURE method=Script.fileDownload()[pri:10, instance:take.homw.script.Script@4d3167f4] output={null}]]]>
              </value>
            </param>
          </params>
          <reporter-output>
          </reporter-output>
        </test-method> <!-- tearDown -->
        <test-method status="PASS" signature="setup()[pri:0, instance:take.homw.script.Script@4d3167f4]" name="setup" is-config="true" duration-ms="874" started-at="2020-09-19T01:08:25 EDT" finished-at="2020-09-19T01:08:26 EDT">
          <reporter-output>
          </reporter-output>
        </test-method> <!-- setup -->
        <test-method status="PASS" signature="fileUpload()[pri:11, instance:take.homw.script.Script@4d3167f4]" name="fileUpload" duration-ms="6415" started-at="2020-09-19T01:08:26 EDT" finished-at="2020-09-19T01:08:32 EDT">
          <reporter-output>
          </reporter-output>
        </test-method> <!-- fileUpload -->
        <test-method status="PASS" signature="tearDown(org.testng.ITestResult)[pri:0, instance:take.homw.script.Script@4d3167f4]" name="tearDown" is-config="true" duration-ms="5075" started-at="2020-09-19T01:08:32 EDT" finished-at="2020-09-19T01:08:37 EDT">
          <params>
            <param index="0">
              <value>
                <![CDATA[[TestResult name=fileUpload status=SUCCESS method=Script.fileUpload()[pri:11, instance:take.homw.script.Script@4d3167f4] output={null}]]]>
              </value>
            </param>
          </params>
          <reporter-output>
          </reporter-output>
        </test-method> <!-- tearDown -->
        <test-method status="PASS" signature="setup()[pri:0, instance:take.homw.script.Script@4d3167f4]" name="setup" is-config="true" duration-ms="813" started-at="2020-09-19T01:08:37 EDT" finished-at="2020-09-19T01:08:38 EDT">
          <reporter-output>
          </reporter-output>
        </test-method> <!-- setup -->
        <test-method status="PASS" signature="floating_Menu()[pri:12, instance:take.homw.script.Script@4d3167f4]" name="floating_Menu" duration-ms="2236" started-at="2020-09-19T01:08:38 EDT" finished-at="2020-09-19T01:08:40 EDT">
          <reporter-output>
          </reporter-output>
        </test-method> <!-- floating_Menu -->
        <test-method status="PASS" signature="tearDown(org.testng.ITestResult)[pri:0, instance:take.homw.script.Script@4d3167f4]" name="tearDown" is-config="true" duration-ms="5078" started-at="2020-09-19T01:08:40 EDT" finished-at="2020-09-19T01:08:45 EDT">
          <params>
            <param index="0">
              <value>
                <![CDATA[[TestResult name=floating_Menu status=SUCCESS method=Script.floating_Menu()[pri:12, instance:take.homw.script.Script@4d3167f4] output={null}]]]>
              </value>
            </param>
          </params>
          <reporter-output>
          </reporter-output>
        </test-method> <!-- tearDown -->
        <test-method status="PASS" signature="setup()[pri:0, instance:take.homw.script.Script@4d3167f4]" name="setup" is-config="true" duration-ms="813" started-at="2020-09-19T01:08:45 EDT" finished-at="2020-09-19T01:08:46 EDT">
          <reporter-output>
          </reporter-output>
        </test-method> <!-- setup -->
        <test-method status="PASS" signature="iframe()[pri:13, instance:take.homw.script.Script@4d3167f4]" name="iframe" duration-ms="2444" started-at="2020-09-19T01:08:46 EDT" finished-at="2020-09-19T01:08:48 EDT">
          <reporter-output>
          </reporter-output>
        </test-method> <!-- iframe -->
        <test-method status="PASS" signature="tearDown(org.testng.ITestResult)[pri:0, instance:take.homw.script.Script@4d3167f4]" name="tearDown" is-config="true" duration-ms="5075" started-at="2020-09-19T01:08:48 EDT" finished-at="2020-09-19T01:08:54 EDT">
          <params>
            <param index="0">
              <value>
                <![CDATA[[TestResult name=iframe status=SUCCESS method=Script.iframe()[pri:13, instance:take.homw.script.Script@4d3167f4] output={null}]]]>
              </value>
            </param>
          </params>
          <reporter-output>
          </reporter-output>
        </test-method> <!-- tearDown -->
        <test-method status="PASS" signature="setup()[pri:0, instance:take.homw.script.Script@4d3167f4]" name="setup" is-config="true" duration-ms="815" started-at="2020-09-19T01:08:54 EDT" finished-at="2020-09-19T01:08:54 EDT">
          <reporter-output>
          </reporter-output>
        </test-method> <!-- setup -->
        <test-method status="PASS" signature="mouse_Hover()[pri:14, instance:take.homw.script.Script@4d3167f4]" name="mouse_Hover" duration-ms="9670" started-at="2020-09-19T01:08:54 EDT" finished-at="2020-09-19T01:09:04 EDT">
          <reporter-output>
          </reporter-output>
        </test-method> <!-- mouse_Hover -->
        <test-method status="PASS" signature="tearDown(org.testng.ITestResult)[pri:0, instance:take.homw.script.Script@4d3167f4]" name="tearDown" is-config="true" duration-ms="5076" started-at="2020-09-19T01:09:04 EDT" finished-at="2020-09-19T01:09:09 EDT">
          <params>
            <param index="0">
              <value>
                <![CDATA[[TestResult name=mouse_Hover status=SUCCESS method=Script.mouse_Hover()[pri:14, instance:take.homw.script.Script@4d3167f4] output={null}]]]>
              </value>
            </param>
          </params>
          <reporter-output>
          </reporter-output>
        </test-method> <!-- tearDown -->
        <test-method status="PASS" signature="setup()[pri:0, instance:take.homw.script.Script@4d3167f4]" name="setup" is-config="true" duration-ms="830" started-at="2020-09-19T01:09:09 EDT" finished-at="2020-09-19T01:09:10 EDT">
          <reporter-output>
          </reporter-output>
        </test-method> <!-- setup -->
        <test-method status="PASS" signature="javaScriptAlerts()[pri:15, instance:take.homw.script.Script@4d3167f4]" name="javaScriptAlerts" duration-ms="8358" started-at="2020-09-19T01:09:10 EDT" finished-at="2020-09-19T01:09:18 EDT">
          <reporter-output>
          </reporter-output>
        </test-method> <!-- javaScriptAlerts -->
        <test-method status="PASS" signature="tearDown(org.testng.ITestResult)[pri:0, instance:take.homw.script.Script@4d3167f4]" name="tearDown" is-config="true" duration-ms="5082" started-at="2020-09-19T01:09:18 EDT" finished-at="2020-09-19T01:09:23 EDT">
          <params>
            <param index="0">
              <value>
                <![CDATA[[TestResult name=javaScriptAlerts status=SUCCESS method=Script.javaScriptAlerts()[pri:15, instance:take.homw.script.Script@4d3167f4] output={null}]]]>
              </value>
            </param>
          </params>
          <reporter-output>
          </reporter-output>
        </test-method> <!-- tearDown -->
        <test-method status="PASS" signature="setup()[pri:0, instance:take.homw.script.Script@4d3167f4]" name="setup" is-config="true" duration-ms="890" started-at="2020-09-19T01:09:23 EDT" finished-at="2020-09-19T01:09:24 EDT">
          <reporter-output>
          </reporter-output>
        </test-method> <!-- setup -->
        <test-method status="PASS" signature="JavaScriptError()[pri:16, instance:take.homw.script.Script@4d3167f4]" name="JavaScriptError" duration-ms="86" started-at="2020-09-19T01:09:24 EDT" finished-at="2020-09-19T01:09:24 EDT">
          <reporter-output>
          </reporter-output>
        </test-method> <!-- JavaScriptError -->
        <test-method status="PASS" signature="tearDown(org.testng.ITestResult)[pri:0, instance:take.homw.script.Script@4d3167f4]" name="tearDown" is-config="true" duration-ms="5071" started-at="2020-09-19T01:09:24 EDT" finished-at="2020-09-19T01:09:29 EDT">
          <params>
            <param index="0">
              <value>
                <![CDATA[[TestResult name=JavaScriptError status=SUCCESS method=Script.JavaScriptError()[pri:16, instance:take.homw.script.Script@4d3167f4] output={null}]]]>
              </value>
            </param>
          </params>
          <reporter-output>
          </reporter-output>
        </test-method> <!-- tearDown -->
        <test-method status="PASS" signature="setup()[pri:0, instance:take.homw.script.Script@4d3167f4]" name="setup" is-config="true" duration-ms="825" started-at="2020-09-19T01:09:29 EDT" finished-at="2020-09-19T01:09:30 EDT">
          <reporter-output>
          </reporter-output>
        </test-method> <!-- setup -->
        <test-method status="PASS" signature="openNewTab()[pri:17, instance:take.homw.script.Script@4d3167f4]" name="openNewTab" duration-ms="3311" started-at="2020-09-19T01:09:30 EDT" finished-at="2020-09-19T01:09:34 EDT">
          <reporter-output>
          </reporter-output>
        </test-method> <!-- openNewTab -->
        <test-method status="PASS" signature="tearDown(org.testng.ITestResult)[pri:0, instance:take.homw.script.Script@4d3167f4]" name="tearDown" is-config="true" duration-ms="5024" started-at="2020-09-19T01:09:34 EDT" finished-at="2020-09-19T01:09:39 EDT">
          <params>
            <param index="0">
              <value>
                <![CDATA[[TestResult name=openNewTab status=SUCCESS method=Script.openNewTab()[pri:17, instance:take.homw.script.Script@4d3167f4] output={null}]]]>
              </value>
            </param>
          </params>
          <reporter-output>
          </reporter-output>
        </test-method> <!-- tearDown -->
        <test-method status="PASS" signature="setup()[pri:0, instance:take.homw.script.Script@4d3167f4]" name="setup" is-config="true" duration-ms="800" started-at="2020-09-19T01:09:39 EDT" finished-at="2020-09-19T01:09:39 EDT">
          <reporter-output>
          </reporter-output>
        </test-method> <!-- setup -->
        <test-method status="PASS" signature="notification_Msg()[pri:18, instance:take.homw.script.Script@4d3167f4]" name="notification_Msg" duration-ms="14745" started-at="2020-09-19T01:09:39 EDT" finished-at="2020-09-19T01:09:54 EDT">
          <reporter-output>
          </reporter-output>
        </test-method> <!-- notification_Msg -->
        <test-method status="PASS" signature="tearDown(org.testng.ITestResult)[pri:0, instance:take.homw.script.Script@4d3167f4]" name="tearDown" is-config="true" duration-ms="5079" started-at="2020-09-19T01:09:54 EDT" finished-at="2020-09-19T01:09:59 EDT">
          <params>
            <param index="0">
              <value>
                <![CDATA[[TestResult name=notification_Msg status=SUCCESS method=Script.notification_Msg()[pri:18, instance:take.homw.script.Script@4d3167f4] output={null}]]]>
              </value>
            </param>
          </params>
          <reporter-output>
          </reporter-output>
        </test-method> <!-- tearDown -->
        <test-method status="PASS" signature="afterAllTests()[pri:0, instance:take.homw.script.Script@4d3167f4]" name="afterAllTests" is-config="true" duration-ms="166" started-at="2020-09-19T01:09:59 EDT" finished-at="2020-09-19T01:09:59 EDT">
          <reporter-output>
          </reporter-output>
        </test-method> <!-- afterAllTests -->
      </class> <!-- take.homw.script.Script -->
    </test> <!-- Default test -->
  </suite> <!-- Default suite -->
</testng-results>
