<?xml version="1.0" encoding="UTF-8"?>
<testng-results skipped="0" failed="2" ignored="0" total="19" passed="17">
  <reporter-output>
  </reporter-output>
  <suite name="Suite" duration-ms="70386" started-at="2022-09-12T03:12:53Z" finished-at="2022-09-12T03:14:03Z">
    <groups>
    </groups>
    <test name="Test" duration-ms="70386" started-at="2022-09-12T03:12:53Z" finished-at="2022-09-12T03:14:03Z">
      <class name="testcases.DynamicContentTest">
        <test-method status="PASS" signature="DynamicContentRefreshPage()[pri:0, instance:testcases.DynamicContentTest@7880cdf3]" name="DynamicContentRefreshPage" duration-ms="2692" started-at="2022-09-12T03:13:10Z" finished-at="2022-09-12T03:13:13Z">
          <reporter-output>
          </reporter-output>
        </test-method> <!-- DynamicContentRefreshPage -->
      </class> <!-- testcases.DynamicContentTest -->
      <class name="testcases.JavaScriptAlertsTest">
        <test-method status="PASS" signature="checkJSAlert()[pri:0, instance:testcases.JavaScriptAlertsTest@bef2d72]" name="checkJSAlert" duration-ms="2001" started-at="2022-09-12T03:13:54Z" finished-at="2022-09-12T03:13:56Z">
          <reporter-output>
          </reporter-output>
        </test-method> <!-- checkJSAlert -->
        <test-method status="PASS" signature="checkJSConfirm()[pri:0, instance:testcases.JavaScriptAlertsTest@bef2d72]" name="checkJSConfirm" duration-ms="91" started-at="2022-09-12T03:13:56Z" finished-at="2022-09-12T03:13:56Z">
          <reporter-output>
          </reporter-output>
        </test-method> <!-- checkJSConfirm -->
        <test-method status="PASS" signature="checkJSPrompt()[pri:0, instance:testcases.JavaScriptAlertsTest@bef2d72]" name="checkJSPrompt" duration-ms="778" started-at="2022-09-12T03:13:56Z" finished-at="2022-09-12T03:13:57Z">
          <reporter-output>
          </reporter-output>
        </test-method> <!-- checkJSPrompt -->
      </class> <!-- testcases.JavaScriptAlertsTest -->
      <class name="testcases.LoginSuccessTest">
        <test-method status="PASS" signature="loginSuccess()[pri:0, instance:testcases.LoginSuccessTest@149e0f5d]" name="loginSuccess" duration-ms="3320" started-at="2022-09-12T03:12:53Z" finished-at="2022-09-12T03:12:56Z">
          <reporter-output>
          </reporter-output>
        </test-method> <!-- loginSuccess -->
      </class> <!-- testcases.LoginSuccessTest -->
      <class name="testcases.ContextMenuTest">
        <test-method status="PASS" signature="contextMenu()[pri:0, instance:testcases.ContextMenuTest@6af93788]" name="contextMenu" duration-ms="2447" started-at="2022-09-12T03:13:01Z" finished-at="2022-09-12T03:13:04Z">
          <reporter-output>
          </reporter-output>
        </test-method> <!-- contextMenu -->
      </class> <!-- testcases.ContextMenuTest -->
      <class name="testcases.DropdownTest">
        <test-method status="PASS" signature="dropdown()[pri:0, instance:testcases.DropdownTest@36c88a32]" name="dropdown" duration-ms="3551" started-at="2022-09-12T03:13:06Z" finished-at="2022-09-12T03:13:10Z">
          <reporter-output>
          </reporter-output>
        </test-method> <!-- dropdown -->
      </class> <!-- testcases.DropdownTest -->
      <class name="testcases.MouseHoverTest">
        <test-method status="PASS" signature="MouseHover()[pri:0, instance:testcases.MouseHoverTest@5223e5ee]" name="MouseHover" duration-ms="2722" started-at="2022-09-12T03:13:51Z" finished-at="2022-09-12T03:13:54Z">
          <reporter-output>
          </reporter-output>
        </test-method> <!-- MouseHover -->
      </class> <!-- testcases.MouseHoverTest -->
      <class name="testcases.CheckboxesTest">
        <test-method status="PASS" signature="checkboxCheck()[pri:0, instance:testcases.CheckboxesTest@2f7c2f4f]" name="checkboxCheck" duration-ms="2511" started-at="2022-09-12T03:12:59Z" finished-at="2022-09-12T03:13:01Z">
          <reporter-output>
          </reporter-output>
        </test-method> <!-- checkboxCheck -->
      </class> <!-- testcases.CheckboxesTest -->
      <class name="testcases.DynamicLoadingTest">
        <test-method status="PASS" signature="DynamicLoading()[pri:0, instance:testcases.DynamicLoadingTest@1c93084c]" name="DynamicLoading" duration-ms="7431" started-at="2022-09-12T03:13:13Z" finished-at="2022-09-12T03:13:20Z">
          <reporter-output>
          </reporter-output>
        </test-method> <!-- DynamicLoading -->
      </class> <!-- testcases.DynamicLoadingTest -->
      <class name="testcases.NotificationMessageTest">
        <test-method status="FAIL" signature="verifyNotificatMessageCheck()[pri:0, instance:testcases.NotificationMessageTest@6fe7aac8]" name="verifyNotificatMessageCheck" duration-ms="2176" started-at="2022-09-12T03:14:01Z" finished-at="2022-09-12T03:14:03Z">
          <exception class="java.lang.AssertionError">
            <message>
              <![CDATA[expected [true] but found [false]]]>
            </message>
            <full-stacktrace>
              <![CDATA[java.lang.AssertionError: expected [true] but found [false]
at org.testng.Assert.fail(Assert.java:96)
at org.testng.Assert.failNotEquals(Assert.java:776)
at org.testng.Assert.assertTrue(Assert.java:44)
at org.testng.Assert.assertTrue(Assert.java:54)
at pages.actions.NotificationMessagePage.verifyNotificationMessage(NotificationMessagePage.java:15)
at testcases.NotificationMessageTest.verifyNotificatMessageCheck(NotificationMessageTest.java:14)
at sun.reflect.NativeMethodAccessorImpl.invoke0(Native Method)
at sun.reflect.NativeMethodAccessorImpl.invoke(NativeMethodAccessorImpl.java:62)
at sun.reflect.DelegatingMethodAccessorImpl.invoke(DelegatingMethodAccessorImpl.java:43)
at java.lang.reflect.Method.invoke(Method.java:498)
at org.testng.internal.MethodInvocationHelper.invokeMethod(MethodInvocationHelper.java:124)
at org.testng.internal.Invoker.invokeMethod(Invoker.java:583)
at org.testng.internal.Invoker.invokeTestMethod(Invoker.java:719)
at org.testng.internal.Invoker.invokeTestMethods(Invoker.java:989)
at org.testng.internal.TestMethodWorker.invokeTestMethods(TestMethodWorker.java:125)
at org.testng.internal.TestMethodWorker.run(TestMethodWorker.java:109)
at org.testng.TestRunner.privateRun(TestRunner.java:648)
at org.testng.TestRunner.run(TestRunner.java:505)
at org.testng.SuiteRunner.runTest(SuiteRunner.java:455)
at org.testng.SuiteRunner.runSequentially(SuiteRunner.java:450)
at org.testng.SuiteRunner.privateRun(SuiteRunner.java:415)
at org.testng.SuiteRunner.run(SuiteRunner.java:364)
at org.testng.SuiteRunnerWorker.runSuite(SuiteRunnerWorker.java:52)
at org.testng.SuiteRunnerWorker.run(SuiteRunnerWorker.java:84)
at org.testng.TestNG.runSuitesSequentially(TestNG.java:1208)
at org.testng.TestNG.runSuitesLocally(TestNG.java:1137)
at org.testng.TestNG.runSuites(TestNG.java:1049)
at org.testng.TestNG.run(TestNG.java:1017)
at org.testng.remote.AbstractRemoteTestNG.run(AbstractRemoteTestNG.java:115)
at org.testng.remote.RemoteTestNG.initAndRun(RemoteTestNG.java:251)
at org.testng.remote.RemoteTestNG.main(RemoteTestNG.java:77)
]]>
            </full-stacktrace>
          </exception> <!-- java.lang.AssertionError -->
          <reporter-output>
          </reporter-output>
        </test-method> <!-- verifyNotificatMessageCheck -->
      </class> <!-- testcases.NotificationMessageTest -->
      <class name="testcases.DragAndDropTest">
        <test-method status="PASS" signature="DragDrop()[pri:0, instance:testcases.DragAndDropTest@ef9296d]" name="DragDrop" duration-ms="2529" started-at="2022-09-12T03:13:04Z" finished-at="2022-09-12T03:13:06Z">
          <reporter-output>
          </reporter-output>
        </test-method> <!-- DragDrop -->
      </class> <!-- testcases.DragAndDropTest -->
      <class name="testcases.FloatingMenuTest">
        <test-method status="PASS" signature="floatingMenuCheck()[pri:0, instance:testcases.FloatingMenuTest@7ce3cb8e]" name="floatingMenuCheck" duration-ms="2351" started-at="2022-09-12T03:13:40Z" finished-at="2022-09-12T03:13:42Z">
          <reporter-output>
          </reporter-output>
        </test-method> <!-- floatingMenuCheck -->
      </class> <!-- testcases.FloatingMenuTest -->
      <class name="testcases.LoginFailureTest">
        <test-method status="PASS" signature="loginFailure()[pri:0, instance:testcases.LoginFailureTest@1b1473ab]" name="loginFailure" duration-ms="2713" started-at="2022-09-12T03:12:56Z" finished-at="2022-09-12T03:12:59Z">
          <reporter-output>
          </reporter-output>
        </test-method> <!-- loginFailure -->
      </class> <!-- testcases.LoginFailureTest -->
      <class name="testcases.IframeTest">
        <test-method status="PASS" signature="Iframe()[pri:0, instance:testcases.IframeTest@78b66d36]" name="Iframe" duration-ms="8988" started-at="2022-09-12T03:13:42Z" finished-at="2022-09-12T03:13:51Z">
          <reporter-output>
          </reporter-output>
        </test-method> <!-- Iframe -->
      </class> <!-- testcases.IframeTest -->
      <class name="testcases.OpenInNewTabTest">
        <test-method status="PASS" signature="newWndowCheck()[pri:0, instance:testcases.OpenInNewTabTest@22a637e7]" name="newWndowCheck" duration-ms="2405" started-at="2022-09-12T03:13:59Z" finished-at="2022-09-12T03:14:01Z">
          <reporter-output>
          </reporter-output>
        </test-method> <!-- newWndowCheck -->
      </class> <!-- testcases.OpenInNewTabTest -->
      <class name="testcases.FileDownloadTest">
        <test-method status="PASS" signature="checkFileDownload()[pri:0, instance:testcases.FileDownloadTest@6ef888f6]" name="checkFileDownload" duration-ms="2323" started-at="2022-09-12T03:13:20Z" finished-at="2022-09-12T03:13:22Z">
          <reporter-output>
          </reporter-output>
        </test-method> <!-- checkFileDownload -->
      </class> <!-- testcases.FileDownloadTest -->
      <class name="testcases.JavaScriptErrorTest">
        <test-method status="PASS" signature="JSError()[pri:0, instance:testcases.JavaScriptErrorTest@69b2283a]" name="JSError" duration-ms="2023" started-at="2022-09-12T03:13:57Z" finished-at="2022-09-12T03:13:59Z">
          <reporter-output>
          </reporter-output>
        </test-method> <!-- JSError -->
      </class> <!-- testcases.JavaScriptErrorTest -->
      <class name="testcases.FileUploadTest">
        <test-method status="FAIL" signature="fileUpload()[pri:0, instance:testcases.FileUploadTest@10e92f8f]" name="fileUpload" duration-ms="17252" started-at="2022-09-12T03:13:22Z" finished-at="2022-09-12T03:13:40Z">
          <exception class="org.openqa.selenium.NoSuchElementException">
            <message>
              <![CDATA[Timed out after 5 seconds. Unable to locate the element]]>
            </message>
            <full-stacktrace>
              <![CDATA[org.openqa.selenium.NoSuchElementException: Timed out after 5 seconds. Unable to locate the element
at org.openqa.selenium.support.pagefactory.AjaxElementLocator.findElement(AjaxElementLocator.java:99)
at org.openqa.selenium.support.pagefactory.internal.LocatingElementHandler.invoke(LocatingElementHandler.java:38)
at com.sun.proxy.$Proxy7.getText(Unknown Source)
at pages.actions.FileUploadPage.verifyUploadFile(FileUploadPage.java:12)
at testcases.FileUploadTest.fileUpload(FileUploadTest.java:14)
at sun.reflect.NativeMethodAccessorImpl.invoke0(Native Method)
at sun.reflect.NativeMethodAccessorImpl.invoke(NativeMethodAccessorImpl.java:62)
at sun.reflect.DelegatingMethodAccessorImpl.invoke(DelegatingMethodAccessorImpl.java:43)
at java.lang.reflect.Method.invoke(Method.java:498)
at org.testng.internal.MethodInvocationHelper.invokeMethod(MethodInvocationHelper.java:124)
at org.testng.internal.Invoker.invokeMethod(Invoker.java:583)
at org.testng.internal.Invoker.invokeTestMethod(Invoker.java:719)
at org.testng.internal.Invoker.invokeTestMethods(Invoker.java:989)
at org.testng.internal.TestMethodWorker.invokeTestMethods(TestMethodWorker.java:125)
at org.testng.internal.TestMethodWorker.run(TestMethodWorker.java:109)
at org.testng.TestRunner.privateRun(TestRunner.java:648)
at org.testng.TestRunner.run(TestRunner.java:505)
at org.testng.SuiteRunner.runTest(SuiteRunner.java:455)
at org.testng.SuiteRunner.runSequentially(SuiteRunner.java:450)
at org.testng.SuiteRunner.privateRun(SuiteRunner.java:415)
at org.testng.SuiteRunner.run(SuiteRunner.java:364)
at org.testng.SuiteRunnerWorker.runSuite(SuiteRunnerWorker.java:52)
at org.testng.SuiteRunnerWorker.run(SuiteRunnerWorker.java:84)
at org.testng.TestNG.runSuitesSequentially(TestNG.java:1208)
at org.testng.TestNG.runSuitesLocally(TestNG.java:1137)
at org.testng.TestNG.runSuites(TestNG.java:1049)
at org.testng.TestNG.run(TestNG.java:1017)
at org.testng.remote.AbstractRemoteTestNG.run(AbstractRemoteTestNG.java:115)
at org.testng.remote.RemoteTestNG.initAndRun(RemoteTestNG.java:251)
at org.testng.remote.RemoteTestNG.main(RemoteTestNG.java:77)
Caused by: org.openqa.selenium.NoSuchElementException: no such element: Unable to locate element: {"method":"css selector","selector":"#uploaded\-files"}
  (Session info: chrome=105.0.5195.102)
For documentation on this error, please visit: https://www.seleniumhq.org/exceptions/no_such_element.html
Build info: version: '3.141.59', revision: 'e82be7d358', time: '2018-11-14T08:17:03'
System info: host: 'LENOVO-Y510P', ip: '172.21.144.1', os.name: 'Windows 10', os.arch: 'amd64', os.version: '10.0', java.version: '1.8.0_311'
Driver info: org.openqa.selenium.chrome.ChromeDriver
Capabilities {acceptInsecureCerts: false, browserName: chrome, browserVersion: 105.0.5195.102, chrome: {chromedriverVersion: 105.0.5195.52 (412c95e51883..., userDataDir: C:\Users\Mihir\AppData\Loca...}, goog:chromeOptions: {debuggerAddress: localhost:52647}, javascriptEnabled: true, networkConnectionEnabled: false, pageLoadStrategy: normal, platform: WINDOWS, platformName: WINDOWS, proxy: Proxy(), setWindowRect: true, strictFileInteractability: false, timeouts: {implicit: 0, pageLoad: 300000, script: 30000}, unhandledPromptBehavior: dismiss and notify, webauthn:extension:credBlob: true, webauthn:extension:largeBlob: true, webauthn:virtualAuthenticators: true}
Session ID: a34740f164fcc6ca7d121036714cf53c
*** Element info: {Using=id, value=uploaded-files}
at sun.reflect.NativeConstructorAccessorImpl.newInstance0(Native Method)
at sun.reflect.NativeConstructorAccessorImpl.newInstance(NativeConstructorAccessorImpl.java:62)
at sun.reflect.DelegatingConstructorAccessorImpl.newInstance(DelegatingConstructorAccessorImpl.java:45)
at java.lang.reflect.Constructor.newInstance(Constructor.java:423)
at org.openqa.selenium.remote.http.W3CHttpResponseCodec.createException(W3CHttpResponseCodec.java:187)
at org.openqa.selenium.remote.http.W3CHttpResponseCodec.decode(W3CHttpResponseCodec.java:122)
at org.openqa.selenium.remote.http.W3CHttpResponseCodec.decode(W3CHttpResponseCodec.java:49)
at org.openqa.selenium.remote.HttpCommandExecutor.execute(HttpCommandExecutor.java:158)
at org.openqa.selenium.remote.service.DriverCommandExecutor.execute(DriverCommandExecutor.java:83)
at org.openqa.selenium.remote.RemoteWebDriver.execute(RemoteWebDriver.java:552)
at org.openqa.selenium.remote.RemoteWebDriver.findElement(RemoteWebDriver.java:323)
at org.openqa.selenium.remote.RemoteWebDriver.findElementById(RemoteWebDriver.java:372)
at org.openqa.selenium.By$ById.findElement(By.java:188)
at org.openqa.selenium.remote.RemoteWebDriver.findElement(RemoteWebDriver.java:315)
at org.openqa.selenium.support.pagefactory.DefaultElementLocator.findElement(DefaultElementLocator.java:69)
at org.openqa.selenium.support.pagefactory.AjaxElementLocator.access$001(AjaxElementLocator.java:39)
at org.openqa.selenium.support.pagefactory.AjaxElementLocator$SlowLoadingElement.isLoaded(AjaxElementLocator.java:165)
at org.openqa.selenium.support.ui.SlowLoadableComponent.get(SlowLoadableComponent.java:72)
at org.openqa.selenium.support.pagefactory.AjaxElementLocator.findElement(AjaxElementLocator.java:95)
... 29 more
]]>
            </full-stacktrace>
          </exception> <!-- org.openqa.selenium.NoSuchElementException -->
          <reporter-output>
          </reporter-output>
        </test-method> <!-- fileUpload -->
      </class> <!-- testcases.FileUploadTest -->
    </test> <!-- Test -->
  </suite> <!-- Suite -->
</testng-results>
