<?xml version="1.0" encoding="UTF-8"?>
<!-- Generated by org.testng.reporters.JUnitReportReporter -->
<testsuite skipped="0" hostname="Satinders-MacBook-Pro.local" name="WebTesting.SeleniumWebTesting.CheckBoxesTest" tests="19" failures="3" timestamp="2020-10-07T16:05:48 EDT" time="38.017" errors="0">
  <testcase name="FloatingMenuTest" time="0.108" classname="WebTesting.SeleniumWebTesting.CheckBoxesTest"/>
  <system-out/>
  <testcase name="NotificationMsgTest" time="0.477" classname="WebTesting.SeleniumWebTesting.CheckBoxesTest"/>
  <system-out/>
  <testcase name="DynamicControlsTest" time="22.644" classname="WebTesting.SeleniumWebTesting.CheckBoxesTest"/>
  <system-out/>
  <testcase name="ajsErrorTest1" time="0.067" classname="WebTesting.SeleniumWebTesting.CheckBoxesTest">
    <failure type="java.lang.AssertionError" message="expected [http://localhost:7080/javascript_error 6:51 Uncaught TypeError: Cannot read property &#039;xyz&#039; of undefined] but found [http://localhost:7080/favicon.ico - Failed to load resource: the server responded with a status of 404 (Not Found)]">
      <![CDATA[java.lang.AssertionError: expected [http://localhost:7080/javascript_error 6:51 Uncaught TypeError: Cannot read property 'xyz' of undefined] but found [http://localhost:7080/favicon.ico - Failed to load resource: the server responded with a status of 404 (Not Found)]
at org.testng.Assert.fail(Assert.java:97)
at org.testng.Assert.assertEqualsImpl(Assert.java:136)
at org.testng.Assert.assertEquals(Assert.java:118)
at org.testng.Assert.assertEquals(Assert.java:575)
at org.testng.Assert.assertEquals(Assert.java:585)
at WebTesting.SeleniumWebTesting.CheckBoxesTest.ajsErrorTest1(CheckBoxesTest.java:426)
at sun.reflect.NativeMethodAccessorImpl.invoke0(Native Method)
at sun.reflect.NativeMethodAccessorImpl.invoke(NativeMethodAccessorImpl.java:62)
at sun.reflect.DelegatingMethodAccessorImpl.invoke(DelegatingMethodAccessorImpl.java:43)
at java.lang.reflect.Method.invoke(Method.java:498)
at org.testng.internal.MethodInvocationHelper.invokeMethod(MethodInvocationHelper.java:135)
at org.testng.internal.TestInvoker.invokeMethod(TestInvoker.java:598)
at org.testng.internal.TestInvoker.invokeTestMethod(TestInvoker.java:174)
at org.testng.internal.MethodRunner.runInSequence(MethodRunner.java:46)
at org.testng.internal.TestInvoker$MethodInvocationAgent.invoke(TestInvoker.java:821)
at org.testng.internal.TestInvoker.invokeTestMethods(TestInvoker.java:147)
at org.testng.internal.TestMethodWorker.invokeTestMethods(TestMethodWorker.java:146)
at org.testng.internal.TestMethodWorker.run(TestMethodWorker.java:128)
at java.util.ArrayList.forEach(ArrayList.java:1257)
at org.testng.TestRunner.privateRun(TestRunner.java:767)
at org.testng.TestRunner.run(TestRunner.java:588)
at org.testng.SuiteRunner.runTest(SuiteRunner.java:384)
at org.testng.SuiteRunner.runSequentially(SuiteRunner.java:378)
at org.testng.SuiteRunner.privateRun(SuiteRunner.java:337)
at org.testng.SuiteRunner.run(SuiteRunner.java:286)
at org.testng.SuiteRunnerWorker.runSuite(SuiteRunnerWorker.java:53)
at org.testng.SuiteRunnerWorker.run(SuiteRunnerWorker.java:96)
at org.testng.TestNG.runSuitesSequentially(TestNG.java:1214)
at org.testng.TestNG.runSuitesLocally(TestNG.java:1136)
at org.testng.TestNG.runSuites(TestNG.java:1066)
at org.testng.TestNG.run(TestNG.java:1034)
at org.testng.remote.AbstractRemoteTestNG.run(AbstractRemoteTestNG.java:115)
at org.testng.remote.RemoteTestNG.initAndRun(RemoteTestNG.java:251)
at org.testng.remote.RemoteTestNG.main(RemoteTestNG.java:77)
]]>
    </failure>
  </testcase> <!-- ajsErrorTest1 -->
  <system-out/>
  <testcase name="iframeTest" time="0.991" classname="WebTesting.SeleniumWebTesting.CheckBoxesTest"/>
  <system-out/>
  <testcase name="ContextMenuTest" time="0.227" classname="WebTesting.SeleniumWebTesting.CheckBoxesTest"/>
  <system-out/>
  <testcase name="FileUploadTest" time="0.202" classname="WebTesting.SeleniumWebTesting.CheckBoxesTest"/>
  <system-out/>
  <testcase name="OpenNewTabTest" time="0.192" classname="WebTesting.SeleniumWebTesting.CheckBoxesTest"/>
  <system-out/>
  <testcase name="MouseHoverTest" time="0.507" classname="WebTesting.SeleniumWebTesting.CheckBoxesTest"/>
  <system-out/>
  <testcase name="jsErrorTest" time="0.082" classname="WebTesting.SeleniumWebTesting.CheckBoxesTest">
    <failure type="java.lang.AssertionError" message="expected [true] but found [false]">
      <![CDATA[java.lang.AssertionError: expected [true] but found [false]
at org.testng.Assert.fail(Assert.java:97)
at org.testng.Assert.assertEqualsImpl(Assert.java:136)
at org.testng.Assert.assertEquals(Assert.java:118)
at org.testng.Assert.assertEquals(Assert.java:563)
at WebTesting.SeleniumWebTesting.CheckBoxesTest.jsErrorTest(CheckBoxesTest.java:461)
at sun.reflect.NativeMethodAccessorImpl.invoke0(Native Method)
at sun.reflect.NativeMethodAccessorImpl.invoke(NativeMethodAccessorImpl.java:62)
at sun.reflect.DelegatingMethodAccessorImpl.invoke(DelegatingMethodAccessorImpl.java:43)
at java.lang.reflect.Method.invoke(Method.java:498)
at org.testng.internal.MethodInvocationHelper.invokeMethod(MethodInvocationHelper.java:135)
at org.testng.internal.TestInvoker.invokeMethod(TestInvoker.java:598)
at org.testng.internal.TestInvoker.invokeTestMethod(TestInvoker.java:174)
at org.testng.internal.MethodRunner.runInSequence(MethodRunner.java:46)
at org.testng.internal.TestInvoker$MethodInvocationAgent.invoke(TestInvoker.java:821)
at org.testng.internal.TestInvoker.invokeTestMethods(TestInvoker.java:147)
at org.testng.internal.TestMethodWorker.invokeTestMethods(TestMethodWorker.java:146)
at org.testng.internal.TestMethodWorker.run(TestMethodWorker.java:128)
at java.util.ArrayList.forEach(ArrayList.java:1257)
at org.testng.TestRunner.privateRun(TestRunner.java:767)
at org.testng.TestRunner.run(TestRunner.java:588)
at org.testng.SuiteRunner.runTest(SuiteRunner.java:384)
at org.testng.SuiteRunner.runSequentially(SuiteRunner.java:378)
at org.testng.SuiteRunner.privateRun(SuiteRunner.java:337)
at org.testng.SuiteRunner.run(SuiteRunner.java:286)
at org.testng.SuiteRunnerWorker.runSuite(SuiteRunnerWorker.java:53)
at org.testng.SuiteRunnerWorker.run(SuiteRunnerWorker.java:96)
at org.testng.TestNG.runSuitesSequentially(TestNG.java:1214)
at org.testng.TestNG.runSuitesLocally(TestNG.java:1136)
at org.testng.TestNG.runSuites(TestNG.java:1066)
at org.testng.TestNG.run(TestNG.java:1034)
at org.testng.remote.AbstractRemoteTestNG.run(AbstractRemoteTestNG.java:115)
at org.testng.remote.RemoteTestNG.initAndRun(RemoteTestNG.java:251)
at org.testng.remote.RemoteTestNG.main(RemoteTestNG.java:77)
]]>
    </failure>
  </testcase> <!-- jsErrorTest -->
  <system-out/>
  <testcase name="DynamicContentTest" time="2.495" classname="WebTesting.SeleniumWebTesting.CheckBoxesTest"/>
  <system-out/>
  <testcase name="LoginSuccessTest" time="0.418" classname="WebTesting.SeleniumWebTesting.CheckBoxesTest"/>
  <system-out/>
  <testcase name="DynamicLoadingTest" time="5.145" classname="WebTesting.SeleniumWebTesting.CheckBoxesTest"/>
  <system-out/>
  <testcase name="LoginFailureTest" time="0.391" classname="WebTesting.SeleniumWebTesting.CheckBoxesTest"/>
  <system-out/>
  <testcase name="FileDownloadTest" time="2.121" classname="WebTesting.SeleniumWebTesting.CheckBoxesTest"/>
  <system-out/>
  <testcase name="DropdownTest" time="0.232" classname="WebTesting.SeleniumWebTesting.CheckBoxesTest"/>
  <system-out/>
  <testcase name="CheckBoxesTest" time="0.417" classname="WebTesting.SeleniumWebTesting.CheckBoxesTest"/>
  <system-out/>
  <testcase name="JSAlertTest" time="0.793" classname="WebTesting.SeleniumWebTesting.CheckBoxesTest"/>
  <system-out/>
  <testcase name="DragDropTest" time="0.508" classname="WebTesting.SeleniumWebTesting.CheckBoxesTest">
    <failure type="java.lang.AssertionError" message="expected [B] but found [A]">
      <![CDATA[java.lang.AssertionError: expected [B] but found [A]
at org.testng.Assert.fail(Assert.java:97)
at org.testng.Assert.assertEqualsImpl(Assert.java:136)
at org.testng.Assert.assertEquals(Assert.java:118)
at org.testng.Assert.assertEquals(Assert.java:575)
at org.testng.Assert.assertEquals(Assert.java:585)
at WebTesting.SeleniumWebTesting.CheckBoxesTest.DragDropTest(CheckBoxesTest.java:103)
at sun.reflect.NativeMethodAccessorImpl.invoke0(Native Method)
at sun.reflect.NativeMethodAccessorImpl.invoke(NativeMethodAccessorImpl.java:62)
at sun.reflect.DelegatingMethodAccessorImpl.invoke(DelegatingMethodAccessorImpl.java:43)
at java.lang.reflect.Method.invoke(Method.java:498)
at org.testng.internal.MethodInvocationHelper.invokeMethod(MethodInvocationHelper.java:135)
at org.testng.internal.TestInvoker.invokeMethod(TestInvoker.java:598)
at org.testng.internal.TestInvoker.invokeTestMethod(TestInvoker.java:174)
at org.testng.internal.MethodRunner.runInSequence(MethodRunner.java:46)
at org.testng.internal.TestInvoker$MethodInvocationAgent.invoke(TestInvoker.java:821)
at org.testng.internal.TestInvoker.invokeTestMethods(TestInvoker.java:147)
at org.testng.internal.TestMethodWorker.invokeTestMethods(TestMethodWorker.java:146)
at org.testng.internal.TestMethodWorker.run(TestMethodWorker.java:128)
at java.util.ArrayList.forEach(ArrayList.java:1257)
at org.testng.TestRunner.privateRun(TestRunner.java:767)
at org.testng.TestRunner.run(TestRunner.java:588)
at org.testng.SuiteRunner.runTest(SuiteRunner.java:384)
at org.testng.SuiteRunner.runSequentially(SuiteRunner.java:378)
at org.testng.SuiteRunner.privateRun(SuiteRunner.java:337)
at org.testng.SuiteRunner.run(SuiteRunner.java:286)
at org.testng.SuiteRunnerWorker.runSuite(SuiteRunnerWorker.java:53)
at org.testng.SuiteRunnerWorker.run(SuiteRunnerWorker.java:96)
at org.testng.TestNG.runSuitesSequentially(TestNG.java:1214)
at org.testng.TestNG.runSuitesLocally(TestNG.java:1136)
at org.testng.TestNG.runSuites(TestNG.java:1066)
at org.testng.TestNG.run(TestNG.java:1034)
at org.testng.remote.AbstractRemoteTestNG.run(AbstractRemoteTestNG.java:115)
at org.testng.remote.RemoteTestNG.initAndRun(RemoteTestNG.java:251)
at org.testng.remote.RemoteTestNG.main(RemoteTestNG.java:77)
]]>
    </failure>
  </testcase> <!-- DragDropTest -->
  <system-out/>
</testsuite> <!-- WebTesting.SeleniumWebTesting.CheckBoxesTest -->
