<?xml version="1.0" encoding="UTF-8"?>
<!-- Generated by org.testng.reporters.JUnitReportReporter -->
<testsuite hostname="LAPTOP-6KN3HGT8" failures="0" tests="18" name="internet.Tests" time="66.099" errors="1" timestamp="2022-09-22T18:06:48 EDT" skipped="0">
  <testcase classname="internet.Tests" name="dropdown" time="1.644"/>
  <system-out/>
  <testcase classname="internet.Tests" name="fileDownload" time="3.303"/>
  <system-out/>
  <testcase classname="internet.Tests" name="notificationMessage" time="1.789"/>
  <system-out/>
  <testcase classname="internet.Tests" name="iFrame" time="9.485"/>
  <system-out/>
  <testcase classname="internet.Tests" name="checkBoxes" time="1.635"/>
  <system-out/>
  <testcase classname="internet.Tests" name="dynamicLoading" time="6.455"/>
  <system-out/>
  <testcase classname="internet.Tests" name="javascriptAlerts" time="1.863"/>
  <system-out/>
  <testcase classname="internet.Tests" name="javascriptError" time="1.135"/>
  <system-out/>
  <testcase classname="internet.Tests" name="contextMenu" time="1.496"/>
  <system-out/>
  <testcase classname="internet.Tests" name="floatingMenu" time="2.332"/>
  <system-out/>
  <testcase classname="internet.Tests" name="dragAndDrop" time="6.911">
    <error message="Expected condition failed: waiting for text (&#039;B&#039;) to be present in element [[ChromeDriver: chrome on WINDOWS (36dcffc4cfadb331bfd4e8d60c1f0725)] -&gt; id: column-a] (tried for 5 second(s) with 500 milliseconds interval)
Build info: version: &#039;4.4.0&#039;, revision: &#039;e5c75ed026a&#039;
System info: host: &#039;LAPTOP-6KN3HGT8&#039;, ip: &#039;192.168.2.57&#039;, os.name: &#039;Windows 10&#039;, os.arch: &#039;amd64&#039;, os.version: &#039;10.0&#039;, java.version: &#039;17.0.1&#039;
Driver info: org.openqa.selenium.chrome.ChromeDriver
Capabilities {acceptInsecureCerts: false, browserName: chrome, browserVersion: 105.0.5195.127, chrome: {chromedriverVersion: 105.0.5195.52 (412c95e51883..., userDataDir: C:\Users\hayns\AppData\Loca...}, goog:chromeOptions: {debuggerAddress: localhost:36727}, networkConnectionEnabled: false, pageLoadStrategy: normal, platformName: WINDOWS, proxy: Proxy(), se:cdp: ws://localhost:36727/devtoo..., se:cdpVersion: 105.0.5195.127, setWindowRect: true, strictFileInteractability: false, timeouts: {implicit: 0, pageLoad: 300000, script: 30000}, unhandledPromptBehavior: dismiss and notify, webauthn:extension:credBlob: true, webauthn:extension:largeBlob: true, webauthn:virtualAuthenticators: true}
Session ID: 36dcffc4cfadb331bfd4e8d60c1f0725" type="org.openqa.selenium.TimeoutException">
      <![CDATA[org.openqa.selenium.TimeoutException: Expected condition failed: waiting for text ('B') to be present in element [[ChromeDriver: chrome on WINDOWS (36dcffc4cfadb331bfd4e8d60c1f0725)] -> id: column-a] (tried for 5 second(s) with 500 milliseconds interval)
Build info: version: '4.4.0', revision: 'e5c75ed026a'
System info: host: 'LAPTOP-6KN3HGT8', ip: '192.168.2.57', os.name: 'Windows 10', os.arch: 'amd64', os.version: '10.0', java.version: '17.0.1'
Driver info: org.openqa.selenium.chrome.ChromeDriver
Capabilities {acceptInsecureCerts: false, browserName: chrome, browserVersion: 105.0.5195.127, chrome: {chromedriverVersion: 105.0.5195.52 (412c95e51883..., userDataDir: C:\Users\hayns\AppData\Loca...}, goog:chromeOptions: {debuggerAddress: localhost:36727}, networkConnectionEnabled: false, pageLoadStrategy: normal, platformName: WINDOWS, proxy: Proxy(), se:cdp: ws://localhost:36727/devtoo..., se:cdpVersion: 105.0.5195.127, setWindowRect: true, strictFileInteractability: false, timeouts: {implicit: 0, pageLoad: 300000, script: 30000}, unhandledPromptBehavior: dismiss and notify, webauthn:extension:credBlob: true, webauthn:extension:largeBlob: true, webauthn:virtualAuthenticators: true}
Session ID: 36dcffc4cfadb331bfd4e8d60c1f0725
at org.openqa.selenium.support.ui.WebDriverWait.timeoutException(WebDriverWait.java:87)
at org.openqa.selenium.support.ui.FluentWait.until(FluentWait.java:231)
at internet.Tests.dragAndDrop(Tests.java:123)
at java.base/jdk.internal.reflect.NativeMethodAccessorImpl.invoke0(Native Method)
at java.base/jdk.internal.reflect.NativeMethodAccessorImpl.invoke(NativeMethodAccessorImpl.java:77)
at java.base/jdk.internal.reflect.DelegatingMethodAccessorImpl.invoke(DelegatingMethodAccessorImpl.java:43)
at java.base/java.lang.reflect.Method.invoke(Method.java:568)
at org.testng.internal.invokers.MethodInvocationHelper.invokeMethod(MethodInvocationHelper.java:139)
at org.testng.internal.invokers.TestInvoker.invokeMethod(TestInvoker.java:677)
at org.testng.internal.invokers.TestInvoker.invokeTestMethod(TestInvoker.java:221)
at org.testng.internal.invokers.MethodRunner.runInSequence(MethodRunner.java:50)
at org.testng.internal.invokers.TestInvoker$MethodInvocationAgent.invoke(TestInvoker.java:962)
at org.testng.internal.invokers.TestInvoker.invokeTestMethods(TestInvoker.java:194)
at org.testng.internal.invokers.TestMethodWorker.invokeTestMethods(TestMethodWorker.java:148)
at org.testng.internal.invokers.TestMethodWorker.run(TestMethodWorker.java:128)
at java.base/java.util.ArrayList.forEach(ArrayList.java:1511)
at org.testng.TestRunner.privateRun(TestRunner.java:806)
at org.testng.TestRunner.run(TestRunner.java:601)
at org.testng.SuiteRunner.runTest(SuiteRunner.java:433)
at org.testng.SuiteRunner.runSequentially(SuiteRunner.java:427)
at org.testng.SuiteRunner.privateRun(SuiteRunner.java:387)
at org.testng.SuiteRunner.run(SuiteRunner.java:330)
at org.testng.SuiteRunnerWorker.runSuite(SuiteRunnerWorker.java:52)
at org.testng.SuiteRunnerWorker.run(SuiteRunnerWorker.java:95)
at org.testng.TestNG.runSuitesSequentially(TestNG.java:1256)
at org.testng.TestNG.runSuitesLocally(TestNG.java:1176)
at org.testng.TestNG.runSuites(TestNG.java:1099)
at org.testng.TestNG.run(TestNG.java:1067)
at org.testng.remote.AbstractRemoteTestNG.run(AbstractRemoteTestNG.java:115)
at org.testng.remote.RemoteTestNG.initAndRun(RemoteTestNG.java:251)
at org.testng.remote.RemoteTestNG.main(RemoteTestNG.java:77)
]]>
    </error>
  </testcase> <!-- dragAndDrop -->
  <system-out/>
  <testcase classname="internet.Tests" name="loginTest" time="1.694"/>
  <system-out/>
  <testcase classname="internet.Tests" name="newWindow" time="1.752"/>
  <system-out/>
  <testcase classname="internet.Tests" name="loginFail" time="1.627"/>
  <system-out/>
  <testcase classname="internet.Tests" name="dynamicContent" time="1.641"/>
  <system-out/>
  <testcase classname="internet.Tests" name="mouseHover" time="2.017"/>
  <system-out/>
  <testcase classname="internet.Tests" name="dynamicControls" time="16.845"/>
  <system-out/>
  <testcase classname="internet.Tests" name="uploadFile" time="2.475"/>
  <system-out/>
</testsuite> <!-- internet.Tests -->
