<?xml version="1.0" encoding="UTF-8"?>
<!-- Generated by org.testng.reporters.JUnitReportReporter -->
<testsuite hostname="sefas-MBP" failures="1" tests="18" name="testcases.TestCases" time="67.456" errors="0" timestamp="2022-10-17T11:28:04 EDT" skipped="0">
  <testcase classname="testcases.TestCases" name="mouseHover" time="1.949"/>
  <system-out/>
  <testcase classname="testcases.TestCases" name="fileUpload" time="6.702"/>
  <system-out/>
  <testcase classname="testcases.TestCases" name="floatingMenu" time="1.561"/>
  <system-out/>
  <testcase classname="testcases.TestCases" name="openNewTab" time="1.613"/>
  <system-out/>
  <testcase classname="testcases.TestCases" name="dropDown" time="1.713"/>
  <system-out/>
  <testcase classname="testcases.TestCases" name="jsAlert" time="2.048"/>
  <system-out/>
  <testcase classname="testcases.TestCases" name="loginFailure" time="1.723"/>
  <system-out/>
  <testcase classname="testcases.TestCases" name="CheckBoxes" time="2.402"/>
  <system-out/>
  <testcase classname="testcases.TestCases" name="dynamicControls" time="24.388"/>
  <system-out/>
  <testcase classname="testcases.TestCases" name="contextMenu" time="2.075"/>
  <system-out/>
  <testcase classname="testcases.TestCases" name="notificationMessage" time="2.058"/>
  <system-out/>
  <testcase classname="testcases.TestCases" name="dynamicContent" time="2.015"/>
  <system-out/>
  <testcase classname="testcases.TestCases" name="fileDownload" time="3.541"/>
  <system-out/>
  <testcase classname="testcases.TestCases" name="jsError" time="1.369"/>
  <system-out/>
  <testcase classname="testcases.TestCases" name="dragAndDrop" time="1.699">
    <failure message="expected [true] but found [false]" type="java.lang.AssertionError">
      <![CDATA[java.lang.AssertionError: expected [true] but found [false]
at org.testng.Assert.fail(Assert.java:110)
at org.testng.Assert.failNotEquals(Assert.java:1413)
at org.testng.Assert.assertTrue(Assert.java:56)
at org.testng.Assert.assertTrue(Assert.java:66)
at testcases.TestCases.dragAndDrop(TestCases.java:112)
at java.base/jdk.internal.reflect.DirectMethodHandleAccessor.invoke(DirectMethodHandleAccessor.java:104)
at java.base/java.lang.reflect.Method.invoke(Method.java:577)
at org.testng.internal.invokers.MethodInvocationHelper.invokeMethod(MethodInvocationHelper.java:139)
at org.testng.internal.invokers.TestInvoker.invokeMethod(TestInvoker.java:677)
at org.testng.internal.invokers.TestInvoker.invokeTestMethod(TestInvoker.java:221)
at org.testng.internal.invokers.MethodRunner.runInSequence(MethodRunner.java:50)
at org.testng.internal.invokers.TestInvoker$MethodInvocationAgent.invoke(TestInvoker.java:962)
at org.testng.internal.invokers.TestInvoker.invokeTestMethods(TestInvoker.java:194)
at org.testng.internal.invokers.TestMethodWorker.invokeTestMethods(TestMethodWorker.java:148)
at org.testng.internal.invokers.TestMethodWorker.run(TestMethodWorker.java:128)
at java.base/java.util.ArrayList.forEach(ArrayList.java:1511)
at org.testng.TestRunner.privateRun(TestRunner.java:806)
at org.testng.TestRunner.run(TestRunner.java:601)
at org.testng.SuiteRunner.runTest(SuiteRunner.java:433)
at org.testng.SuiteRunner.runSequentially(SuiteRunner.java:427)
at org.testng.SuiteRunner.privateRun(SuiteRunner.java:387)
at org.testng.SuiteRunner.run(SuiteRunner.java:330)
at org.testng.SuiteRunnerWorker.runSuite(SuiteRunnerWorker.java:52)
at org.testng.SuiteRunnerWorker.run(SuiteRunnerWorker.java:95)
at org.testng.TestNG.runSuitesSequentially(TestNG.java:1256)
at org.testng.TestNG.runSuitesLocally(TestNG.java:1176)
at org.testng.TestNG.runSuites(TestNG.java:1099)
at org.testng.TestNG.run(TestNG.java:1067)
at org.apache.maven.surefire.testng.TestNGExecutor.run(TestNGExecutor.java:324)
at org.apache.maven.surefire.testng.TestNGXmlTestSuite.execute(TestNGXmlTestSuite.java:74)
at org.apache.maven.surefire.testng.TestNGProvider.invoke(TestNGProvider.java:123)
at org.apache.maven.surefire.booter.ForkedBooter.runSuitesInProcess(ForkedBooter.java:456)
at org.apache.maven.surefire.booter.ForkedBooter.execute(ForkedBooter.java:169)
at org.apache.maven.surefire.booter.ForkedBooter.run(ForkedBooter.java:595)
at org.apache.maven.surefire.booter.ForkedBooter.main(ForkedBooter.java:581)
]]>
    </failure>
  </testcase> <!-- dragAndDrop -->
  <system-out/>
  <testcase classname="testcases.TestCases" name="dynamicLoading" time="6.760"/>
  <system-out/>
  <testcase classname="testcases.TestCases" name="iFrame" time="2.030"/>
  <system-out/>
  <testcase classname="testcases.TestCases" name="loginSuccess" time="1.810"/>
  <system-out/>
</testsuite> <!-- testcases.TestCases -->
