<?xml version="1.0" encoding="UTF-8"?>
<!-- Generated by org.testng.reporters.JUnitXMLReporter -->
<testsuite hostname="LAPTOP-14R4TEHJ" name="testSuite-test" tests="1" failures="0" timestamp="14 Nov 2022 03:51:38 GMT" time="0.031" errors="0">
  <testcase name="@BeforeMethod setUpDriver" time="0.0" classname="test.LoginSuccessTest">
    <failure type="java.lang.AssertionError" message="Unsupported type parameter : class java.time.Duration">
      <![CDATA[java.lang.AssertionError: Unsupported type parameter : class java.time.Duration
... Removed 25 stack frames]]>
    </failure>
  </testcase> <!-- @BeforeMethod setUpDriver -->
  <testcase name="@AfterMethod tearDownDriver" time="0.0" classname="test.LoginSuccessTest">
    <skipped/>
  </testcase> <!-- @AfterMethod tearDownDriver -->
  <testcase name="@AfterClass tearDownDriver" time="0.0" classname="test.LoginSuccessTest">
    <skipped/>
  </testcase> <!-- @AfterClass tearDownDriver -->
  <testcase name="loginTestCase" time="0.0" classname="test.LoginSuccessTest">
    <skipped/>
  </testcase> <!-- loginTestCase -->
</testsuite> <!-- testSuite-test -->
