<?xml version="1.0" encoding="UTF-8"?>
<!-- Generated by org.testng.reporters.JUnitReportReporter -->
<testsuite skipped="17" hostname="DESKTOP-6GTAD26" name="take_home_webdriver_test.Webdriver_Tests.WebDriverTest" tests="18" failures="0" timestamp="2021-07-08T22:14:47 IST" time="50.987" errors="1">
  <testcase name="verifyDynamicControls" time="50.987" classname="take_home_webdriver_test.Webdriver_Tests.WebDriverTest">
    <error type="org.openqa.selenium.TimeoutException" message="Expected condition failed: waiting for invisibility of Proxy element for: DefaultElementLocator &#039;By.id: checkbox&#039; (tried for 20 second(s) with 500 milliseconds interval)">
      <![CDATA[org.openqa.selenium.TimeoutException: Expected condition failed: waiting for invisibility of Proxy element for: DefaultElementLocator 'By.id: checkbox' (tried for 20 second(s) with 500 milliseconds interval)
at org.openqa.selenium.support.ui.WebDriverWait.timeoutException(WebDriverWait.java:95)
at org.openqa.selenium.support.ui.FluentWait.until(FluentWait.java:272)
at take_home_webdriver_test.Webdriver_Tests.pages.GenericMethods.waitForInvisibilityOfElemnt(GenericMethods.java:46)
at take_home_webdriver_test.Webdriver_Tests.WebDriverTest.verifyDynamicControls(WebDriverTest.java:157)
at sun.reflect.NativeMethodAccessorImpl.invoke0(Native Method)
at sun.reflect.NativeMethodAccessorImpl.invoke(NativeMethodAccessorImpl.java:62)
at sun.reflect.DelegatingMethodAccessorImpl.invoke(DelegatingMethodAccessorImpl.java:43)
at java.lang.reflect.Method.invoke(Method.java:498)
at org.testng.internal.MethodInvocationHelper.invokeMethod(MethodInvocationHelper.java:134)
at org.testng.internal.TestInvoker.invokeMethod(TestInvoker.java:597)
at org.testng.internal.TestInvoker.invokeTestMethod(TestInvoker.java:173)
at org.testng.internal.MethodRunner.runInSequence(MethodRunner.java:46)
at org.testng.internal.TestInvoker$MethodInvocationAgent.invoke(TestInvoker.java:816)
at org.testng.internal.TestInvoker.invokeTestMethods(TestInvoker.java:146)
at org.testng.internal.TestMethodWorker.invokeTestMethods(TestMethodWorker.java:146)
at org.testng.internal.TestMethodWorker.run(TestMethodWorker.java:128)
at java.util.ArrayList.forEach(ArrayList.java:1259)
at org.testng.TestRunner.privateRun(TestRunner.java:766)
at org.testng.TestRunner.run(TestRunner.java:587)
at org.testng.SuiteRunner.runTest(SuiteRunner.java:384)
at org.testng.SuiteRunner.runSequentially(SuiteRunner.java:378)
at org.testng.SuiteRunner.privateRun(SuiteRunner.java:337)
at org.testng.SuiteRunner.run(SuiteRunner.java:286)
at org.testng.SuiteRunnerWorker.runSuite(SuiteRunnerWorker.java:53)
at org.testng.SuiteRunnerWorker.run(SuiteRunnerWorker.java:96)
at org.testng.TestNG.runSuitesSequentially(TestNG.java:1187)
at org.testng.TestNG.runSuitesLocally(TestNG.java:1109)
at org.testng.TestNG.runSuites(TestNG.java:1039)
at org.testng.TestNG.run(TestNG.java:1007)
at org.testng.remote.AbstractRemoteTestNG.run(AbstractRemoteTestNG.java:115)
at org.testng.remote.RemoteTestNG.initAndRun(RemoteTestNG.java:251)
at org.testng.remote.RemoteTestNG.main(RemoteTestNG.java:77)
Caused by: org.openqa.selenium.NoSuchElementException: no such element: Unable to locate element: {"method":"css selector","selector":"#checkbox"}
  (Session info: chrome=91.0.4472.124)
For documentation on this error, please visit: https://www.seleniumhq.org/exceptions/no_such_element.html
Build info: version: '3.141.59', revision: 'e82be7d358', time: '2018-11-14T08:17:03'
System info: host: 'DESKTOP-6GTAD26', ip: '172.25.96.1', os.name: 'Windows 10', os.arch: 'amd64', os.version: '10.0', java.version: '1.8.0_291'
Driver info: org.openqa.selenium.chrome.ChromeDriver
Capabilities {acceptInsecureCerts: false, browserName: chrome, browserVersion: 91.0.4472.124, chrome: {chromedriverVersion: 91.0.4472.19 (1bf021f248676..., userDataDir: C:\Users\digital dreams\App...}, goog:chromeOptions: {debuggerAddress: localhost:59742}, javascriptEnabled: true, networkConnectionEnabled: false, pageLoadStrategy: normal, platform: WINDOWS, platformName: WINDOWS, proxy: Proxy(), setWindowRect: true, strictFileInteractability: false, timeouts: {implicit: 0, pageLoad: 300000, script: 30000}, unhandledPromptBehavior: dismiss and notify, webauthn:extension:largeBlob: true, webauthn:virtualAuthenticators: true}
Session ID: fac52a3205ebb9c80adb8aabf9e91d80
*** Element info: {Using=id, value=checkbox}
at sun.reflect.GeneratedConstructorAccessor20.newInstance(Unknown Source)
at sun.reflect.DelegatingConstructorAccessorImpl.newInstance(DelegatingConstructorAccessorImpl.java:45)
at java.lang.reflect.Constructor.newInstance(Constructor.java:423)
at org.openqa.selenium.remote.http.W3CHttpResponseCodec.createException(W3CHttpResponseCodec.java:187)
at org.openqa.selenium.remote.http.W3CHttpResponseCodec.decode(W3CHttpResponseCodec.java:122)
at org.openqa.selenium.remote.http.W3CHttpResponseCodec.decode(W3CHttpResponseCodec.java:49)
at org.openqa.selenium.remote.HttpCommandExecutor.execute(HttpCommandExecutor.java:158)
at org.openqa.selenium.remote.service.DriverCommandExecutor.execute(DriverCommandExecutor.java:83)
at org.openqa.selenium.remote.RemoteWebDriver.execute(RemoteWebDriver.java:552)
at org.openqa.selenium.remote.RemoteWebDriver.findElement(RemoteWebDriver.java:323)
at org.openqa.selenium.remote.RemoteWebDriver.findElementById(RemoteWebDriver.java:372)
at org.openqa.selenium.By$ById.findElement(By.java:188)
at org.openqa.selenium.remote.RemoteWebDriver.findElement(RemoteWebDriver.java:315)
at org.openqa.selenium.support.pagefactory.DefaultElementLocator.findElement(DefaultElementLocator.java:69)
at org.openqa.selenium.support.pagefactory.internal.LocatingElementHandler.invoke(LocatingElementHandler.java:38)
at com.sun.proxy.$Proxy10.isDisplayed(Unknown Source)
at org.openqa.selenium.support.ui.ExpectedConditions.isInvisible(ExpectedConditions.java:1348)
at org.openqa.selenium.support.ui.ExpectedConditions.access$200(ExpectedConditions.java:43)
at org.openqa.selenium.support.ui.ExpectedConditions$46.apply(ExpectedConditions.java:1336)
at org.openqa.selenium.support.ui.ExpectedConditions$46.apply(ExpectedConditions.java:1332)
at org.openqa.selenium.support.ui.FluentWait.until(FluentWait.java:249)
... 30 more
]]>
    </error>
  </testcase> <!-- verifyDynamicControls -->
  <system-out/>
  <testcase name="verifyNewTab" classname="take_home_webdriver_test.Webdriver_Tests.WebDriverTest">
    <skipped/>
  </testcase> <!-- verifyNewTab -->
  <system-out/>
  <testcase name="verifyCheckBoxes" classname="take_home_webdriver_test.Webdriver_Tests.WebDriverTest">
    <skipped/>
  </testcase> <!-- verifyCheckBoxes -->
  <system-out/>
  <testcase name="verifyLoginPageHeading" classname="take_home_webdriver_test.Webdriver_Tests.WebDriverTest">
    <skipped/>
  </testcase> <!-- verifyLoginPageHeading -->
  <system-out/>
  <testcase name="verifyDynamicLoading" classname="take_home_webdriver_test.Webdriver_Tests.WebDriverTest">
    <skipped/>
  </testcase> <!-- verifyDynamicLoading -->
  <system-out/>
  <testcase name="verifyDragAndDrop" classname="take_home_webdriver_test.Webdriver_Tests.WebDriverTest">
    <skipped/>
  </testcase> <!-- verifyDragAndDrop -->
  <system-out/>
  <testcase name="verifyFileUpload" classname="take_home_webdriver_test.Webdriver_Tests.WebDriverTest">
    <skipped/>
  </testcase> <!-- verifyFileUpload -->
  <system-out/>
  <testcase name="verifyLogin" classname="take_home_webdriver_test.Webdriver_Tests.WebDriverTest">
    <skipped/>
  </testcase> <!-- verifyLogin -->
  <system-out/>
  <testcase name="verifyContextMenu" classname="take_home_webdriver_test.Webdriver_Tests.WebDriverTest">
    <skipped/>
  </testcase> <!-- verifyContextMenu -->
  <system-out/>
  <testcase name="verifyFileDownload" classname="take_home_webdriver_test.Webdriver_Tests.WebDriverTest">
    <skipped/>
  </testcase> <!-- verifyFileDownload -->
  <system-out/>
  <testcase name="verifyDynamicContents" classname="take_home_webdriver_test.Webdriver_Tests.WebDriverTest">
    <skipped/>
  </testcase> <!-- verifyDynamicContents -->
  <system-out/>
  <testcase name="verifyNotificationMessage" classname="take_home_webdriver_test.Webdriver_Tests.WebDriverTest">
    <skipped/>
  </testcase> <!-- verifyNotificationMessage -->
  <system-out/>
  <testcase name="verifyFloatingMenu" classname="take_home_webdriver_test.Webdriver_Tests.WebDriverTest">
    <skipped/>
  </testcase> <!-- verifyFloatingMenu -->
  <system-out/>
  <testcase name="verifyJavaScriptError" classname="take_home_webdriver_test.Webdriver_Tests.WebDriverTest">
    <skipped/>
  </testcase> <!-- verifyJavaScriptError -->
  <system-out/>
  <testcase name="verifyIFrame" classname="take_home_webdriver_test.Webdriver_Tests.WebDriverTest">
    <skipped/>
  </testcase> <!-- verifyIFrame -->
  <system-out/>
  <testcase name="verifyMouseHover" classname="take_home_webdriver_test.Webdriver_Tests.WebDriverTest">
    <skipped/>
  </testcase> <!-- verifyMouseHover -->
  <system-out/>
  <testcase name="verifyJavaScriptAlert" classname="take_home_webdriver_test.Webdriver_Tests.WebDriverTest">
    <skipped/>
  </testcase> <!-- verifyJavaScriptAlert -->
  <system-out/>
  <testcase name="verifyDropDown" classname="take_home_webdriver_test.Webdriver_Tests.WebDriverTest">
    <skipped/>
  </testcase> <!-- verifyDropDown -->
  <system-out/>
</testsuite> <!-- take_home_webdriver_test.Webdriver_Tests.WebDriverTest -->
