<html>
<head>
<title>TestNG:  Take-Home-WebDriver-Test</title>
<link href="../testng.css" rel="stylesheet" type="text/css" />
<link href="../my-testng.css" rel="stylesheet" type="text/css" />

<style type="text/css">
.log { display: none;} 
.stack-trace { display: none;} 
</style>
<script type="text/javascript">
<!--
function flip(e) {
  current = e.style.display;
  if (current == 'block') {
    e.style.display = 'none';
    return 0;
  }
  else {
    e.style.display = 'block';
    return 1;
  }
}

function toggleBox(szDivId, elem, msg1, msg2)
{
  var res = -1;  if (document.getElementById) {
    res = flip(document.getElementById(szDivId));
  }
  else if (document.all) {
    // this is the way old msie versions work
    res = flip(document.all[szDivId]);
  }
  if(elem) {
    if(res == 0) elem.innerHTML = msg1; else elem.innerHTML = msg2;
  }

}

function toggleAllBoxes() {
  if (document.getElementsByTagName) {
    d = document.getElementsByTagName('div');
    for (i = 0; i < d.length; i++) {
      if (d[i].className == 'log') {
        flip(d[i]);
      }
    }
  }
}

// -->
</script>

</head>
<body>
<h2 align='center'>Take-Home-WebDriver-Test</h2><table border='1' align="center">
<tr>
<td>Tests passed/Failed/Skipped:</td><td>5/1/0</td>
</tr><tr>
<td>Started on:</td><td>Mon Jan 16 18:19:24 EST 2023</td>
</tr>
<tr><td>Total time:</td><td>18 seconds (18332 ms)</td>
</tr><tr>
<td>Included groups:</td><td></td>
</tr><tr>
<td>Excluded groups:</td><td></td>
</tr>
</table><p/>
<small><i>(Hover the method name to see the test class name)</i></small><p/>
<table width='100%' border='1' class='invocation-failed'>
<tr><td colspan='4' align='center'><b>FAILED TESTS</b></td></tr>
<tr><td><b>Test method</b></td>
<td width="30%"><b>Exception</b></td>
<td width="10%"><b>Time (seconds)</b></td>
<td><b>Instance</b></td>
</tr>
<tr>
<td title='com.qa.selenium.tests.DragAndDropPageTest.dragAndDropTest()'><b>dragAndDropTest</b><br>Test class: com.qa.selenium.tests.DragAndDropPageTest</td>
<td><div><pre>java.lang.AssertionError: expected [B] but found [A]
	at com.qa.selenium.tests.DragAndDropPageTest.dragAndDropTest(DragAndDropPageTest.java:40)
	at java.base/java.util.concurrent.FutureTask.run(FutureTask.java:264)
	at java.base/java.util.concurrent.ThreadPoolExecutor.runWorker(ThreadPoolExecutor.java:1136)
	at java.base/java.util.concurrent.ThreadPoolExecutor$Worker.run(ThreadPoolExecutor.java:635)
	at java.base/java.lang.Thread.run(Thread.java:833)
... Removed 20 stack frames</pre></div><a href='#' onClick='toggleBox("stack-trace478203107", this, "Click to show all stack frames", "Click to hide stack frames")'>Click to show all stack frames</a>
<div class='stack-trace' id='stack-trace478203107'><pre>java.lang.AssertionError: expected [B] but found [A]
	at org.testng.Assert.fail(Assert.java:93)
	at org.testng.Assert.failNotEquals(Assert.java:512)
	at org.testng.Assert.assertEqualsImpl(Assert.java:134)
	at org.testng.Assert.assertEquals(Assert.java:115)
	at org.testng.Assert.assertEquals(Assert.java:189)
	at org.testng.Assert.assertEquals(Assert.java:199)
	at com.qa.selenium.tests.DragAndDropPageTest.dragAndDropTest(DragAndDropPageTest.java:40)
	at java.base/jdk.internal.reflect.DirectMethodHandleAccessor.invoke(DirectMethodHandleAccessor.java:104)
	at java.base/java.lang.reflect.Method.invoke(Method.java:577)
	at org.testng.internal.MethodInvocationHelper.invokeMethod(MethodInvocationHelper.java:108)
	at org.testng.internal.Invoker.invokeMethod(Invoker.java:661)
	at org.testng.internal.Invoker.invokeTestMethod(Invoker.java:869)
	at org.testng.internal.Invoker.invokeTestMethods(Invoker.java:1193)
	at org.testng.internal.TestMethodWorker.invokeTestMethods(TestMethodWorker.java:126)
	at org.testng.internal.TestMethodWorker.run(TestMethodWorker.java:109)
	at org.testng.TestRunner.privateRun(TestRunner.java:744)
	at org.testng.TestRunner.run(TestRunner.java:602)
	at org.testng.SuiteRunner.runTest(SuiteRunner.java:380)
	at org.testng.SuiteRunner.access$000(SuiteRunner.java:39)
	at org.testng.SuiteRunner$SuiteWorker.run(SuiteRunner.java:414)
	at org.testng.internal.thread.ThreadUtil$1.call(ThreadUtil.java:52)
	at java.base/java.util.concurrent.FutureTask.run(FutureTask.java:264)
	at java.base/java.util.concurrent.ThreadPoolExecutor.runWorker(ThreadPoolExecutor.java:1136)
	at java.base/java.util.concurrent.ThreadPoolExecutor$Worker.run(ThreadPoolExecutor.java:635)
	at java.base/java.lang.Thread.run(Thread.java:833)
</pre></div></td>
<td>2</td>
<td>com.qa.selenium.tests.DragAndDropPageTest@6e9a5ed8</td></tr>
</table><p>
<table width='100%' border='1' class='invocation-passed'>
<tr><td colspan='4' align='center'><b>PASSED TESTS</b></td></tr>
<tr><td><b>Test method</b></td>
<td width="30%"><b>Exception</b></td>
<td width="10%"><b>Time (seconds)</b></td>
<td><b>Instance</b></td>
</tr>
<tr>
<td title='com.qa.selenium.tests.CheckBoxPageTest.CheckBox1Test()'><b>CheckBox1Test</b><br>Test class: com.qa.selenium.tests.CheckBoxPageTest</td>
<td></td>
<td>0</td>
<td>com.qa.selenium.tests.CheckBoxPageTest@268f106e</td></tr>
<tr>
<td title='com.qa.selenium.tests.CheckBoxPageTest.CheckBox2Test()'><b>CheckBox2Test</b><br>Test class: com.qa.selenium.tests.CheckBoxPageTest</td>
<td></td>
<td>0</td>
<td>com.qa.selenium.tests.CheckBoxPageTest@268f106e</td></tr>
<tr>
<td title='com.qa.selenium.tests.contextPageTest.contextTest()'><b>contextTest</b><br>Test class: com.qa.selenium.tests.contextPageTest</td>
<td></td>
<td>0</td>
<td>com.qa.selenium.tests.contextPageTest@5b247367</td></tr>
<tr>
<td title='com.qa.selenium.tests.LoginPageTest.loginTestFailure()'><b>loginTestFailure</b><br>Test class: com.qa.selenium.tests.LoginPageTest</td>
<td></td>
<td>1</td>
<td>com.qa.selenium.tests.LoginPageTest@7e057f43</td></tr>
<tr>
<td title='com.qa.selenium.tests.LoginPageTest.loginTestSucess()'><b>loginTestSucess</b><br>Test class: com.qa.selenium.tests.LoginPageTest</td>
<td></td>
<td>1</td>
<td>com.qa.selenium.tests.LoginPageTest@7e057f43</td></tr>
</table><p>
</body>
</html>