<?xml version="1.0" encoding="UTF-8"?>
<!-- Generated by org.testng.reporters.JUnitXMLReporter -->
<testsuite ignored="0" hostname="Yash-Laptop" failures="1" tests="6" name="Take-Home-WebDriver-Test" time="18.332" errors="0" timestamp="16 Jan. 2023 23:19:42 GMT">
  <testcase classname="com.qa.selenium.tests.contextPageTest" name="contextTest" time="0.219"/>
  <testcase classname="com.qa.selenium.tests.DragAndDropPageTest" name="dragAndDropTest" time="2.49">
    <failure type="java.lang.AssertionError" message="expected [B] but found [A]">
      <![CDATA[java.lang.AssertionError: expected [B] but found [A]
	at com.qa.selenium.tests.DragAndDropPageTest.dragAndDropTest(DragAndDropPageTest.java:40)
	at java.base/java.util.concurrent.FutureTask.run(FutureTask.java:264)
	at java.base/java.util.concurrent.ThreadPoolExecutor.runWorker(ThreadPoolExecutor.java:1136)
	at java.base/java.util.concurrent.ThreadPoolExecutor$Worker.run(ThreadPoolExecutor.java:635)
	at java.base/java.lang.Thread.run(Thread.java:833)
... Removed 20 stack frames]]>
    </failure>
  </testcase> <!-- dragAndDropTest -->
  <testcase classname="com.qa.selenium.tests.CheckBoxPageTest" name="CheckBox1Test" time="0.177"/>
  <testcase classname="com.qa.selenium.tests.LoginPageTest" name="loginTestSucess" time="1.604"/>
  <testcase classname="com.qa.selenium.tests.CheckBoxPageTest" name="CheckBox2Test" time="0.166"/>
  <testcase classname="com.qa.selenium.tests.LoginPageTest" name="loginTestFailure" time="1.553"/>
</testsuite> <!-- Take-Home-WebDriver-Test -->
