<?xml version="1.0" encoding="UTF-8"?>
<!-- Generated by org.testng.reporters.JUnitXMLReporter -->
<testsuite ignored="0" hostname="DESKTOP-AE8KGQC" failures="3" tests="18" name="AllTests" time="177.086" errors="0" timestamp="2022-10-07T08:39:04 PDT">
  <testcase classname="com.tjank.SeleniumTests.LoginTest" name="happyPathLogin" time="7.107"/>
  <testcase classname="com.tjank.SeleniumTests.FailedLoginTest" name="unhappyPathLogin" time="3.088"/>
  <testcase classname="com.tjank.SeleniumTests.CheckboxTest" name="checkboxTest" time="2.501"/>
  <testcase classname="com.tjank.SeleniumTests.ContextMenuTest" name="contextMenuTest" time="2.241"/>
  <testcase classname="com.tjank.SeleniumTests.DragAndDropTest" name="dragAndDropTest" time="4.94">
    <failure type="java.lang.AssertionError" message="expected [B] but found [A]">
      <![CDATA[java.lang.AssertionError: expected [B] but found [A]
at com.tjank.PageObjectModel.DragAndDropPage.verifyElementSwitch(DragAndDropPage.java:75)
at com.tjank.SeleniumTests.DragAndDropTest.dragAndDropTest(DragAndDropTest.java:22)
at java.base/java.util.ArrayList.forEach(ArrayList.java:1507)
... Removed 37 stack frames]]>
    </failure>
  </testcase> <!-- dragAndDropTest -->
  <testcase classname="com.tjank.SeleniumTests.DropdownTest" name="dropdownTest" time="2.613"/>
  <testcase classname="com.tjank.SeleniumTests.DynamicContentTest" name="dynamicContentTest" time="2.714"/>
  <testcase classname="com.tjank.SeleniumTests.DynamicControlsTest" name="dynamicControlsTest" time="15.458"/>
  <testcase classname="com.tjank.SeleniumTests.DynamicLoadingTest" name="dynamicLoadingTest" time="7.401"/>
  <testcase classname="com.tjank.SeleniumTests.FileDownloadTest" name="fileDownloadTest" time="11.309"/>
  <testcase classname="com.tjank.SeleniumTests.FileUploadTest" name="uploadFileTest" time="16.395">
    <failure type="org.openqa.selenium.TimeoutException" message="Expected condition failed: waiting for visibility of element located by By.xpath: //*[text()=&amp;apos;File Uploaded!&amp;apos;] (tried for 10 second(s) with 500 milliseconds interval)
Build info: version: &amp;apos;4.5.0&amp;apos;, revision: &amp;apos;fe167b119a&amp;apos;
System info: os.name: &amp;apos;Windows 10&amp;apos;, os.arch: &amp;apos;amd64&amp;apos;, os.version: &amp;apos;10.0&amp;apos;, java.version: &amp;apos;13.0.2&amp;apos;
Driver info: org.openqa.selenium.chrome.ChromeDriver
Capabilities {acceptInsecureCerts: false, browserName: chrome, browserVersion: 106.0.5249.91, chrome: {chromedriverVersion: 106.0.5249.61 (511755355844..., userDataDir: C:\Users\t530\AppData\Local...}, goog:chromeOptions: {debuggerAddress: localhost:58102}, networkConnectionEnabled: false, pageLoadStrategy: normal, platformName: WINDOWS, proxy: Proxy(), se:cdp: ws://localhost:58102/devtoo..., se:cdpVersion: 106.0.5249.91, setWindowRect: true, strictFileInteractability: false, timeouts: {implicit: 0, pageLoad: 300000, script: 30000}, unhandledPromptBehavior: dismiss and notify, webauthn:extension:credBlob: true, webauthn:extension:largeBlob: true, webauthn:virtualAuthenticators: true}
Session ID: 227e8e8695ab7e1b8eacafe5f910a155">
      <![CDATA[org.openqa.selenium.TimeoutException: Expected condition failed: waiting for visibility of element located by By.xpath: //*[text()='File Uploaded!'] (tried for 10 second(s) with 500 milliseconds interval)
Build info: version: '4.5.0', revision: 'fe167b119a'
System info: os.name: 'Windows 10', os.arch: 'amd64', os.version: '10.0', java.version: '13.0.2'
Driver info: org.openqa.selenium.chrome.ChromeDriver
Capabilities {acceptInsecureCerts: false, browserName: chrome, browserVersion: 106.0.5249.91, chrome: {chromedriverVersion: 106.0.5249.61 (511755355844..., userDataDir: C:\Users\t530\AppData\Local...}, goog:chromeOptions: {debuggerAddress: localhost:58102}, networkConnectionEnabled: false, pageLoadStrategy: normal, platformName: WINDOWS, proxy: Proxy(), se:cdp: ws://localhost:58102/devtoo..., se:cdpVersion: 106.0.5249.91, setWindowRect: true, strictFileInteractability: false, timeouts: {implicit: 0, pageLoad: 300000, script: 30000}, unhandledPromptBehavior: dismiss and notify, webauthn:extension:credBlob: true, webauthn:extension:largeBlob: true, webauthn:virtualAuthenticators: true}
Session ID: 227e8e8695ab7e1b8eacafe5f910a155
at org.openqa.selenium.support.ui.WebDriverWait.timeoutException(WebDriverWait.java:87)
at org.openqa.selenium.support.ui.FluentWait.until(FluentWait.java:231)
at com.tjank.PageObjectModel.FileUploadPage.uploadFile(FileUploadPage.java:81)
at com.tjank.SeleniumTests.FileUploadTest.uploadFileTest(FileUploadTest.java:21)
at java.base/java.util.ArrayList.forEach(ArrayList.java:1507)
... Removed 31 stack frames]]>
    </failure>
  </testcase> <!-- uploadFileTest -->
  <testcase classname="com.tjank.SeleniumTests.FloatingMenuTest" name="floatingMenutest" time="2.32"/>
  <testcase classname="com.tjank.SeleniumTests.IFrameTest" name="iframeTest" time="3.358"/>
  <testcase classname="com.tjank.SeleniumTests.MouseHoverTest" name="hoverTest" time="5.702"/>
  <testcase classname="com.tjank.SeleniumTests.JavascriptAlertsTest" name="jsAlertTest" time="2.653"/>
  <testcase classname="com.tjank.SeleniumTests.JavascriptErrorTest" name="jsErrorPageTest" time="1.857"/>
  <testcase classname="com.tjank.SeleniumTests.NewTabTest" name="newTabTest" time="2.309"/>
  <testcase classname="com.tjank.SeleniumTests.NotificationTest" name="notificationTest" time="2.661">
    <failure type="java.lang.AssertionError" message="null">
      <![CDATA[java.lang.AssertionError: null
at com.tjank.PageObjectModel.NotificationMessagePage.verifyNotificationMessage(NotificationMessagePage.java:71)
at com.tjank.SeleniumTests.NotificationTest.notificationTest(NotificationTest.java:22)
at java.base/java.util.ArrayList.forEach(ArrayList.java:1507)
... Removed 33 stack frames]]>
    </failure>
  </testcase> <!-- notificationTest -->
</testsuite> <!-- AllTests -->
