<html>
<head>
<title>TestNG:  AllTests</title>
<link href="../testng.css" rel="stylesheet" type="text/css" />
<link href="../my-testng.css" rel="stylesheet" type="text/css" />

<style type="text/css">
.log { display: none;} 
.stack-trace { display: none;} 
</style>
<script type="text/javascript">
<!--
function flip(e) {
  current = e.style.display;
  if (current == 'block') {
    e.style.display = 'none';
    return 0;
  }
  else {
    e.style.display = 'block';
    return 1;
  }
}

function toggleBox(szDivId, elem, msg1, msg2)
{
  var res = -1;  if (document.getElementById) {
    res = flip(document.getElementById(szDivId));
  }
  else if (document.all) {
    // this is the way old msie versions work
    res = flip(document.all[szDivId]);
  }
  if(elem) {
    if(res == 0) elem.innerHTML = msg1; else elem.innerHTML = msg2;
  }

}

function toggleAllBoxes() {
  if (document.getElementsByTagName) {
    d = document.getElementsByTagName('div');
    for (i = 0; i < d.length; i++) {
      if (d[i].className == 'log') {
        flip(d[i]);
      }
    }
  }
}

// -->
</script>

</head>
<body>
<h2 align='center'>AllTests</h2><table border='1' align="center">
<tr>
<td>Tests passed/Failed/Skipped:</td><td>15/3/0</td>
</tr><tr>
<td>Started on:</td><td>Fri Oct 07 08:36:07 PDT 2022</td>
</tr>
<tr><td>Total time:</td><td>177 seconds (177086 ms)</td>
</tr><tr>
<td>Included groups:</td><td></td>
</tr><tr>
<td>Excluded groups:</td><td></td>
</tr>
</table><p/>
<small><i>(Hover the method name to see the test class name)</i></small><p/>
<table width='100%' border='1' class='invocation-failed'>
<tr><td colspan='4' align='center'><b>FAILED TESTS</b></td></tr>
<tr><td><b>Test method</b></td>
<td><b>Attribute(s)</b></td>
<td width="30%"><b>Exception</b></td>
<td width="10%"><b>Time (seconds)</b></td>
<td><b>Instance</b></td>
</tr>
<tr>
<td title='com.tjank.SeleniumTests.NotificationTest.notificationTest()'><b>notificationTest</b><br>Test class: com.tjank.SeleniumTests.NotificationTest</td>
<td><div><pre>java.lang.AssertionError: null
	at com.tjank.PageObjectModel.NotificationMessagePage.verifyNotificationMessage(NotificationMessagePage.java:71)
	at com.tjank.SeleniumTests.NotificationTest.notificationTest(NotificationTest.java:22)
	at java.base/java.util.ArrayList.forEach(ArrayList.java:1507)
... Removed 33 stack frames</pre></div><a href='#' onClick='toggleBox("stack-trace1826491497", this, "Click to show all stack frames", "Click to hide stack frames")'>Click to show all stack frames</a>
<div class='stack-trace' id='stack-trace1826491497'><pre>java.lang.AssertionError: null
	at org.testng.Assert.fail(Assert.java:110)
	at org.testng.Assert.fail(Assert.java:115)
	at com.tjank.PageObjectModel.NotificationMessagePage.verifyNotificationMessage(NotificationMessagePage.java:71)
	at com.tjank.SeleniumTests.NotificationTest.notificationTest(NotificationTest.java:22)
	at java.base/jdk.internal.reflect.NativeMethodAccessorImpl.invoke0(Native Method)
	at java.base/jdk.internal.reflect.NativeMethodAccessorImpl.invoke(NativeMethodAccessorImpl.java:62)
	at java.base/jdk.internal.reflect.DelegatingMethodAccessorImpl.invoke(DelegatingMethodAccessorImpl.java:43)
	at java.base/java.lang.reflect.Method.invoke(Method.java:567)
	at org.testng.internal.invokers.MethodInvocationHelper.invokeMethod(MethodInvocationHelper.java:139)
	at org.testng.internal.invokers.TestInvoker.invokeMethod(TestInvoker.java:677)
	at org.testng.internal.invokers.TestInvoker.invokeTestMethod(TestInvoker.java:221)
	at org.testng.internal.invokers.MethodRunner.runInSequence(MethodRunner.java:50)
	at org.testng.internal.invokers.TestInvoker$MethodInvocationAgent.invoke(TestInvoker.java:962)
	at org.testng.internal.invokers.TestInvoker.invokeTestMethods(TestInvoker.java:194)
	at org.testng.internal.invokers.TestMethodWorker.invokeTestMethods(TestMethodWorker.java:148)
	at org.testng.internal.invokers.TestMethodWorker.run(TestMethodWorker.java:128)
	at java.base/java.util.ArrayList.forEach(ArrayList.java:1507)
	at org.testng.TestRunner.privateRun(TestRunner.java:806)
	at org.testng.TestRunner.run(TestRunner.java:601)
	at org.testng.SuiteRunner.runTest(SuiteRunner.java:433)
	at org.testng.SuiteRunner.runSequentially(SuiteRunner.java:427)
	at org.testng.SuiteRunner.privateRun(SuiteRunner.java:387)
	at org.testng.SuiteRunner.run(SuiteRunner.java:330)
	at org.testng.SuiteRunnerWorker.runSuite(SuiteRunnerWorker.java:52)
	at org.testng.SuiteRunnerWorker.run(SuiteRunnerWorker.java:95)
	at org.testng.TestNG.runSuitesSequentially(TestNG.java:1256)
	at org.testng.TestNG.runSuitesLocally(TestNG.java:1176)
	at org.testng.TestNG.runSuites(TestNG.java:1099)
	at org.testng.TestNG.run(TestNG.java:1067)
	at org.apache.maven.surefire.testng.TestNGExecutor.run(TestNGExecutor.java:324)
	at org.apache.maven.surefire.testng.TestNGXmlTestSuite.execute(TestNGXmlTestSuite.java:74)
	at org.apache.maven.surefire.testng.TestNGProvider.invoke(TestNGProvider.java:123)
	at org.apache.maven.surefire.booter.ForkedBooter.runSuitesInProcess(ForkedBooter.java:456)
	at org.apache.maven.surefire.booter.ForkedBooter.execute(ForkedBooter.java:169)
	at org.apache.maven.surefire.booter.ForkedBooter.run(ForkedBooter.java:595)
	at org.apache.maven.surefire.booter.ForkedBooter.main(ForkedBooter.java:581)
</pre></div></td>
<td>2</td>
<td>com.tjank.SeleniumTests.NotificationTest@71809907</td></tr>
<tr>
<td title='com.tjank.SeleniumTests.FileUploadTest.uploadFileTest()'><b>uploadFileTest</b><br>Test class: com.tjank.SeleniumTests.FileUploadTest</td>
<td><div><pre>org.openqa.selenium.TimeoutException: Expected condition failed: waiting for visibility of element located by By.xpath: //*[text()=&apos;File Uploaded!&apos;] (tried for 10 second(s) with 500 milliseconds interval)
Build info: version: &apos;4.5.0&apos;, revision: &apos;fe167b119a&apos;
System info: os.name: &apos;Windows 10&apos;, os.arch: &apos;amd64&apos;, os.version: &apos;10.0&apos;, java.version: &apos;13.0.2&apos;
Driver info: org.openqa.selenium.chrome.ChromeDriver
Capabilities {acceptInsecureCerts: false, browserName: chrome, browserVersion: 106.0.5249.91, chrome: {chromedriverVersion: 106.0.5249.61 (511755355844..., userDataDir: C:\Users\t530\AppData\Local...}, goog:chromeOptions: {debuggerAddress: localhost:58102}, networkConnectionEnabled: false, pageLoadStrategy: normal, platformName: WINDOWS, proxy: Proxy(), se:cdp: ws://localhost:58102/devtoo..., se:cdpVersion: 106.0.5249.91, setWindowRect: true, strictFileInteractability: false, timeouts: {implicit: 0, pageLoad: 300000, script: 30000}, unhandledPromptBehavior: dismiss and notify, webauthn:extension:credBlob: true, webauthn:extension:largeBlob: true, webauthn:virtualAuthenticators: true}
Session ID: 227e8e8695ab7e1b8eacafe5f910a155
	at org.openqa.selenium.support.ui.WebDriverWait.timeoutException(WebDriverWait.java:87)
	at org.openqa.selenium.support.ui.FluentWait.until(FluentWait.java:231)
	at com.tjank.PageObjectModel.FileUploadPage.uploadFile(FileUploadPage.java:81)
	at com.tjank.SeleniumTests.FileUploadTest.uploadFileTest(FileUploadTest.java:21)
	at java.base/java.util.ArrayList.forEach(ArrayList.java:1507)
... Removed 31 stack frames</pre></div><a href='#' onClick='toggleBox("stack-trace706631622", this, "Click to show all stack frames", "Click to hide stack frames")'>Click to show all stack frames</a>
<div class='stack-trace' id='stack-trace706631622'><pre>org.openqa.selenium.TimeoutException: Expected condition failed: waiting for visibility of element located by By.xpath: //*[text()=&apos;File Uploaded!&apos;] (tried for 10 second(s) with 500 milliseconds interval)
Build info: version: &apos;4.5.0&apos;, revision: &apos;fe167b119a&apos;
System info: os.name: &apos;Windows 10&apos;, os.arch: &apos;amd64&apos;, os.version: &apos;10.0&apos;, java.version: &apos;13.0.2&apos;
Driver info: org.openqa.selenium.chrome.ChromeDriver
Capabilities {acceptInsecureCerts: false, browserName: chrome, browserVersion: 106.0.5249.91, chrome: {chromedriverVersion: 106.0.5249.61 (511755355844..., userDataDir: C:\Users\t530\AppData\Local...}, goog:chromeOptions: {debuggerAddress: localhost:58102}, networkConnectionEnabled: false, pageLoadStrategy: normal, platformName: WINDOWS, proxy: Proxy(), se:cdp: ws://localhost:58102/devtoo..., se:cdpVersion: 106.0.5249.91, setWindowRect: true, strictFileInteractability: false, timeouts: {implicit: 0, pageLoad: 300000, script: 30000}, unhandledPromptBehavior: dismiss and notify, webauthn:extension:credBlob: true, webauthn:extension:largeBlob: true, webauthn:virtualAuthenticators: true}
Session ID: 227e8e8695ab7e1b8eacafe5f910a155
	at org.openqa.selenium.support.ui.WebDriverWait.timeoutException(WebDriverWait.java:87)
	at org.openqa.selenium.support.ui.FluentWait.until(FluentWait.java:231)
	at com.tjank.PageObjectModel.FileUploadPage.uploadFile(FileUploadPage.java:81)
	at com.tjank.SeleniumTests.FileUploadTest.uploadFileTest(FileUploadTest.java:21)
	at java.base/jdk.internal.reflect.NativeMethodAccessorImpl.invoke0(Native Method)
	at java.base/jdk.internal.reflect.NativeMethodAccessorImpl.invoke(NativeMethodAccessorImpl.java:62)
	at java.base/jdk.internal.reflect.DelegatingMethodAccessorImpl.invoke(DelegatingMethodAccessorImpl.java:43)
	at java.base/java.lang.reflect.Method.invoke(Method.java:567)
	at org.testng.internal.invokers.MethodInvocationHelper.invokeMethod(MethodInvocationHelper.java:139)
	at org.testng.internal.invokers.TestInvoker.invokeMethod(TestInvoker.java:677)
	at org.testng.internal.invokers.TestInvoker.invokeTestMethod(TestInvoker.java:221)
	at org.testng.internal.invokers.MethodRunner.runInSequence(MethodRunner.java:50)
	at org.testng.internal.invokers.TestInvoker$MethodInvocationAgent.invoke(TestInvoker.java:962)
	at org.testng.internal.invokers.TestInvoker.invokeTestMethods(TestInvoker.java:194)
	at org.testng.internal.invokers.TestMethodWorker.invokeTestMethods(TestMethodWorker.java:148)
	at org.testng.internal.invokers.TestMethodWorker.run(TestMethodWorker.java:128)
	at java.base/java.util.ArrayList.forEach(ArrayList.java:1507)
	at org.testng.TestRunner.privateRun(TestRunner.java:806)
	at org.testng.TestRunner.run(TestRunner.java:601)
	at org.testng.SuiteRunner.runTest(SuiteRunner.java:433)
	at org.testng.SuiteRunner.runSequentially(SuiteRunner.java:427)
	at org.testng.SuiteRunner.privateRun(SuiteRunner.java:387)
	at org.testng.SuiteRunner.run(SuiteRunner.java:330)
	at org.testng.SuiteRunnerWorker.runSuite(SuiteRunnerWorker.java:52)
	at org.testng.SuiteRunnerWorker.run(SuiteRunnerWorker.java:95)
	at org.testng.TestNG.runSuitesSequentially(TestNG.java:1256)
	at org.testng.TestNG.runSuitesLocally(TestNG.java:1176)
	at org.testng.TestNG.runSuites(TestNG.java:1099)
	at org.testng.TestNG.run(TestNG.java:1067)
	at org.apache.maven.surefire.testng.TestNGExecutor.run(TestNGExecutor.java:324)
	at org.apache.maven.surefire.testng.TestNGXmlTestSuite.execute(TestNGXmlTestSuite.java:74)
	at org.apache.maven.surefire.testng.TestNGProvider.invoke(TestNGProvider.java:123)
	at org.apache.maven.surefire.booter.ForkedBooter.runSuitesInProcess(ForkedBooter.java:456)
	at org.apache.maven.surefire.booter.ForkedBooter.execute(ForkedBooter.java:169)
	at org.apache.maven.surefire.booter.ForkedBooter.run(ForkedBooter.java:595)
	at org.apache.maven.surefire.booter.ForkedBooter.main(ForkedBooter.java:581)
</pre></div></td>
<td>16</td>
<td>com.tjank.SeleniumTests.FileUploadTest@15ff3e9e</td></tr>
<tr>
<td title='com.tjank.SeleniumTests.DragAndDropTest.dragAndDropTest()'><b>dragAndDropTest</b><br>Test class: com.tjank.SeleniumTests.DragAndDropTest</td>
<td><div><pre>java.lang.AssertionError: expected [B] but found [A]
	at com.tjank.PageObjectModel.DragAndDropPage.verifyElementSwitch(DragAndDropPage.java:75)
	at com.tjank.SeleniumTests.DragAndDropTest.dragAndDropTest(DragAndDropTest.java:22)
	at java.base/java.util.ArrayList.forEach(ArrayList.java:1507)
... Removed 37 stack frames</pre></div><a href='#' onClick='toggleBox("stack-trace1979455890", this, "Click to show all stack frames", "Click to hide stack frames")'>Click to show all stack frames</a>
<div class='stack-trace' id='stack-trace1979455890'><pre>java.lang.AssertionError: expected [B] but found [A]
	at org.testng.Assert.fail(Assert.java:110)
	at org.testng.Assert.failNotEquals(Assert.java:1413)
	at org.testng.Assert.assertEqualsImpl(Assert.java:149)
	at org.testng.Assert.assertEquals(Assert.java:131)
	at org.testng.Assert.assertEquals(Assert.java:655)
	at org.testng.Assert.assertEquals(Assert.java:665)
	at com.tjank.PageObjectModel.DragAndDropPage.verifyElementSwitch(DragAndDropPage.java:75)
	at com.tjank.SeleniumTests.DragAndDropTest.dragAndDropTest(DragAndDropTest.java:22)
	at java.base/jdk.internal.reflect.NativeMethodAccessorImpl.invoke0(Native Method)
	at java.base/jdk.internal.reflect.NativeMethodAccessorImpl.invoke(NativeMethodAccessorImpl.java:62)
	at java.base/jdk.internal.reflect.DelegatingMethodAccessorImpl.invoke(DelegatingMethodAccessorImpl.java:43)
	at java.base/java.lang.reflect.Method.invoke(Method.java:567)
	at org.testng.internal.invokers.MethodInvocationHelper.invokeMethod(MethodInvocationHelper.java:139)
	at org.testng.internal.invokers.TestInvoker.invokeMethod(TestInvoker.java:677)
	at org.testng.internal.invokers.TestInvoker.invokeTestMethod(TestInvoker.java:221)
	at org.testng.internal.invokers.MethodRunner.runInSequence(MethodRunner.java:50)
	at org.testng.internal.invokers.TestInvoker$MethodInvocationAgent.invoke(TestInvoker.java:962)
	at org.testng.internal.invokers.TestInvoker.invokeTestMethods(TestInvoker.java:194)
	at org.testng.internal.invokers.TestMethodWorker.invokeTestMethods(TestMethodWorker.java:148)
	at org.testng.internal.invokers.TestMethodWorker.run(TestMethodWorker.java:128)
	at java.base/java.util.ArrayList.forEach(ArrayList.java:1507)
	at org.testng.TestRunner.privateRun(TestRunner.java:806)
	at org.testng.TestRunner.run(TestRunner.java:601)
	at org.testng.SuiteRunner.runTest(SuiteRunner.java:433)
	at org.testng.SuiteRunner.runSequentially(SuiteRunner.java:427)
	at org.testng.SuiteRunner.privateRun(SuiteRunner.java:387)
	at org.testng.SuiteRunner.run(SuiteRunner.java:330)
	at org.testng.SuiteRunnerWorker.runSuite(SuiteRunnerWorker.java:52)
	at org.testng.SuiteRunnerWorker.run(SuiteRunnerWorker.java:95)
	at org.testng.TestNG.runSuitesSequentially(TestNG.java:1256)
	at org.testng.TestNG.runSuitesLocally(TestNG.java:1176)
	at org.testng.TestNG.runSuites(TestNG.java:1099)
	at org.testng.TestNG.run(TestNG.java:1067)
	at org.apache.maven.surefire.testng.TestNGExecutor.run(TestNGExecutor.java:324)
	at org.apache.maven.surefire.testng.TestNGXmlTestSuite.execute(TestNGXmlTestSuite.java:74)
	at org.apache.maven.surefire.testng.TestNGProvider.invoke(TestNGProvider.java:123)
	at org.apache.maven.surefire.booter.ForkedBooter.runSuitesInProcess(ForkedBooter.java:456)
	at org.apache.maven.surefire.booter.ForkedBooter.execute(ForkedBooter.java:169)
	at org.apache.maven.surefire.booter.ForkedBooter.run(ForkedBooter.java:595)
	at org.apache.maven.surefire.booter.ForkedBooter.main(ForkedBooter.java:581)
</pre></div></td>
<td>4</td>
<td>com.tjank.SeleniumTests.DragAndDropTest@14dd9eb7</td></tr>
</table><p>
<table width='100%' border='1' class='invocation-passed'>
<tr><td colspan='4' align='center'><b>PASSED TESTS</b></td></tr>
<tr><td><b>Test method</b></td>
<td><b>Attribute(s)</b></td>
<td width="30%"><b>Exception</b></td>
<td width="10%"><b>Time (seconds)</b></td>
<td><b>Instance</b></td>
</tr>
<tr>
<td title='com.tjank.SeleniumTests.DynamicLoadingTest.dynamicLoadingTest()'><b>dynamicLoadingTest</b><br>Test class: com.tjank.SeleniumTests.DynamicLoadingTest</td>
<td></td>
<td>7</td>
<td>com.tjank.SeleniumTests.DynamicLoadingTest@1a451d4d</td></tr>
<tr>
<td title='com.tjank.SeleniumTests.NewTabTest.newTabTest()'><b>newTabTest</b><br>Test class: com.tjank.SeleniumTests.NewTabTest</td>
<td></td>
<td>2</td>
<td>com.tjank.SeleniumTests.NewTabTest@6e20b53a</td></tr>
<tr>
<td title='com.tjank.SeleniumTests.JavascriptErrorTest.jsErrorPageTest()'><b>jsErrorPageTest</b><br>Test class: com.tjank.SeleniumTests.JavascriptErrorTest</td>
<td></td>
<td>1</td>
<td>com.tjank.SeleniumTests.JavascriptErrorTest@8dbdac1</td></tr>
<tr>
<td title='com.tjank.SeleniumTests.IFrameTest.iframeTest()'><b>iframeTest</b><br>Test class: com.tjank.SeleniumTests.IFrameTest</td>
<td></td>
<td>3</td>
<td>com.tjank.SeleniumTests.IFrameTest@6dc17b83</td></tr>
<tr>
<td title='com.tjank.SeleniumTests.ContextMenuTest.contextMenuTest()'><b>contextMenuTest</b><br>Test class: com.tjank.SeleniumTests.ContextMenuTest</td>
<td></td>
<td>2</td>
<td>com.tjank.SeleniumTests.ContextMenuTest@42e99e4a</td></tr>
<tr>
<td title='com.tjank.SeleniumTests.LoginTest.happyPathLogin()'><b>happyPathLogin</b><br>Test class: com.tjank.SeleniumTests.LoginTest</td>
<td></td>
<td>7</td>
<td>com.tjank.SeleniumTests.LoginTest@28eaa59a</td></tr>
<tr>
<td title='com.tjank.SeleniumTests.FloatingMenuTest.floatingMenutest()'><b>floatingMenutest</b><br>Test class: com.tjank.SeleniumTests.FloatingMenuTest</td>
<td></td>
<td>2</td>
<td>com.tjank.SeleniumTests.FloatingMenuTest@5fdcaa40</td></tr>
<tr>
<td title='com.tjank.SeleniumTests.FailedLoginTest.unhappyPathLogin()'><b>unhappyPathLogin</b><br>Test class: com.tjank.SeleniumTests.FailedLoginTest</td>
<td></td>
<td>3</td>
<td>com.tjank.SeleniumTests.FailedLoginTest@1d9b7cce</td></tr>
<tr>
<td title='com.tjank.SeleniumTests.MouseHoverTest.hoverTest()'><b>hoverTest</b><br>Test class: com.tjank.SeleniumTests.MouseHoverTest</td>
<td></td>
<td>5</td>
<td>com.tjank.SeleniumTests.MouseHoverTest@5e0826e7</td></tr>
<tr>
<td title='com.tjank.SeleniumTests.DropdownTest.dropdownTest()'><b>dropdownTest</b><br>Test class: com.tjank.SeleniumTests.DropdownTest</td>
<td></td>
<td>2</td>
<td>com.tjank.SeleniumTests.DropdownTest@52e6fdee</td></tr>
<tr>
<td title='com.tjank.SeleniumTests.JavascriptAlertsTest.jsAlertTest()'><b>jsAlertTest</b><br>Test class: com.tjank.SeleniumTests.JavascriptAlertsTest</td>
<td></td>
<td>2</td>
<td>com.tjank.SeleniumTests.JavascriptAlertsTest@32eff876</td></tr>
<tr>
<td title='com.tjank.SeleniumTests.FileDownloadTest.fileDownloadTest()'><b>fileDownloadTest</b><br>Test class: com.tjank.SeleniumTests.FileDownloadTest</td>
<td></td>
<td>11</td>
<td>com.tjank.SeleniumTests.FileDownloadTest@7fa98a66</td></tr>
<tr>
<td title='com.tjank.SeleniumTests.DynamicContentTest.dynamicContentTest()'><b>dynamicContentTest</b><br>Test class: com.tjank.SeleniumTests.DynamicContentTest</td>
<td></td>
<td>2</td>
<td>com.tjank.SeleniumTests.DynamicContentTest@6c80d78a</td></tr>
<tr>
<td title='com.tjank.SeleniumTests.CheckboxTest.checkboxTest()'><b>checkboxTest</b><br>Test class: com.tjank.SeleniumTests.CheckboxTest</td>
<td></td>
<td>2</td>
<td>com.tjank.SeleniumTests.CheckboxTest@4d9e68d0</td></tr>
<tr>
<td title='com.tjank.SeleniumTests.DynamicControlsTest.dynamicControlsTest()'><b>dynamicControlsTest</b><br>Test class: com.tjank.SeleniumTests.DynamicControlsTest</td>
<td></td>
<td>15</td>
<td>com.tjank.SeleniumTests.DynamicControlsTest@62150f9e</td></tr>
</table><p>
</body>
</html>